{"Event":{"#attributes":{"xmlns":"http://schemas.microsoft.com/win/2004/08/events/event"},"EventData":{"NewThreadId":3796,"RuleName":"","SourceImage":"C:\\Windows\\System32\\csrss.exe","SourceProcessGuid":"21207A7E-6B30-5D77-0000-0010F3850000","SourceProcessId":564,"StartAddress":"0x753B36C0","StartFunction":"CtrlRoutine","StartModule":"C:\\Windows\\system32\\KERNELBASE.dll","TargetImage":"C:\\Windows\\System32\\dllhost.exe","TargetProcessGuid":"21207A7E-6B39-5D77-0000-0010D37B0200","TargetProcessId":2428,"UtcTime":"2019-09-10 09:36:31.756"},"System":{"Channel":"Microsoft-Windows-Sysmon/Operational","Computer":"DESKTOP-CF2FLGA","Correlation":null,"EventID":8,"EventRecordID":14008,"Execution":{"#attributes":{"ProcessID":1912,"ThreadID":2356}},"Keywords":"0x8000000000000000","Level":4,"Opcode":0,"Provider":{"#attributes":{"Guid":"5770385F-C22A-43E0-BF4C-06F5698FFBD9","Name":"Microsoft-Windows-Sysmon"}},"Security":{"#attributes":{"UserID":"S-1-5-18"}},"Task":8,"TimeCreated":{"#attributes":{"SystemTime":"2019-09-10T09:36:31.768045Z"}},"Version":2}}}
{"Event":{"#attributes":{"xmlns":"http://schemas.microsoft.com/win/2004/08/events/event"},"EventData":{"NewThreadId":1536,"RuleName":"","SourceImage":"C:\\Windows\\System32\\csrss.exe","SourceProcessGuid":"21207A7E-6B30-5D77-0000-0010F3850000","SourceProcessId":564,"StartAddress":"0x753B36C0","StartFunction":"CtrlRoutine","StartModule":"C:\\Windows\\system32\\KERNELBASE.dll","TargetImage":"C:\\Windows\\System32\\msdtc.exe","TargetProcessGuid":"21207A7E-6B3B-5D77-0000-0010CC130300","TargetProcessId":2540,"UtcTime":"2019-09-10 09:36:31.756"},"System":{"Channel":"Microsoft-Windows-Sysmon/Operational","Computer":"DESKTOP-CF2FLGA","Correlation":null,"EventID":8,"EventRecordID":14009,"Execution":{"#attributes":{"ProcessID":1912,"ThreadID":2356}},"Keywords":"0x8000000000000000","Level":4,"Opcode":0,"Provider":{"#attributes":{"Guid":"5770385F-C22A-43E0-BF4C-06F5698FFBD9","Name":"Microsoft-Windows-Sysmon"}},"Security":{"#attributes":{"UserID":"S-1-5-18"}},"Task":8,"TimeCreated":{"#attributes":{"SystemTime":"2019-09-10T09:36:31.768066Z"}},"Version":2}}}
{"Event":{"#attributes":{"xmlns":"http://schemas.microsoft.com/win/2004/08/events/event"},"EventData":{"NewThreadId":5500,"RuleName":"","SourceImage":"C:\\Windows\\System32\\csrss.exe","SourceProcessGuid":"21207A7E-6B30-5D77-0000-0010F3850000","SourceProcessId":564,"StartAddress":"0x753B36C0","StartFunction":"CtrlRoutine","StartModule":"C:\\Windows\\system32\\KERNELBASE.dll","TargetImage":"C:\\Windows\\System32\\wbem\\WmiPrvSE.exe","TargetProcessGuid":"21207A7E-6B4C-5D77-0000-0010AEA00700","TargetProcessId":3420,"UtcTime":"2019-09-10 09:36:31.756"},"System":{"Channel":"Microsoft-Windows-Sysmon/Operational","Computer":"DESKTOP-CF2FLGA","Correlation":null,"EventID":8,"EventRecordID":14010,"Execution":{"#attributes":{"ProcessID":1912,"ThreadID":2356}},"Keywords":"0x8000000000000000","Level":4,"Opcode":0,"Provider":{"#attributes":{"Guid":"5770385F-C22A-43E0-BF4C-06F5698FFBD9","Name":"Microsoft-Windows-Sysmon"}},"Security":{"#attributes":{"UserID":"S-1-5-18"}},"Task":8,"TimeCreated":{"#attributes":{"SystemTime":"2019-09-10T09:36:31.768086Z"}},"Version":2}}}
{"Event":{"#attributes":{"xmlns":"http://schemas.microsoft.com/win/2004/08/events/event"},"EventData":{"NewThreadId":5772,"RuleName":"","SourceImage":"C:\\Windows\\System32\\csrss.exe","SourceProcessGuid":"21207A7E-6B30-5D77-0000-0010F3850000","SourceProcessId":564,"StartAddress":"0x753B36C0","StartFunction":"CtrlRoutine","StartModule":"C:\\Windows\\system32\\KERNELBASE.dll","TargetImage":"C:\\Windows\\System32\\SearchIndexer.exe","TargetProcessGuid":"21207A7E-6B53-5D77-0000-0010CA2E0800","TargetProcessId":3936,"UtcTime":"2019-09-10 09:36:31.756"},"System":{"Channel":"Microsoft-Windows-Sysmon/Operational","Computer":"DESKTOP-CF2FLGA","Correlation":null,"EventID":8,"EventRecordID":14011,"Execution":{"#attributes":{"ProcessID":1912,"ThreadID":2356}},"Keywords":"0x8000000000000000","Level":4,"Opcode":0,"Provider":{"#attributes":{"Guid":"5770385F-C22A-43E0-BF4C-06F5698FFBD9","Name":"Microsoft-Windows-Sysmon"}},"Security":{"#attributes":{"UserID":"S-1-5-18"}},"Task":8,"TimeCreated":{"#attributes":{"SystemTime":"2019-09-10T09:36:31.768113Z"}},"Version":2}}}
{"Event":{"#attributes":{"xmlns":"http://schemas.microsoft.com/win/2004/08/events/event"},"EventData":{"NewThreadId":3380,"RuleName":"","SourceImage":"C:\\Windows\\System32\\csrss.exe","SourceProcessGuid":"21207A7E-6B30-5D77-0000-0010F3850000","SourceProcessId":564,"StartAddress":"0x753B36C0","StartFunction":"CtrlRoutine","StartModule":"C:\\Windows\\system32\\KERNELBASE.dll","TargetImage":"C:\\Windows\\System32\\svchost.exe","TargetProcessGuid":"21207A7E-6B35-5D77-0000-0010C6400100","TargetProcessId":1112,"UtcTime":"2019-09-10 09:36:31.756"},"System":{"Channel":"Microsoft-Windows-Sysmon/Operational","Computer":"DESKTOP-CF2FLGA","Correlation":null,"EventID":8,"EventRecordID":14012,"Execution":{"#attributes":{"ProcessID":1912,"ThreadID":2356}},"Keywords":"0x8000000000000000","Level":4,"Opcode":0,"Provider":{"#attributes":{"Guid":"5770385F-C22A-43E0-BF4C-06F5698FFBD9","Name":"Microsoft-Windows-Sysmon"}},"Security":{"#attributes":{"UserID":"S-1-5-18"}},"Task":8,"TimeCreated":{"#attributes":{"SystemTime":"2019-09-10T09:36:31.768146Z"}},"Version":2}}}
{"Event":{"#attributes":{"xmlns":"http://schemas.microsoft.com/win/2004/08/events/event"},"EventData":{"NewThreadId":2332,"RuleName":"","SourceImage":"C:\\Windows\\System32\\csrss.exe","SourceProcessGuid":"21207A7E-6B30-5D77-0000-0010F3850000","SourceProcessId":564,"StartAddress":"0x753B36C0","StartFunction":"CtrlRoutine","StartModule":"C:\\Windows\\system32\\KERNELBASE.dll","TargetImage":"C:\\Windows\\System32\\svchost.exe","TargetProcessGuid":"21207A7E-6B36-5D77-0000-001025480100","TargetProcessId":1220,"UtcTime":"2019-09-10 09:36:31.756"},"System":{"Channel":"Microsoft-Windows-Sysmon/Operational","Computer":"DESKTOP-CF2FLGA","Correlation":null,"EventID":8,"EventRecordID":14013,"Execution":{"#attributes":{"ProcessID":1912,"ThreadID":2356}},"Keywords":"0x8000000000000000","Level":4,"Opcode":0,"Provider":{"#attributes":{"Guid":"5770385F-C22A-43E0-BF4C-06F5698FFBD9","Name":"Microsoft-Windows-Sysmon"}},"Security":{"#attributes":{"UserID":"S-1-5-18"}},"Task":8,"TimeCreated":{"#attributes":{"SystemTime":"2019-09-10T09:36:31.768177Z"}},"Version":2}}}
{"Event":{"#attributes":{"xmlns":"http://schemas.microsoft.com/win/2004/08/events/event"},"EventData":{"NewThreadId":2812,"RuleName":"","SourceImage":"C:\\Windows\\System32\\csrss.exe","SourceProcessGuid":"21207A7E-6B30-5D77-0000-0010F3850000","SourceProcessId":564,"StartAddress":"0x753B36C0","StartFunction":"CtrlRoutine","StartModule":"C:\\Windows\\system32\\KERNELBASE.dll","TargetImage":"C:\\Program Files\\Windows Defender\\NisSrv.exe","TargetProcessGuid":"21207A7E-6B3B-5D77-0000-0010D22D0300","TargetProcessId":2804,"UtcTime":"2019-09-10 09:36:31.756"},"System":{"Channel":"Microsoft-Windows-Sysmon/Operational","Computer":"DESKTOP-CF2FLGA","Correlation":null,"EventID":8,"EventRecordID":14014,"Execution":{"#attributes":{"ProcessID":1912,"ThreadID":2356}},"Keywords":"0x8000000000000000","Level":4,"Opcode":0,"Provider":{"#attributes":{"Guid":"5770385F-C22A-43E0-BF4C-06F5698FFBD9","Name":"Microsoft-Windows-Sysmon"}},"Security":{"#attributes":{"UserID":"S-1-5-18"}},"Task":8,"TimeCreated":{"#attributes":{"SystemTime":"2019-09-10T09:36:31.768221Z"}},"Version":2}}}
{"Event":{"#attributes":{"xmlns":"http://schemas.microsoft.com/win/2004/08/events/event"},"EventData":{"NewThreadId":5860,"RuleName":"","SourceImage":"C:\\Windows\\System32\\csrss.exe","SourceProcessGuid":"21207A7E-6B30-5D77-0000-0010F3850000","SourceProcessId":564,"StartAddress":"0x753B36C0","StartFunction":"CtrlRoutine","StartModule":"C:\\Windows\\system32\\KERNELBASE.dll","TargetImage":"C:\\Windows\\System32\\lsass.exe","TargetProcessGuid":"21207A7E-6B33-5D77-0000-0010E2960000","TargetProcessId":752,"UtcTime":"2019-09-10 09:36:31.756"},"System":{"Channel":"Microsoft-Windows-Sysmon/Operational","Computer":"DESKTOP-CF2FLGA","Correlation":null,"EventID":8,"EventRecordID":14015,"Execution":{"#attributes":{"ProcessID":1912,"ThreadID":2356}},"Keywords":"0x8000000000000000","Level":4,"Opcode":0,"Provider":{"#attributes":{"Guid":"5770385F-C22A-43E0-BF4C-06F5698FFBD9","Name":"Microsoft-Windows-Sysmon"}},"Security":{"#attributes":{"UserID":"S-1-5-18"}},"Task":8,"TimeCreated":{"#attributes":{"SystemTime":"2019-09-10T09:36:31.772101Z"}},"Version":2}}}
{"Event":{"#attributes":{"xmlns":"http://schemas.microsoft.com/win/2004/08/events/event"},"EventData":{"NewThreadId":3488,"RuleName":"","SourceImage":"C:\\Windows\\System32\\csrss.exe","SourceProcessGuid":"21207A7E-6B30-5D77-0000-0010F3850000","SourceProcessId":564,"StartAddress":"0x753B36C0","StartFunction":"CtrlRoutine","StartModule":"C:\\Windows\\system32\\KERNELBASE.dll","TargetImage":"C:\\Windows\\System32\\services.exe","TargetProcessGuid":"21207A7E-6B33-5D77-0000-001004960000","TargetProcessId":744,"UtcTime":"2019-09-10 09:36:31.756"},"System":{"Channel":"Microsoft-Windows-Sysmon/Operational","Computer":"DESKTOP-CF2FLGA","Correlation":null,"EventID":8,"EventRecordID":14016,"Execution":{"#attributes":{"ProcessID":1912,"ThreadID":2356}},"Keywords":"0x8000000000000000","Level":4,"Opcode":0,"Provider":{"#attributes":{"Guid":"5770385F-C22A-43E0-BF4C-06F5698FFBD9","Name":"Microsoft-Windows-Sysmon"}},"Security":{"#attributes":{"UserID":"S-1-5-18"}},"Task":8,"TimeCreated":{"#attributes":{"SystemTime":"2019-09-10T09:36:31.773974Z"}},"Version":2}}}
{"Event":{"#attributes":{"xmlns":"http://schemas.microsoft.com/win/2004/08/events/event"},"EventData":{"Image":"C:\\Windows\\System32\\msdtc.exe","ProcessGuid":"21207A7E-6B3B-5D77-0000-0010CC130300","ProcessId":2540,"RuleName":"","UtcTime":"2019-09-10 09:36:31.866"},"System":{"Channel":"Microsoft-Windows-Sysmon/Operational","Computer":"DESKTOP-CF2FLGA","Correlation":null,"EventID":5,"EventRecordID":14017,"Execution":{"#attributes":{"ProcessID":1912,"ThreadID":2356}},"Keywords":"0x8000000000000000","Level":4,"Opcode":0,"Provider":{"#attributes":{"Guid":"5770385F-C22A-43E0-BF4C-06F5698FFBD9","Name":"Microsoft-Windows-Sysmon"}},"Security":{"#attributes":{"UserID":"S-1-5-18"}},"Task":5,"TimeCreated":{"#attributes":{"SystemTime":"2019-09-10T09:36:31.876798Z"}},"Version":3}}}
{"Event":{"#attributes":{"xmlns":"http://schemas.microsoft.com/win/2004/08/events/event"},"EventData":{"Image":"C:\\Windows\\System32\\svchost.exe","ProcessGuid":"21207A7E-6B36-5D77-0000-001080CA0100","ProcessId":1796,"RuleName":"","UtcTime":"2019-09-10 09:36:31.928"},"System":{"Channel":"Microsoft-Windows-Sysmon/Operational","Computer":"DESKTOP-CF2FLGA","Correlation":null,"EventID":5,"EventRecordID":14018,"Execution":{"#attributes":{"ProcessID":1912,"ThreadID":2356}},"Keywords":"0x8000000000000000","Level":4,"Opcode":0,"Provider":{"#attributes":{"Guid":"5770385F-C22A-43E0-BF4C-06F5698FFBD9","Name":"Microsoft-Windows-Sysmon"}},"Security":{"#attributes":{"UserID":"S-1-5-18"}},"Task":5,"TimeCreated":{"#attributes":{"SystemTime":"2019-09-10T09:36:31.935827Z"}},"Version":3}}}
{"Event":{"#attributes":{"xmlns":"http://schemas.microsoft.com/win/2004/08/events/event"},"EventData":{"Image":"C:\\Windows\\System32\\SearchFilterHost.exe","ProcessGuid":"21207A7E-6E9D-5D77-0000-001060B21B00","ProcessId":2492,"RuleName":"","UtcTime":"2019-09-10 09:36:31.928"},"System":{"Channel":"Microsoft-Windows-Sysmon/Operational","Computer":"DESKTOP-CF2FLGA","Correlation":null,"EventID":5,"EventRecordID":14019,"Execution":{"#attributes":{"ProcessID":1912,"ThreadID":2356}},"Keywords":"0x8000000000000000","Level":4,"Opcode":0,"Provider":{"#attributes":{"Guid":"5770385F-C22A-43E0-BF4C-06F5698FFBD9","Name":"Microsoft-Windows-Sysmon"}},"Security":{"#attributes":{"UserID":"S-1-5-18"}},"Task":5,"TimeCreated":{"#attributes":{"SystemTime":"2019-09-10T09:36:31.944019Z"}},"Version":3}}}
{"Event":{"#attributes":{"xmlns":"http://schemas.microsoft.com/win/2004/08/events/event"},"EventData":{"Image":"C:\\Windows\\System32\\SearchProtocolHost.exe","ProcessGuid":"21207A7E-6E9C-5D77-0000-001010AE1B00","ProcessId":6012,"RuleName":"","UtcTime":"2019-09-10 09:36:31.944"},"System":{"Channel":"Microsoft-Windows-Sysmon/Operational","Computer":"DESKTOP-CF2FLGA","Correlation":null,"EventID":5,"EventRecordID":14020,"Execution":{"#attributes":{"ProcessID":1912,"ThreadID":2356}},"Keywords":"0x8000000000000000","Level":4,"Opcode":0,"Provider":{"#attributes":{"Guid":"5770385F-C22A-43E0-BF4C-06F5698FFBD9","Name":"Microsoft-Windows-Sysmon"}},"Security":{"#attributes":{"UserID":"S-1-5-18"}},"Task":5,"TimeCreated":{"#attributes":{"SystemTime":"2019-09-10T09:36:31.959278Z"}},"Version":3}}}
{"Event":{"#attributes":{"xmlns":"http://schemas.microsoft.com/win/2004/08/events/event"},"EventData":{"Image":"C:\\Windows\\System32\\SearchIndexer.exe","ProcessGuid":"21207A7E-6B53-5D77-0000-0010CA2E0800","ProcessId":3936,"RuleName":"","UtcTime":"2019-09-10 09:36:32.069"},"System":{"Channel":"Microsoft-Windows-Sysmon/Operational","Computer":"DESKTOP-CF2FLGA","Correlation":null,"EventID":5,"EventRecordID":14021,"Execution":{"#attributes":{"ProcessID":1912,"ThreadID":2356}},"Keywords":"0x8000000000000000","Level":4,"Opcode":0,"Provider":{"#attributes":{"Guid":"5770385F-C22A-43E0-BF4C-06F5698FFBD9","Name":"Microsoft-Windows-Sysmon"}},"Security":{"#attributes":{"UserID":"S-1-5-18"}},"Task":5,"TimeCreated":{"#attributes":{"SystemTime":"2019-09-10T09:36:32.074746Z"}},"Version":3}}}
{"Event":{"#attributes":{"xmlns":"http://schemas.microsoft.com/win/2004/08/events/event"},"EventData":{"Image":"C:\\Program Files\\Windows Defender\\MsMpEng.exe","ProcessGuid":"21207A7E-6B37-5D77-0000-00108AE40100","ProcessId":464,"RuleName":"","UtcTime":"2019-09-10 09:36:32.272"},"System":{"Channel":"Microsoft-Windows-Sysmon/Operational","Computer":"DESKTOP-CF2FLGA","Correlation":null,"EventID":5,"EventRecordID":14022,"Execution":{"#attributes":{"ProcessID":1912,"ThreadID":2356}},"Keywords":"0x8000000000000000","Level":4,"Opcode":0,"Provider":{"#attributes":{"Guid":"5770385F-C22A-43E0-BF4C-06F5698FFBD9","Name":"Microsoft-Windows-Sysmon"}},"Security":{"#attributes":{"UserID":"S-1-5-18"}},"Task":5,"TimeCreated":{"#attributes":{"SystemTime":"2019-09-10T09:36:32.275367Z"}},"Version":3}}}
{"Event":{"#attributes":{"xmlns":"http://schemas.microsoft.com/win/2004/08/events/event"},"EventData":{"SchemaVersion":"4.21","State":"Started","UtcTime":"2019-09-10 09:37:04.053","Version":"10.2"},"System":{"Channel":"Microsoft-Windows-Sysmon/Operational","Computer":"DESKTOP-CF2FLGA","Correlation":null,"EventID":4,"EventRecordID":14023,"Execution":{"#attributes":{"ProcessID":1912,"ThreadID":2592}},"Keywords":"0x8000000000000000","Level":4,"Opcode":0,"Provider":{"#attributes":{"Guid":"5770385F-C22A-43E0-BF4C-06F5698FFBD9","Name":"Microsoft-Windows-Sysmon"}},"Security":{"#attributes":{"UserID":"S-1-5-18"}},"Task":4,"TimeCreated":{"#attributes":{"SystemTime":"2019-09-10T09:37:04.063558Z"}},"Version":3}}}
{"Event":{"#attributes":{"xmlns":"http://schemas.microsoft.com/win/2004/08/events/event"},"EventData":{"CommandLine":"\\SystemRoot\\System32\\smss.exe","Company":"Microsoft Corporation","CurrentDirectory":"C:\\Windows","Description":"Windows Session Manager","FileVersion":"10.0.10240.16384 (th1.150709-1700)","Hashes":"SHA1=B366F8CD72C54612703D0E7413389A9FB3CD63CC,MD5=72627ED4B27A53D8E270C90EB8A0355C,SHA256=025728C1811E2BEF67A0A28580999AE5706041910356A5009C7FAC6D2C09C5AB,IMPHASH=7E741BE2FF75F6A695DF9939EA55A4BE","Image":"C:\\Windows\\System32\\smss.exe","IntegrityLevel":"System","LogonGuid":"21207A7E-6EBA-5D77-0000-0020E7030000","LogonId":"0x3e7","OriginalFileName":"smss.exe","ParentCommandLine":"?","ParentImage":"System","ParentProcessGuid":"21207A7E-6EB8-5D77-0000-0010EA030000","ParentProcessId":4,"ProcessGuid":"21207A7E-6EB8-5D77-0000-001073650000","ProcessId":480,"Product":"Microsoft® Windows® Operating System","RuleName":"","TerminalSessionId":0,"User":"NT AUTHORITY\\SYSTEM","UtcTime":"2019-09-10 09:36:56.013"},"System":{"Channel":"Microsoft-Windows-Sysmon/Operational","Computer":"DESKTOP-CF2FLGA","Correlation":null,"EventID":1,"EventRecordID":14024,"Execution":{"#attributes":{"ProcessID":1912,"ThreadID":2592}},"Keywords":"0x8000000000000000","Level":4,"Opcode":0,"Provider":{"#attributes":{"Guid":"5770385F-C22A-43E0-BF4C-06F5698FFBD9","Name":"Microsoft-Windows-Sysmon"}},"Security":{"#attributes":{"UserID":"S-1-5-18"}},"Task":1,"TimeCreated":{"#attributes":{"SystemTime":"2019-09-10T09:37:04.068508Z"}},"Version":5}}}
{"Event":{"#attributes":{"xmlns":"http://schemas.microsoft.com/win/2004/08/events/event"},"EventData":{"CommandLine":"\\??\\C:\\Windows\\system32\\autochk.exe *","Company":"Microsoft Corporation","CurrentDirectory":"C:\\Windows\\system32\\","Description":"Auto Check Utility","FileVersion":"10.0.10240.16384 (th1.150709-1700)","Hashes":"SHA1=990DEB9C2B3766ABFE0215C5DB22030163BC3563,MD5=B407085E10413D1F023A8E666140C429,SHA256=8C3B6922C73C869F5672B351D29136D81C320CD8EEE8BFE3D2CD41DA1D3F423C,IMPHASH=09D9CD83CE8150621BD78E0F2AC25656","Image":"C:\\Windows\\System32\\autochk.exe","IntegrityLevel":"System","LogonGuid":"21207A7E-6EBA-5D77-0000-0020E7030000","LogonId":"0x3e7","OriginalFileName":"AutoChk.Exe","ParentCommandLine":"\\SystemRoot\\System32\\smss.exe","ParentImage":"C:\\Windows\\System32\\smss.exe","ParentProcessGuid":"21207A7E-6EB8-5D77-0000-001073650000","ParentProcessId":480,"ProcessGuid":"21207A7E-6EB8-5D77-0000-001086670000","ProcessId":500,"Product":"Microsoft® Windows® Operating System","RuleName":"","TerminalSessionId":0,"User":"NT AUTHORITY\\SYSTEM","UtcTime":"2019-09-10 09:36:56.052"},"System":{"Channel":"Microsoft-Windows-Sysmon/Operational","Computer":"DESKTOP-CF2FLGA","Correlation":null,"EventID":1,"EventRecordID":14025,"Execution":{"#attributes":{"ProcessID":1912,"ThreadID":2592}},"Keywords":"0x8000000000000000","Level":4,"Opcode":0,"Provider":{"#attributes":{"Guid":"5770385F-C22A-43E0-BF4C-06F5698FFBD9","Name":"Microsoft-Windows-Sysmon"}},"Security":{"#attributes":{"UserID":"S-1-5-18"}},"Task":1,"TimeCreated":{"#attributes":{"SystemTime":"2019-09-10T09:37:04.069841Z"}},"Version":5}}}
{"Event":{"#attributes":{"xmlns":"http://schemas.microsoft.com/win/2004/08/events/event"},"EventData":{"Image":"C:\\Windows\\System32\\autochk.exe","ProcessGuid":"21207A7E-6EB8-5D77-0000-001086670000","ProcessId":500,"RuleName":"","UtcTime":"2019-09-10 09:36:56.090"},"System":{"Channel":"Microsoft-Windows-Sysmon/Operational","Computer":"DESKTOP-CF2FLGA","Correlation":null,"EventID":5,"EventRecordID":14026,"Execution":{"#attributes":{"ProcessID":1912,"ThreadID":2592}},"Keywords":"0x8000000000000000","Level":4,"Opcode":0,"Provider":{"#attributes":{"Guid":"5770385F-C22A-43E0-BF4C-06F5698FFBD9","Name":"Microsoft-Windows-Sysmon"}},"Security":{"#attributes":{"UserID":"S-1-5-18"}},"Task":5,"TimeCreated":{"#attributes":{"SystemTime":"2019-09-10T09:37:04.070251Z"}},"Version":3}}}
{"Event":{"#attributes":{"xmlns":"http://schemas.microsoft.com/win/2004/08/events/event"},"EventData":{"CommandLine":"\\SystemRoot\\System32\\smss.exe 00000070 00000074 ","Company":"Microsoft Corporation","CurrentDirectory":"C:\\Windows\\","Description":"Windows Session Manager","FileVersion":"10.0.10240.16384 (th1.150709-1700)","Hashes":"SHA1=B366F8CD72C54612703D0E7413389A9FB3CD63CC,MD5=72627ED4B27A53D8E270C90EB8A0355C,SHA256=025728C1811E2BEF67A0A28580999AE5706041910356A5009C7FAC6D2C09C5AB,IMPHASH=7E741BE2FF75F6A695DF9939EA55A4BE","Image":"C:\\Windows\\System32\\smss.exe","IntegrityLevel":"System","LogonGuid":"21207A7E-6EBA-5D77-0000-0020E7030000","LogonId":"0x3e7","OriginalFileName":"smss.exe","ParentCommandLine":"\\SystemRoot\\System32\\smss.exe","ParentImage":"C:\\Windows\\System32\\smss.exe","ParentProcessGuid":"21207A7E-6EB8-5D77-0000-001073650000","ParentProcessId":480,"ProcessGuid":"21207A7E-6EBA-5D77-0000-0010CF840000","ProcessId":556,"Product":"Microsoft® Windows® Operating System","RuleName":"","TerminalSessionId":0,"User":"NT AUTHORITY\\SYSTEM","UtcTime":"2019-09-10 09:36:58.021"},"System":{"Channel":"Microsoft-Windows-Sysmon/Operational","Computer":"DESKTOP-CF2FLGA","Correlation":null,"EventID":1,"EventRecordID":14027,"Execution":{"#attributes":{"ProcessID":1912,"ThreadID":2592}},"Keywords":"0x8000000000000000","Level":4,"Opcode":0,"Provider":{"#attributes":{"Guid":"5770385F-C22A-43E0-BF4C-06F5698FFBD9","Name":"Microsoft-Windows-Sysmon"}},"Security":{"#attributes":{"UserID":"S-1-5-18"}},"Task":1,"TimeCreated":{"#attributes":{"SystemTime":"2019-09-10T09:37:04.072279Z"}},"Version":5}}}
{"Event":{"#attributes":{"xmlns":"http://schemas.microsoft.com/win/2004/08/events/event"},"EventData":{"CommandLine":"%%SystemRoot%%\\system32\\csrss.exe ObjectDirectory=\\Windows SharedSection=1024,12288,512 Windows=On SubSystemType=Windows ServerDll=basesrv,1 ServerDll=winsrv:UserServerDllInitialization,3 ServerDll=sxssrv,4 ProfileControl=Off MaxRequestThreads=16","Company":"Microsoft Corporation","CurrentDirectory":"C:\\Windows\\system32\\","Description":"Client Server Runtime Process","FileVersion":"10.0.10240.16384 (th1.150709-1700)","Hashes":"SHA1=2E04E845089AC05D50A0D06F4C548D6B55B64D56,MD5=A8742FE745347DC07B08D396EAD038FD,SHA256=A7E2B4E8ED83CE19ED663759E65A6B7A330261FFDD4FD667D553767F352B04FD,IMPHASH=B6F49FE097F3ABD818B4A1C8A5BD1900","Image":"C:\\Windows\\System32\\csrss.exe","IntegrityLevel":"System","LogonGuid":"21207A7E-6EBA-5D77-0000-0020E7030000","LogonId":"0x3e7","OriginalFileName":"CSRSS.Exe","ParentCommandLine":"\\SystemRoot\\System32\\smss.exe 00000070 00000074 ","ParentImage":"C:\\Windows\\System32\\smss.exe","ParentProcessGuid":"21207A7E-6EBA-5D77-0000-0010CF840000","ParentProcessId":556,"ProcessGuid":"21207A7E-6EBA-5D77-0000-001052850000","ProcessId":564,"Product":"Microsoft® Windows® Operating System","RuleName":"","TerminalSessionId":0,"User":"NT AUTHORITY\\SYSTEM","UtcTime":"2019-09-10 09:36:58.087"},"System":{"Channel":"Microsoft-Windows-Sysmon/Operational","Computer":"DESKTOP-CF2FLGA","Correlation":null,"EventID":1,"EventRecordID":14028,"Execution":{"#attributes":{"ProcessID":1912,"ThreadID":2592}},"Keywords":"0x8000000000000000","Level":4,"Opcode":0,"Provider":{"#attributes":{"Guid":"5770385F-C22A-43E0-BF4C-06F5698FFBD9","Name":"Microsoft-Windows-Sysmon"}},"Security":{"#attributes":{"UserID":"S-1-5-18"}},"Task":1,"TimeCreated":{"#attributes":{"SystemTime":"2019-09-10T09:37:04.072733Z"}},"Version":5}}}
{"Event":{"#attributes":{"xmlns":"http://schemas.microsoft.com/win/2004/08/events/event"},"EventData":{"CommandLine":"\\SystemRoot\\System32\\smss.exe 000000c8 00000074 ","Company":"Microsoft Corporation","CurrentDirectory":"C:\\Windows\\","Description":"Windows Session Manager","FileVersion":"10.0.10240.16384 (th1.150709-1700)","Hashes":"SHA1=B366F8CD72C54612703D0E7413389A9FB3CD63CC,MD5=72627ED4B27A53D8E270C90EB8A0355C,SHA256=025728C1811E2BEF67A0A28580999AE5706041910356A5009C7FAC6D2C09C5AB,IMPHASH=7E741BE2FF75F6A695DF9939EA55A4BE","Image":"C:\\Windows\\System32\\smss.exe","IntegrityLevel":"System","LogonGuid":"21207A7E-6EBA-5D77-0000-0020E7030000","LogonId":"0x3e7","OriginalFileName":"smss.exe","ParentCommandLine":"\\SystemRoot\\System32\\smss.exe","ParentImage":"C:\\Windows\\System32\\smss.exe","ParentProcessGuid":"21207A7E-6EB8-5D77-0000-001073650000","ParentProcessId":480,"ProcessGuid":"21207A7E-6EBA-5D77-0000-00105F890000","ProcessId":628,"Product":"Microsoft® Windows® Operating System","RuleName":"","TerminalSessionId":1,"User":"NT AUTHORITY\\SYSTEM","UtcTime":"2019-09-10 09:36:58.389"},"System":{"Channel":"Microsoft-Windows-Sysmon/Operational","Computer":"DESKTOP-CF2FLGA","Correlation":null,"EventID":1,"EventRecordID":14029,"Execution":{"#attributes":{"ProcessID":1912,"ThreadID":2592}},"Keywords":"0x8000000000000000","Level":4,"Opcode":0,"Provider":{"#attributes":{"Guid":"5770385F-C22A-43E0-BF4C-06F5698FFBD9","Name":"Microsoft-Windows-Sysmon"}},"Security":{"#attributes":{"UserID":"S-1-5-18"}},"Task":1,"TimeCreated":{"#attributes":{"SystemTime":"2019-09-10T09:37:04.073271Z"}},"Version":5}}}
{"Event":{"#attributes":{"xmlns":"http://schemas.microsoft.com/win/2004/08/events/event"},"EventData":{"CommandLine":"%%SystemRoot%%\\system32\\csrss.exe ObjectDirectory=\\Windows SharedSection=1024,12288,512 Windows=On SubSystemType=Windows ServerDll=basesrv,1 ServerDll=winsrv:UserServerDllInitialization,3 ServerDll=sxssrv,4 ProfileControl=Off MaxRequestThreads=16","Company":"Microsoft Corporation","CurrentDirectory":"C:\\Windows\\system32\\","Description":"Client Server Runtime Process","FileVersion":"10.0.10240.16384 (th1.150709-1700)","Hashes":"SHA1=2E04E845089AC05D50A0D06F4C548D6B55B64D56,MD5=A8742FE745347DC07B08D396EAD038FD,SHA256=A7E2B4E8ED83CE19ED663759E65A6B7A330261FFDD4FD667D553767F352B04FD,IMPHASH=B6F49FE097F3ABD818B4A1C8A5BD1900","Image":"C:\\Windows\\System32\\csrss.exe","IntegrityLevel":"System","LogonGuid":"21207A7E-6EBA-5D77-0000-0020E7030000","LogonId":"0x3e7","OriginalFileName":"CSRSS.Exe","ParentCommandLine":"\\SystemRoot\\System32\\smss.exe 000000c8 00000074 ","ParentImage":"C:\\Windows\\System32\\smss.exe","ParentProcessGuid":"21207A7E-6EBA-5D77-0000-00105F890000","ParentProcessId":628,"ProcessGuid":"21207A7E-6EBA-5D77-0000-0010C7890000","ProcessId":636,"Product":"Microsoft® Windows® Operating System","RuleName":"","TerminalSessionId":1,"User":"NT AUTHORITY\\SYSTEM","UtcTime":"2019-09-10 09:36:58.392"},"System":{"Channel":"Microsoft-Windows-Sysmon/Operational","Computer":"DESKTOP-CF2FLGA","Correlation":null,"EventID":1,"EventRecordID":14030,"Execution":{"#attributes":{"ProcessID":1912,"ThreadID":2592}},"Keywords":"0x8000000000000000","Level":4,"Opcode":0,"Provider":{"#attributes":{"Guid":"5770385F-C22A-43E0-BF4C-06F5698FFBD9","Name":"Microsoft-Windows-Sysmon"}},"Security":{"#attributes":{"UserID":"S-1-5-18"}},"Task":1,"TimeCreated":{"#attributes":{"SystemTime":"2019-09-10T09:37:04.073543Z"}},"Version":5}}}
{"Event":{"#attributes":{"xmlns":"http://schemas.microsoft.com/win/2004/08/events/event"},"EventData":{"CommandLine":"wininit.exe","Company":"Microsoft Corporation","CurrentDirectory":"C:\\Windows\\system32\\","Description":"Windows Start-Up Application","FileVersion":"10.0.10240.16384 (th1.150709-1700)","Hashes":"SHA1=E1734C743D52BE676860190699AF26303DEFFA53,MD5=75766ADB5250CD43F68648AF9AC02695,SHA256=D61AA9E394037E8E8D18AC7F14E87A3DD92EFBB17C8097ACE2380299E31C5F43,IMPHASH=E113FC6C39CDC3FDB57F3D7B4F9BCD8A","Image":"C:\\Windows\\System32\\wininit.exe","IntegrityLevel":"System","LogonGuid":"21207A7E-6EBA-5D77-0000-0020E7030000","LogonId":"0x3e7","OriginalFileName":"WinInit.exe","ParentCommandLine":"\\SystemRoot\\System32\\smss.exe 00000070 00000074 ","ParentImage":"C:\\Windows\\System32\\smss.exe","ParentProcessGuid":"21207A7E-6EBA-5D77-0000-0010CF840000","ParentProcessId":556,"ProcessGuid":"21207A7E-6EBA-5D77-0000-0010E1890000","ProcessId":644,"Product":"Microsoft® Windows® Operating System","RuleName":"","TerminalSessionId":0,"User":"NT AUTHORITY\\SYSTEM","UtcTime":"2019-09-10 09:36:58.393"},"System":{"Channel":"Microsoft-Windows-Sysmon/Operational","Computer":"DESKTOP-CF2FLGA","Correlation":null,"EventID":1,"EventRecordID":14031,"Execution":{"#attributes":{"ProcessID":1912,"ThreadID":2592}},"Keywords":"0x8000000000000000","Level":4,"Opcode":0,"Provider":{"#attributes":{"Guid":"5770385F-C22A-43E0-BF4C-06F5698FFBD9","Name":"Microsoft-Windows-Sysmon"}},"Security":{"#attributes":{"UserID":"S-1-5-18"}},"Task":1,"TimeCreated":{"#attributes":{"SystemTime":"2019-09-10T09:37:04.073937Z"}},"Version":5}}}
{"Event":{"#attributes":{"xmlns":"http://schemas.microsoft.com/win/2004/08/events/event"},"EventData":{"Image":"C:\\Windows\\System32\\smss.exe","ProcessGuid":"21207A7E-6EBA-5D77-0000-0010CF840000","ProcessId":556,"RuleName":"","UtcTime":"2019-09-10 09:36:58.407"},"System":{"Channel":"Microsoft-Windows-Sysmon/Operational","Computer":"DESKTOP-CF2FLGA","Correlation":null,"EventID":5,"EventRecordID":14032,"Execution":{"#attributes":{"ProcessID":1912,"ThreadID":2592}},"Keywords":"0x8000000000000000","Level":4,"Opcode":0,"Provider":{"#attributes":{"Guid":"5770385F-C22A-43E0-BF4C-06F5698FFBD9","Name":"Microsoft-Windows-Sysmon"}},"Security":{"#attributes":{"UserID":"S-1-5-18"}},"Task":5,"TimeCreated":{"#attributes":{"SystemTime":"2019-09-10T09:37:04.073983Z"}},"Version":3}}}
{"Event":{"#attributes":{"xmlns":"http://schemas.microsoft.com/win/2004/08/events/event"},"EventData":{"CommandLine":"winlogon.exe","Company":"Microsoft Corporation","CurrentDirectory":"C:\\Windows\\system32\\","Description":"Windows Logon Application","FileVersion":"10.0.10240.16384 (th1.150709-1700)","Hashes":"SHA1=D1BE7A73AF5E2D6A150D709AA4BC2DB7AF8F7DC6,MD5=930ED53FC2A24FF4BA66131E031CD14C,SHA256=FA66D46BAFB4B9713EF55A22AE93BF7736435A6F9CBA5758DCAD8E9D21678001,IMPHASH=30F704E0E7339BA9C602E4A722902976","Image":"C:\\Windows\\System32\\winlogon.exe","IntegrityLevel":"System","LogonGuid":"21207A7E-6EBA-5D77-0000-0020E7030000","LogonId":"0x3e7","OriginalFileName":"WINLOGON.EXE","ParentCommandLine":"\\SystemRoot\\System32\\smss.exe 000000c8 00000074 ","ParentImage":"C:\\Windows\\System32\\smss.exe","ParentProcessGuid":"21207A7E-6EBA-5D77-0000-00105F890000","ParentProcessId":628,"ProcessGuid":"21207A7E-6EBA-5D77-0000-0010698C0000","ProcessId":676,"Product":"Microsoft® Windows® Operating System","RuleName":"","TerminalSessionId":1,"User":"NT AUTHORITY\\SYSTEM","UtcTime":"2019-09-10 09:36:58.420"},"System":{"Channel":"Microsoft-Windows-Sysmon/Operational","Computer":"DESKTOP-CF2FLGA","Correlation":null,"EventID":1,"EventRecordID":14033,"Execution":{"#attributes":{"ProcessID":1912,"ThreadID":2592}},"Keywords":"0x8000000000000000","Level":4,"Opcode":0,"Provider":{"#attributes":{"Guid":"5770385F-C22A-43E0-BF4C-06F5698FFBD9","Name":"Microsoft-Windows-Sysmon"}},"Security":{"#attributes":{"UserID":"S-1-5-18"}},"Task":1,"TimeCreated":{"#attributes":{"SystemTime":"2019-09-10T09:37:04.074222Z"}},"Version":5}}}
{"Event":{"#attributes":{"xmlns":"http://schemas.microsoft.com/win/2004/08/events/event"},"EventData":{"Image":"C:\\Windows\\System32\\smss.exe","ProcessGuid":"21207A7E-6EBA-5D77-0000-00105F890000","ProcessId":628,"RuleName":"","UtcTime":"2019-09-10 09:36:58.422"},"System":{"Channel":"Microsoft-Windows-Sysmon/Operational","Computer":"DESKTOP-CF2FLGA","Correlation":null,"EventID":5,"EventRecordID":14034,"Execution":{"#attributes":{"ProcessID":1912,"ThreadID":2592}},"Keywords":"0x8000000000000000","Level":4,"Opcode":0,"Provider":{"#attributes":{"Guid":"5770385F-C22A-43E0-BF4C-06F5698FFBD9","Name":"Microsoft-Windows-Sysmon"}},"Security":{"#attributes":{"UserID":"S-1-5-18"}},"Task":5,"TimeCreated":{"#attributes":{"SystemTime":"2019-09-10T09:37:04.074272Z"}},"Version":3}}}
{"Event":{"#attributes":{"xmlns":"http://schemas.microsoft.com/win/2004/08/events/event"},"EventData":{"CommandLine":"C:\\Windows\\system32\\services.exe","Company":"Microsoft Corporation","CurrentDirectory":"C:\\Windows\\system32\\","Description":"Services and Controller app","FileVersion":"10.0.10240.16384 (th1.150709-1700)","Hashes":"SHA1=50519B0C7E2E1F9E4F35757C1E3E8E7B89390AE0,MD5=48A5107E71E1F6581D739003191B4610,SHA256=1CF67202FA9033AE3B9C042F4F7A50D397B2E2172B490DB12A0AE0F69C458EE8,IMPHASH=057E4960D9324C673159CBED5D4090D5","Image":"C:\\Windows\\System32\\services.exe","IntegrityLevel":"System","LogonGuid":"21207A7E-6EBA-5D77-0000-0020E7030000","LogonId":"0x3e7","OriginalFileName":"services.exe","ParentCommandLine":"wininit.exe","ParentImage":"C:\\Windows\\System32\\wininit.exe","ParentProcessGuid":"21207A7E-6EBA-5D77-0000-0010E1890000","ParentProcessId":644,"ProcessGuid":"21207A7E-6EBA-5D77-0000-0010C6960000","ProcessId":740,"Product":"Microsoft® Windows® Operating System","RuleName":"","TerminalSessionId":0,"User":"NT AUTHORITY\\SYSTEM","UtcTime":"2019-09-10 09:36:58.537"},"System":{"Channel":"Microsoft-Windows-Sysmon/Operational","Computer":"DESKTOP-CF2FLGA","Correlation":null,"EventID":1,"EventRecordID":14035,"Execution":{"#attributes":{"ProcessID":1912,"ThreadID":2592}},"Keywords":"0x8000000000000000","Level":4,"Opcode":0,"Provider":{"#attributes":{"Guid":"5770385F-C22A-43E0-BF4C-06F5698FFBD9","Name":"Microsoft-Windows-Sysmon"}},"Security":{"#attributes":{"UserID":"S-1-5-18"}},"Task":1,"TimeCreated":{"#attributes":{"SystemTime":"2019-09-10T09:37:04.074576Z"}},"Version":5}}}
{"Event":{"#attributes":{"xmlns":"http://schemas.microsoft.com/win/2004/08/events/event"},"EventData":{"CommandLine":"C:\\Windows\\system32\\lsass.exe","Company":"Microsoft Corporation","CurrentDirectory":"C:\\Windows\\system32\\","Description":"Local Security Authority Process","FileVersion":"10.0.10240.16384 (th1.150709-1700)","Hashes":"SHA1=70BBFB8CB36F46B82ED5FEB6E04BCC7D70FA511D,MD5=C33D357DBB05447FB85B01BB897CAD47,SHA256=FD4C60E7D5B7E83D2C14D055C56652688BAA119E1B411B4A03B607A6B6E1592E,IMPHASH=C1372C05D416A3F27915AE568BF08732","Image":"C:\\Windows\\System32\\lsass.exe","IntegrityLevel":"System","LogonGuid":"21207A7E-6EBA-5D77-0000-0020E7030000","LogonId":"0x3e7","OriginalFileName":"lsass.exe","ParentCommandLine":"wininit.exe","ParentImage":"C:\\Windows\\System32\\wininit.exe","ParentProcessGuid":"21207A7E-6EBA-5D77-0000-0010E1890000","ParentProcessId":644,"ProcessGuid":"21207A7E-6EBA-5D77-0000-00109C970000","ProcessId":748,"Product":"Microsoft® Windows® Operating System","RuleName":"","TerminalSessionId":0,"User":"NT AUTHORITY\\SYSTEM","UtcTime":"2019-09-10 09:36:58.557"},"System":{"Channel":"Microsoft-Windows-Sysmon/Operational","Computer":"DESKTOP-CF2FLGA","Correlation":null,"EventID":1,"EventRecordID":14036,"Execution":{"#attributes":{"ProcessID":1912,"ThreadID":2592}},"Keywords":"0x8000000000000000","Level":4,"Opcode":0,"Provider":{"#attributes":{"Guid":"5770385F-C22A-43E0-BF4C-06F5698FFBD9","Name":"Microsoft-Windows-Sysmon"}},"Security":{"#attributes":{"UserID":"S-1-5-18"}},"Task":1,"TimeCreated":{"#attributes":{"SystemTime":"2019-09-10T09:37:04.074872Z"}},"Version":5}}}
{"Event":{"#attributes":{"xmlns":"http://schemas.microsoft.com/win/2004/08/events/event"},"EventData":{"CallTrace":"C:\\Windows\\SYSTEM32\\ntdll.dll+8344a|C:\\Windows\\system32\\KERNELBASE.dll+b8618|C:\\Windows\\system32\\KERNELBASE.dll+e0d7c|C:\\Windows\\system32\\wininit.exe+8ed4|C:\\Windows\\system32\\wininit.exe+87a4|C:\\Windows\\system32\\wininit.exe+7f70|C:\\Windows\\system32\\wininit.exe+7bb6|C:\\Windows\\system32\\wininit.exe+b371|C:\\Windows\\system32\\KERNEL32.DLL+1dea4|C:\\Windows\\SYSTEM32\\ntdll.dll+505ae|C:\\Windows\\SYSTEM32\\ntdll.dll+5057d","GrantedAccess":"0x1fffff","RuleName":"Inyeccion explorer","SourceImage":"C:\\Windows\\system32\\wininit.exe","SourceProcessGUID":"21207A7E-6EBA-5D77-0000-0010E1890000","SourceProcessId":644,"SourceThreadId":648,"TargetImage":"C:\\Windows\\system32\\lsass.exe","TargetProcessGUID":"21207A7E-6EBA-5D77-0000-00109C970000","TargetProcessId":748,"UtcTime":"2019-09-10 09:36:58.547"},"System":{"Channel":"Microsoft-Windows-Sysmon/Operational","Computer":"DESKTOP-CF2FLGA","Correlation":null,"EventID":10,"EventRecordID":14037,"Execution":{"#attributes":{"ProcessID":1912,"ThreadID":2592}},"Keywords":"0x8000000000000000","Level":4,"Opcode":0,"Provider":{"#attributes":{"Guid":"5770385F-C22A-43E0-BF4C-06F5698FFBD9","Name":"Microsoft-Windows-Sysmon"}},"Security":{"#attributes":{"UserID":"S-1-5-18"}},"Task":10,"TimeCreated":{"#attributes":{"SystemTime":"2019-09-10T09:37:04.074988Z"}},"Version":3}}}
{"Event":{"#attributes":{"xmlns":"http://schemas.microsoft.com/win/2004/08/events/event"},"EventData":{"CallTrace":"C:\\Windows\\SYSTEM32\\ntdll.dll+8273a|C:\\Windows\\system32\\basesrv.DLL+275e|C:\\Windows\\system32\\CSRSRV.dll+5969|C:\\Windows\\SYSTEM32\\ntdll.dll+505bd|C:\\Windows\\SYSTEM32\\ntdll.dll+5057d","GrantedAccess":"0x1fffff","RuleName":"Inyeccion explorer","SourceImage":"C:\\Windows\\system32\\csrss.exe","SourceProcessGUID":"21207A7E-6EBA-5D77-0000-001052850000","SourceProcessId":564,"SourceThreadId":576,"TargetImage":"C:\\Windows\\system32\\lsass.exe","TargetProcessGUID":"21207A7E-6EBA-5D77-0000-00109C970000","TargetProcessId":748,"UtcTime":"2019-09-10 09:36:58.547"},"System":{"Channel":"Microsoft-Windows-Sysmon/Operational","Computer":"DESKTOP-CF2FLGA","Correlation":null,"EventID":10,"EventRecordID":14038,"Execution":{"#attributes":{"ProcessID":1912,"ThreadID":2592}},"Keywords":"0x8000000000000000","Level":4,"Opcode":0,"Provider":{"#attributes":{"Guid":"5770385F-C22A-43E0-BF4C-06F5698FFBD9","Name":"Microsoft-Windows-Sysmon"}},"Security":{"#attributes":{"UserID":"S-1-5-18"}},"Task":10,"TimeCreated":{"#attributes":{"SystemTime":"2019-09-10T09:37:04.075080Z"}},"Version":3}}}
{"Event":{"#attributes":{"xmlns":"http://schemas.microsoft.com/win/2004/08/events/event"},"EventData":{"CallTrace":"C:\\Windows\\SYSTEM32\\ntdll.dll+8273a|C:\\Windows\\system32\\KERNELBASE.dll+cf8c8|C:\\Windows\\system32\\wininit.exe+915f|C:\\Windows\\system32\\wininit.exe+8efa|C:\\Windows\\system32\\wininit.exe+87a4|C:\\Windows\\system32\\wininit.exe+7f70|C:\\Windows\\system32\\wininit.exe+7bb6|C:\\Windows\\system32\\wininit.exe+b371|C:\\Windows\\system32\\KERNEL32.DLL+1dea4|C:\\Windows\\SYSTEM32\\ntdll.dll+505ae|C:\\Windows\\SYSTEM32\\ntdll.dll+5057d","GrantedAccess":"0x1000000","RuleName":"Inyeccion explorer","SourceImage":"C:\\Windows\\system32\\wininit.exe","SourceProcessGUID":"21207A7E-6EBA-5D77-0000-0010E1890000","SourceProcessId":644,"SourceThreadId":648,"TargetImage":"C:\\Windows\\system32\\lsass.exe","TargetProcessGUID":"21207A7E-6EBA-5D77-0000-00109C970000","TargetProcessId":748,"UtcTime":"2019-09-10 09:36:58.547"},"System":{"Channel":"Microsoft-Windows-Sysmon/Operational","Computer":"DESKTOP-CF2FLGA","Correlation":null,"EventID":10,"EventRecordID":14039,"Execution":{"#attributes":{"ProcessID":1912,"ThreadID":2592}},"Keywords":"0x8000000000000000","Level":4,"Opcode":0,"Provider":{"#attributes":{"Guid":"5770385F-C22A-43E0-BF4C-06F5698FFBD9","Name":"Microsoft-Windows-Sysmon"}},"Security":{"#attributes":{"UserID":"S-1-5-18"}},"Task":10,"TimeCreated":{"#attributes":{"SystemTime":"2019-09-10T09:37:04.075210Z"}},"Version":3}}}
{"Event":{"#attributes":{"xmlns":"http://schemas.microsoft.com/win/2004/08/events/event"},"EventData":{"CommandLine":"C:\\Windows\\system32\\svchost.exe -k DcomLaunch","Company":"Microsoft Corporation","CurrentDirectory":"C:\\Windows\\system32\\","Description":"Host Process for Windows Services","FileVersion":"10.0.10240.16384 (th1.150709-1700)","Hashes":"SHA1=BCAE71BA4068BE87F9D5739AFEC8F7081D00A97E,MD5=A412DEDAC6A1FF7BA06FEB3B6725495E,SHA256=B4853F76DFE066A5B2AEB3166BAC4D6FF1548E9119205F65AC6CAB6D165F9850,IMPHASH=E7C7977A9A81DE6269643983B71B739C","Image":"C:\\Windows\\System32\\svchost.exe","IntegrityLevel":"System","LogonGuid":"21207A7E-6EBA-5D77-0000-0020E7030000","LogonId":"0x3e7","OriginalFileName":"svchost.exe","ParentCommandLine":"C:\\Windows\\system32\\services.exe","ParentImage":"C:\\Windows\\System32\\services.exe","ParentProcessGuid":"21207A7E-6EBA-5D77-0000-0010C6960000","ParentProcessId":740,"ProcessGuid":"21207A7E-6EBA-5D77-0000-001087AB0000","ProcessId":812,"Product":"Microsoft® Windows® Operating System","RuleName":"","TerminalSessionId":0,"User":"NT AUTHORITY\\SYSTEM","UtcTime":"2019-09-10 09:36:58.777"},"System":{"Channel":"Microsoft-Windows-Sysmon/Operational","Computer":"DESKTOP-CF2FLGA","Correlation":null,"EventID":1,"EventRecordID":14040,"Execution":{"#attributes":{"ProcessID":1912,"ThreadID":2592}},"Keywords":"0x8000000000000000","Level":4,"Opcode":0,"Provider":{"#attributes":{"Guid":"5770385F-C22A-43E0-BF4C-06F5698FFBD9","Name":"Microsoft-Windows-Sysmon"}},"Security":{"#attributes":{"UserID":"S-1-5-18"}},"Task":1,"TimeCreated":{"#attributes":{"SystemTime":"2019-09-10T09:37:04.075685Z"}},"Version":5}}}
{"Event":{"#attributes":{"xmlns":"http://schemas.microsoft.com/win/2004/08/events/event"},"EventData":{"CommandLine":"C:\\Windows\\system32\\svchost.exe -k RPCSS","Company":"Microsoft Corporation","CurrentDirectory":"C:\\Windows\\system32\\","Description":"Host Process for Windows Services","FileVersion":"10.0.10240.16384 (th1.150709-1700)","Hashes":"SHA1=BCAE71BA4068BE87F9D5739AFEC8F7081D00A97E,MD5=A412DEDAC6A1FF7BA06FEB3B6725495E,SHA256=B4853F76DFE066A5B2AEB3166BAC4D6FF1548E9119205F65AC6CAB6D165F9850,IMPHASH=E7C7977A9A81DE6269643983B71B739C","Image":"C:\\Windows\\System32\\svchost.exe","IntegrityLevel":"System","LogonGuid":"21207A7E-6EBA-5D77-0000-0020E4030000","LogonId":"0x3e4","OriginalFileName":"svchost.exe","ParentCommandLine":"C:\\Windows\\system32\\services.exe","ParentImage":"C:\\Windows\\System32\\services.exe","ParentProcessGuid":"21207A7E-6EBA-5D77-0000-0010C6960000","ParentProcessId":740,"ProcessGuid":"21207A7E-6EBA-5D77-0000-001085FA0000","ProcessId":844,"Product":"Microsoft® Windows® Operating System","RuleName":"","TerminalSessionId":0,"User":"NT AUTHORITY\\NETWORK SERVICE","UtcTime":"2019-09-10 09:36:58.849"},"System":{"Channel":"Microsoft-Windows-Sysmon/Operational","Computer":"DESKTOP-CF2FLGA","Correlation":null,"EventID":1,"EventRecordID":14041,"Execution":{"#attributes":{"ProcessID":1912,"ThreadID":2592}},"Keywords":"0x8000000000000000","Level":4,"Opcode":0,"Provider":{"#attributes":{"Guid":"5770385F-C22A-43E0-BF4C-06F5698FFBD9","Name":"Microsoft-Windows-Sysmon"}},"Security":{"#attributes":{"UserID":"S-1-5-18"}},"Task":1,"TimeCreated":{"#attributes":{"SystemTime":"2019-09-10T09:37:04.076186Z"}},"Version":5}}}
{"Event":{"#attributes":{"xmlns":"http://schemas.microsoft.com/win/2004/08/events/event"},"EventData":{"CommandLine":"\"LogonUI.exe\" /flags:0x0 /state0:0xa3bcb055 /state1:0x41c64e6d","Company":"Microsoft Corporation","CurrentDirectory":"C:\\Windows\\system32\\","Description":"Windows Logon User Interface Host","FileVersion":"10.0.10240.16384 (th1.150709-1700)","Hashes":"SHA1=C52F8F22FD9A7628EA67F3009D2B2D073CED52CC,MD5=49C7551E48E142D2612ACFBF1FAF2B17,SHA256=B331A73DC5C24CD20D5F147CE5EF0499D43BF68707133EFC5E6A7D2D62B14B72,IMPHASH=A291F38DBDE84233376DBA1706BAF71B","Image":"C:\\Windows\\System32\\LogonUI.exe","IntegrityLevel":"System","LogonGuid":"21207A7E-6EBA-5D77-0000-0020E7030000","LogonId":"0x3e7","OriginalFileName":"logonui.exe","ParentCommandLine":"winlogon.exe","ParentImage":"C:\\Windows\\System32\\winlogon.exe","ParentProcessGuid":"21207A7E-6EBA-5D77-0000-0010698C0000","ParentProcessId":676,"ProcessGuid":"21207A7E-6EBA-5D77-0000-0010C6040100","ProcessId":948,"Product":"Microsoft® Windows® Operating System","RuleName":"","TerminalSessionId":1,"User":"NT AUTHORITY\\SYSTEM","UtcTime":"2019-09-10 09:36:58.941"},"System":{"Channel":"Microsoft-Windows-Sysmon/Operational","Computer":"DESKTOP-CF2FLGA","Correlation":null,"EventID":1,"EventRecordID":14042,"Execution":{"#attributes":{"ProcessID":1912,"ThreadID":2592}},"Keywords":"0x8000000000000000","Level":4,"Opcode":0,"Provider":{"#attributes":{"Guid":"5770385F-C22A-43E0-BF4C-06F5698FFBD9","Name":"Microsoft-Windows-Sysmon"}},"Security":{"#attributes":{"UserID":"S-1-5-18"}},"Task":1,"TimeCreated":{"#attributes":{"SystemTime":"2019-09-10T09:37:04.077041Z"}},"Version":5}}}
{"Event":{"#attributes":{"xmlns":"http://schemas.microsoft.com/win/2004/08/events/event"},"EventData":{"CommandLine":"\"dwm.exe\"","Company":"Microsoft Corporation","CurrentDirectory":"C:\\Windows\\system32\\","Description":"Desktop Window Manager","FileVersion":"10.0.10240.16384 (th1.150709-1700)","Hashes":"SHA1=9F72B96FFFC5173FE0F3103545DD050283179717,MD5=0B6D857AA8C03AC17C19D69543D989C7,SHA256=846EDA6F8CDED0C1A8FE473B66CE85F9774428A29EB1818FF085BD84AC7824CA,IMPHASH=909ADB155C763E1F73B1E3CD27FABE2F","Image":"C:\\Windows\\System32\\dwm.exe","IntegrityLevel":"System","LogonGuid":"21207A7E-6EBA-5D77-0000-0020E1040100","LogonId":"0x104e1","OriginalFileName":"dwm.exe","ParentCommandLine":"winlogon.exe","ParentImage":"C:\\Windows\\System32\\winlogon.exe","ParentProcessGuid":"21207A7E-6EBA-5D77-0000-0010698C0000","ParentProcessId":676,"ProcessGuid":"21207A7E-6EBA-5D77-0000-00101B060100","ProcessId":956,"Product":"Microsoft® Windows® Operating System","RuleName":"","TerminalSessionId":1,"User":"Window Manager\\DWM-1","UtcTime":"2019-09-10 09:36:58.950"},"System":{"Channel":"Microsoft-Windows-Sysmon/Operational","Computer":"DESKTOP-CF2FLGA","Correlation":null,"EventID":1,"EventRecordID":14043,"Execution":{"#attributes":{"ProcessID":1912,"ThreadID":2592}},"Keywords":"0x8000000000000000","Level":4,"Opcode":0,"Provider":{"#attributes":{"Guid":"5770385F-C22A-43E0-BF4C-06F5698FFBD9","Name":"Microsoft-Windows-Sysmon"}},"Security":{"#attributes":{"UserID":"S-1-5-18"}},"Task":1,"TimeCreated":{"#attributes":{"SystemTime":"2019-09-10T09:37:04.077996Z"}},"Version":5}}}
{"Event":{"#attributes":{"xmlns":"http://schemas.microsoft.com/win/2004/08/events/event"},"EventData":{"CommandLine":"C:\\Windows\\system32\\svchost.exe -k netsvcs","Company":"Microsoft Corporation","CurrentDirectory":"C:\\Windows\\system32\\","Description":"Host Process for Windows Services","FileVersion":"10.0.10240.16384 (th1.150709-1700)","Hashes":"SHA1=BCAE71BA4068BE87F9D5739AFEC8F7081D00A97E,MD5=A412DEDAC6A1FF7BA06FEB3B6725495E,SHA256=B4853F76DFE066A5B2AEB3166BAC4D6FF1548E9119205F65AC6CAB6D165F9850,IMPHASH=E7C7977A9A81DE6269643983B71B739C","Image":"C:\\Windows\\System32\\svchost.exe","IntegrityLevel":"System","LogonGuid":"21207A7E-6EBA-5D77-0000-0020E7030000","LogonId":"0x3e7","OriginalFileName":"svchost.exe","ParentCommandLine":"C:\\Windows\\system32\\services.exe","ParentImage":"C:\\Windows\\System32\\services.exe","ParentProcessGuid":"21207A7E-6EBA-5D77-0000-0010C6960000","ParentProcessId":740,"ProcessGuid":"21207A7E-6EBB-5D77-0000-001025350100","ProcessId":1028,"Product":"Microsoft® Windows® Operating System","RuleName":"","TerminalSessionId":0,"User":"NT AUTHORITY\\SYSTEM","UtcTime":"2019-09-10 09:36:59.095"},"System":{"Channel":"Microsoft-Windows-Sysmon/Operational","Computer":"DESKTOP-CF2FLGA","Correlation":null,"EventID":1,"EventRecordID":14044,"Execution":{"#attributes":{"ProcessID":1912,"ThreadID":2592}},"Keywords":"0x8000000000000000","Level":4,"Opcode":0,"Provider":{"#attributes":{"Guid":"5770385F-C22A-43E0-BF4C-06F5698FFBD9","Name":"Microsoft-Windows-Sysmon"}},"Security":{"#attributes":{"UserID":"S-1-5-18"}},"Task":1,"TimeCreated":{"#attributes":{"SystemTime":"2019-09-10T09:37:04.078458Z"}},"Version":5}}}
{"Event":{"#attributes":{"xmlns":"http://schemas.microsoft.com/win/2004/08/events/event"},"EventData":{"Hashes":"SHA1=A5B3154572D824B482229C217CF3ABB52184C527,MD5=B6AFA387FBF0E29D9C24421156228B91,SHA256=D3935FA403A23F972B0FF1DE0294789F2400C6E469A14F7C21CA58F746F77033,IMPHASH=E19C9EA68937A833A833D876229B5F63","ImageLoaded":"C:\\Windows\\System32\\drivers\\crashdmp.sys","RuleName":"","Signature":"Microsoft Windows","SignatureStatus":"Valid","Signed":"true","UtcTime":"2019-09-10 09:36:55.840"},"System":{"Channel":"Microsoft-Windows-Sysmon/Operational","Computer":"DESKTOP-CF2FLGA","Correlation":null,"EventID":6,"EventRecordID":14045,"Execution":{"#attributes":{"ProcessID":1912,"ThreadID":2596}},"Keywords":"0x8000000000000000","Level":4,"Opcode":0,"Provider":{"#attributes":{"Guid":"5770385F-C22A-43E0-BF4C-06F5698FFBD9","Name":"Microsoft-Windows-Sysmon"}},"Security":{"#attributes":{"UserID":"S-1-5-18"}},"Task":6,"TimeCreated":{"#attributes":{"SystemTime":"2019-09-10T09:37:04.092377Z"}},"Version":3}}}
{"Event":{"#attributes":{"xmlns":"http://schemas.microsoft.com/win/2004/08/events/event"},"EventData":{"Hashes":"SHA1=C0CBD6548CA258439010E049F36E289CE49B6AAC,MD5=FBB578566F9249A3902BD61084B69482,SHA256=FBB041C1C38381DFA5C07D0F733F4DD1E8F4B72AACE2B5090C359451DA47347A,IMPHASH=CD7590EB1B8509D5151C678BA7A678D7","ImageLoaded":"C:\\Windows\\System32\\drivers\\Diskdump.sys","RuleName":"","Signature":"Microsoft Windows","SignatureStatus":"Valid","Signed":"true","UtcTime":"2019-09-10 09:36:56.728"},"System":{"Channel":"Microsoft-Windows-Sysmon/Operational","Computer":"DESKTOP-CF2FLGA","Correlation":null,"EventID":6,"EventRecordID":14046,"Execution":{"#attributes":{"ProcessID":1912,"ThreadID":2596}},"Keywords":"0x8000000000000000","Level":4,"Opcode":0,"Provider":{"#attributes":{"Guid":"5770385F-C22A-43E0-BF4C-06F5698FFBD9","Name":"Microsoft-Windows-Sysmon"}},"Security":{"#attributes":{"UserID":"S-1-5-18"}},"Task":6,"TimeCreated":{"#attributes":{"SystemTime":"2019-09-10T09:37:04.097358Z"}},"Version":3}}}
{"Event":{"#attributes":{"xmlns":"http://schemas.microsoft.com/win/2004/08/events/event"},"EventData":{"Hashes":"SHA1=C0CBD6548CA258439010E049F36E289CE49B6AAC,MD5=FBB578566F9249A3902BD61084B69482,SHA256=FBB041C1C38381DFA5C07D0F733F4DD1E8F4B72AACE2B5090C359451DA47347A,IMPHASH=CD7590EB1B8509D5151C678BA7A678D7","ImageLoaded":"C:\\Windows\\System32\\drivers\\Diskdump.sys","RuleName":"","Signature":"Microsoft Windows","SignatureStatus":"Valid","Signed":"true","UtcTime":"2019-09-10 09:36:55.840"},"System":{"Channel":"Microsoft-Windows-Sysmon/Operational","Computer":"DESKTOP-CF2FLGA","Correlation":null,"EventID":6,"EventRecordID":14047,"Execution":{"#attributes":{"ProcessID":1912,"ThreadID":2596}},"Keywords":"0x8000000000000000","Level":4,"Opcode":0,"Provider":{"#attributes":{"Guid":"5770385F-C22A-43E0-BF4C-06F5698FFBD9","Name":"Microsoft-Windows-Sysmon"}},"Security":{"#attributes":{"UserID":"S-1-5-18"}},"Task":6,"TimeCreated":{"#attributes":{"SystemTime":"2019-09-10T09:37:04.097531Z"}},"Version":3}}}
