{"Event":{"#attributes":{"xmlns":"http://schemas.microsoft.com/win/2004/08/events/event"},"EventData":{"Hashes":"SHA1=845133A7C1812C6AE42FEB2D61387D314CFB44A6,MD5=CE928C1D34FCEE7F81B676D7744BAC15,SHA256=5A6E8B6D7247E88799AC25D4C99F31FFB68C8B9914744A85943CAB83044FDA32,IMPHASH=0617CE202204B65745D685597B2F23D5","ImageLoaded":"C:\\Windows\\System32\\cdd.dll","RuleName":"","Signature":"Microsoft Windows","SignatureStatus":"Valid","Signed":"true","UtcTime":"2019-09-10 09:36:58.407"},"System":{"Channel":"Microsoft-Windows-Sysmon/Operational","Computer":"DESKTOP-CF2FLGA","Correlation":null,"EventID":6,"EventRecordID":14174,"Execution":{"#attributes":{"ProcessID":1912,"ThreadID":2596}},"Keywords":"0x8000000000000000","Level":4,"Opcode":0,"Provider":{"#attributes":{"Guid":"5770385F-C22A-43E0-BF4C-06F5698FFBD9","Name":"Microsoft-Windows-Sysmon"}},"Security":{"#attributes":{"UserID":"S-1-5-18"}},"Task":6,"TimeCreated":{"#attributes":{"SystemTime":"2019-09-10T09:37:04.938266Z"}},"Version":3}}}
{"Event":{"#attributes":{"xmlns":"http://schemas.microsoft.com/win/2004/08/events/event"},"EventData":{"Hashes":"SHA1=788A1B0417C0F76DD1DD22997B057ABC32E1CF88,MD5=3B9F3769F26C6EA7759D77AAAA24AA60,SHA256=0735EBF9D143D8D901FBE6B240C2C326B341B4B574091D098A156E69C03D0460,IMPHASH=67B058C20627DCD5B0D7933DE9176605","ImageLoaded":"C:\\Windows\\System32\\drivers\\luafv.sys","RuleName":"","Signature":"Microsoft Windows","SignatureStatus":"Valid","Signed":"true","UtcTime":"2019-09-10 09:36:59.184"},"System":{"Channel":"Microsoft-Windows-Sysmon/Operational","Computer":"DESKTOP-CF2FLGA","Correlation":null,"EventID":6,"EventRecordID":14175,"Execution":{"#attributes":{"ProcessID":1912,"ThreadID":2596}},"Keywords":"0x8000000000000000","Level":4,"Opcode":0,"Provider":{"#attributes":{"Guid":"5770385F-C22A-43E0-BF4C-06F5698FFBD9","Name":"Microsoft-Windows-Sysmon"}},"Security":{"#attributes":{"UserID":"S-1-5-18"}},"Task":6,"TimeCreated":{"#attributes":{"SystemTime":"2019-09-10T09:37:04.948690Z"}},"Version":3}}}
{"Event":{"#attributes":{"xmlns":"http://schemas.microsoft.com/win/2004/08/events/event"},"EventData":{"Hashes":"SHA1=82D88458E7C1F4774574E042BCED93B8EA276A8C,MD5=2BB6C9C6DEE4A991557A4DC1F1425258,SHA256=138477BBDA00A2EC88095E71CC432918B0737A565098B87DD16228819FAF017C,IMPHASH=4C088383F1C66671646BD7DB3CC322F5","ImageLoaded":"C:\\Windows\\System32\\drivers\\storqosflt.sys","RuleName":"","Signature":"Microsoft Windows","SignatureStatus":"Valid","Signed":"true","UtcTime":"2019-09-10 09:36:59.215"},"System":{"Channel":"Microsoft-Windows-Sysmon/Operational","Computer":"DESKTOP-CF2FLGA","Correlation":null,"EventID":6,"EventRecordID":14176,"Execution":{"#attributes":{"ProcessID":1912,"ThreadID":2596}},"Keywords":"0x8000000000000000","Level":4,"Opcode":0,"Provider":{"#attributes":{"Guid":"5770385F-C22A-43E0-BF4C-06F5698FFBD9","Name":"Microsoft-Windows-Sysmon"}},"Security":{"#attributes":{"UserID":"S-1-5-18"}},"Task":6,"TimeCreated":{"#attributes":{"SystemTime":"2019-09-10T09:37:04.954584Z"}},"Version":3}}}
{"Event":{"#attributes":{"xmlns":"http://schemas.microsoft.com/win/2004/08/events/event"},"EventData":{"Hashes":"SHA1=3551AC82FC1E568E0DB90DCEF73125212925A6A7,MD5=F3088828CA8E7C6CE1CE37A4B036C2EB,SHA256=2670A41D980A7299A454433B1CA3E75B28F0DD94D7CDF946F7308BFBA1E3C0F1,IMPHASH=35AD818DCC224F8BB76CBB8C2FA9E501","ImageLoaded":"C:\\Windows\\System32\\drivers\\lltdio.sys","RuleName":"","Signature":"Microsoft Windows","SignatureStatus":"Valid","Signed":"true","UtcTime":"2019-09-10 09:36:59.590"},"System":{"Channel":"Microsoft-Windows-Sysmon/Operational","Computer":"DESKTOP-CF2FLGA","Correlation":null,"EventID":6,"EventRecordID":14177,"Execution":{"#attributes":{"ProcessID":1912,"ThreadID":2596}},"Keywords":"0x8000000000000000","Level":4,"Opcode":0,"Provider":{"#attributes":{"Guid":"5770385F-C22A-43E0-BF4C-06F5698FFBD9","Name":"Microsoft-Windows-Sysmon"}},"Security":{"#attributes":{"UserID":"S-1-5-18"}},"Task":6,"TimeCreated":{"#attributes":{"SystemTime":"2019-09-10T09:37:04.964899Z"}},"Version":3}}}
{"Event":{"#attributes":{"xmlns":"http://schemas.microsoft.com/win/2004/08/events/event"},"EventData":{"Hashes":"SHA1=1472ED3BD9475063A6F163ECC37E67E4B75983F8,MD5=24266551599B47E98978A546DC3D1A23,SHA256=C58385DB3F491F82C0C5E20BCFCC61873A14BBA7FB97CC37B590129695CE7D79,IMPHASH=3999E2EFF186294FF8E0F59CA091CEE8","ImageLoaded":"C:\\Windows\\System32\\drivers\\rspndr.sys","RuleName":"","Signature":"Microsoft Windows","SignatureStatus":"Valid","Signed":"true","UtcTime":"2019-09-10 09:36:59.590"},"System":{"Channel":"Microsoft-Windows-Sysmon/Operational","Computer":"DESKTOP-CF2FLGA","Correlation":null,"EventID":6,"EventRecordID":14178,"Execution":{"#attributes":{"ProcessID":1912,"ThreadID":2596}},"Keywords":"0x8000000000000000","Level":4,"Opcode":0,"Provider":{"#attributes":{"Guid":"5770385F-C22A-43E0-BF4C-06F5698FFBD9","Name":"Microsoft-Windows-Sysmon"}},"Security":{"#attributes":{"UserID":"S-1-5-18"}},"Task":6,"TimeCreated":{"#attributes":{"SystemTime":"2019-09-10T09:37:04.971860Z"}},"Version":3}}}
{"Event":{"#attributes":{"xmlns":"http://schemas.microsoft.com/win/2004/08/events/event"},"EventData":{"Hashes":"SHA1=10FC30C7800A87E2E56A2374C02F15B27A5D1859,MD5=3EAB76F5D8636EA78ECF5F78A238F465,SHA256=03F33B388CB61473D35D452401A7310874D79A4BC6A5C9BA9FA58C53ED50DC6C,IMPHASH=DF739E1B7F2EE49396DEABC39B29E2C6","ImageLoaded":"C:\\Windows\\System32\\drivers\\mslldp.sys","RuleName":"","Signature":"Microsoft Windows","SignatureStatus":"Valid","Signed":"true","UtcTime":"2019-09-10 09:36:59.590"},"System":{"Channel":"Microsoft-Windows-Sysmon/Operational","Computer":"DESKTOP-CF2FLGA","Correlation":null,"EventID":6,"EventRecordID":14179,"Execution":{"#attributes":{"ProcessID":1912,"ThreadID":2596}},"Keywords":"0x8000000000000000","Level":4,"Opcode":0,"Provider":{"#attributes":{"Guid":"5770385F-C22A-43E0-BF4C-06F5698FFBD9","Name":"Microsoft-Windows-Sysmon"}},"Security":{"#attributes":{"UserID":"S-1-5-18"}},"Task":6,"TimeCreated":{"#attributes":{"SystemTime":"2019-09-10T09:37:04.985899Z"}},"Version":3}}}
{"Event":{"#attributes":{"xmlns":"http://schemas.microsoft.com/win/2004/08/events/event"},"EventData":{"CommandLine":"\"C:\\Program Files\\Windows Defender\\MpCmdRun.exe\" SignaturesUpdateService -ScheduleJob -UnmanagedUpdate","Company":"Microsoft Corporation","CurrentDirectory":"C:\\Windows\\system32\\","Description":"Microsoft Malware Protection Command Line Utility","FileVersion":"4.8.10240.16384 (th1.150709-1700)","Hashes":"SHA1=32F82F6961A8F56A7DB9D553F36312D86030BAA4,MD5=B34408F254195B40BD207843C784A5B1,SHA256=CA5F91A0D4DDB6D4A0F2DA328F10DB693C8A31719FA763FF065ED82769E875EF,IMPHASH=C3DE81DF75C0892C1B40C8742D63AF1E","Image":"C:\\Program Files\\Windows Defender\\MpCmdRun.exe","IntegrityLevel":"System","LogonGuid":"21207A7E-6EBA-5D77-0000-0020E7030000","LogonId":"0x3e7","OriginalFileName":"MpCmdRun.exe","ParentCommandLine":"\"C:\\Program Files\\Windows Defender\\MsMpEng.exe\"","ParentImage":"C:\\Program Files\\Windows Defender\\MsMpEng.exe","ParentProcessGuid":"21207A7E-6EBD-5D77-0000-0010D4EA0100","ParentProcessId":580,"ProcessGuid":"21207A7E-6EC0-5D77-0000-0010B50D0300","ProcessId":2700,"Product":"Microsoft® Windows® Operating System","RuleName":"","TerminalSessionId":0,"User":"NT AUTHORITY\\SYSTEM","UtcTime":"2019-09-10 09:37:04.991"},"System":{"Channel":"Microsoft-Windows-Sysmon/Operational","Computer":"DESKTOP-CF2FLGA","Correlation":null,"EventID":1,"EventRecordID":14180,"Execution":{"#attributes":{"ProcessID":1912,"ThreadID":2592}},"Keywords":"0x8000000000000000","Level":4,"Opcode":0,"Provider":{"#attributes":{"Guid":"5770385F-C22A-43E0-BF4C-06F5698FFBD9","Name":"Microsoft-Windows-Sysmon"}},"Security":{"#attributes":{"UserID":"S-1-5-18"}},"Task":1,"TimeCreated":{"#attributes":{"SystemTime":"2019-09-10T09:37:04.992297Z"}},"Version":5}}}
{"Event":{"#attributes":{"xmlns":"http://schemas.microsoft.com/win/2004/08/events/event"},"EventData":{"Hashes":"SHA1=42F533D761B65F1F53F5B487838C67921A3A9434,MD5=2D3AF85F7C2B5400B3347F3A799FBBBB,SHA256=FAE68568EACBF3C4250E60079A7EBD19E52A6FC6C628C2B0445289175452DDB1,IMPHASH=776E639E74A1BAC3CDCF97B890F72A56","ImageLoaded":"C:\\Windows\\System32\\drivers\\http.sys","RuleName":"","Signature":"Microsoft Windows","SignatureStatus":"Valid","Signed":"true","UtcTime":"2019-09-10 09:36:59.668"},"System":{"Channel":"Microsoft-Windows-Sysmon/Operational","Computer":"DESKTOP-CF2FLGA","Correlation":null,"EventID":6,"EventRecordID":14181,"Execution":{"#attributes":{"ProcessID":1912,"ThreadID":2596}},"Keywords":"0x8000000000000000","Level":4,"Opcode":0,"Provider":{"#attributes":{"Guid":"5770385F-C22A-43E0-BF4C-06F5698FFBD9","Name":"Microsoft-Windows-Sysmon"}},"Security":{"#attributes":{"UserID":"S-1-5-18"}},"Task":6,"TimeCreated":{"#attributes":{"SystemTime":"2019-09-10T09:37:04.995431Z"}},"Version":3}}}
{"Event":{"#attributes":{"xmlns":"http://schemas.microsoft.com/win/2004/08/events/event"},"EventData":{"Hashes":"SHA1=6AADA4E28B78837B5E413669EAB27619D47A289D,MD5=A21E89AC3D4E897673916CF8B1C97930,SHA256=8EED49D1B1BFCCE3C9E6CA1ABECD9FE97F710DFD25A6A6C20745EB4AA6264BEB,IMPHASH=4FEAB6FF9A5C8BBDDC27DFC7ECCB7C5E","ImageLoaded":"C:\\Windows\\System32\\drivers\\bowser.sys","RuleName":"","Signature":"Microsoft Windows","SignatureStatus":"Valid","Signed":"true","UtcTime":"2019-09-10 09:36:59.746"},"System":{"Channel":"Microsoft-Windows-Sysmon/Operational","Computer":"DESKTOP-CF2FLGA","Correlation":null,"EventID":6,"EventRecordID":14182,"Execution":{"#attributes":{"ProcessID":1912,"ThreadID":2596}},"Keywords":"0x8000000000000000","Level":4,"Opcode":0,"Provider":{"#attributes":{"Guid":"5770385F-C22A-43E0-BF4C-06F5698FFBD9","Name":"Microsoft-Windows-Sysmon"}},"Security":{"#attributes":{"UserID":"S-1-5-18"}},"Task":6,"TimeCreated":{"#attributes":{"SystemTime":"2019-09-10T09:37:05.002180Z"}},"Version":3}}}
{"Event":{"#attributes":{"xmlns":"http://schemas.microsoft.com/win/2004/08/events/event"},"EventData":{"CommandLine":"\\??\\C:\\Windows\\system32\\conhost.exe 0xffffffff -ForceV1","Company":"Microsoft Corporation","CurrentDirectory":"C:\\Windows","Description":"Console Window Host","FileVersion":"10.0.10240.16384 (th1.150709-1700)","Hashes":"SHA1=7DF3BFA4BE09BFCCB10FE356CE45879364A0D2DC,MD5=4287D2FA46FDBFF6100455367C2D7C65,SHA256=6FB167673720640FF09E013432602E6AC9FF33D77DD8C3E4683C89D10B8E9951,IMPHASH=E8B06FF0246662E89A672B447A7462BC","Image":"C:\\Windows\\System32\\conhost.exe","IntegrityLevel":"System","LogonGuid":"21207A7E-6EBA-5D77-0000-0020E7030000","LogonId":"0x3e7","OriginalFileName":"CONHOST.EXE","ParentCommandLine":"\"C:\\Program Files\\Windows Defender\\MpCmdRun.exe\" SignaturesUpdateService -ScheduleJob -UnmanagedUpdate","ParentImage":"C:\\Program Files\\Windows Defender\\MpCmdRun.exe","ParentProcessGuid":"21207A7E-6EC0-5D77-0000-0010B50D0300","ParentProcessId":2700,"ProcessGuid":"21207A7E-6EC1-5D77-0000-0010380F0300","ProcessId":2708,"Product":"Microsoft® Windows® Operating System","RuleName":"","TerminalSessionId":0,"User":"NT AUTHORITY\\SYSTEM","UtcTime":"2019-09-10 09:37:05.007"},"System":{"Channel":"Microsoft-Windows-Sysmon/Operational","Computer":"DESKTOP-CF2FLGA","Correlation":null,"EventID":1,"EventRecordID":14183,"Execution":{"#attributes":{"ProcessID":1912,"ThreadID":2592}},"Keywords":"0x8000000000000000","Level":4,"Opcode":0,"Provider":{"#attributes":{"Guid":"5770385F-C22A-43E0-BF4C-06F5698FFBD9","Name":"Microsoft-Windows-Sysmon"}},"Security":{"#attributes":{"UserID":"S-1-5-18"}},"Task":1,"TimeCreated":{"#attributes":{"SystemTime":"2019-09-10T09:37:05.008228Z"}},"Version":5}}}
{"Event":{"#attributes":{"xmlns":"http://schemas.microsoft.com/win/2004/08/events/event"},"EventData":{"Hashes":"SHA1=BB3B1719DAFEE20775ED811DB6BCEF7DF91F0AA3,MD5=0AFDF5734DAF0D1438802CF22238518C,SHA256=E3668FA75EE63463B4AEDDEBE47DDA79B1A986A1764DE235069B074B5B48D93E,IMPHASH=496033D337C4804C9635842CFFC763A9","ImageLoaded":"C:\\Windows\\System32\\drivers\\mrxsmb.sys","RuleName":"","Signature":"Microsoft Windows","SignatureStatus":"Valid","Signed":"true","UtcTime":"2019-09-10 09:36:59.746"},"System":{"Channel":"Microsoft-Windows-Sysmon/Operational","Computer":"DESKTOP-CF2FLGA","Correlation":null,"EventID":6,"EventRecordID":14184,"Execution":{"#attributes":{"ProcessID":1912,"ThreadID":2596}},"Keywords":"0x8000000000000000","Level":4,"Opcode":0,"Provider":{"#attributes":{"Guid":"5770385F-C22A-43E0-BF4C-06F5698FFBD9","Name":"Microsoft-Windows-Sysmon"}},"Security":{"#attributes":{"UserID":"S-1-5-18"}},"Task":6,"TimeCreated":{"#attributes":{"SystemTime":"2019-09-10T09:37:05.013612Z"}},"Version":3}}}
{"Event":{"#attributes":{"xmlns":"http://schemas.microsoft.com/win/2004/08/events/event"},"EventData":{"Hashes":"SHA1=7B53FA4D7E43D8483BA5A9485BE250D0E565A866,MD5=9D7BA357E013E776773C989EC1AE3A9C,SHA256=82ECCD6F5F40DC58E010B4EF22A982B2249890AC18B98C72EDCB8EB15348FC37,IMPHASH=260C6615CAF7660E417A00BED30FEF17","ImageLoaded":"C:\\Windows\\System32\\drivers\\mrxsmb20.sys","RuleName":"","Signature":"Microsoft Windows","SignatureStatus":"Valid","Signed":"true","UtcTime":"2019-09-10 09:36:59.746"},"System":{"Channel":"Microsoft-Windows-Sysmon/Operational","Computer":"DESKTOP-CF2FLGA","Correlation":null,"EventID":6,"EventRecordID":14185,"Execution":{"#attributes":{"ProcessID":1912,"ThreadID":2596}},"Keywords":"0x8000000000000000","Level":4,"Opcode":0,"Provider":{"#attributes":{"Guid":"5770385F-C22A-43E0-BF4C-06F5698FFBD9","Name":"Microsoft-Windows-Sysmon"}},"Security":{"#attributes":{"UserID":"S-1-5-18"}},"Task":6,"TimeCreated":{"#attributes":{"SystemTime":"2019-09-10T09:37:05.023917Z"}},"Version":3}}}
{"Event":{"#attributes":{"xmlns":"http://schemas.microsoft.com/win/2004/08/events/event"},"EventData":{"Hashes":"SHA1=A84E811A300B87105D559D22FCBB4839E314A74F,MD5=798A39673772739535927A6F1BA1D272,SHA256=84F74084ADECFECEF18B7CC2FD10D75C38BEAF493C0D16443852EB70B81ACD50,IMPHASH=C512297F947E6DA664165101F270A1F8","ImageLoaded":"C:\\Windows\\System32\\drivers\\mpsdrv.sys","RuleName":"","Signature":"Microsoft Windows","SignatureStatus":"Valid","Signed":"true","UtcTime":"2019-09-10 09:36:59.762"},"System":{"Channel":"Microsoft-Windows-Sysmon/Operational","Computer":"DESKTOP-CF2FLGA","Correlation":null,"EventID":6,"EventRecordID":14186,"Execution":{"#attributes":{"ProcessID":1912,"ThreadID":2596}},"Keywords":"0x8000000000000000","Level":4,"Opcode":0,"Provider":{"#attributes":{"Guid":"5770385F-C22A-43E0-BF4C-06F5698FFBD9","Name":"Microsoft-Windows-Sysmon"}},"Security":{"#attributes":{"UserID":"S-1-5-18"}},"Task":6,"TimeCreated":{"#attributes":{"SystemTime":"2019-09-10T09:37:05.031947Z"}},"Version":3}}}
{"Event":{"#attributes":{"xmlns":"http://schemas.microsoft.com/win/2004/08/events/event"},"EventData":{"Hashes":"SHA1=F7FBB3F333EC49F69541B96B8EB1ECA86EFCADD6,MD5=FBEA6F67616A51A508ED1D4A82D7594B,SHA256=1AFEE25D100345E7A07B8D931DA69E4F16F39D18D9DD5E1184854B902C274AAF,IMPHASH=5643F6D8C1630D8CAF97D897BEF00E25","ImageLoaded":"C:\\Windows\\System32\\drivers\\srvnet.sys","RuleName":"","Signature":"Microsoft Windows","SignatureStatus":"Valid","Signed":"true","UtcTime":"2019-09-10 09:37:00.121"},"System":{"Channel":"Microsoft-Windows-Sysmon/Operational","Computer":"DESKTOP-CF2FLGA","Correlation":null,"EventID":6,"EventRecordID":14187,"Execution":{"#attributes":{"ProcessID":1912,"ThreadID":2596}},"Keywords":"0x8000000000000000","Level":4,"Opcode":0,"Provider":{"#attributes":{"Guid":"5770385F-C22A-43E0-BF4C-06F5698FFBD9","Name":"Microsoft-Windows-Sysmon"}},"Security":{"#attributes":{"UserID":"S-1-5-18"}},"Task":6,"TimeCreated":{"#attributes":{"SystemTime":"2019-09-10T09:37:05.039827Z"}},"Version":3}}}
{"Event":{"#attributes":{"xmlns":"http://schemas.microsoft.com/win/2004/08/events/event"},"EventData":{"Hashes":"SHA1=61300079E4C7893AE1C2674F85B19338AF9945FF,MD5=4A31D5BE69AE15A34B0DB773C2141613,SHA256=1AEEE5FF4352B2E933C541087703E73E14BC73924D394C53D796BA607A62B79E,IMPHASH=E48F7F9C42C1A86150C9F39406D22945","ImageLoaded":"C:\\Windows\\System32\\drivers\\srv2.sys","RuleName":"","Signature":"Microsoft Windows","SignatureStatus":"Valid","Signed":"true","UtcTime":"2019-09-10 09:37:00.137"},"System":{"Channel":"Microsoft-Windows-Sysmon/Operational","Computer":"DESKTOP-CF2FLGA","Correlation":null,"EventID":6,"EventRecordID":14188,"Execution":{"#attributes":{"ProcessID":1912,"ThreadID":2596}},"Keywords":"0x8000000000000000","Level":4,"Opcode":0,"Provider":{"#attributes":{"Guid":"5770385F-C22A-43E0-BF4C-06F5698FFBD9","Name":"Microsoft-Windows-Sysmon"}},"Security":{"#attributes":{"UserID":"S-1-5-18"}},"Task":6,"TimeCreated":{"#attributes":{"SystemTime":"2019-09-10T09:37:05.059365Z"}},"Version":3}}}
{"Event":{"#attributes":{"xmlns":"http://schemas.microsoft.com/win/2004/08/events/event"},"EventData":{"Hashes":"SHA1=D86AD3CF83E15F578F6078D8873ABF108856BE63,MD5=D2377D0CCC9396F37FACCF4AA9E0220A,SHA256=A73006708DDE56385A417F6064BFAC16D98FBDC1CB1B524A4B5EB4A96E67A1EE,IMPHASH=2D33BCBA40C41104D31932F3D0E6DDE6","ImageLoaded":"C:\\Windows\\System32\\drivers\\parport.sys","RuleName":"","Signature":"Microsoft Windows","SignatureStatus":"Valid","Signed":"true","UtcTime":"2019-09-10 09:37:00.168"},"System":{"Channel":"Microsoft-Windows-Sysmon/Operational","Computer":"DESKTOP-CF2FLGA","Correlation":null,"EventID":6,"EventRecordID":14189,"Execution":{"#attributes":{"ProcessID":1912,"ThreadID":2596}},"Keywords":"0x8000000000000000","Level":4,"Opcode":0,"Provider":{"#attributes":{"Guid":"5770385F-C22A-43E0-BF4C-06F5698FFBD9","Name":"Microsoft-Windows-Sysmon"}},"Security":{"#attributes":{"UserID":"S-1-5-18"}},"Task":6,"TimeCreated":{"#attributes":{"SystemTime":"2019-09-10T09:37:05.065767Z"}},"Version":3}}}
{"Event":{"#attributes":{"xmlns":"http://schemas.microsoft.com/win/2004/08/events/event"},"EventData":{"Hashes":"SHA1=C4A357E6AE4C7C6144B8A43C039874BA6E4B4521,MD5=9AC05CFCF13642C090876FBB25A34EB1,SHA256=51040E965D42D11E31D299272014DBA353252D98594477C10820E339D44E8402,IMPHASH=C89706A272347861466CAA49AA5B54E7","ImageLoaded":"C:\\Windows\\System32\\drivers\\vmmemctl.sys","RuleName":"","Signature":"VMware, Inc.","SignatureStatus":"Valid","Signed":"true","UtcTime":"2019-09-10 09:37:00.168"},"System":{"Channel":"Microsoft-Windows-Sysmon/Operational","Computer":"DESKTOP-CF2FLGA","Correlation":null,"EventID":6,"EventRecordID":14190,"Execution":{"#attributes":{"ProcessID":1912,"ThreadID":2596}},"Keywords":"0x8000000000000000","Level":4,"Opcode":0,"Provider":{"#attributes":{"Guid":"5770385F-C22A-43E0-BF4C-06F5698FFBD9","Name":"Microsoft-Windows-Sysmon"}},"Security":{"#attributes":{"UserID":"S-1-5-18"}},"Task":6,"TimeCreated":{"#attributes":{"SystemTime":"2019-09-10T09:37:05.072316Z"}},"Version":3}}}
{"Event":{"#attributes":{"xmlns":"http://schemas.microsoft.com/win/2004/08/events/event"},"EventData":{"Hashes":"SHA1=4348AF8341920B40248CD2B50150D0FDC1A9F4EB,MD5=F2DE758271DF527AFF43F015441F295E,SHA256=6C0652BEF1356CAF5F674610439A3A65195F035AA3F1D10D1409E2FBB61C76C0,IMPHASH=FE15099F1CF027FFBBB70E3EB994534C","ImageLoaded":"C:\\Windows\\System32\\drivers\\mmcss.sys","RuleName":"","Signature":"Microsoft Windows","SignatureStatus":"Valid","Signed":"true","UtcTime":"2019-09-10 09:37:00.184"},"System":{"Channel":"Microsoft-Windows-Sysmon/Operational","Computer":"DESKTOP-CF2FLGA","Correlation":null,"EventID":6,"EventRecordID":14191,"Execution":{"#attributes":{"ProcessID":1912,"ThreadID":2596}},"Keywords":"0x8000000000000000","Level":4,"Opcode":0,"Provider":{"#attributes":{"Guid":"5770385F-C22A-43E0-BF4C-06F5698FFBD9","Name":"Microsoft-Windows-Sysmon"}},"Security":{"#attributes":{"UserID":"S-1-5-18"}},"Task":6,"TimeCreated":{"#attributes":{"SystemTime":"2019-09-10T09:37:05.078083Z"}},"Version":3}}}
{"Event":{"#attributes":{"xmlns":"http://schemas.microsoft.com/win/2004/08/events/event"},"EventData":{"Hashes":"SHA1=B5A63AEC26D3D5C12E1B9E43ACAF2C970F348C0B,MD5=389FA116A6E2C19E5EF8F3A76DE563D1,SHA256=5B9E936E39ABB564733FFDE6F95FECB2C5EA1D9EAA2294007139DB02C1611206,IMPHASH=B54459101A8B8FD4283BFA7D96EE74A5","ImageLoaded":"C:\\Windows\\System32\\drivers\\srv.sys","RuleName":"","Signature":"Microsoft Windows","SignatureStatus":"Valid","Signed":"true","UtcTime":"2019-09-10 09:37:00.193"},"System":{"Channel":"Microsoft-Windows-Sysmon/Operational","Computer":"DESKTOP-CF2FLGA","Correlation":null,"EventID":6,"EventRecordID":14192,"Execution":{"#attributes":{"ProcessID":1912,"ThreadID":2596}},"Keywords":"0x8000000000000000","Level":4,"Opcode":0,"Provider":{"#attributes":{"Guid":"5770385F-C22A-43E0-BF4C-06F5698FFBD9","Name":"Microsoft-Windows-Sysmon"}},"Security":{"#attributes":{"UserID":"S-1-5-18"}},"Task":6,"TimeCreated":{"#attributes":{"SystemTime":"2019-09-10T09:37:05.088388Z"}},"Version":3}}}
{"Event":{"#attributes":{"xmlns":"http://schemas.microsoft.com/win/2004/08/events/event"},"EventData":{"Hashes":"SHA1=CF9C80580AB6CFB0B4B1B1D34CB733156C32D238,MD5=080A2FB8020FA952FA44085F1D920C80,SHA256=4020E29EC130FBEF6D8DF3EA1A30342312B79D28A26D7976EC6DEAA9CB62D4C2,IMPHASH=E75D9C58E7C6EB68AA6053C77DE18C97","ImageLoaded":"C:\\Windows\\System32\\drivers\\Ndu.sys","RuleName":"","Signature":"Microsoft Windows","SignatureStatus":"Valid","Signed":"true","UtcTime":"2019-09-10 09:37:00.193"},"System":{"Channel":"Microsoft-Windows-Sysmon/Operational","Computer":"DESKTOP-CF2FLGA","Correlation":null,"EventID":6,"EventRecordID":14193,"Execution":{"#attributes":{"ProcessID":1912,"ThreadID":2596}},"Keywords":"0x8000000000000000","Level":4,"Opcode":0,"Provider":{"#attributes":{"Guid":"5770385F-C22A-43E0-BF4C-06F5698FFBD9","Name":"Microsoft-Windows-Sysmon"}},"Security":{"#attributes":{"UserID":"S-1-5-18"}},"Task":6,"TimeCreated":{"#attributes":{"SystemTime":"2019-09-10T09:37:05.101510Z"}},"Version":3}}}
{"Event":{"#attributes":{"xmlns":"http://schemas.microsoft.com/win/2004/08/events/event"},"EventData":{"Hashes":"SHA1=812A050AC46A3182B1EEFA1A7EE5EDF8B394B047,MD5=01E23FC4207090A59A42193B74D83F5A,SHA256=3EB2603AEC8180BCBDB488CD3A11E6C0542DE902CD333D97C3086AE39078C582,IMPHASH=B59B4F57627CB1B71C100B8F724607A6","ImageLoaded":"C:\\Windows\\System32\\drivers\\PEAuth.sys","RuleName":"","Signature":"Microsoft Windows","SignatureStatus":"Valid","Signed":"true","UtcTime":"2019-09-10 09:37:00.912"},"System":{"Channel":"Microsoft-Windows-Sysmon/Operational","Computer":"DESKTOP-CF2FLGA","Correlation":null,"EventID":6,"EventRecordID":14194,"Execution":{"#attributes":{"ProcessID":1912,"ThreadID":2596}},"Keywords":"0x8000000000000000","Level":4,"Opcode":0,"Provider":{"#attributes":{"Guid":"5770385F-C22A-43E0-BF4C-06F5698FFBD9","Name":"Microsoft-Windows-Sysmon"}},"Security":{"#attributes":{"UserID":"S-1-5-18"}},"Task":6,"TimeCreated":{"#attributes":{"SystemTime":"2019-09-10T09:37:05.119606Z"}},"Version":3}}}
{"Event":{"#attributes":{"xmlns":"http://schemas.microsoft.com/win/2004/08/events/event"},"EventData":{"Hashes":"SHA1=7AA42261EB9F58815456E4CC5CE0A4E1EB84871D,MD5=479CF6845501535F459BD18328659B8D,SHA256=91DD63E5A0C7C9E70E1D19495B2C44C020C8546A8277EF187A9DA2CC6DE19CFC,IMPHASH=95A150E655782DB96AF4A165AF407364","ImageLoaded":"C:\\Windows\\System32\\drivers\\mrxsmb10.sys","RuleName":"","Signature":"Microsoft Windows","SignatureStatus":"Valid","Signed":"true","UtcTime":"2019-09-10 09:37:00.928"},"System":{"Channel":"Microsoft-Windows-Sysmon/Operational","Computer":"DESKTOP-CF2FLGA","Correlation":null,"EventID":6,"EventRecordID":14195,"Execution":{"#attributes":{"ProcessID":1912,"ThreadID":2596}},"Keywords":"0x8000000000000000","Level":4,"Opcode":0,"Provider":{"#attributes":{"Guid":"5770385F-C22A-43E0-BF4C-06F5698FFBD9","Name":"Microsoft-Windows-Sysmon"}},"Security":{"#attributes":{"UserID":"S-1-5-18"}},"Task":6,"TimeCreated":{"#attributes":{"SystemTime":"2019-09-10T09:37:05.127095Z"}},"Version":3}}}
{"Event":{"#attributes":{"xmlns":"http://schemas.microsoft.com/win/2004/08/events/event"},"EventData":{"Hashes":"SHA1=B3D5BA41D80DFE38BF2A5FBCB3B98BDB456327CD,MD5=1511984A27D9A11297E975D836782EF5,SHA256=7E0DA4A38D0D231F61298589ADC66A3BB1C10ABCB1DA813644F1C184EA619A59,IMPHASH=6BD44C8D6CA85C36CAC490610DB875A4","ImageLoaded":"C:\\Windows\\System32\\drivers\\tcpipreg.sys","RuleName":"","Signature":"Microsoft Windows","SignatureStatus":"Valid","Signed":"true","UtcTime":"2019-09-10 09:37:01.053"},"System":{"Channel":"Microsoft-Windows-Sysmon/Operational","Computer":"DESKTOP-CF2FLGA","Correlation":null,"EventID":6,"EventRecordID":14196,"Execution":{"#attributes":{"ProcessID":1912,"ThreadID":2596}},"Keywords":"0x8000000000000000","Level":4,"Opcode":0,"Provider":{"#attributes":{"Guid":"5770385F-C22A-43E0-BF4C-06F5698FFBD9","Name":"Microsoft-Windows-Sysmon"}},"Security":{"#attributes":{"UserID":"S-1-5-18"}},"Task":6,"TimeCreated":{"#attributes":{"SystemTime":"2019-09-10T09:37:05.137214Z"}},"Version":3}}}
{"Event":{"#attributes":{"xmlns":"http://schemas.microsoft.com/win/2004/08/events/event"},"EventData":{"Hashes":"SHA1=F1809636B1793626397D9ED4ED94180EC3D3F94F,MD5=AA7ABFE1A82DB18108AE6730DB330CE1,SHA256=8E11D416E5185F2CA6F4EF123C6814008C36472081BC72ED7664AF94499C5D27,IMPHASH=9A57634A6335129C6A357160A8A6A50E","ImageLoaded":"C:\\Windows\\System32\\drivers\\WdNisDrv.sys","RuleName":"","Signature":"Microsoft Windows","SignatureStatus":"Valid","Signed":"true","UtcTime":"2019-09-10 09:37:01.068"},"System":{"Channel":"Microsoft-Windows-Sysmon/Operational","Computer":"DESKTOP-CF2FLGA","Correlation":null,"EventID":6,"EventRecordID":14197,"Execution":{"#attributes":{"ProcessID":1912,"ThreadID":2596}},"Keywords":"0x8000000000000000","Level":4,"Opcode":0,"Provider":{"#attributes":{"Guid":"5770385F-C22A-43E0-BF4C-06F5698FFBD9","Name":"Microsoft-Windows-Sysmon"}},"Security":{"#attributes":{"UserID":"S-1-5-18"}},"Task":6,"TimeCreated":{"#attributes":{"SystemTime":"2019-09-10T09:37:05.141905Z"}},"Version":3}}}
{"Event":{"#attributes":{"xmlns":"http://schemas.microsoft.com/win/2004/08/events/event"},"EventData":{"Hashes":"SHA1=7EE5BFFEA9B43EFED85E3BDE586D9A20F3445B53,MD5=FA952D35BB717A0BF7C03036817D8F10,SHA256=983F07BBB04C82E68C9F3CBF3DA8651D478D0DB5183F92A6079BD17ADED28C19,IMPHASH=9AD82117A6B59DC6DF80B15002F707A5","ImageLoaded":"C:\\Windows\\System32\\drivers\\condrv.sys","RuleName":"","Signature":"Microsoft Windows","SignatureStatus":"Valid","Signed":"true","UtcTime":"2019-09-10 09:37:01.319"},"System":{"Channel":"Microsoft-Windows-Sysmon/Operational","Computer":"DESKTOP-CF2FLGA","Correlation":null,"EventID":6,"EventRecordID":14198,"Execution":{"#attributes":{"ProcessID":1912,"ThreadID":2596}},"Keywords":"0x8000000000000000","Level":4,"Opcode":0,"Provider":{"#attributes":{"Guid":"5770385F-C22A-43E0-BF4C-06F5698FFBD9","Name":"Microsoft-Windows-Sysmon"}},"Security":{"#attributes":{"UserID":"S-1-5-18"}},"Task":6,"TimeCreated":{"#attributes":{"SystemTime":"2019-09-10T09:37:05.149107Z"}},"Version":3}}}
{"Event":{"#attributes":{"xmlns":"http://schemas.microsoft.com/win/2004/08/events/event"},"EventData":{"Hashes":"SHA1=63D80E720E56FCF35BBDC5939C9FCABD9BC49A75,MD5=4D174DA734DC33791BDC34E895F1AFF0,SHA256=06E194DAFCBA6E37040ACE4972A74CB724E17848476523C4003C92BB42B02056,IMPHASH=922BD71063FAEDE06DBDC67A1520B325","ImageLoaded":"C:\\Windows\\System32\\drivers\\vmhgfs.sys","RuleName":"","Signature":"VMware, Inc.","SignatureStatus":"Valid","Signed":"true","UtcTime":"2019-09-10 09:37:01.850"},"System":{"Channel":"Microsoft-Windows-Sysmon/Operational","Computer":"DESKTOP-CF2FLGA","Correlation":null,"EventID":6,"EventRecordID":14199,"Execution":{"#attributes":{"ProcessID":1912,"ThreadID":2596}},"Keywords":"0x8000000000000000","Level":4,"Opcode":0,"Provider":{"#attributes":{"Guid":"5770385F-C22A-43E0-BF4C-06F5698FFBD9","Name":"Microsoft-Windows-Sysmon"}},"Security":{"#attributes":{"UserID":"S-1-5-18"}},"Task":6,"TimeCreated":{"#attributes":{"SystemTime":"2019-09-10T09:37:05.154529Z"}},"Version":3}}}
{"Event":{"#attributes":{"xmlns":"http://schemas.microsoft.com/win/2004/08/events/event"},"EventData":{"Hashes":"SHA1=87DD045D5D24AA3FEE92CFE6CE8B60A6CC0A6567,MD5=F03C53C0057FECF9286A26DCFD6599C1,SHA256=197B474422AF9CA26C3D581EA7E34AA99B79EDA90D175C808A87162BF6A4B9B8,IMPHASH=4BF8140AA7940DA4A7A4EBA78C6D9D4F","ImageLoaded":"C:\\Windows\\System32\\drivers\\tunnel.sys","RuleName":"","Signature":"Microsoft Windows","SignatureStatus":"Valid","Signed":"true","UtcTime":"2019-09-10 09:37:02.006"},"System":{"Channel":"Microsoft-Windows-Sysmon/Operational","Computer":"DESKTOP-CF2FLGA","Correlation":null,"EventID":6,"EventRecordID":14200,"Execution":{"#attributes":{"ProcessID":1912,"ThreadID":2596}},"Keywords":"0x8000000000000000","Level":4,"Opcode":0,"Provider":{"#attributes":{"Guid":"5770385F-C22A-43E0-BF4C-06F5698FFBD9","Name":"Microsoft-Windows-Sysmon"}},"Security":{"#attributes":{"UserID":"S-1-5-18"}},"Task":6,"TimeCreated":{"#attributes":{"SystemTime":"2019-09-10T09:37:05.164204Z"}},"Version":3}}}
{"Event":{"#attributes":{"xmlns":"http://schemas.microsoft.com/win/2004/08/events/event"},"EventData":{"CommandLine":"\"C:\\Program Files\\Windows Defender\\NisSrv.exe\"","Company":"Microsoft Corporation","CurrentDirectory":"C:\\Windows\\system32\\","Description":"Microsoft Network Realtime Inspection Service","FileVersion":"4.8.10240.16384 (th1.150709-1700)","Hashes":"SHA1=92FF7881838BCA9D687D4D50D42B58F36BBA8739,MD5=9CC5014F1CF23AD232B93898B2CE6D86,SHA256=E74FC2B21758A40BB2CC22CDDB1E6B60C149E602F2688848BFB084A1F4D23CAD,IMPHASH=AE86AEB91F8026D322DF26BAC55D5A69","Image":"C:\\Program Files\\Windows Defender\\NisSrv.exe","IntegrityLevel":"System","LogonGuid":"21207A7E-6EBB-5D77-0000-0020E5030000","LogonId":"0x3e5","OriginalFileName":"NisSrv.exe","ParentCommandLine":"C:\\Windows\\system32\\services.exe","ParentImage":"C:\\Windows\\System32\\services.exe","ParentProcessGuid":"21207A7E-6EBA-5D77-0000-0010C6960000","ParentProcessId":740,"ProcessGuid":"21207A7E-6EC1-5D77-0000-001056200300","ProcessId":2808,"Product":"Microsoft® Windows® Operating System","RuleName":"","TerminalSessionId":0,"User":"NT AUTHORITY\\LOCAL SERVICE","UtcTime":"2019-09-10 09:37:05.193"},"System":{"Channel":"Microsoft-Windows-Sysmon/Operational","Computer":"DESKTOP-CF2FLGA","Correlation":null,"EventID":1,"EventRecordID":14201,"Execution":{"#attributes":{"ProcessID":1912,"ThreadID":2592}},"Keywords":"0x8000000000000000","Level":4,"Opcode":0,"Provider":{"#attributes":{"Guid":"5770385F-C22A-43E0-BF4C-06F5698FFBD9","Name":"Microsoft-Windows-Sysmon"}},"Security":{"#attributes":{"UserID":"S-1-5-18"}},"Task":1,"TimeCreated":{"#attributes":{"SystemTime":"2019-09-10T09:37:05.206273Z"}},"Version":5}}}
{"Event":{"#attributes":{"xmlns":"http://schemas.microsoft.com/win/2004/08/events/event"},"EventData":{"CommandLine":"C:\\Windows\\system32\\vssvc.exe","Company":"Microsoft Corporation","CurrentDirectory":"C:\\Windows\\system32\\","Description":"Microsoft® Volume Shadow Copy Service","FileVersion":"10.0.10240.16384 (th1.150709-1700)","Hashes":"SHA1=5082F642EDD38FA522D730B49C7FCC356F97C034,MD5=0EC04C8B3F905A1F9516D2122CFBD077,SHA256=DBC213AC63E5B38FF8A1BD9BF0FBCE9C9C0939FC47A4313312123512408DAB5B,IMPHASH=0BB7F33B964C2D90E972E0FD247F5944","Image":"C:\\Windows\\System32\\VSSVC.exe","IntegrityLevel":"System","LogonGuid":"21207A7E-6EBA-5D77-0000-0020E7030000","LogonId":"0x3e7","OriginalFileName":"VSSVC.EXE","ParentCommandLine":"C:\\Windows\\system32\\services.exe","ParentImage":"C:\\Windows\\System32\\services.exe","ParentProcessGuid":"21207A7E-6EBA-5D77-0000-0010C6960000","ParentProcessId":740,"ProcessGuid":"21207A7E-6EC2-5D77-0000-001032420300","ProcessId":2968,"Product":"Microsoft® Windows® Operating System","RuleName":"","TerminalSessionId":0,"User":"NT AUTHORITY\\SYSTEM","UtcTime":"2019-09-10 09:37:06.270"},"System":{"Channel":"Microsoft-Windows-Sysmon/Operational","Computer":"DESKTOP-CF2FLGA","Correlation":null,"EventID":1,"EventRecordID":14202,"Execution":{"#attributes":{"ProcessID":1912,"ThreadID":2592}},"Keywords":"0x8000000000000000","Level":4,"Opcode":0,"Provider":{"#attributes":{"Guid":"5770385F-C22A-43E0-BF4C-06F5698FFBD9","Name":"Microsoft-Windows-Sysmon"}},"Security":{"#attributes":{"UserID":"S-1-5-18"}},"Task":1,"TimeCreated":{"#attributes":{"SystemTime":"2019-09-10T09:37:06.283405Z"}},"Version":5}}}
{"Event":{"#attributes":{"xmlns":"http://schemas.microsoft.com/win/2004/08/events/event"},"EventData":{"CommandLine":"C:\\Windows\\system32\\svchost.exe -k wsappx","Company":"Microsoft Corporation","CurrentDirectory":"C:\\Windows\\system32\\","Description":"Host Process for Windows Services","FileVersion":"10.0.10240.16384 (th1.150709-1700)","Hashes":"SHA1=BCAE71BA4068BE87F9D5739AFEC8F7081D00A97E,MD5=A412DEDAC6A1FF7BA06FEB3B6725495E,SHA256=B4853F76DFE066A5B2AEB3166BAC4D6FF1548E9119205F65AC6CAB6D165F9850,IMPHASH=E7C7977A9A81DE6269643983B71B739C","Image":"C:\\Windows\\System32\\svchost.exe","IntegrityLevel":"System","LogonGuid":"21207A7E-6EBA-5D77-0000-0020E7030000","LogonId":"0x3e7","OriginalFileName":"svchost.exe","ParentCommandLine":"C:\\Windows\\system32\\services.exe","ParentImage":"C:\\Windows\\System32\\services.exe","ParentProcessGuid":"21207A7E-6EBA-5D77-0000-0010C6960000","ParentProcessId":740,"ProcessGuid":"21207A7E-6EC6-5D77-0000-001077F60600","ProcessId":3092,"Product":"Microsoft® Windows® Operating System","RuleName":"","TerminalSessionId":0,"User":"NT AUTHORITY\\SYSTEM","UtcTime":"2019-09-10 09:37:10.964"},"System":{"Channel":"Microsoft-Windows-Sysmon/Operational","Computer":"DESKTOP-CF2FLGA","Correlation":null,"EventID":1,"EventRecordID":14203,"Execution":{"#attributes":{"ProcessID":1912,"ThreadID":2592}},"Keywords":"0x8000000000000000","Level":4,"Opcode":0,"Provider":{"#attributes":{"Guid":"5770385F-C22A-43E0-BF4C-06F5698FFBD9","Name":"Microsoft-Windows-Sysmon"}},"Security":{"#attributes":{"UserID":"S-1-5-18"}},"Task":1,"TimeCreated":{"#attributes":{"SystemTime":"2019-09-10T09:37:10.965861Z"}},"Version":5}}}
{"Event":{"#attributes":{"xmlns":"http://schemas.microsoft.com/win/2004/08/events/event"},"EventData":{"Image":"C:\\Program Files\\Windows Defender\\MpCmdRun.exe","ProcessGuid":"21207A7E-6EC0-5D77-0000-0010B50D0300","ProcessId":2700,"RuleName":"","UtcTime":"2019-09-10 09:37:11.506"},"System":{"Channel":"Microsoft-Windows-Sysmon/Operational","Computer":"DESKTOP-CF2FLGA","Correlation":null,"EventID":5,"EventRecordID":14204,"Execution":{"#attributes":{"ProcessID":1912,"ThreadID":2592}},"Keywords":"0x8000000000000000","Level":4,"Opcode":0,"Provider":{"#attributes":{"Guid":"5770385F-C22A-43E0-BF4C-06F5698FFBD9","Name":"Microsoft-Windows-Sysmon"}},"Security":{"#attributes":{"UserID":"S-1-5-18"}},"Task":5,"TimeCreated":{"#attributes":{"SystemTime":"2019-09-10T09:37:11.517789Z"}},"Version":3}}}
{"Event":{"#attributes":{"xmlns":"http://schemas.microsoft.com/win/2004/08/events/event"},"EventData":{"Image":"C:\\Windows\\System32\\conhost.exe","ProcessGuid":"21207A7E-6EC1-5D77-0000-0010380F0300","ProcessId":2708,"RuleName":"","UtcTime":"2019-09-10 09:37:11.506"},"System":{"Channel":"Microsoft-Windows-Sysmon/Operational","Computer":"DESKTOP-CF2FLGA","Correlation":null,"EventID":5,"EventRecordID":14205,"Execution":{"#attributes":{"ProcessID":1912,"ThreadID":2592}},"Keywords":"0x8000000000000000","Level":4,"Opcode":0,"Provider":{"#attributes":{"Guid":"5770385F-C22A-43E0-BF4C-06F5698FFBD9","Name":"Microsoft-Windows-Sysmon"}},"Security":{"#attributes":{"UserID":"S-1-5-18"}},"Task":5,"TimeCreated":{"#attributes":{"SystemTime":"2019-09-10T09:37:11.519532Z"}},"Version":3}}}
{"Event":{"#attributes":{"xmlns":"http://schemas.microsoft.com/win/2004/08/events/event"},"EventData":{"Image":"C:\\Program Files\\Windows Defender\\MpCmdRun.exe","ProcessGuid":"21207A7E-6EC0-5D77-0000-0010AF010300","ProcessId":2664,"RuleName":"","UtcTime":"2019-09-10 09:37:11.522"},"System":{"Channel":"Microsoft-Windows-Sysmon/Operational","Computer":"DESKTOP-CF2FLGA","Correlation":null,"EventID":5,"EventRecordID":14206,"Execution":{"#attributes":{"ProcessID":1912,"ThreadID":2592}},"Keywords":"0x8000000000000000","Level":4,"Opcode":0,"Provider":{"#attributes":{"Guid":"5770385F-C22A-43E0-BF4C-06F5698FFBD9","Name":"Microsoft-Windows-Sysmon"}},"Security":{"#attributes":{"UserID":"S-1-5-18"}},"Task":5,"TimeCreated":{"#attributes":{"SystemTime":"2019-09-10T09:37:11.529438Z"}},"Version":3}}}
{"Event":{"#attributes":{"xmlns":"http://schemas.microsoft.com/win/2004/08/events/event"},"EventData":{"CommandLine":"C:\\Windows\\system32\\sppsvc.exe","Company":"Microsoft Corporation","CurrentDirectory":"C:\\Windows","Description":"Microsoft Software Protection Platform Service","FileVersion":"10.0.10240.16384 (th1.150709-1700)","Hashes":"SHA1=E2753CF115C7F2E2C6C22BEFF7F937A29510DC56,MD5=95B9AC2F41DFA40CC56AA51F77148932,SHA256=1F71E689CDDECD619FF1CA406F30504BB2B46B045D395FF12075FA65976EE2FD,IMPHASH=11B57C7A9FF623C0F5F8EC485BFF21CB","Image":"C:\\Windows\\System32\\sppsvc.exe","IntegrityLevel":"System","LogonGuid":"21207A7E-6EBA-5D77-0000-0020E4030000","LogonId":"0x3e4","OriginalFileName":"sppsvc.exe","ParentCommandLine":"C:\\Windows\\system32\\services.exe","ParentImage":"C:\\Windows\\System32\\services.exe","ParentProcessGuid":"21207A7E-6EBA-5D77-0000-0010C6960000","ParentProcessId":740,"ProcessGuid":"21207A7E-6EC7-5D77-0000-001071410700","ProcessId":3160,"Product":"Microsoft® Windows® Operating System","RuleName":"","TerminalSessionId":0,"User":"NT AUTHORITY\\NETWORK SERVICE","UtcTime":"2019-09-10 09:37:11.720"},"System":{"Channel":"Microsoft-Windows-Sysmon/Operational","Computer":"DESKTOP-CF2FLGA","Correlation":null,"EventID":1,"EventRecordID":14207,"Execution":{"#attributes":{"ProcessID":1912,"ThreadID":2592}},"Keywords":"0x8000000000000000","Level":4,"Opcode":0,"Provider":{"#attributes":{"Guid":"5770385F-C22A-43E0-BF4C-06F5698FFBD9","Name":"Microsoft-Windows-Sysmon"}},"Security":{"#attributes":{"UserID":"S-1-5-18"}},"Task":1,"TimeCreated":{"#attributes":{"SystemTime":"2019-09-10T09:37:11.785298Z"}},"Version":5}}}
{"Event":{"#attributes":{"xmlns":"http://schemas.microsoft.com/win/2004/08/events/event"},"EventData":{"CommandLine":"C:\\Windows\\system32\\SppExtComObj.exe -Embedding","Company":"Microsoft Corporation","CurrentDirectory":"C:\\Windows\\system32\\","Description":"KMS Connection Broker","FileVersion":"10.0.10240.16384 (th1.150709-1700)","Hashes":"SHA1=E09C20B3C10AC828F687B146C0E0F329504023A7,MD5=386627EA8E27AB91B9DD684E4D140C55,SHA256=4FDAEBEC6DCDCE405831671A0642E71BD3382C4452996A50C1DCABD60EB3CC41,IMPHASH=30703062AE3DB4D8E19C67353079248E","Image":"C:\\Windows\\System32\\SppExtComObj.Exe","IntegrityLevel":"System","LogonGuid":"21207A7E-6EBA-5D77-0000-0020E4030000","LogonId":"0x3e4","OriginalFileName":"SppExtComObj.exe","ParentCommandLine":"C:\\Windows\\system32\\svchost.exe -k DcomLaunch","ParentImage":"C:\\Windows\\System32\\svchost.exe","ParentProcessGuid":"21207A7E-6EBA-5D77-0000-001087AB0000","ParentProcessId":812,"ProcessGuid":"21207A7E-6EC8-5D77-0000-00101B490700","ProcessId":3204,"Product":"Microsoft® Windows® Operating System","RuleName":"","TerminalSessionId":0,"User":"NT AUTHORITY\\NETWORK SERVICE","UtcTime":"2019-09-10 09:37:12.098"},"System":{"Channel":"Microsoft-Windows-Sysmon/Operational","Computer":"DESKTOP-CF2FLGA","Correlation":null,"EventID":1,"EventRecordID":14208,"Execution":{"#attributes":{"ProcessID":1912,"ThreadID":2592}},"Keywords":"0x8000000000000000","Level":4,"Opcode":0,"Provider":{"#attributes":{"Guid":"5770385F-C22A-43E0-BF4C-06F5698FFBD9","Name":"Microsoft-Windows-Sysmon"}},"Security":{"#attributes":{"UserID":"S-1-5-18"}},"Task":1,"TimeCreated":{"#attributes":{"SystemTime":"2019-09-10T09:37:12.106396Z"}},"Version":5}}}
{"Event":{"#attributes":{"xmlns":"http://schemas.microsoft.com/win/2004/08/events/event"},"EventData":{"CommandLine":"\"C:\\Windows\\System32\\SLUI.exe\" RuleId=31e71c49-8da7-4a2f-ad92-45d98a1c79ba;Action=AutoActivate;AppId=55c92734-d682-4d71-983e-d6ec3f16059f;SkuId=4de7cb65-cdf1-4de9-8ae8-e3cce27b9f2c;NotificationInterval=1440;Trigger=NetworkAvailable","Company":"Microsoft Corporation","CurrentDirectory":"C:\\Windows\\system32\\","Description":"Windows Activation Client","FileVersion":"10.0.10240.16384 (th1.150709-1700)","Hashes":"SHA1=464FEA5CD6EE25C5D2CB17560C89252C10190D72,MD5=E28D41C76F1AF19EF677917E275A743B,SHA256=75943C28007AC3653519AC836BACA38632E31F99576E5432DF274B82D65435E3,IMPHASH=64671D84E8B342C40ACA05B407774576","Image":"C:\\Windows\\System32\\slui.exe","IntegrityLevel":"System","LogonGuid":"21207A7E-6EBA-5D77-0000-0020E4030000","LogonId":"0x3e4","OriginalFileName":"slui.exe","ParentCommandLine":"C:\\Windows\\system32\\SppExtComObj.exe -Embedding","ParentImage":"C:\\Windows\\System32\\SppExtComObj.Exe","ParentProcessGuid":"21207A7E-6EC8-5D77-0000-00101B490700","ParentProcessId":3204,"ProcessGuid":"21207A7E-6EC8-5D77-0000-0010DA4A0700","ProcessId":3232,"Product":"Microsoft® Windows® Operating System","RuleName":"","TerminalSessionId":0,"User":"NT AUTHORITY\\NETWORK SERVICE","UtcTime":"2019-09-10 09:37:12.122"},"System":{"Channel":"Microsoft-Windows-Sysmon/Operational","Computer":"DESKTOP-CF2FLGA","Correlation":null,"EventID":1,"EventRecordID":14209,"Execution":{"#attributes":{"ProcessID":1912,"ThreadID":2592}},"Keywords":"0x8000000000000000","Level":4,"Opcode":0,"Provider":{"#attributes":{"Guid":"5770385F-C22A-43E0-BF4C-06F5698FFBD9","Name":"Microsoft-Windows-Sysmon"}},"Security":{"#attributes":{"UserID":"S-1-5-18"}},"Task":1,"TimeCreated":{"#attributes":{"SystemTime":"2019-09-10T09:37:12.130706Z"}},"Version":5}}}
{"Event":{"#attributes":{"xmlns":"http://schemas.microsoft.com/win/2004/08/events/event"},"EventData":{"Image":"C:\\Windows\\System32\\taskhostw.exe","ProcessGuid":"21207A7E-6EBD-5D77-0000-00107FF20100","ProcessId":628,"RuleName":"","UtcTime":"2019-09-10 09:37:12.146"},"System":{"Channel":"Microsoft-Windows-Sysmon/Operational","Computer":"DESKTOP-CF2FLGA","Correlation":null,"EventID":5,"EventRecordID":14210,"Execution":{"#attributes":{"ProcessID":1912,"ThreadID":2592}},"Keywords":"0x8000000000000000","Level":4,"Opcode":0,"Provider":{"#attributes":{"Guid":"5770385F-C22A-43E0-BF4C-06F5698FFBD9","Name":"Microsoft-Windows-Sysmon"}},"Security":{"#attributes":{"UserID":"S-1-5-18"}},"Task":5,"TimeCreated":{"#attributes":{"SystemTime":"2019-09-10T09:37:12.161543Z"}},"Version":3}}}
{"Event":{"#attributes":{"xmlns":"http://schemas.microsoft.com/win/2004/08/events/event"},"EventData":{"Image":"C:\\Windows\\System32\\taskhostw.exe","ProcessGuid":"21207A7E-6EBB-5D77-0000-0010865B0100","ProcessId":1372,"RuleName":"","UtcTime":"2019-09-10 09:37:12.491"},"System":{"Channel":"Microsoft-Windows-Sysmon/Operational","Computer":"DESKTOP-CF2FLGA","Correlation":null,"EventID":5,"EventRecordID":14211,"Execution":{"#attributes":{"ProcessID":1912,"ThreadID":2592}},"Keywords":"0x8000000000000000","Level":4,"Opcode":0,"Provider":{"#attributes":{"Guid":"5770385F-C22A-43E0-BF4C-06F5698FFBD9","Name":"Microsoft-Windows-Sysmon"}},"Security":{"#attributes":{"UserID":"S-1-5-18"}},"Task":5,"TimeCreated":{"#attributes":{"SystemTime":"2019-09-10T09:37:12.498971Z"}},"Version":3}}}
{"Event":{"#attributes":{"xmlns":"http://schemas.microsoft.com/win/2004/08/events/event"},"EventData":{"Image":"C:\\Windows\\System32\\slui.exe","ProcessGuid":"21207A7E-6EC8-5D77-0000-0010DA4A0700","ProcessId":3232,"RuleName":"","UtcTime":"2019-09-10 09:37:13.616"},"System":{"Channel":"Microsoft-Windows-Sysmon/Operational","Computer":"DESKTOP-CF2FLGA","Correlation":null,"EventID":5,"EventRecordID":14212,"Execution":{"#attributes":{"ProcessID":1912,"ThreadID":2592}},"Keywords":"0x8000000000000000","Level":4,"Opcode":0,"Provider":{"#attributes":{"Guid":"5770385F-C22A-43E0-BF4C-06F5698FFBD9","Name":"Microsoft-Windows-Sysmon"}},"Security":{"#attributes":{"UserID":"S-1-5-18"}},"Task":5,"TimeCreated":{"#attributes":{"SystemTime":"2019-09-10T09:37:13.617733Z"}},"Version":3}}}
{"Event":{"#attributes":{"xmlns":"http://schemas.microsoft.com/win/2004/08/events/event"},"EventData":{"CommandLine":"C:\\Windows\\system32\\DllHost.exe /Processid:{E10F6C3A-F1AE-4ADC-AA9D-2FE65525666E}","Company":"Microsoft Corporation","CurrentDirectory":"C:\\Windows\\system32\\","Description":"COM Surrogate","FileVersion":"10.0.10240.16384 (th1.150709-1700)","Hashes":"SHA1=B475217A1525063D7119E6AC288FB92638490373,MD5=21561B7B85B1C77F00ECA96BC30E9A20,SHA256=D17414E03A595A81D5925CADB099B71335ED54D836B1FDEE3BD0EE28B19EC3EA,IMPHASH=40D2E175C2888C8C61143B657C14F464","Image":"C:\\Windows\\System32\\dllhost.exe","IntegrityLevel":"System","LogonGuid":"21207A7E-6EBA-5D77-0000-0020E7030000","LogonId":"0x3e7","OriginalFileName":"dllhost.exe","ParentCommandLine":"C:\\Windows\\system32\\svchost.exe -k DcomLaunch","ParentImage":"C:\\Windows\\System32\\svchost.exe","ParentProcessGuid":"21207A7E-6EBA-5D77-0000-001087AB0000","ParentProcessId":812,"ProcessGuid":"21207A7E-6ECA-5D77-0000-00100C5E0700","ProcessId":3304,"Product":"Microsoft® Windows® Operating System","RuleName":"","TerminalSessionId":0,"User":"NT AUTHORITY\\SYSTEM","UtcTime":"2019-09-10 09:37:14.099"},"System":{"Channel":"Microsoft-Windows-Sysmon/Operational","Computer":"DESKTOP-CF2FLGA","Correlation":null,"EventID":1,"EventRecordID":14213,"Execution":{"#attributes":{"ProcessID":1912,"ThreadID":2592}},"Keywords":"0x8000000000000000","Level":4,"Opcode":0,"Provider":{"#attributes":{"Guid":"5770385F-C22A-43E0-BF4C-06F5698FFBD9","Name":"Microsoft-Windows-Sysmon"}},"Security":{"#attributes":{"UserID":"S-1-5-18"}},"Task":1,"TimeCreated":{"#attributes":{"SystemTime":"2019-09-10T09:37:14.100335Z"}},"Version":5}}}
{"Event":{"#attributes":{"xmlns":"http://schemas.microsoft.com/win/2004/08/events/event"},"EventData":{"NewThreadId":3348,"RuleName":"","SourceImage":"C:\\Windows\\System32\\winlogon.exe","SourceProcessGuid":"21207A7E-6EBA-5D77-0000-0010698C0000","SourceProcessId":676,"StartAddress":"0x93B8DC60","StartFunction":"","StartModule":"","TargetImage":"C:\\Windows\\System32\\csrss.exe","TargetProcessGuid":"21207A7E-6EBA-5D77-0000-0010C7890000","TargetProcessId":636,"UtcTime":"2019-09-10 09:37:14.131"},"System":{"Channel":"Microsoft-Windows-Sysmon/Operational","Computer":"DESKTOP-CF2FLGA","Correlation":null,"EventID":8,"EventRecordID":14214,"Execution":{"#attributes":{"ProcessID":1912,"ThreadID":2592}},"Keywords":"0x8000000000000000","Level":4,"Opcode":0,"Provider":{"#attributes":{"Guid":"5770385F-C22A-43E0-BF4C-06F5698FFBD9","Name":"Microsoft-Windows-Sysmon"}},"Security":{"#attributes":{"UserID":"S-1-5-18"}},"Task":8,"TimeCreated":{"#attributes":{"SystemTime":"2019-09-10T09:37:14.166309Z"}},"Version":2}}}
{"Event":{"#attributes":{"xmlns":"http://schemas.microsoft.com/win/2004/08/events/event"},"EventData":{"CommandLine":"sihost.exe","Company":"Microsoft Corporation","CurrentDirectory":"C:\\Windows\\system32\\","Description":"Shell Infrastructure Host","FileVersion":"10.0.10240.16384 (th1.150709-1700)","Hashes":"SHA1=DBE38AF08B382B01B1439812B81BA645ACD999E9,MD5=F7126D3EF8D13B170B179769A99245C5,SHA256=11C4617158E4EC66523ED92DFB07C98FC70F8BE41AA43BB419A3F513E7D6D941,IMPHASH=25FF81C5B4A27B3D8354C3C24A877261","Image":"C:\\Windows\\System32\\sihost.exe","IntegrityLevel":"Medium","LogonGuid":"21207A7E-6ECA-5D77-0000-0020AD5A0700","LogonId":"0x75aad","OriginalFileName":"sihost.exe","ParentCommandLine":"C:\\Windows\\system32\\svchost.exe -k netsvcs","ParentImage":"C:\\Windows\\System32\\svchost.exe","ParentProcessGuid":"21207A7E-6EBB-5D77-0000-001025350100","ParentProcessId":1028,"ProcessGuid":"21207A7E-6ECA-5D77-0000-0010596C0700","ProcessId":3352,"Product":"Microsoft® Windows® Operating System","RuleName":"","TerminalSessionId":1,"User":"DESKTOP-CF2FLGA\\pula","UtcTime":"2019-09-10 09:37:14.234"},"System":{"Channel":"Microsoft-Windows-Sysmon/Operational","Computer":"DESKTOP-CF2FLGA","Correlation":null,"EventID":1,"EventRecordID":14215,"Execution":{"#attributes":{"ProcessID":1912,"ThreadID":2592}},"Keywords":"0x8000000000000000","Level":4,"Opcode":0,"Provider":{"#attributes":{"Guid":"5770385F-C22A-43E0-BF4C-06F5698FFBD9","Name":"Microsoft-Windows-Sysmon"}},"Security":{"#attributes":{"UserID":"S-1-5-18"}},"Task":1,"TimeCreated":{"#attributes":{"SystemTime":"2019-09-10T09:37:14.255767Z"}},"Version":5}}}
{"Event":{"#attributes":{"xmlns":"http://schemas.microsoft.com/win/2004/08/events/event"},"EventData":{"CommandLine":"taskhostw.exe logon","Company":"Microsoft Corporation","CurrentDirectory":"C:\\Windows\\system32\\","Description":"Host Process for Windows Tasks","FileVersion":"10.0.10240.16384 (th1.150709-1700)","Hashes":"SHA1=6A38BAE4824CD34A98E77DD524335CF01A4BD68B,MD5=881B943EF7081F6D3DB8D4F3B2E22631,SHA256=B42C95B2C9209790B68B36CE98E635D578437D33104436A222B5675793A9F7F1,IMPHASH=6579605FE7754836EE0018C314B4EA8A","Image":"C:\\Windows\\System32\\taskhostw.exe","IntegrityLevel":"Medium","LogonGuid":"21207A7E-6ECA-5D77-0000-0020AD5A0700","LogonId":"0x75aad","OriginalFileName":"taskhostw.exe","ParentCommandLine":"C:\\Windows\\system32\\svchost.exe -k netsvcs","ParentImage":"C:\\Windows\\System32\\svchost.exe","ParentProcessGuid":"21207A7E-6EBB-5D77-0000-001025350100","ParentProcessId":1028,"ProcessGuid":"21207A7E-6ECA-5D77-0000-00104D6E0700","ProcessId":3372,"Product":"Microsoft® Windows® Operating System","RuleName":"","TerminalSessionId":1,"User":"DESKTOP-CF2FLGA\\pula","UtcTime":"2019-09-10 09:37:14.270"},"System":{"Channel":"Microsoft-Windows-Sysmon/Operational","Computer":"DESKTOP-CF2FLGA","Correlation":null,"EventID":1,"EventRecordID":14216,"Execution":{"#attributes":{"ProcessID":1912,"ThreadID":2592}},"Keywords":"0x8000000000000000","Level":4,"Opcode":0,"Provider":{"#attributes":{"Guid":"5770385F-C22A-43E0-BF4C-06F5698FFBD9","Name":"Microsoft-Windows-Sysmon"}},"Security":{"#attributes":{"UserID":"S-1-5-18"}},"Task":1,"TimeCreated":{"#attributes":{"SystemTime":"2019-09-10T09:37:14.271749Z"}},"Version":5}}}
