{"Event":{"#attributes":{"xmlns":"http://schemas.microsoft.com/win/2004/08/events/event"},"EventData":{"CommandLine":"taskhostw.exe {222A245B-E637-4AE9-A93F-A59CA119A75E}","Company":"Microsoft Corporation","CurrentDirectory":"C:\\Windows\\system32\\","Description":"Host Process for Windows Tasks","FileVersion":"10.0.10240.16384 (th1.150709-1700)","Hashes":"SHA1=6A38BAE4824CD34A98E77DD524335CF01A4BD68B,MD5=881B943EF7081F6D3DB8D4F3B2E22631,SHA256=B42C95B2C9209790B68B36CE98E635D578437D33104436A222B5675793A9F7F1,IMPHASH=6579605FE7754836EE0018C314B4EA8A","Image":"C:\\Windows\\System32\\taskhostw.exe","IntegrityLevel":"Medium","LogonGuid":"21207A7E-6ECA-5D77-0000-0020AD5A0700","LogonId":"0x75aad","OriginalFileName":"taskhostw.exe","ParentCommandLine":"C:\\Windows\\system32\\svchost.exe -k netsvcs","ParentImage":"C:\\Windows\\System32\\svchost.exe","ParentProcessGuid":"21207A7E-6EBB-5D77-0000-001025350100","ParentProcessId":1028,"ProcessGuid":"21207A7E-6ECA-5D77-0000-0010406F0700","ProcessId":3388,"Product":"Microsoft® Windows® Operating System","RuleName":"","TerminalSessionId":1,"User":"DESKTOP-CF2FLGA\\pula","UtcTime":"2019-09-10 09:37:14.279"},"System":{"Channel":"Microsoft-Windows-Sysmon/Operational","Computer":"DESKTOP-CF2FLGA","Correlation":null,"EventID":1,"EventRecordID":14217,"Execution":{"#attributes":{"ProcessID":1912,"ThreadID":2592}},"Keywords":"0x8000000000000000","Level":4,"Opcode":0,"Provider":{"#attributes":{"Guid":"5770385F-C22A-43E0-BF4C-06F5698FFBD9","Name":"Microsoft-Windows-Sysmon"}},"Security":{"#attributes":{"UserID":"S-1-5-18"}},"Task":1,"TimeCreated":{"#attributes":{"SystemTime":"2019-09-10T09:37:14.281626Z"}},"Version":5}}}
{"Event":{"#attributes":{"xmlns":"http://schemas.microsoft.com/win/2004/08/events/event"},"EventData":{"Image":"C:\\Windows\\System32\\taskhostw.exe","ProcessGuid":"21207A7E-6ECA-5D77-0000-00104D6E0700","ProcessId":3372,"RuleName":"","UtcTime":"2019-09-10 09:37:14.350"},"System":{"Channel":"Microsoft-Windows-Sysmon/Operational","Computer":"DESKTOP-CF2FLGA","Correlation":null,"EventID":5,"EventRecordID":14218,"Execution":{"#attributes":{"ProcessID":1912,"ThreadID":2592}},"Keywords":"0x8000000000000000","Level":4,"Opcode":0,"Provider":{"#attributes":{"Guid":"5770385F-C22A-43E0-BF4C-06F5698FFBD9","Name":"Microsoft-Windows-Sysmon"}},"Security":{"#attributes":{"UserID":"S-1-5-18"}},"Task":5,"TimeCreated":{"#attributes":{"SystemTime":"2019-09-10T09:37:14.357812Z"}},"Version":3}}}
{"Event":{"#attributes":{"xmlns":"http://schemas.microsoft.com/win/2004/08/events/event"},"EventData":{"CommandLine":"\"C:\\Windows\\System32\\SLUI.exe\" RuleId=31e71c49-8da7-4a2f-ad92-45d98a1c79ba;Action=AutoActivate;AppId=55c92734-d682-4d71-983e-d6ec3f16059f;SkuId=4de7cb65-cdf1-4de9-8ae8-e3cce27b9f2c;NotificationInterval=1440;Trigger=UserLogon;SessionId=1","Company":"Microsoft Corporation","CurrentDirectory":"C:\\Windows\\system32\\","Description":"Windows Activation Client","FileVersion":"10.0.10240.16384 (th1.150709-1700)","Hashes":"SHA1=464FEA5CD6EE25C5D2CB17560C89252C10190D72,MD5=E28D41C76F1AF19EF677917E275A743B,SHA256=75943C28007AC3653519AC836BACA38632E31F99576E5432DF274B82D65435E3,IMPHASH=64671D84E8B342C40ACA05B407774576","Image":"C:\\Windows\\System32\\slui.exe","IntegrityLevel":"System","LogonGuid":"21207A7E-6EBA-5D77-0000-0020E4030000","LogonId":"0x3e4","OriginalFileName":"slui.exe","ParentCommandLine":"C:\\Windows\\system32\\SppExtComObj.exe -Embedding","ParentImage":"C:\\Windows\\System32\\SppExtComObj.Exe","ParentProcessGuid":"21207A7E-6EC8-5D77-0000-00101B490700","ParentProcessId":3204,"ProcessGuid":"21207A7E-6ECA-5D77-0000-0010FF770700","ProcessId":3460,"Product":"Microsoft® Windows® Operating System","RuleName":"","TerminalSessionId":0,"User":"NT AUTHORITY\\NETWORK SERVICE","UtcTime":"2019-09-10 09:37:14.367"},"System":{"Channel":"Microsoft-Windows-Sysmon/Operational","Computer":"DESKTOP-CF2FLGA","Correlation":null,"EventID":1,"EventRecordID":14219,"Execution":{"#attributes":{"ProcessID":1912,"ThreadID":2592}},"Keywords":"0x8000000000000000","Level":4,"Opcode":0,"Provider":{"#attributes":{"Guid":"5770385F-C22A-43E0-BF4C-06F5698FFBD9","Name":"Microsoft-Windows-Sysmon"}},"Security":{"#attributes":{"UserID":"S-1-5-18"}},"Task":1,"TimeCreated":{"#attributes":{"SystemTime":"2019-09-10T09:37:14.370832Z"}},"Version":5}}}
{"Event":{"#attributes":{"xmlns":"http://schemas.microsoft.com/win/2004/08/events/event"},"EventData":{"CommandLine":"taskhostw.exe USER","Company":"Microsoft Corporation","CurrentDirectory":"C:\\Windows\\system32\\","Description":"Host Process for Windows Tasks","FileVersion":"10.0.10240.16384 (th1.150709-1700)","Hashes":"SHA1=6A38BAE4824CD34A98E77DD524335CF01A4BD68B,MD5=881B943EF7081F6D3DB8D4F3B2E22631,SHA256=B42C95B2C9209790B68B36CE98E635D578437D33104436A222B5675793A9F7F1,IMPHASH=6579605FE7754836EE0018C314B4EA8A","Image":"C:\\Windows\\System32\\taskhostw.exe","IntegrityLevel":"Medium","LogonGuid":"21207A7E-6ECA-5D77-0000-0020AD5A0700","LogonId":"0x75aad","OriginalFileName":"taskhostw.exe","ParentCommandLine":"C:\\Windows\\system32\\svchost.exe -k netsvcs","ParentImage":"C:\\Windows\\System32\\svchost.exe","ParentProcessGuid":"21207A7E-6EBB-5D77-0000-001025350100","ParentProcessId":1028,"ProcessGuid":"21207A7E-6ECA-5D77-0000-0010A0790700","ProcessId":3476,"Product":"Microsoft® Windows® Operating System","RuleName":"","TerminalSessionId":1,"User":"DESKTOP-CF2FLGA\\pula","UtcTime":"2019-09-10 09:37:14.383"},"System":{"Channel":"Microsoft-Windows-Sysmon/Operational","Computer":"DESKTOP-CF2FLGA","Correlation":null,"EventID":1,"EventRecordID":14220,"Execution":{"#attributes":{"ProcessID":1912,"ThreadID":2592}},"Keywords":"0x8000000000000000","Level":4,"Opcode":0,"Provider":{"#attributes":{"Guid":"5770385F-C22A-43E0-BF4C-06F5698FFBD9","Name":"Microsoft-Windows-Sysmon"}},"Security":{"#attributes":{"UserID":"S-1-5-18"}},"Task":1,"TimeCreated":{"#attributes":{"SystemTime":"2019-09-10T09:37:14.387825Z"}},"Version":5}}}
{"Event":{"#attributes":{"xmlns":"http://schemas.microsoft.com/win/2004/08/events/event"},"EventData":{"CommandLine":"C:\\Windows\\System32\\slui.exe -Embedding","Company":"Microsoft Corporation","CurrentDirectory":"C:\\Windows\\system32\\","Description":"Windows Activation Client","FileVersion":"10.0.10240.16384 (th1.150709-1700)","Hashes":"SHA1=464FEA5CD6EE25C5D2CB17560C89252C10190D72,MD5=E28D41C76F1AF19EF677917E275A743B,SHA256=75943C28007AC3653519AC836BACA38632E31F99576E5432DF274B82D65435E3,IMPHASH=64671D84E8B342C40ACA05B407774576","Image":"C:\\Windows\\System32\\slui.exe","IntegrityLevel":"Medium","LogonGuid":"21207A7E-6ECA-5D77-0000-0020AD5A0700","LogonId":"0x75aad","OriginalFileName":"slui.exe","ParentCommandLine":"C:\\Windows\\system32\\svchost.exe -k DcomLaunch","ParentImage":"C:\\Windows\\System32\\svchost.exe","ParentProcessGuid":"21207A7E-6EBA-5D77-0000-001087AB0000","ParentProcessId":812,"ProcessGuid":"21207A7E-6ECA-5D77-0000-0010AB7B0700","ProcessId":3512,"Product":"Microsoft® Windows® Operating System","RuleName":"","TerminalSessionId":1,"User":"DESKTOP-CF2FLGA\\pula","UtcTime":"2019-09-10 09:37:14.424"},"System":{"Channel":"Microsoft-Windows-Sysmon/Operational","Computer":"DESKTOP-CF2FLGA","Correlation":null,"EventID":1,"EventRecordID":14221,"Execution":{"#attributes":{"ProcessID":1912,"ThreadID":2592}},"Keywords":"0x8000000000000000","Level":4,"Opcode":0,"Provider":{"#attributes":{"Guid":"5770385F-C22A-43E0-BF4C-06F5698FFBD9","Name":"Microsoft-Windows-Sysmon"}},"Security":{"#attributes":{"UserID":"S-1-5-18"}},"Task":1,"TimeCreated":{"#attributes":{"SystemTime":"2019-09-10T09:37:14.425348Z"}},"Version":5}}}
{"Event":{"#attributes":{"xmlns":"http://schemas.microsoft.com/win/2004/08/events/event"},"EventData":{"CommandLine":"C:\\Windows\\system32\\userinit.exe","Company":"Microsoft Corporation","CurrentDirectory":"C:\\Windows\\system32\\","Description":"Userinit Logon Application","FileVersion":"10.0.10240.16384 (th1.150709-1700)","Hashes":"SHA1=94C49ED3D30CBC871E5207FD5961FDFE8A6D058F,MD5=A89C18F5E6D8981D5E937B325290915A,SHA256=54E385EB0873CB53A68B3D53D886463D3B0414130ED1F4E4C0911098518136EA,IMPHASH=0C79B4834B30F0F69FC2C5326DD74AD6","Image":"C:\\Windows\\System32\\userinit.exe","IntegrityLevel":"Medium","LogonGuid":"21207A7E-6ECA-5D77-0000-0020AD5A0700","LogonId":"0x75aad","OriginalFileName":"USERINIT.EXE","ParentCommandLine":"winlogon.exe","ParentImage":"C:\\Windows\\System32\\winlogon.exe","ParentProcessGuid":"21207A7E-6EBA-5D77-0000-0010698C0000","ParentProcessId":676,"ProcessGuid":"21207A7E-6ECA-5D77-0000-001014860700","ProcessId":3580,"Product":"Microsoft® Windows® Operating System","RuleName":"","TerminalSessionId":1,"User":"DESKTOP-CF2FLGA\\pula","UtcTime":"2019-09-10 09:37:14.519"},"System":{"Channel":"Microsoft-Windows-Sysmon/Operational","Computer":"DESKTOP-CF2FLGA","Correlation":null,"EventID":1,"EventRecordID":14222,"Execution":{"#attributes":{"ProcessID":1912,"ThreadID":2592}},"Keywords":"0x8000000000000000","Level":4,"Opcode":0,"Provider":{"#attributes":{"Guid":"5770385F-C22A-43E0-BF4C-06F5698FFBD9","Name":"Microsoft-Windows-Sysmon"}},"Security":{"#attributes":{"UserID":"S-1-5-18"}},"Task":1,"TimeCreated":{"#attributes":{"SystemTime":"2019-09-10T09:37:14.528097Z"}},"Version":5}}}
{"Event":{"#attributes":{"xmlns":"http://schemas.microsoft.com/win/2004/08/events/event"},"EventData":{"CommandLine":"C:\\Windows\\Explorer.EXE","Company":"Microsoft Corporation","CurrentDirectory":"C:\\Windows\\system32\\","Description":"Windows Explorer","FileVersion":"10.0.10240.16384 (th1.150709-1700)","Hashes":"SHA1=FA81654E2791B172E2E73B2F9C0AB414335EBB27,MD5=77DA3B74F4D2ED7A58F081E423688A30,SHA256=AA72F07A9D8A75F4304D6905D6B328072A161ADB6820F845AD2C27EDD1FCD2C0,IMPHASH=690B56DC72EC517094B507C127CCFC79","Image":"C:\\Windows\\explorer.exe","IntegrityLevel":"Medium","LogonGuid":"21207A7E-6ECA-5D77-0000-0020AD5A0700","LogonId":"0x75aad","OriginalFileName":"EXPLORER.EXE","ParentCommandLine":"C:\\Windows\\system32\\userinit.exe","ParentImage":"C:\\Windows\\System32\\userinit.exe","ParentProcessGuid":"21207A7E-6ECA-5D77-0000-001014860700","ParentProcessId":3580,"ProcessGuid":"21207A7E-6ECA-5D77-0000-001033880700","ProcessId":3596,"Product":"Microsoft® Windows® Operating System","RuleName":"","TerminalSessionId":1,"User":"DESKTOP-CF2FLGA\\pula","UtcTime":"2019-09-10 09:37:14.543"},"System":{"Channel":"Microsoft-Windows-Sysmon/Operational","Computer":"DESKTOP-CF2FLGA","Correlation":null,"EventID":1,"EventRecordID":14223,"Execution":{"#attributes":{"ProcessID":1912,"ThreadID":2592}},"Keywords":"0x8000000000000000","Level":4,"Opcode":0,"Provider":{"#attributes":{"Guid":"5770385F-C22A-43E0-BF4C-06F5698FFBD9","Name":"Microsoft-Windows-Sysmon"}},"Security":{"#attributes":{"UserID":"S-1-5-18"}},"Task":1,"TimeCreated":{"#attributes":{"SystemTime":"2019-09-10T09:37:14.590669Z"}},"Version":5}}}
{"Event":{"#attributes":{"xmlns":"http://schemas.microsoft.com/win/2004/08/events/event"},"EventData":{"CommandLine":"C:\\Windows\\System32\\RuntimeBroker.exe -Embedding","Company":"Microsoft Corporation","CurrentDirectory":"C:\\Windows\\system32\\","Description":"Runtime Broker","FileVersion":"10.0.10240.16384 (th1.150709-1700)","Hashes":"SHA1=D768A7973C62F4648B53546326E46B67D10251DD,MD5=FF407024A88F3346FB832914E94EC48F,SHA256=8F3BA508F6A07D312E15047E797F31C8609253510664575CA1A1F8CEFA7DD5C1,IMPHASH=F43BE416C102ABE109A0659405ABF4DC","Image":"C:\\Windows\\System32\\RuntimeBroker.exe","IntegrityLevel":"Medium","LogonGuid":"21207A7E-6ECA-5D77-0000-0020AD5A0700","LogonId":"0x75aad","OriginalFileName":"RuntimeBroker.exe","ParentCommandLine":"C:\\Windows\\system32\\svchost.exe -k DcomLaunch","ParentImage":"C:\\Windows\\System32\\svchost.exe","ParentProcessGuid":"21207A7E-6EBA-5D77-0000-001087AB0000","ParentProcessId":812,"ProcessGuid":"21207A7E-6ECA-5D77-0000-00101E940700","ProcessId":3648,"Product":"Microsoft® Windows® Operating System","RuleName":"","TerminalSessionId":1,"User":"DESKTOP-CF2FLGA\\pula","UtcTime":"2019-09-10 09:37:14.709"},"System":{"Channel":"Microsoft-Windows-Sysmon/Operational","Computer":"DESKTOP-CF2FLGA","Correlation":null,"EventID":1,"EventRecordID":14224,"Execution":{"#attributes":{"ProcessID":1912,"ThreadID":2592}},"Keywords":"0x8000000000000000","Level":4,"Opcode":0,"Provider":{"#attributes":{"Guid":"5770385F-C22A-43E0-BF4C-06F5698FFBD9","Name":"Microsoft-Windows-Sysmon"}},"Security":{"#attributes":{"UserID":"S-1-5-18"}},"Task":1,"TimeCreated":{"#attributes":{"SystemTime":"2019-09-10T09:37:14.716822Z"}},"Version":5}}}
{"Event":{"#attributes":{"xmlns":"http://schemas.microsoft.com/win/2004/08/events/event"},"EventData":{"CommandLine":"C:\\Windows\\system32\\SearchIndexer.exe /Embedding","Company":"Microsoft Corporation","CurrentDirectory":"C:\\Windows\\system32\\","Description":"Microsoft Windows Search Indexer","FileVersion":"7.00.10240.16384 (th1.150709-1700)","Hashes":"SHA1=1DF820DB6BC9CD7BD813926116128BA9C9A10006,MD5=714657E45CD21F37B40447E81F2583D6,SHA256=D183A60F030FC12B30A25C49EC2F761A7778D10969589F481C6F6749A8A8BCD9,IMPHASH=7BF33B66AD1997B458E4978D6AA14D34","Image":"C:\\Windows\\System32\\SearchIndexer.exe","IntegrityLevel":"System","LogonGuid":"21207A7E-6EBA-5D77-0000-0020E7030000","LogonId":"0x3e7","OriginalFileName":"SearchIndexer.exe","ParentCommandLine":"C:\\Windows\\system32\\services.exe","ParentImage":"C:\\Windows\\System32\\services.exe","ParentProcessGuid":"21207A7E-6EBA-5D77-0000-0010C6960000","ParentProcessId":740,"ProcessGuid":"21207A7E-6ECB-5D77-0000-0010EFB30700","ProcessId":3724,"Product":"Windows® Search","RuleName":"","TerminalSessionId":0,"User":"NT AUTHORITY\\SYSTEM","UtcTime":"2019-09-10 09:37:15.133"},"System":{"Channel":"Microsoft-Windows-Sysmon/Operational","Computer":"DESKTOP-CF2FLGA","Correlation":null,"EventID":1,"EventRecordID":14225,"Execution":{"#attributes":{"ProcessID":1912,"ThreadID":2592}},"Keywords":"0x8000000000000000","Level":4,"Opcode":0,"Provider":{"#attributes":{"Guid":"5770385F-C22A-43E0-BF4C-06F5698FFBD9","Name":"Microsoft-Windows-Sysmon"}},"Security":{"#attributes":{"UserID":"S-1-5-18"}},"Task":1,"TimeCreated":{"#attributes":{"SystemTime":"2019-09-10T09:37:15.152012Z"}},"Version":5}}}
{"Event":{"#attributes":{"xmlns":"http://schemas.microsoft.com/win/2004/08/events/event"},"EventData":{"CommandLine":"\"C:\\Windows\\SystemApps\\ShellExperienceHost_cw5n1h2txyewy\\ShellExperienceHost.exe\" -ServerName:App.AppXtk181tbxbce2qsex02s8tw7hfxa9xb3t.mca","Company":"Microsoft Corporation","CurrentDirectory":"C:\\Windows\\SystemApps\\ShellExperienceHost_cw5n1h2txyewy\\","Description":"Windows Shell Experience Host","FileVersion":"10.0.10240.16384 (th1.150709-1700)","Hashes":"SHA1=47F2C7CA4955F74A386E6EBE60DA3AAAEBCBE352,MD5=6AFE86CC3DE663DE2D8F1E3252382F24,SHA256=80EEED5632FB6882786BF246265B3BF889008292048AE369FF462FAC89BECA8A,IMPHASH=D40F706952DC604AF902E2EFD8A5C21B","Image":"C:\\Windows\\SystemApps\\ShellExperienceHost_cw5n1h2txyewy\\ShellExperienceHost.exe","IntegrityLevel":"AppContainer","LogonGuid":"21207A7E-6ECA-5D77-0000-0020AD5A0700","LogonId":"0x75aad","OriginalFileName":"ShellExperienceHost.exe","ParentCommandLine":"C:\\Windows\\system32\\svchost.exe -k DcomLaunch","ParentImage":"C:\\Windows\\System32\\svchost.exe","ParentProcessGuid":"21207A7E-6EBA-5D77-0000-001087AB0000","ParentProcessId":812,"ProcessGuid":"21207A7E-6ECB-5D77-0000-001087DC0700","ProcessId":4020,"Product":"Microsoft® Windows® Operating System","RuleName":"","TerminalSessionId":1,"User":"DESKTOP-CF2FLGA\\pula","UtcTime":"2019-09-10 09:37:15.808"},"System":{"Channel":"Microsoft-Windows-Sysmon/Operational","Computer":"DESKTOP-CF2FLGA","Correlation":null,"EventID":1,"EventRecordID":14226,"Execution":{"#attributes":{"ProcessID":1912,"ThreadID":2592}},"Keywords":"0x8000000000000000","Level":4,"Opcode":0,"Provider":{"#attributes":{"Guid":"5770385F-C22A-43E0-BF4C-06F5698FFBD9","Name":"Microsoft-Windows-Sysmon"}},"Security":{"#attributes":{"UserID":"S-1-5-18"}},"Task":1,"TimeCreated":{"#attributes":{"SystemTime":"2019-09-10T09:37:15.827427Z"}},"Version":5}}}
{"Event":{"#attributes":{"xmlns":"http://schemas.microsoft.com/win/2004/08/events/event"},"EventData":{"Image":"C:\\Windows\\System32\\slui.exe","ProcessGuid":"21207A7E-6ECA-5D77-0000-0010FF770700","ProcessId":3460,"RuleName":"","UtcTime":"2019-09-10 09:37:15.959"},"System":{"Channel":"Microsoft-Windows-Sysmon/Operational","Computer":"DESKTOP-CF2FLGA","Correlation":null,"EventID":5,"EventRecordID":14227,"Execution":{"#attributes":{"ProcessID":1912,"ThreadID":2592}},"Keywords":"0x8000000000000000","Level":4,"Opcode":0,"Provider":{"#attributes":{"Guid":"5770385F-C22A-43E0-BF4C-06F5698FFBD9","Name":"Microsoft-Windows-Sysmon"}},"Security":{"#attributes":{"UserID":"S-1-5-18"}},"Task":5,"TimeCreated":{"#attributes":{"SystemTime":"2019-09-10T09:37:15.975232Z"}},"Version":3}}}
{"Event":{"#attributes":{"xmlns":"http://schemas.microsoft.com/win/2004/08/events/event"},"EventData":{"Image":"C:\\Windows\\System32\\slui.exe","ProcessGuid":"21207A7E-6ECA-5D77-0000-0010AB7B0700","ProcessId":3512,"RuleName":"","UtcTime":"2019-09-10 09:37:15.975"},"System":{"Channel":"Microsoft-Windows-Sysmon/Operational","Computer":"DESKTOP-CF2FLGA","Correlation":null,"EventID":5,"EventRecordID":14228,"Execution":{"#attributes":{"ProcessID":1912,"ThreadID":2592}},"Keywords":"0x8000000000000000","Level":4,"Opcode":0,"Provider":{"#attributes":{"Guid":"5770385F-C22A-43E0-BF4C-06F5698FFBD9","Name":"Microsoft-Windows-Sysmon"}},"Security":{"#attributes":{"UserID":"S-1-5-18"}},"Task":5,"TimeCreated":{"#attributes":{"SystemTime":"2019-09-10T09:37:15.980747Z"}},"Version":3}}}
{"Event":{"#attributes":{"xmlns":"http://schemas.microsoft.com/win/2004/08/events/event"},"EventData":{"CommandLine":"\"C:\\Windows\\SystemApps\\Microsoft.Windows.Cortana_cw5n1h2txyewy\\SearchUI.exe\" -ServerName:CortanaUI.AppXa50dqqa5gqv4a428c9y1jjw7m3btvepj.mca","Company":"Microsoft Corporation","CurrentDirectory":"C:\\Windows\\SystemApps\\Microsoft.Windows.Cortana_cw5n1h2txyewy\\","Description":"Search and Cortana application","FileVersion":"10.0.10240.16384 (th1.150709-1700)","Hashes":"SHA1=7B5F503E40A71019D7CD7B7C0B48AE6BC6A8C8CD,MD5=E83AEECA36AE328882FB334F2DE32EAF,SHA256=7F782BD3846D281A29891938EDC31A46F34BE3781272A3E9A0412E15DF38B621,IMPHASH=40F4C491C811D0002F144F1E97629E01","Image":"C:\\Windows\\SystemApps\\Microsoft.Windows.Cortana_cw5n1h2txyewy\\SearchUI.exe","IntegrityLevel":"AppContainer","LogonGuid":"21207A7E-6ECA-5D77-0000-0020AD5A0700","LogonId":"0x75aad","OriginalFileName":"SearchUI.exe","ParentCommandLine":"C:\\Windows\\system32\\svchost.exe -k DcomLaunch","ParentImage":"C:\\Windows\\System32\\svchost.exe","ParentProcessGuid":"21207A7E-6EBA-5D77-0000-001087AB0000","ParentProcessId":812,"ProcessGuid":"21207A7E-6ECC-5D77-0000-0010B7EB0700","ProcessId":1672,"Product":"Microsoft® Windows® Operating System","RuleName":"","TerminalSessionId":1,"User":"DESKTOP-CF2FLGA\\pula","UtcTime":"2019-09-10 09:37:16.151"},"System":{"Channel":"Microsoft-Windows-Sysmon/Operational","Computer":"DESKTOP-CF2FLGA","Correlation":null,"EventID":1,"EventRecordID":14229,"Execution":{"#attributes":{"ProcessID":1912,"ThreadID":2592}},"Keywords":"0x8000000000000000","Level":4,"Opcode":0,"Provider":{"#attributes":{"Guid":"5770385F-C22A-43E0-BF4C-06F5698FFBD9","Name":"Microsoft-Windows-Sysmon"}},"Security":{"#attributes":{"UserID":"S-1-5-18"}},"Task":1,"TimeCreated":{"#attributes":{"SystemTime":"2019-09-10T09:37:16.208317Z"}},"Version":5}}}
{"Event":{"#attributes":{"xmlns":"http://schemas.microsoft.com/win/2004/08/events/event"},"EventData":{"Image":"C:\\Windows\\System32\\LogonUI.exe","ProcessGuid":"21207A7E-6EBA-5D77-0000-0010C6040100","ProcessId":948,"RuleName":"","UtcTime":"2019-09-10 09:37:17.443"},"System":{"Channel":"Microsoft-Windows-Sysmon/Operational","Computer":"DESKTOP-CF2FLGA","Correlation":null,"EventID":5,"EventRecordID":14230,"Execution":{"#attributes":{"ProcessID":1912,"ThreadID":2592}},"Keywords":"0x8000000000000000","Level":4,"Opcode":0,"Provider":{"#attributes":{"Guid":"5770385F-C22A-43E0-BF4C-06F5698FFBD9","Name":"Microsoft-Windows-Sysmon"}},"Security":{"#attributes":{"UserID":"S-1-5-18"}},"Task":5,"TimeCreated":{"#attributes":{"SystemTime":"2019-09-10T09:37:17.453719Z"}},"Version":3}}}
{"Event":{"#attributes":{"xmlns":"http://schemas.microsoft.com/win/2004/08/events/event"},"EventData":{"Image":"C:\\Windows\\System32\\taskhostw.exe","ProcessGuid":"21207A7E-6ECA-5D77-0000-0010A0790700","ProcessId":3476,"RuleName":"","UtcTime":"2019-09-10 09:37:17.896"},"System":{"Channel":"Microsoft-Windows-Sysmon/Operational","Computer":"DESKTOP-CF2FLGA","Correlation":null,"EventID":5,"EventRecordID":14231,"Execution":{"#attributes":{"ProcessID":1912,"ThreadID":2592}},"Keywords":"0x8000000000000000","Level":4,"Opcode":0,"Provider":{"#attributes":{"Guid":"5770385F-C22A-43E0-BF4C-06F5698FFBD9","Name":"Microsoft-Windows-Sysmon"}},"Security":{"#attributes":{"UserID":"S-1-5-18"}},"Task":5,"TimeCreated":{"#attributes":{"SystemTime":"2019-09-10T09:37:17.907159Z"}},"Version":3}}}
{"Event":{"#attributes":{"xmlns":"http://schemas.microsoft.com/win/2004/08/events/event"},"EventData":{"CommandLine":"\"C:\\Windows\\system32\\SearchProtocolHost.exe\" Global\\UsGthrFltPipeMssGthrPipe1_ Global\\UsGthrCtrlFltPipeMssGthrPipe1 1 -2147483646 \"Software\\Microsoft\\Windows Search\" \"Mozilla/4.0 (compatible; MSIE 6.0; Windows NT; MS Search 4.0 Robot)\" \"C:\\ProgramData\\Microsoft\\Search\\Data\\Temp\\usgthrsvc\" \"DownLevelDaemon\" ","Company":"Microsoft Corporation","CurrentDirectory":"C:\\Windows\\system32\\","Description":"Microsoft Windows Search Protocol Host","FileVersion":"7.00.10240.16384 (th1.150709-1700)","Hashes":"SHA1=A0E317A76134A49D1F10D82DD5E36BB510F058A6,MD5=84EB6D7AF73E10486135F1525168F9CF,SHA256=9EA9FF5EECACFD5E6E24E8EC67C4FACBE3BA87734D1A4D208D024449BC853E7F,IMPHASH=86120B538168BB8DDA7AA8AC9FDA326E","Image":"C:\\Windows\\System32\\SearchProtocolHost.exe","IntegrityLevel":"System","LogonGuid":"21207A7E-6EBA-5D77-0000-0020E7030000","LogonId":"0x3e7","OriginalFileName":"SearchProtocolHost.exe","ParentCommandLine":"C:\\Windows\\system32\\SearchIndexer.exe /Embedding","ParentImage":"C:\\Windows\\System32\\SearchIndexer.exe","ParentProcessGuid":"21207A7E-6ECB-5D77-0000-0010EFB30700","ParentProcessId":3724,"ProcessGuid":"21207A7E-6ECD-5D77-0000-001098640800","ProcessId":1372,"Product":"Windows® Search","RuleName":"","TerminalSessionId":0,"User":"NT AUTHORITY\\SYSTEM","UtcTime":"2019-09-10 09:37:17.965"},"System":{"Channel":"Microsoft-Windows-Sysmon/Operational","Computer":"DESKTOP-CF2FLGA","Correlation":null,"EventID":1,"EventRecordID":14232,"Execution":{"#attributes":{"ProcessID":1912,"ThreadID":2592}},"Keywords":"0x8000000000000000","Level":4,"Opcode":0,"Provider":{"#attributes":{"Guid":"5770385F-C22A-43E0-BF4C-06F5698FFBD9","Name":"Microsoft-Windows-Sysmon"}},"Security":{"#attributes":{"UserID":"S-1-5-18"}},"Task":1,"TimeCreated":{"#attributes":{"SystemTime":"2019-09-10T09:37:17.969770Z"}},"Version":5}}}
{"Event":{"#attributes":{"xmlns":"http://schemas.microsoft.com/win/2004/08/events/event"},"EventData":{"CommandLine":"\"C:\\Windows\\system32\\SearchFilterHost.exe\" 0 612 616 624 8192 620 ","Company":"Microsoft Corporation","CurrentDirectory":"C:\\Windows\\system32\\","Description":"Microsoft Windows Search Filter Host","FileVersion":"7.00.10240.16384 (th1.150709-1700)","Hashes":"SHA1=50D067B8AD83AEDEC6874032744123577B5C3946,MD5=675CBA18E97CF6AE918100665451F4D3,SHA256=A149F35ED144E34B0652007F0382536BDB36258FBC3068459B64AB6C54B86952,IMPHASH=E300F39176345F8F5EA7ABC22320ACDD","Image":"C:\\Windows\\System32\\SearchFilterHost.exe","IntegrityLevel":"Medium","LogonGuid":"21207A7E-6EBA-5D77-0000-0020E7030000","LogonId":"0x3e7","OriginalFileName":"SearchFilterHost.exe","ParentCommandLine":"C:\\Windows\\system32\\SearchIndexer.exe /Embedding","ParentImage":"C:\\Windows\\System32\\SearchIndexer.exe","ParentProcessGuid":"21207A7E-6ECB-5D77-0000-0010EFB30700","ParentProcessId":3724,"ProcessGuid":"21207A7E-6ECD-5D77-0000-0010D0660800","ProcessId":3240,"Product":"Windows® Search","RuleName":"","TerminalSessionId":0,"User":"NT AUTHORITY\\SYSTEM","UtcTime":"2019-09-10 09:37:17.985"},"System":{"Channel":"Microsoft-Windows-Sysmon/Operational","Computer":"DESKTOP-CF2FLGA","Correlation":null,"EventID":1,"EventRecordID":14233,"Execution":{"#attributes":{"ProcessID":1912,"ThreadID":2592}},"Keywords":"0x8000000000000000","Level":4,"Opcode":0,"Provider":{"#attributes":{"Guid":"5770385F-C22A-43E0-BF4C-06F5698FFBD9","Name":"Microsoft-Windows-Sysmon"}},"Security":{"#attributes":{"UserID":"S-1-5-18"}},"Task":1,"TimeCreated":{"#attributes":{"SystemTime":"2019-09-10T09:37:17.989299Z"}},"Version":5}}}
{"Event":{"#attributes":{"xmlns":"http://schemas.microsoft.com/win/2004/08/events/event"},"EventData":{"CommandLine":"\"C:\\Windows\\system32\\wermgr.exe\" \"-outproc\" \"0\" \"1028\" \"6912\" \"4880\" \"6964\" \"0\" \"0\" \"0\" \"0\" \"0\" \"0\" \"0\" \"0\" ","Company":"Microsoft Corporation","CurrentDirectory":"C:\\Windows\\system32\\","Description":"Windows Problem Reporting","FileVersion":"10.0.10240.16384 (th1.150709-1700)","Hashes":"SHA1=9727C90F54E065A239790390941E6D3B9973300B,MD5=BCFF424B4D86A1F0AEE494BFBA96B467,SHA256=E278FDDAE847FD76C8E52D84E0610C1F4D78FADAF32D04AB4E0FF7C2898147EE,IMPHASH=B2F9441EB32EA474D2BFDC19E68A2ECC","Image":"C:\\Windows\\System32\\wermgr.exe","IntegrityLevel":"System","LogonGuid":"21207A7E-6EBA-5D77-0000-0020E7030000","LogonId":"0x3e7","OriginalFileName":"WerMgr","ParentCommandLine":"C:\\Windows\\system32\\svchost.exe -k netsvcs","ParentImage":"C:\\Windows\\System32\\svchost.exe","ParentProcessGuid":"21207A7E-6EBB-5D77-0000-001025350100","ParentProcessId":1028,"ProcessGuid":"21207A7E-6ECE-5D77-0000-00107B800800","ProcessId":1968,"Product":"Microsoft® Windows® Operating System","RuleName":"","TerminalSessionId":0,"User":"NT AUTHORITY\\SYSTEM","UtcTime":"2019-09-10 09:37:18.528"},"System":{"Channel":"Microsoft-Windows-Sysmon/Operational","Computer":"DESKTOP-CF2FLGA","Correlation":null,"EventID":1,"EventRecordID":14234,"Execution":{"#attributes":{"ProcessID":1912,"ThreadID":2592}},"Keywords":"0x8000000000000000","Level":4,"Opcode":0,"Provider":{"#attributes":{"Guid":"5770385F-C22A-43E0-BF4C-06F5698FFBD9","Name":"Microsoft-Windows-Sysmon"}},"Security":{"#attributes":{"UserID":"S-1-5-18"}},"Task":1,"TimeCreated":{"#attributes":{"SystemTime":"2019-09-10T09:37:18.532288Z"}},"Version":5}}}
{"Event":{"#attributes":{"xmlns":"http://schemas.microsoft.com/win/2004/08/events/event"},"EventData":{"CommandLine":"C:\\Windows\\system32\\wermgr.exe -upload","Company":"Microsoft Corporation","CurrentDirectory":"C:\\Windows\\system32\\","Description":"Windows Problem Reporting","FileVersion":"10.0.10240.16384 (th1.150709-1700)","Hashes":"SHA1=9727C90F54E065A239790390941E6D3B9973300B,MD5=BCFF424B4D86A1F0AEE494BFBA96B467,SHA256=E278FDDAE847FD76C8E52D84E0610C1F4D78FADAF32D04AB4E0FF7C2898147EE,IMPHASH=B2F9441EB32EA474D2BFDC19E68A2ECC","Image":"C:\\Windows\\System32\\wermgr.exe","IntegrityLevel":"System","LogonGuid":"21207A7E-6EBA-5D77-0000-0020E7030000","LogonId":"0x3e7","OriginalFileName":"WerMgr","ParentCommandLine":"C:\\Windows\\system32\\svchost.exe -k netsvcs","ParentImage":"C:\\Windows\\System32\\svchost.exe","ParentProcessGuid":"21207A7E-6EBB-5D77-0000-001025350100","ParentProcessId":1028,"ProcessGuid":"21207A7E-6ECE-5D77-0000-0010F3830800","ProcessId":964,"Product":"Microsoft® Windows® Operating System","RuleName":"","TerminalSessionId":0,"User":"NT AUTHORITY\\SYSTEM","UtcTime":"2019-09-10 09:37:18.571"},"System":{"Channel":"Microsoft-Windows-Sysmon/Operational","Computer":"DESKTOP-CF2FLGA","Correlation":null,"EventID":1,"EventRecordID":14235,"Execution":{"#attributes":{"ProcessID":1912,"ThreadID":2592}},"Keywords":"0x8000000000000000","Level":4,"Opcode":0,"Provider":{"#attributes":{"Guid":"5770385F-C22A-43E0-BF4C-06F5698FFBD9","Name":"Microsoft-Windows-Sysmon"}},"Security":{"#attributes":{"UserID":"S-1-5-18"}},"Task":1,"TimeCreated":{"#attributes":{"SystemTime":"2019-09-10T09:37:18.572476Z"}},"Version":5}}}
{"Event":{"#attributes":{"xmlns":"http://schemas.microsoft.com/win/2004/08/events/event"},"EventData":{"Image":"C:\\Windows\\System32\\wermgr.exe","ProcessGuid":"21207A7E-6ECE-5D77-0000-00107B800800","ProcessId":1968,"RuleName":"","UtcTime":"2019-09-10 09:37:18.569"},"System":{"Channel":"Microsoft-Windows-Sysmon/Operational","Computer":"DESKTOP-CF2FLGA","Correlation":null,"EventID":5,"EventRecordID":14236,"Execution":{"#attributes":{"ProcessID":1912,"ThreadID":2592}},"Keywords":"0x8000000000000000","Level":4,"Opcode":0,"Provider":{"#attributes":{"Guid":"5770385F-C22A-43E0-BF4C-06F5698FFBD9","Name":"Microsoft-Windows-Sysmon"}},"Security":{"#attributes":{"UserID":"S-1-5-18"}},"Task":5,"TimeCreated":{"#attributes":{"SystemTime":"2019-09-10T09:37:18.573663Z"}},"Version":3}}}
{"Event":{"#attributes":{"xmlns":"http://schemas.microsoft.com/win/2004/08/events/event"},"EventData":{"Image":"C:\\Windows\\System32\\dllhost.exe","ProcessGuid":"21207A7E-6ECA-5D77-0000-00100C5E0700","ProcessId":3304,"RuleName":"","UtcTime":"2019-09-10 09:37:19.209"},"System":{"Channel":"Microsoft-Windows-Sysmon/Operational","Computer":"DESKTOP-CF2FLGA","Correlation":null,"EventID":5,"EventRecordID":14237,"Execution":{"#attributes":{"ProcessID":1912,"ThreadID":2592}},"Keywords":"0x8000000000000000","Level":4,"Opcode":0,"Provider":{"#attributes":{"Guid":"5770385F-C22A-43E0-BF4C-06F5698FFBD9","Name":"Microsoft-Windows-Sysmon"}},"Security":{"#attributes":{"UserID":"S-1-5-18"}},"Task":5,"TimeCreated":{"#attributes":{"SystemTime":"2019-09-10T09:37:19.210885Z"}},"Version":3}}}
{"Event":{"#attributes":{"xmlns":"http://schemas.microsoft.com/win/2004/08/events/event"},"EventData":{"CommandLine":"C:\\Windows\\System32\\mobsync.exe -Embedding","Company":"Microsoft Corporation","CurrentDirectory":"C:\\Windows\\system32\\","Description":"Microsoft Sync Center","FileVersion":"10.0.10240.16384 (th1.150709-1700)","Hashes":"SHA1=CCDA739C4D0C34BBE2378D32051333B4ADE751B1,MD5=286B06B8DBC6520E46DF8F4086145C36,SHA256=4CD4DA575608694123741E4A19F2AD3A9A5B7F41207258F2CDD7434C04868A0F,IMPHASH=E82E489CBE44F910D232DA4A39204282","Image":"C:\\Windows\\System32\\mobsync.exe","IntegrityLevel":"Medium","LogonGuid":"21207A7E-6ECA-5D77-0000-0020AD5A0700","LogonId":"0x75aad","OriginalFileName":"mobsync.exe","ParentCommandLine":"C:\\Windows\\system32\\svchost.exe -k DcomLaunch","ParentImage":"C:\\Windows\\System32\\svchost.exe","ParentProcessGuid":"21207A7E-6EBA-5D77-0000-001087AB0000","ParentProcessId":812,"ProcessGuid":"21207A7E-6ED0-5D77-0000-00100FA90800","ProcessId":3316,"Product":"Microsoft® Windows® Operating System","RuleName":"","TerminalSessionId":1,"User":"DESKTOP-CF2FLGA\\pula","UtcTime":"2019-09-10 09:37:20.681"},"System":{"Channel":"Microsoft-Windows-Sysmon/Operational","Computer":"DESKTOP-CF2FLGA","Correlation":null,"EventID":1,"EventRecordID":14238,"Execution":{"#attributes":{"ProcessID":1912,"ThreadID":2592}},"Keywords":"0x8000000000000000","Level":4,"Opcode":0,"Provider":{"#attributes":{"Guid":"5770385F-C22A-43E0-BF4C-06F5698FFBD9","Name":"Microsoft-Windows-Sysmon"}},"Security":{"#attributes":{"UserID":"S-1-5-18"}},"Task":1,"TimeCreated":{"#attributes":{"SystemTime":"2019-09-10T09:37:20.685371Z"}},"Version":5}}}
{"Event":{"#attributes":{"xmlns":"http://schemas.microsoft.com/win/2004/08/events/event"},"EventData":{"CommandLine":"C:\\Windows\\system32\\wbem\\wmiprvse.exe -Embedding","Company":"Microsoft Corporation","CurrentDirectory":"C:\\Windows\\system32\\","Description":"WMI Provider Host","FileVersion":"10.0.10240.16384 (th1.150709-1700)","Hashes":"SHA1=34A322B2EF10C4E14D48995E56E4713011749309,MD5=834639C9DB8BFA558EE3714E7D61BF27,SHA256=D4C0038ED86C0A021095CFB85FA4D30BD9626E35CF934C0E8F5BB4C55DE1064C,IMPHASH=ACAC5A7B11D5E304A3AFB1A50B6D3941","Image":"C:\\Windows\\System32\\wbem\\WmiPrvSE.exe","IntegrityLevel":"System","LogonGuid":"21207A7E-6EBA-5D77-0000-0020E7030000","LogonId":"0x3e7","OriginalFileName":"Wmiprvse.exe","ParentCommandLine":"C:\\Windows\\system32\\svchost.exe -k DcomLaunch","ParentImage":"C:\\Windows\\System32\\svchost.exe","ParentProcessGuid":"21207A7E-6EBA-5D77-0000-001087AB0000","ParentProcessId":812,"ProcessGuid":"21207A7E-6ED1-5D77-0000-00106CC00800","ProcessId":1968,"Product":"Microsoft® Windows® Operating System","RuleName":"","TerminalSessionId":0,"User":"NT AUTHORITY\\SYSTEM","UtcTime":"2019-09-10 09:37:21.893"},"System":{"Channel":"Microsoft-Windows-Sysmon/Operational","Computer":"DESKTOP-CF2FLGA","Correlation":null,"EventID":1,"EventRecordID":14239,"Execution":{"#attributes":{"ProcessID":1912,"ThreadID":2592}},"Keywords":"0x8000000000000000","Level":4,"Opcode":0,"Provider":{"#attributes":{"Guid":"5770385F-C22A-43E0-BF4C-06F5698FFBD9","Name":"Microsoft-Windows-Sysmon"}},"Security":{"#attributes":{"UserID":"S-1-5-18"}},"Task":1,"TimeCreated":{"#attributes":{"SystemTime":"2019-09-10T09:37:21.895783Z"}},"Version":5}}}
{"Event":{"#attributes":{"xmlns":"http://schemas.microsoft.com/win/2004/08/events/event"},"EventData":{"CommandLine":"\"C:\\Windows\\system32\\backgroundTaskHost.exe\" -ServerName:CortanaUI.AppXy7vb4pc2dr3kc93kfc509b1d0arkfb2x.mca","Company":"Microsoft Corporation","CurrentDirectory":"C:\\Windows\\SystemApps\\Microsoft.Windows.Cortana_cw5n1h2txyewy\\","Description":"Background Task Host","FileVersion":"10.0.10240.16384 (th1.150709-1700)","Hashes":"SHA1=0AED09163CC857C7BACAC953461225713DCA09F1,MD5=B7C738367CEA003DC7609993DBE4EFA5,SHA256=4D143A0B6F1FA8AA8235CDD5EE25CCE108E4E5C65B561CF3FC8FE769B9FC6959,IMPHASH=44F48CF86DC5D98588235CD0E909B6C3","Image":"C:\\Windows\\System32\\backgroundTaskHost.exe","IntegrityLevel":"AppContainer","LogonGuid":"21207A7E-6ECA-5D77-0000-0020AD5A0700","LogonId":"0x75aad","OriginalFileName":"backgroundTaskHost.exe","ParentCommandLine":"C:\\Windows\\system32\\svchost.exe -k DcomLaunch","ParentImage":"C:\\Windows\\System32\\svchost.exe","ParentProcessGuid":"21207A7E-6EBA-5D77-0000-001087AB0000","ParentProcessId":812,"ProcessGuid":"21207A7E-6ED2-5D77-0000-001028D50800","ProcessId":4108,"Product":"Microsoft® Windows® Operating System","RuleName":"","TerminalSessionId":1,"User":"DESKTOP-CF2FLGA\\pula","UtcTime":"2019-09-10 09:37:22.071"},"System":{"Channel":"Microsoft-Windows-Sysmon/Operational","Computer":"DESKTOP-CF2FLGA","Correlation":null,"EventID":1,"EventRecordID":14240,"Execution":{"#attributes":{"ProcessID":1912,"ThreadID":2592}},"Keywords":"0x8000000000000000","Level":4,"Opcode":0,"Provider":{"#attributes":{"Guid":"5770385F-C22A-43E0-BF4C-06F5698FFBD9","Name":"Microsoft-Windows-Sysmon"}},"Security":{"#attributes":{"UserID":"S-1-5-18"}},"Task":1,"TimeCreated":{"#attributes":{"SystemTime":"2019-09-10T09:37:22.072939Z"}},"Version":5}}}
{"Event":{"#attributes":{"xmlns":"http://schemas.microsoft.com/win/2004/08/events/event"},"EventData":{"Image":"C:\\Windows\\System32\\backgroundTaskHost.exe","ProcessGuid":"21207A7E-6ED2-5D77-0000-001028D50800","ProcessId":4108,"RuleName":"","UtcTime":"2019-09-10 09:37:22.147"},"System":{"Channel":"Microsoft-Windows-Sysmon/Operational","Computer":"DESKTOP-CF2FLGA","Correlation":null,"EventID":5,"EventRecordID":14241,"Execution":{"#attributes":{"ProcessID":1912,"ThreadID":2592}},"Keywords":"0x8000000000000000","Level":4,"Opcode":0,"Provider":{"#attributes":{"Guid":"5770385F-C22A-43E0-BF4C-06F5698FFBD9","Name":"Microsoft-Windows-Sysmon"}},"Security":{"#attributes":{"UserID":"S-1-5-18"}},"Task":5,"TimeCreated":{"#attributes":{"SystemTime":"2019-09-10T09:37:22.153071Z"}},"Version":3}}}
{"Event":{"#attributes":{"xmlns":"http://schemas.microsoft.com/win/2004/08/events/event"},"EventData":{"CallTrace":"C:\\Windows\\SYSTEM32\\ntdll.dll+8273a|C:\\Windows\\system32\\KERNELBASE.dll+cf8c8|C:\\Windows\\Microsoft.NET\\Framework\\v4.0.30319\\CorperfmonExt.dll+11ed4|C:\\Windows\\Microsoft.NET\\Framework\\v4.0.30319\\CorperfmonExt.dll+11f61|C:\\Windows\\Microsoft.NET\\Framework\\v4.0.30319\\CorperfmonExt.dll+aa62|C:\\Windows\\Microsoft.NET\\Framework\\v4.0.30319\\CorperfmonExt.dll+a7d2|C:\\Windows\\Microsoft.NET\\Framework\\v4.0.30319\\CorperfmonExt.dll+a3d4|C:\\Windows\\Microsoft.NET\\Framework\\v4.0.30319\\CorperfmonExt.dll+9100|C:\\Windows\\Microsoft.NET\\Framework\\v4.0.30319\\mscoreei.dll+28f86|C:\\Windows\\system32\\mscoree.dll+28ae5|C:\\Windows\\system32\\advapi32.dll+119a5|C:\\Windows\\system32\\advapi32.dll+12866|C:\\Windows\\system32\\advapi32.dll+12cea|C:\\Windows\\system32\\KERNELBASE.dll+ab982|C:\\Windows\\system32\\KERNELBASE.dll+aacc3|C:\\Windows\\SYSTEM32\\pdh.dll+9ef3","GrantedAccess":"0x1400","RuleName":"Inyeccion explorer","SourceImage":"C:\\Windows\\system32\\wbem\\wmiprvse.exe","SourceProcessGUID":"21207A7E-6ED1-5D77-0000-00106CC00800","SourceProcessId":1968,"SourceThreadId":3308,"TargetImage":"C:\\Windows\\system32\\lsass.exe","TargetProcessGUID":"21207A7E-6EBA-5D77-0000-00109C970000","TargetProcessId":748,"UtcTime":"2019-09-10 09:37:22.147"},"System":{"Channel":"Microsoft-Windows-Sysmon/Operational","Computer":"DESKTOP-CF2FLGA","Correlation":null,"EventID":10,"EventRecordID":14242,"Execution":{"#attributes":{"ProcessID":1912,"ThreadID":2592}},"Keywords":"0x8000000000000000","Level":4,"Opcode":0,"Provider":{"#attributes":{"Guid":"5770385F-C22A-43E0-BF4C-06F5698FFBD9","Name":"Microsoft-Windows-Sysmon"}},"Security":{"#attributes":{"UserID":"S-1-5-18"}},"Task":10,"TimeCreated":{"#attributes":{"SystemTime":"2019-09-10T09:37:22.172213Z"}},"Version":3}}}
{"Event":{"#attributes":{"xmlns":"http://schemas.microsoft.com/win/2004/08/events/event"},"EventData":{"CallTrace":"C:\\Windows\\SYSTEM32\\ntdll.dll+8273a|C:\\Windows\\system32\\KERNELBASE.dll+cf8c8|C:\\Windows\\Microsoft.NET\\Framework\\v4.0.30319\\CorperfmonExt.dll+b3e0|C:\\Windows\\Microsoft.NET\\Framework\\v4.0.30319\\CorperfmonExt.dll+b820|C:\\Windows\\Microsoft.NET\\Framework\\v4.0.30319\\CorperfmonExt.dll+122e2|C:\\Windows\\Microsoft.NET\\Framework\\v4.0.30319\\CorperfmonExt.dll+a981|C:\\Windows\\Microsoft.NET\\Framework\\v4.0.30319\\CorperfmonExt.dll+a515|C:\\Windows\\Microsoft.NET\\Framework\\v4.0.30319\\CorperfmonExt.dll+9100|C:\\Windows\\Microsoft.NET\\Framework\\v4.0.30319\\mscoreei.dll+28f86|C:\\Windows\\system32\\mscoree.dll+28ae5|C:\\Windows\\system32\\advapi32.dll+119a5|C:\\Windows\\system32\\advapi32.dll+12866|C:\\Windows\\system32\\advapi32.dll+12cea|C:\\Windows\\system32\\KERNELBASE.dll+ab982|C:\\Windows\\system32\\KERNELBASE.dll+aacc3|C:\\Windows\\SYSTEM32\\pdh.dll+9ef3","GrantedAccess":"0x1400","RuleName":"Inyeccion explorer","SourceImage":"C:\\Windows\\system32\\wbem\\wmiprvse.exe","SourceProcessGUID":"21207A7E-6ED1-5D77-0000-00106CC00800","SourceProcessId":1968,"SourceThreadId":3308,"TargetImage":"C:\\Windows\\system32\\lsass.exe","TargetProcessGUID":"21207A7E-6EBA-5D77-0000-00109C970000","TargetProcessId":748,"UtcTime":"2019-09-10 09:37:22.147"},"System":{"Channel":"Microsoft-Windows-Sysmon/Operational","Computer":"DESKTOP-CF2FLGA","Correlation":null,"EventID":10,"EventRecordID":14243,"Execution":{"#attributes":{"ProcessID":1912,"ThreadID":2592}},"Keywords":"0x8000000000000000","Level":4,"Opcode":0,"Provider":{"#attributes":{"Guid":"5770385F-C22A-43E0-BF4C-06F5698FFBD9","Name":"Microsoft-Windows-Sysmon"}},"Security":{"#attributes":{"UserID":"S-1-5-18"}},"Task":10,"TimeCreated":{"#attributes":{"SystemTime":"2019-09-10T09:37:22.172388Z"}},"Version":3}}}
{"Event":{"#attributes":{"xmlns":"http://schemas.microsoft.com/win/2004/08/events/event"},"EventData":{"CallTrace":"C:\\Windows\\SYSTEM32\\ntdll.dll+8273a|C:\\Windows\\system32\\KERNELBASE.dll+cf8c8|C:\\Windows\\Microsoft.NET\\Framework\\v4.0.30319\\CorperfmonExt.dll+11ed4|C:\\Windows\\Microsoft.NET\\Framework\\v4.0.30319\\CorperfmonExt.dll+11f61|C:\\Windows\\Microsoft.NET\\Framework\\v4.0.30319\\CorperfmonExt.dll+aa62|C:\\Windows\\Microsoft.NET\\Framework\\v4.0.30319\\CorperfmonExt.dll+a7d2|C:\\Windows\\Microsoft.NET\\Framework\\v4.0.30319\\CorperfmonExt.dll+a3d4|C:\\Windows\\Microsoft.NET\\Framework\\v4.0.30319\\CorperfmonExt.dll+9226|C:\\Windows\\system32\\mscoree.dll+28139|C:\\Windows\\system32\\advapi32.dll+125f2|C:\\Windows\\system32\\advapi32.dll+12cea|C:\\Windows\\system32\\KERNELBASE.dll+ab982|C:\\Windows\\system32\\KERNELBASE.dll+aacc3|C:\\Windows\\SYSTEM32\\pdh.dll+9ef3|C:\\Windows\\SYSTEM32\\pdh.dll+85d3|C:\\Windows\\SYSTEM32\\pdh.dll+361c3","GrantedAccess":"0x1400","RuleName":"Inyeccion explorer","SourceImage":"C:\\Windows\\system32\\wbem\\wmiprvse.exe","SourceProcessGUID":"21207A7E-6ED1-5D77-0000-00106CC00800","SourceProcessId":1968,"SourceThreadId":3308,"TargetImage":"C:\\Windows\\system32\\lsass.exe","TargetProcessGUID":"21207A7E-6EBA-5D77-0000-00109C970000","TargetProcessId":748,"UtcTime":"2019-09-10 09:37:22.162"},"System":{"Channel":"Microsoft-Windows-Sysmon/Operational","Computer":"DESKTOP-CF2FLGA","Correlation":null,"EventID":10,"EventRecordID":14244,"Execution":{"#attributes":{"ProcessID":1912,"ThreadID":2592}},"Keywords":"0x8000000000000000","Level":4,"Opcode":0,"Provider":{"#attributes":{"Guid":"5770385F-C22A-43E0-BF4C-06F5698FFBD9","Name":"Microsoft-Windows-Sysmon"}},"Security":{"#attributes":{"UserID":"S-1-5-18"}},"Task":10,"TimeCreated":{"#attributes":{"SystemTime":"2019-09-10T09:37:22.174337Z"}},"Version":3}}}
{"Event":{"#attributes":{"xmlns":"http://schemas.microsoft.com/win/2004/08/events/event"},"EventData":{"CallTrace":"C:\\Windows\\SYSTEM32\\ntdll.dll+8273a|C:\\Windows\\system32\\KERNELBASE.dll+cf8c8|C:\\Windows\\Microsoft.NET\\Framework\\v4.0.30319\\CorperfmonExt.dll+b3e0|C:\\Windows\\Microsoft.NET\\Framework\\v4.0.30319\\CorperfmonExt.dll+b820|C:\\Windows\\Microsoft.NET\\Framework\\v4.0.30319\\CorperfmonExt.dll+122e2|C:\\Windows\\Microsoft.NET\\Framework\\v4.0.30319\\CorperfmonExt.dll+a981|C:\\Windows\\Microsoft.NET\\Framework\\v4.0.30319\\CorperfmonExt.dll+a515|C:\\Windows\\Microsoft.NET\\Framework\\v4.0.30319\\CorperfmonExt.dll+9226|C:\\Windows\\system32\\mscoree.dll+28139|C:\\Windows\\system32\\advapi32.dll+125f2|C:\\Windows\\system32\\advapi32.dll+12cea|C:\\Windows\\system32\\KERNELBASE.dll+ab982|C:\\Windows\\system32\\KERNELBASE.dll+aacc3|C:\\Windows\\SYSTEM32\\pdh.dll+9ef3|C:\\Windows\\SYSTEM32\\pdh.dll+85d3|C:\\Windows\\SYSTEM32\\pdh.dll+361c3","GrantedAccess":"0x1400","RuleName":"Inyeccion explorer","SourceImage":"C:\\Windows\\system32\\wbem\\wmiprvse.exe","SourceProcessGUID":"21207A7E-6ED1-5D77-0000-00106CC00800","SourceProcessId":1968,"SourceThreadId":3308,"TargetImage":"C:\\Windows\\system32\\lsass.exe","TargetProcessGUID":"21207A7E-6EBA-5D77-0000-00109C970000","TargetProcessId":748,"UtcTime":"2019-09-10 09:37:22.162"},"System":{"Channel":"Microsoft-Windows-Sysmon/Operational","Computer":"DESKTOP-CF2FLGA","Correlation":null,"EventID":10,"EventRecordID":14245,"Execution":{"#attributes":{"ProcessID":1912,"ThreadID":2592}},"Keywords":"0x8000000000000000","Level":4,"Opcode":0,"Provider":{"#attributes":{"Guid":"5770385F-C22A-43E0-BF4C-06F5698FFBD9","Name":"Microsoft-Windows-Sysmon"}},"Security":{"#attributes":{"UserID":"S-1-5-18"}},"Task":10,"TimeCreated":{"#attributes":{"SystemTime":"2019-09-10T09:37:22.174381Z"}},"Version":3}}}
{"Event":{"#attributes":{"xmlns":"http://schemas.microsoft.com/win/2004/08/events/event"},"EventData":{"CallTrace":"C:\\Windows\\SYSTEM32\\ntdll.dll+8273a|C:\\Windows\\system32\\KERNELBASE.dll+cf8c8|C:\\Windows\\Microsoft.NET\\Framework\\v4.0.30319\\CorperfmonExt.dll+11ed4|C:\\Windows\\Microsoft.NET\\Framework\\v4.0.30319\\CorperfmonExt.dll+11f61|C:\\Windows\\Microsoft.NET\\Framework\\v4.0.30319\\CorperfmonExt.dll+aa62|C:\\Windows\\Microsoft.NET\\Framework\\v4.0.30319\\CorperfmonExt.dll+a7d2|C:\\Windows\\Microsoft.NET\\Framework\\v4.0.30319\\CorperfmonExt.dll+a3d4|C:\\Windows\\Microsoft.NET\\Framework\\v4.0.30319\\CorperfmonExt.dll+9273|C:\\Windows\\system32\\mscoree.dll+28139|C:\\Windows\\system32\\advapi32.dll+125f2|C:\\Windows\\system32\\advapi32.dll+12cea|C:\\Windows\\system32\\KERNELBASE.dll+ab982|C:\\Windows\\system32\\KERNELBASE.dll+aacc3|C:\\Windows\\SYSTEM32\\pdh.dll+9ef3|C:\\Windows\\SYSTEM32\\pdh.dll+85d3|C:\\Windows\\SYSTEM32\\pdh.dll+361c3","GrantedAccess":"0x1400","RuleName":"Inyeccion explorer","SourceImage":"C:\\Windows\\system32\\wbem\\wmiprvse.exe","SourceProcessGUID":"21207A7E-6ED1-5D77-0000-00106CC00800","SourceProcessId":1968,"SourceThreadId":3308,"TargetImage":"C:\\Windows\\system32\\lsass.exe","TargetProcessGUID":"21207A7E-6EBA-5D77-0000-00109C970000","TargetProcessId":748,"UtcTime":"2019-09-10 09:37:22.162"},"System":{"Channel":"Microsoft-Windows-Sysmon/Operational","Computer":"DESKTOP-CF2FLGA","Correlation":null,"EventID":10,"EventRecordID":14246,"Execution":{"#attributes":{"ProcessID":1912,"ThreadID":2592}},"Keywords":"0x8000000000000000","Level":4,"Opcode":0,"Provider":{"#attributes":{"Guid":"5770385F-C22A-43E0-BF4C-06F5698FFBD9","Name":"Microsoft-Windows-Sysmon"}},"Security":{"#attributes":{"UserID":"S-1-5-18"}},"Task":10,"TimeCreated":{"#attributes":{"SystemTime":"2019-09-10T09:37:22.176350Z"}},"Version":3}}}
{"Event":{"#attributes":{"xmlns":"http://schemas.microsoft.com/win/2004/08/events/event"},"EventData":{"CallTrace":"C:\\Windows\\SYSTEM32\\ntdll.dll+8273a|C:\\Windows\\system32\\KERNELBASE.dll+cf8c8|C:\\Windows\\Microsoft.NET\\Framework\\v4.0.30319\\CorperfmonExt.dll+b3e0|C:\\Windows\\Microsoft.NET\\Framework\\v4.0.30319\\CorperfmonExt.dll+b820|C:\\Windows\\Microsoft.NET\\Framework\\v4.0.30319\\CorperfmonExt.dll+122e2|C:\\Windows\\Microsoft.NET\\Framework\\v4.0.30319\\CorperfmonExt.dll+a981|C:\\Windows\\Microsoft.NET\\Framework\\v4.0.30319\\CorperfmonExt.dll+a515|C:\\Windows\\Microsoft.NET\\Framework\\v4.0.30319\\CorperfmonExt.dll+9273|C:\\Windows\\system32\\mscoree.dll+28139|C:\\Windows\\system32\\advapi32.dll+125f2|C:\\Windows\\system32\\advapi32.dll+12cea|C:\\Windows\\system32\\KERNELBASE.dll+ab982|C:\\Windows\\system32\\KERNELBASE.dll+aacc3|C:\\Windows\\SYSTEM32\\pdh.dll+9ef3|C:\\Windows\\SYSTEM32\\pdh.dll+85d3|C:\\Windows\\SYSTEM32\\pdh.dll+361c3","GrantedAccess":"0x1400","RuleName":"Inyeccion explorer","SourceImage":"C:\\Windows\\system32\\wbem\\wmiprvse.exe","SourceProcessGUID":"21207A7E-6ED1-5D77-0000-00106CC00800","SourceProcessId":1968,"SourceThreadId":3308,"TargetImage":"C:\\Windows\\system32\\lsass.exe","TargetProcessGUID":"21207A7E-6EBA-5D77-0000-00109C970000","TargetProcessId":748,"UtcTime":"2019-09-10 09:37:22.162"},"System":{"Channel":"Microsoft-Windows-Sysmon/Operational","Computer":"DESKTOP-CF2FLGA","Correlation":null,"EventID":10,"EventRecordID":14247,"Execution":{"#attributes":{"ProcessID":1912,"ThreadID":2592}},"Keywords":"0x8000000000000000","Level":4,"Opcode":0,"Provider":{"#attributes":{"Guid":"5770385F-C22A-43E0-BF4C-06F5698FFBD9","Name":"Microsoft-Windows-Sysmon"}},"Security":{"#attributes":{"UserID":"S-1-5-18"}},"Task":10,"TimeCreated":{"#attributes":{"SystemTime":"2019-09-10T09:37:22.176395Z"}},"Version":3}}}
{"Event":{"#attributes":{"xmlns":"http://schemas.microsoft.com/win/2004/08/events/event"},"EventData":{"CallTrace":"C:\\Windows\\SYSTEM32\\ntdll.dll+8273a|C:\\Windows\\system32\\KERNELBASE.dll+cf8c8|C:\\Windows\\Microsoft.NET\\Framework\\v4.0.30319\\CorperfmonExt.dll+11ed4|C:\\Windows\\Microsoft.NET\\Framework\\v4.0.30319\\CorperfmonExt.dll+11f61|C:\\Windows\\Microsoft.NET\\Framework\\v4.0.30319\\CorperfmonExt.dll+aa62|C:\\Windows\\Microsoft.NET\\Framework\\v4.0.30319\\CorperfmonExt.dll+a7d2|C:\\Windows\\Microsoft.NET\\Framework\\v4.0.30319\\CorperfmonExt.dll+a3d4|C:\\Windows\\Microsoft.NET\\Framework\\v4.0.30319\\CorperfmonExt.dll+9273|C:\\Windows\\system32\\mscoree.dll+28139|C:\\Windows\\system32\\advapi32.dll+125f2|C:\\Windows\\system32\\advapi32.dll+12cea|C:\\Windows\\system32\\KERNELBASE.dll+ab982|C:\\Windows\\system32\\KERNELBASE.dll+aacc3|C:\\Windows\\SYSTEM32\\pdh.dll+9ef3|C:\\Windows\\SYSTEM32\\pdh.dll+85d3|C:\\Windows\\SYSTEM32\\pdh.dll+361c3","GrantedAccess":"0x1400","RuleName":"Inyeccion explorer","SourceImage":"C:\\Windows\\system32\\wbem\\wmiprvse.exe","SourceProcessGUID":"21207A7E-6ED1-5D77-0000-00106CC00800","SourceProcessId":1968,"SourceThreadId":3308,"TargetImage":"C:\\Windows\\system32\\lsass.exe","TargetProcessGUID":"21207A7E-6EBA-5D77-0000-00109C970000","TargetProcessId":748,"UtcTime":"2019-09-10 09:37:22.178"},"System":{"Channel":"Microsoft-Windows-Sysmon/Operational","Computer":"DESKTOP-CF2FLGA","Correlation":null,"EventID":10,"EventRecordID":14248,"Execution":{"#attributes":{"ProcessID":1912,"ThreadID":2592}},"Keywords":"0x8000000000000000","Level":4,"Opcode":0,"Provider":{"#attributes":{"Guid":"5770385F-C22A-43E0-BF4C-06F5698FFBD9","Name":"Microsoft-Windows-Sysmon"}},"Security":{"#attributes":{"UserID":"S-1-5-18"}},"Task":10,"TimeCreated":{"#attributes":{"SystemTime":"2019-09-10T09:37:22.187281Z"}},"Version":3}}}
