{"Event":{"#attributes":{"xmlns":"http://schemas.microsoft.com/win/2004/08/events/event"},"EventData":{"CommandLine":"C:\\Windows\\system32\\wbem\\unsecapp.exe -Embedding","Company":"Microsoft Corporation","CurrentDirectory":"C:\\Windows\\system32\\","Description":"Sink to receive asynchronous callbacks for WMI client application","FileVersion":"10.0.10240.16384 (th1.150709-1700)","Hashes":"SHA1=29F105745039700E162DFCBDD92F646B3A421CFD,MD5=5A86284536D771DAE00CE1D431D0DBFF,SHA256=CFC2B985A30EFDC2DD1B39FD8AAFC232A0C582EE6D270D5B1F9E41880B0CECB6,IMPHASH=01391DEF6533D047356892094ED14EA6","Image":"C:\\Windows\\System32\\wbem\\unsecapp.exe","IntegrityLevel":"System","LogonGuid":"21207A7E-6EBA-5D77-0000-0020E7030000","LogonId":"0x3e7","OriginalFileName":"unsecapp.dll","ParentCommandLine":"C:\\Windows\\system32\\svchost.exe -k DcomLaunch","ParentImage":"C:\\Windows\\System32\\svchost.exe","ParentProcessGuid":"21207A7E-6EBA-5D77-0000-001087AB0000","ParentProcessId":812,"ProcessGuid":"21207A7E-6EBE-5D77-0000-001067210200","ProcessId":2144,"Product":"Microsoft® Windows® Operating System","RuleName":"","TerminalSessionId":0,"User":"NT AUTHORITY\\SYSTEM","UtcTime":"2019-09-10 09:37:02.053"},"System":{"Channel":"Microsoft-Windows-Sysmon/Operational","Computer":"DESKTOP-CF2FLGA","Correlation":null,"EventID":1,"EventRecordID":14081,"Execution":{"#attributes":{"ProcessID":1912,"ThreadID":2592}},"Keywords":"0x8000000000000000","Level":4,"Opcode":0,"Provider":{"#attributes":{"Guid":"5770385F-C22A-43E0-BF4C-06F5698FFBD9","Name":"Microsoft-Windows-Sysmon"}},"Security":{"#attributes":{"UserID":"S-1-5-18"}},"Task":1,"TimeCreated":{"#attributes":{"SystemTime":"2019-09-10T09:37:04.125322Z"}},"Version":5}}}
{"Event":{"#attributes":{"xmlns":"http://schemas.microsoft.com/win/2004/08/events/event"},"EventData":{"CommandLine":"\"C:\\Program Files\\VMware\\VMware Tools\\VMwareResolutionSet.exe\" 0 1 , 0 0 1920 1080 0","Company":"VMware, Inc.","CurrentDirectory":"C:\\Windows\\system32\\","Description":"VMware Resolution Set","FileVersion":"10.2.5.8049","Hashes":"SHA1=6A8D486D1DADD9A1033458CFC0E95A3280FA03E0,MD5=4A99FF708AEA3A14735D979A113A07EC,SHA256=8D0D00E9BDE071B0CEB3509B2CAE35E52DB6EA4C4151CD6EC63F1E25F7B92919,IMPHASH=EB0AC876CCA787EDC20A17C9476AF71C","Image":"C:\\Program Files\\VMware\\VMware Tools\\VMwareResolutionSet.exe","IntegrityLevel":"System","LogonGuid":"21207A7E-6EBA-5D77-0000-0020E7030000","LogonId":"0x3e7","OriginalFileName":"ResolutionSet.exe","ParentCommandLine":"\"C:\\Program Files\\VMware\\VMware Tools\\vmtoolsd.exe\"","ParentImage":"C:\\Program Files\\VMware\\VMware Tools\\vmtoolsd.exe","ParentProcessGuid":"21207A7E-6EBC-5D77-0000-0010C7DF0100","ParentProcessId":2004,"ProcessGuid":"21207A7E-6EBE-5D77-0000-0010AA280200","ProcessId":2176,"Product":"VMware Tools","RuleName":"","TerminalSessionId":1,"User":"NT AUTHORITY\\SYSTEM","UtcTime":"2019-09-10 09:37:02.165"},"System":{"Channel":"Microsoft-Windows-Sysmon/Operational","Computer":"DESKTOP-CF2FLGA","Correlation":null,"EventID":1,"EventRecordID":14082,"Execution":{"#attributes":{"ProcessID":1912,"ThreadID":2592}},"Keywords":"0x8000000000000000","Level":4,"Opcode":0,"Provider":{"#attributes":{"Guid":"5770385F-C22A-43E0-BF4C-06F5698FFBD9","Name":"Microsoft-Windows-Sysmon"}},"Security":{"#attributes":{"UserID":"S-1-5-18"}},"Task":1,"TimeCreated":{"#attributes":{"SystemTime":"2019-09-10T09:37:04.125888Z"}},"Version":5}}}
{"Event":{"#attributes":{"xmlns":"http://schemas.microsoft.com/win/2004/08/events/event"},"EventData":{"CommandLine":"C:\\Windows\\system32\\wbem\\wmiprvse.exe -secured -Embedding","Company":"Microsoft Corporation","CurrentDirectory":"C:\\Windows\\system32\\","Description":"WMI Provider Host","FileVersion":"10.0.10240.16384 (th1.150709-1700)","Hashes":"SHA1=34A322B2EF10C4E14D48995E56E4713011749309,MD5=834639C9DB8BFA558EE3714E7D61BF27,SHA256=D4C0038ED86C0A021095CFB85FA4D30BD9626E35CF934C0E8F5BB4C55DE1064C,IMPHASH=ACAC5A7B11D5E304A3AFB1A50B6D3941","Image":"C:\\Windows\\System32\\wbem\\WmiPrvSE.exe","IntegrityLevel":"System","LogonGuid":"21207A7E-6EBA-5D77-0000-0020E4030000","LogonId":"0x3e4","OriginalFileName":"Wmiprvse.exe","ParentCommandLine":"C:\\Windows\\system32\\svchost.exe -k DcomLaunch","ParentImage":"C:\\Windows\\System32\\svchost.exe","ParentProcessGuid":"21207A7E-6EBA-5D77-0000-001087AB0000","ParentProcessId":812,"ProcessGuid":"21207A7E-6EBE-5D77-0000-001031350200","ProcessId":2212,"Product":"Microsoft® Windows® Operating System","RuleName":"","TerminalSessionId":0,"User":"NT AUTHORITY\\NETWORK SERVICE","UtcTime":"2019-09-10 09:37:02.445"},"System":{"Channel":"Microsoft-Windows-Sysmon/Operational","Computer":"DESKTOP-CF2FLGA","Correlation":null,"EventID":1,"EventRecordID":14083,"Execution":{"#attributes":{"ProcessID":1912,"ThreadID":2592}},"Keywords":"0x8000000000000000","Level":4,"Opcode":0,"Provider":{"#attributes":{"Guid":"5770385F-C22A-43E0-BF4C-06F5698FFBD9","Name":"Microsoft-Windows-Sysmon"}},"Security":{"#attributes":{"UserID":"S-1-5-18"}},"Task":1,"TimeCreated":{"#attributes":{"SystemTime":"2019-09-10T09:37:04.126290Z"}},"Version":5}}}
{"Event":{"#attributes":{"xmlns":"http://schemas.microsoft.com/win/2004/08/events/event"},"EventData":{"Image":"C:\\Program Files\\VMware\\VMware Tools\\VMwareResolutionSet.exe","ProcessGuid":"21207A7E-6EBE-5D77-0000-0010AA280200","ProcessId":2176,"RuleName":"","UtcTime":"2019-09-10 09:37:02.490"},"System":{"Channel":"Microsoft-Windows-Sysmon/Operational","Computer":"DESKTOP-CF2FLGA","Correlation":null,"EventID":5,"EventRecordID":14084,"Execution":{"#attributes":{"ProcessID":1912,"ThreadID":2592}},"Keywords":"0x8000000000000000","Level":4,"Opcode":0,"Provider":{"#attributes":{"Guid":"5770385F-C22A-43E0-BF4C-06F5698FFBD9","Name":"Microsoft-Windows-Sysmon"}},"Security":{"#attributes":{"UserID":"S-1-5-18"}},"Task":5,"TimeCreated":{"#attributes":{"SystemTime":"2019-09-10T09:37:04.126530Z"}},"Version":3}}}
{"Event":{"#attributes":{"xmlns":"http://schemas.microsoft.com/win/2004/08/events/event"},"EventData":{"CommandLine":"C:\\Windows\\system32\\dllhost.exe /Processid:{02D4B3F1-FD88-11D1-960D-00805FC79235}","Company":"Microsoft Corporation","CurrentDirectory":"C:\\Windows\\system32\\","Description":"COM Surrogate","FileVersion":"10.0.10240.16384 (th1.150709-1700)","Hashes":"SHA1=B475217A1525063D7119E6AC288FB92638490373,MD5=21561B7B85B1C77F00ECA96BC30E9A20,SHA256=D17414E03A595A81D5925CADB099B71335ED54D836B1FDEE3BD0EE28B19EC3EA,IMPHASH=40D2E175C2888C8C61143B657C14F464","Image":"C:\\Windows\\System32\\dllhost.exe","IntegrityLevel":"System","LogonGuid":"21207A7E-6EBA-5D77-0000-0020E7030000","LogonId":"0x3e7","OriginalFileName":"dllhost.exe","ParentCommandLine":"C:\\Windows\\system32\\services.exe","ParentImage":"C:\\Windows\\System32\\services.exe","ParentProcessGuid":"21207A7E-6EBA-5D77-0000-0010C6960000","ParentProcessId":740,"ProcessGuid":"21207A7E-6EBE-5D77-0000-0010614A0200","ProcessId":2328,"Product":"Microsoft® Windows® Operating System","RuleName":"","TerminalSessionId":0,"User":"NT AUTHORITY\\SYSTEM","UtcTime":"2019-09-10 09:37:02.766"},"System":{"Channel":"Microsoft-Windows-Sysmon/Operational","Computer":"DESKTOP-CF2FLGA","Correlation":null,"EventID":1,"EventRecordID":14085,"Execution":{"#attributes":{"ProcessID":1912,"ThreadID":2592}},"Keywords":"0x8000000000000000","Level":4,"Opcode":0,"Provider":{"#attributes":{"Guid":"5770385F-C22A-43E0-BF4C-06F5698FFBD9","Name":"Microsoft-Windows-Sysmon"}},"Security":{"#attributes":{"UserID":"S-1-5-18"}},"Task":1,"TimeCreated":{"#attributes":{"SystemTime":"2019-09-10T09:37:04.127730Z"}},"Version":5}}}
{"Event":{"#attributes":{"xmlns":"http://schemas.microsoft.com/win/2004/08/events/event"},"EventData":{"CommandLine":"C:\\Windows\\System32\\msdtc.exe","Company":"Microsoft Corporation","CurrentDirectory":"C:\\Windows\\system32\\","Description":"Microsoft Distributed Transaction Coordinator Service","FileVersion":"2001.12.10941.16384 (th1.150709-1700)","Hashes":"SHA1=B75459A3A88AE772219A6C0A71ED595DCEEE5DDD,MD5=26B259840A3513979D38B54AE762D240,SHA256=24909E4122E759E60FCE6BC41E663EF6B8FEEC8B5747D808B88355130B01C26B,IMPHASH=A6F5E8565E6915ECFEA09DD69C136BB8","Image":"C:\\Windows\\System32\\msdtc.exe","IntegrityLevel":"System","LogonGuid":"21207A7E-6EBA-5D77-0000-0020E4030000","LogonId":"0x3e4","OriginalFileName":"MSDTC.EXE","ParentCommandLine":"C:\\Windows\\system32\\services.exe","ParentImage":"C:\\Windows\\System32\\services.exe","ParentProcessGuid":"21207A7E-6EBA-5D77-0000-0010C6960000","ParentProcessId":740,"ProcessGuid":"21207A7E-6EBF-5D77-0000-0010707D0200","ProcessId":2508,"Product":"Microsoft® Windows® Operating System","RuleName":"","TerminalSessionId":0,"User":"NT AUTHORITY\\NETWORK SERVICE","UtcTime":"2019-09-10 09:37:03.668"},"System":{"Channel":"Microsoft-Windows-Sysmon/Operational","Computer":"DESKTOP-CF2FLGA","Correlation":null,"EventID":1,"EventRecordID":14086,"Execution":{"#attributes":{"ProcessID":1912,"ThreadID":2592}},"Keywords":"0x8000000000000000","Level":4,"Opcode":0,"Provider":{"#attributes":{"Guid":"5770385F-C22A-43E0-BF4C-06F5698FFBD9","Name":"Microsoft-Windows-Sysmon"}},"Security":{"#attributes":{"UserID":"S-1-5-18"}},"Task":1,"TimeCreated":{"#attributes":{"SystemTime":"2019-09-10T09:37:04.129087Z"}},"Version":5}}}
{"Event":{"#attributes":{"xmlns":"http://schemas.microsoft.com/win/2004/08/events/event"},"EventData":{"Hashes":"SHA1=A5A8AAEB0E9FE77D0A10CE60AC3618BE0E50B7AC,MD5=F9859843E5ABAB82E63CC3AA0FC50CF0,SHA256=65DC89FE1ECC7C2EB2C0E964135EECAA3287859EC5A6A2E5FC29C88EC174C31C,IMPHASH=86443D63B68D00ACF6632293D921BF66","ImageLoaded":"C:\\Windows\\System32\\drivers\\cdrom.sys","RuleName":"","Signature":"Microsoft Windows","SignatureStatus":"Valid","Signed":"true","UtcTime":"2019-09-10 09:36:55.887"},"System":{"Channel":"Microsoft-Windows-Sysmon/Operational","Computer":"DESKTOP-CF2FLGA","Correlation":null,"EventID":6,"EventRecordID":14087,"Execution":{"#attributes":{"ProcessID":1912,"ThreadID":2596}},"Keywords":"0x8000000000000000","Level":4,"Opcode":0,"Provider":{"#attributes":{"Guid":"5770385F-C22A-43E0-BF4C-06F5698FFBD9","Name":"Microsoft-Windows-Sysmon"}},"Security":{"#attributes":{"UserID":"S-1-5-18"}},"Task":6,"TimeCreated":{"#attributes":{"SystemTime":"2019-09-10T09:37:04.135247Z"}},"Version":3}}}
{"Event":{"#attributes":{"xmlns":"http://schemas.microsoft.com/win/2004/08/events/event"},"EventData":{"Hashes":"SHA1=F944FE403A1D015DF71DCE484A80461F298C4100,MD5=170C21ECC457DAF33D5DF3BD4D53D7D1,SHA256=12D93FF25CAE49177C1ED6C8F32F5C81E2E463C83DA2C6633184B9807F9787FF,IMPHASH=684BDFEC548F4D5030399542855E7F92","ImageLoaded":"C:\\Windows\\System32\\drivers\\tbs.sys","RuleName":"","Signature":"Microsoft Windows","SignatureStatus":"Valid","Signed":"true","UtcTime":"2019-09-10 09:36:55.887"},"System":{"Channel":"Microsoft-Windows-Sysmon/Operational","Computer":"DESKTOP-CF2FLGA","Correlation":null,"EventID":6,"EventRecordID":14088,"Execution":{"#attributes":{"ProcessID":1912,"ThreadID":2596}},"Keywords":"0x8000000000000000","Level":4,"Opcode":0,"Provider":{"#attributes":{"Guid":"5770385F-C22A-43E0-BF4C-06F5698FFBD9","Name":"Microsoft-Windows-Sysmon"}},"Security":{"#attributes":{"UserID":"S-1-5-18"}},"Task":6,"TimeCreated":{"#attributes":{"SystemTime":"2019-09-10T09:37:04.140080Z"}},"Version":3}}}
{"Event":{"#attributes":{"xmlns":"http://schemas.microsoft.com/win/2004/08/events/event"},"EventData":{"Hashes":"SHA1=86FDB594C44E0C4637FB0EC9ED33AA191393E0F9,MD5=0121657A5FA70253C32E7C222B18E215,SHA256=C94F029412B77ABD3F0A600AF390B3E808A292EAB16F35B653DE9A62A0FC8ACD,IMPHASH=67DA038B32D7AA123FD5BEB4EF37212A","ImageLoaded":"C:\\Windows\\System32\\drivers\\filecrypt.sys","RuleName":"","Signature":"Microsoft Windows","SignatureStatus":"Valid","Signed":"true","UtcTime":"2019-09-10 09:36:55.887"},"System":{"Channel":"Microsoft-Windows-Sysmon/Operational","Computer":"DESKTOP-CF2FLGA","Correlation":null,"EventID":6,"EventRecordID":14089,"Execution":{"#attributes":{"ProcessID":1912,"ThreadID":2596}},"Keywords":"0x8000000000000000","Level":4,"Opcode":0,"Provider":{"#attributes":{"Guid":"5770385F-C22A-43E0-BF4C-06F5698FFBD9","Name":"Microsoft-Windows-Sysmon"}},"Security":{"#attributes":{"UserID":"S-1-5-18"}},"Task":6,"TimeCreated":{"#attributes":{"SystemTime":"2019-09-10T09:37:04.146803Z"}},"Version":3}}}
{"Event":{"#attributes":{"xmlns":"http://schemas.microsoft.com/win/2004/08/events/event"},"EventData":{"Hashes":"SHA1=9D01FD20FFF9A39FCDCF7FB67DB80C97925229CA,MD5=2224E6E362ABEEB09EE97982E0AE4606,SHA256=14E2B52B243ED518CF5004EAC53ACF4888A23C44960FB26AD15FCC2AE32D225A,IMPHASH=CE44E632526A888DA98CFC6A221040A6","ImageLoaded":"C:\\Windows\\System32\\drivers\\null.sys","RuleName":"","Signature":"Microsoft Windows","SignatureStatus":"Valid","Signed":"true","UtcTime":"2019-09-10 09:36:55.887"},"System":{"Channel":"Microsoft-Windows-Sysmon/Operational","Computer":"DESKTOP-CF2FLGA","Correlation":null,"EventID":6,"EventRecordID":14090,"Execution":{"#attributes":{"ProcessID":1912,"ThreadID":2596}},"Keywords":"0x8000000000000000","Level":4,"Opcode":0,"Provider":{"#attributes":{"Guid":"5770385F-C22A-43E0-BF4C-06F5698FFBD9","Name":"Microsoft-Windows-Sysmon"}},"Security":{"#attributes":{"UserID":"S-1-5-18"}},"Task":6,"TimeCreated":{"#attributes":{"SystemTime":"2019-09-10T09:37:04.154383Z"}},"Version":3}}}
{"Event":{"#attributes":{"xmlns":"http://schemas.microsoft.com/win/2004/08/events/event"},"EventData":{"Hashes":"SHA1=EFA283A51FB47ED6192C9C8497B972DE23658F36,MD5=A006F6C5E3E0AEAD49BEFFA005FFB0E1,SHA256=345F4B21AF42C3ACFA0FB2FC58D8CBE3345DC9F30C6199CCE8203B33D43C41E8,IMPHASH=E5CC1AFEABEF52DD04125334BF44F36C","ImageLoaded":"C:\\Windows\\System32\\drivers\\beep.sys","RuleName":"","Signature":"Microsoft Windows","SignatureStatus":"Valid","Signed":"true","UtcTime":"2019-09-10 09:36:55.887"},"System":{"Channel":"Microsoft-Windows-Sysmon/Operational","Computer":"DESKTOP-CF2FLGA","Correlation":null,"EventID":6,"EventRecordID":14091,"Execution":{"#attributes":{"ProcessID":1912,"ThreadID":2596}},"Keywords":"0x8000000000000000","Level":4,"Opcode":0,"Provider":{"#attributes":{"Guid":"5770385F-C22A-43E0-BF4C-06F5698FFBD9","Name":"Microsoft-Windows-Sysmon"}},"Security":{"#attributes":{"UserID":"S-1-5-18"}},"Task":6,"TimeCreated":{"#attributes":{"SystemTime":"2019-09-10T09:37:04.160872Z"}},"Version":3}}}
{"Event":{"#attributes":{"xmlns":"http://schemas.microsoft.com/win/2004/08/events/event"},"EventData":{"Hashes":"SHA1=60B6C794B9C8488751856FB89FFB02D40AEAD2E0,MD5=0A68BEF42F2D7A85C1629309D553217E,SHA256=3828451AF7AD01C4F570AA17F410BBA9ADFBDC75AFF2C72C5549D7C9498D844F,IMPHASH=576422EF58F2AAF96A2E9A048FBD61B0","ImageLoaded":"C:\\Windows\\System32\\drivers\\vmrawdsk.sys","RuleName":"","Signature":"VMware, Inc.","SignatureStatus":"Valid","Signed":"true","UtcTime":"2019-09-10 09:36:55.903"},"System":{"Channel":"Microsoft-Windows-Sysmon/Operational","Computer":"DESKTOP-CF2FLGA","Correlation":null,"EventID":6,"EventRecordID":14092,"Execution":{"#attributes":{"ProcessID":1912,"ThreadID":2596}},"Keywords":"0x8000000000000000","Level":4,"Opcode":0,"Provider":{"#attributes":{"Guid":"5770385F-C22A-43E0-BF4C-06F5698FFBD9","Name":"Microsoft-Windows-Sysmon"}},"Security":{"#attributes":{"UserID":"S-1-5-18"}},"Task":6,"TimeCreated":{"#attributes":{"SystemTime":"2019-09-10T09:37:04.172188Z"}},"Version":3}}}
{"Event":{"#attributes":{"xmlns":"http://schemas.microsoft.com/win/2004/08/events/event"},"EventData":{"Hashes":"SHA1=80379BFAF98E2436BBCCD64D444846AB0D2647D4,MD5=0C3251FB68C138F06E5EAFC065540324,SHA256=B6B9A0D2B1BC7090A7EB740BA1AD916189035830D7BC894C816E234A342F195F,IMPHASH=5BC631192891ECE3DB6A23E99A2AB335","ImageLoaded":"C:\\Windows\\System32\\drivers\\watchdog.sys","RuleName":"","Signature":"Microsoft Windows","SignatureStatus":"Valid","Signed":"true","UtcTime":"2019-09-10 09:36:55.903"},"System":{"Channel":"Microsoft-Windows-Sysmon/Operational","Computer":"DESKTOP-CF2FLGA","Correlation":null,"EventID":6,"EventRecordID":14093,"Execution":{"#attributes":{"ProcessID":1912,"ThreadID":2596}},"Keywords":"0x8000000000000000","Level":4,"Opcode":0,"Provider":{"#attributes":{"Guid":"5770385F-C22A-43E0-BF4C-06F5698FFBD9","Name":"Microsoft-Windows-Sysmon"}},"Security":{"#attributes":{"UserID":"S-1-5-18"}},"Task":6,"TimeCreated":{"#attributes":{"SystemTime":"2019-09-10T09:37:04.178597Z"}},"Version":3}}}
{"Event":{"#attributes":{"xmlns":"http://schemas.microsoft.com/win/2004/08/events/event"},"EventData":{"Hashes":"SHA1=2FDD9D76DC34808B2BFA75B164644F1F0AAD2CCD,MD5=F9677B8B603E2BE3FCDF9F7F2A7DD95C,SHA256=B25B6A33137B354A129F75822D54ABB492322767013A8EE46D29A925895375AB,IMPHASH=B60D7D2C91D25FFA4F09FB012696C83A","ImageLoaded":"C:\\Windows\\System32\\drivers\\BasicDisplay.sys","RuleName":"","Signature":"Microsoft Windows","SignatureStatus":"Valid","Signed":"true","UtcTime":"2019-09-10 09:36:55.903"},"System":{"Channel":"Microsoft-Windows-Sysmon/Operational","Computer":"DESKTOP-CF2FLGA","Correlation":null,"EventID":6,"EventRecordID":14094,"Execution":{"#attributes":{"ProcessID":1912,"ThreadID":2596}},"Keywords":"0x8000000000000000","Level":4,"Opcode":0,"Provider":{"#attributes":{"Guid":"5770385F-C22A-43E0-BF4C-06F5698FFBD9","Name":"Microsoft-Windows-Sysmon"}},"Security":{"#attributes":{"UserID":"S-1-5-18"}},"Task":6,"TimeCreated":{"#attributes":{"SystemTime":"2019-09-10T09:37:04.185434Z"}},"Version":3}}}
{"Event":{"#attributes":{"xmlns":"http://schemas.microsoft.com/win/2004/08/events/event"},"EventData":{"Hashes":"SHA1=563C8833709D6D8F4AC0C4EF7C6BD689C8E36A46,MD5=A5F21E6BD723CEA13F8D383852BC6BF8,SHA256=9349F2B9962529BE480A9D20FA6C0FF4BCDCFAA25CCC434EAD5417424A08FE2D,IMPHASH=942D339CF951C88609A044C20DB59AB9","ImageLoaded":"C:\\Windows\\System32\\drivers\\dxgkrnl.sys","RuleName":"","Signature":"Microsoft Windows","SignatureStatus":"Valid","Signed":"true","UtcTime":"2019-09-10 09:36:55.934"},"System":{"Channel":"Microsoft-Windows-Sysmon/Operational","Computer":"DESKTOP-CF2FLGA","Correlation":null,"EventID":6,"EventRecordID":14095,"Execution":{"#attributes":{"ProcessID":1912,"ThreadID":2596}},"Keywords":"0x8000000000000000","Level":4,"Opcode":0,"Provider":{"#attributes":{"Guid":"5770385F-C22A-43E0-BF4C-06F5698FFBD9","Name":"Microsoft-Windows-Sysmon"}},"Security":{"#attributes":{"UserID":"S-1-5-18"}},"Task":6,"TimeCreated":{"#attributes":{"SystemTime":"2019-09-10T09:37:04.198241Z"}},"Version":3}}}
{"Event":{"#attributes":{"xmlns":"http://schemas.microsoft.com/win/2004/08/events/event"},"EventData":{"Hashes":"SHA1=4E7972C4F0E2C15544D0B60A107559E8B4331B20,MD5=1ED9A0349E1C823094B95F8E661A3625,SHA256=E100E8B516EA546D70232DC41B2F4405C35191E37C5F401108ECF7C07E48009A,IMPHASH=7000F848ADDF3782F9815637330BD934","ImageLoaded":"C:\\Windows\\System32\\drivers\\BasicRender.sys","RuleName":"","Signature":"Microsoft Windows","SignatureStatus":"Valid","Signed":"true","UtcTime":"2019-09-10 09:36:55.934"},"System":{"Channel":"Microsoft-Windows-Sysmon/Operational","Computer":"DESKTOP-CF2FLGA","Correlation":null,"EventID":6,"EventRecordID":14096,"Execution":{"#attributes":{"ProcessID":1912,"ThreadID":2596}},"Keywords":"0x8000000000000000","Level":4,"Opcode":0,"Provider":{"#attributes":{"Guid":"5770385F-C22A-43E0-BF4C-06F5698FFBD9","Name":"Microsoft-Windows-Sysmon"}},"Security":{"#attributes":{"UserID":"S-1-5-18"}},"Task":6,"TimeCreated":{"#attributes":{"SystemTime":"2019-09-10T09:37:04.203892Z"}},"Version":3}}}
{"Event":{"#attributes":{"xmlns":"http://schemas.microsoft.com/win/2004/08/events/event"},"EventData":{"Hashes":"SHA1=3DA21B1E7D934B78DA327B971D00B251C4349094,MD5=C552566C5121EE41FE6CD51D002E2715,SHA256=516E99FDBA4571FAC36998EA078707383C46D3F79182ABCD2D7C6CEF83BAAAC7,IMPHASH=A0ED8D6C74EE44D0A40ED4C368F80EB3","ImageLoaded":"C:\\Windows\\System32\\drivers\\npfs.sys","RuleName":"","Signature":"Microsoft Windows","SignatureStatus":"Valid","Signed":"true","UtcTime":"2019-09-10 09:36:55.934"},"System":{"Channel":"Microsoft-Windows-Sysmon/Operational","Computer":"DESKTOP-CF2FLGA","Correlation":null,"EventID":6,"EventRecordID":14097,"Execution":{"#attributes":{"ProcessID":1912,"ThreadID":2596}},"Keywords":"0x8000000000000000","Level":4,"Opcode":0,"Provider":{"#attributes":{"Guid":"5770385F-C22A-43E0-BF4C-06F5698FFBD9","Name":"Microsoft-Windows-Sysmon"}},"Security":{"#attributes":{"UserID":"S-1-5-18"}},"Task":6,"TimeCreated":{"#attributes":{"SystemTime":"2019-09-10T09:37:04.211346Z"}},"Version":3}}}
{"Event":{"#attributes":{"xmlns":"http://schemas.microsoft.com/win/2004/08/events/event"},"EventData":{"Hashes":"SHA1=E3174D15FBEBBB6B288713DDCB0CE5B192F55E4C,MD5=C0D835C215B5B3EA82C89EB253F24C2B,SHA256=1116D55641C0017E644C1DBA23463CFC9E70DB37E1937C8F1DC9E07572DAE5A6,IMPHASH=240F6C33CD74D7B9DEF5D29D5B3A9E59","ImageLoaded":"C:\\Windows\\System32\\drivers\\msfs.sys","RuleName":"","Signature":"Microsoft Windows","SignatureStatus":"Valid","Signed":"true","UtcTime":"2019-09-10 09:36:55.934"},"System":{"Channel":"Microsoft-Windows-Sysmon/Operational","Computer":"DESKTOP-CF2FLGA","Correlation":null,"EventID":6,"EventRecordID":14098,"Execution":{"#attributes":{"ProcessID":1912,"ThreadID":2596}},"Keywords":"0x8000000000000000","Level":4,"Opcode":0,"Provider":{"#attributes":{"Guid":"5770385F-C22A-43E0-BF4C-06F5698FFBD9","Name":"Microsoft-Windows-Sysmon"}},"Security":{"#attributes":{"UserID":"S-1-5-18"}},"Task":6,"TimeCreated":{"#attributes":{"SystemTime":"2019-09-10T09:37:04.217687Z"}},"Version":3}}}
{"Event":{"#attributes":{"xmlns":"http://schemas.microsoft.com/win/2004/08/events/event"},"EventData":{"Hashes":"SHA1=8B55CEE58CF714544AE18096F942B9812BEC0069,MD5=0B10A6C4D33B544D175D3ED725D3E13B,SHA256=2555C5A9ECB36EED08AD5299A103D77664E17BAE272579AE083D5A9D5C25C259,IMPHASH=11F7393B6C15FBF0DAD05EB05005D0E0","ImageLoaded":"C:\\Windows\\System32\\drivers\\tdi.sys","RuleName":"","Signature":"Microsoft Windows","SignatureStatus":"Valid","Signed":"true","UtcTime":"2019-09-10 09:36:55.934"},"System":{"Channel":"Microsoft-Windows-Sysmon/Operational","Computer":"DESKTOP-CF2FLGA","Correlation":null,"EventID":6,"EventRecordID":14099,"Execution":{"#attributes":{"ProcessID":1912,"ThreadID":2596}},"Keywords":"0x8000000000000000","Level":4,"Opcode":0,"Provider":{"#attributes":{"Guid":"5770385F-C22A-43E0-BF4C-06F5698FFBD9","Name":"Microsoft-Windows-Sysmon"}},"Security":{"#attributes":{"UserID":"S-1-5-18"}},"Task":6,"TimeCreated":{"#attributes":{"SystemTime":"2019-09-10T09:37:04.222457Z"}},"Version":3}}}
{"Event":{"#attributes":{"xmlns":"http://schemas.microsoft.com/win/2004/08/events/event"},"EventData":{"Hashes":"SHA1=15C5C5BFC713194FE4F924602A9402F6518C1746,MD5=35C4DBFAE5E7C4A5F53CAF94C23F0E82,SHA256=16EF575BA919DA04632028D5CCC89FA275BB07E0C25D6561189B30E1119E49BC,IMPHASH=26E49630F68A23845F67A4A7AD9D2C41","ImageLoaded":"C:\\Windows\\System32\\drivers\\tdx.sys","RuleName":"","Signature":"Microsoft Windows","SignatureStatus":"Valid","Signed":"true","UtcTime":"2019-09-10 09:36:55.949"},"System":{"Channel":"Microsoft-Windows-Sysmon/Operational","Computer":"DESKTOP-CF2FLGA","Correlation":null,"EventID":6,"EventRecordID":14100,"Execution":{"#attributes":{"ProcessID":1912,"ThreadID":2596}},"Keywords":"0x8000000000000000","Level":4,"Opcode":0,"Provider":{"#attributes":{"Guid":"5770385F-C22A-43E0-BF4C-06F5698FFBD9","Name":"Microsoft-Windows-Sysmon"}},"Security":{"#attributes":{"UserID":"S-1-5-18"}},"Task":6,"TimeCreated":{"#attributes":{"SystemTime":"2019-09-10T09:37:04.227812Z"}},"Version":3}}}
{"Event":{"#attributes":{"xmlns":"http://schemas.microsoft.com/win/2004/08/events/event"},"EventData":{"Hashes":"SHA1=7EF75AC05E7A4673D6F0399039325909048AA84A,MD5=C2B8740762D91436865CDA6710CF2429,SHA256=875EC635B7D1F4F7E6EC8DA59F2F4942DC47648C34DE2B3AC8DADD0EB074F012,IMPHASH=EDD338B9C183B35B96866883D5968716","ImageLoaded":"C:\\Windows\\System32\\drivers\\ws2ifsl.sys","RuleName":"","Signature":"Microsoft Windows","SignatureStatus":"Valid","Signed":"true","UtcTime":"2019-09-10 09:36:55.949"},"System":{"Channel":"Microsoft-Windows-Sysmon/Operational","Computer":"DESKTOP-CF2FLGA","Correlation":null,"EventID":6,"EventRecordID":14101,"Execution":{"#attributes":{"ProcessID":1912,"ThreadID":2596}},"Keywords":"0x8000000000000000","Level":4,"Opcode":0,"Provider":{"#attributes":{"Guid":"5770385F-C22A-43E0-BF4C-06F5698FFBD9","Name":"Microsoft-Windows-Sysmon"}},"Security":{"#attributes":{"UserID":"S-1-5-18"}},"Task":6,"TimeCreated":{"#attributes":{"SystemTime":"2019-09-10T09:37:04.235669Z"}},"Version":3}}}
{"Event":{"#attributes":{"xmlns":"http://schemas.microsoft.com/win/2004/08/events/event"},"EventData":{"Hashes":"SHA1=C7CFDEC504E52581ED700A4EABF0945033F19B98,MD5=F60AE46F9B244F3FF02BFE0DF8DBFF86,SHA256=B2FD53D558D904FCA4D55FCA873A1AB770D6891005B2D37A1E9685E2B809B7E3,IMPHASH=77C988565E595E091272C9BA8B24935F","ImageLoaded":"C:\\Windows\\System32\\drivers\\netbt.sys","RuleName":"","Signature":"Microsoft Windows","SignatureStatus":"Valid","Signed":"true","UtcTime":"2019-09-10 09:36:55.949"},"System":{"Channel":"Microsoft-Windows-Sysmon/Operational","Computer":"DESKTOP-CF2FLGA","Correlation":null,"EventID":6,"EventRecordID":14102,"Execution":{"#attributes":{"ProcessID":1912,"ThreadID":2596}},"Keywords":"0x8000000000000000","Level":4,"Opcode":0,"Provider":{"#attributes":{"Guid":"5770385F-C22A-43E0-BF4C-06F5698FFBD9","Name":"Microsoft-Windows-Sysmon"}},"Security":{"#attributes":{"UserID":"S-1-5-18"}},"Task":6,"TimeCreated":{"#attributes":{"SystemTime":"2019-09-10T09:37:04.243925Z"}},"Version":3}}}
{"Event":{"#attributes":{"xmlns":"http://schemas.microsoft.com/win/2004/08/events/event"},"EventData":{"Hashes":"SHA1=AC5E01FA74C20087D715A0174233FF1B05F923C7,MD5=C5E1DEF4FE031F6CD59AF5E46165F5A8,SHA256=9008E7CA45E20D58B956C8FFE5C430C61753CF5C3681233EA06B456AE5F57A14,IMPHASH=E14DAE72CD82432B399B4DD1BBBB5CAC","ImageLoaded":"C:\\Windows\\System32\\drivers\\afd.sys","RuleName":"","Signature":"Microsoft Windows","SignatureStatus":"Valid","Signed":"true","UtcTime":"2019-09-10 09:36:55.965"},"System":{"Channel":"Microsoft-Windows-Sysmon/Operational","Computer":"DESKTOP-CF2FLGA","Correlation":null,"EventID":6,"EventRecordID":14103,"Execution":{"#attributes":{"ProcessID":1912,"ThreadID":2596}},"Keywords":"0x8000000000000000","Level":4,"Opcode":0,"Provider":{"#attributes":{"Guid":"5770385F-C22A-43E0-BF4C-06F5698FFBD9","Name":"Microsoft-Windows-Sysmon"}},"Security":{"#attributes":{"UserID":"S-1-5-18"}},"Task":6,"TimeCreated":{"#attributes":{"SystemTime":"2019-09-10T09:37:04.251095Z"}},"Version":3}}}
{"Event":{"#attributes":{"xmlns":"http://schemas.microsoft.com/win/2004/08/events/event"},"EventData":{"Hashes":"SHA1=C7C9D4B1E1F58ECEC8C480BC0F7C4C24A44AE344,MD5=908B2BC47A2318332E0FE112DC215811,SHA256=DB726385DAA63E3D078CC9C1160D8D0B85F1C6061CC7C4C6B3FE0C00139F45A5,IMPHASH=2DB3623CD1A7FB2982AED0B93800C91E","ImageLoaded":"C:\\Windows\\System32\\drivers\\vwififlt.sys","RuleName":"","Signature":"Microsoft Windows","SignatureStatus":"Valid","Signed":"true","UtcTime":"2019-09-10 09:36:55.965"},"System":{"Channel":"Microsoft-Windows-Sysmon/Operational","Computer":"DESKTOP-CF2FLGA","Correlation":null,"EventID":6,"EventRecordID":14104,"Execution":{"#attributes":{"ProcessID":1912,"ThreadID":2596}},"Keywords":"0x8000000000000000","Level":4,"Opcode":0,"Provider":{"#attributes":{"Guid":"5770385F-C22A-43E0-BF4C-06F5698FFBD9","Name":"Microsoft-Windows-Sysmon"}},"Security":{"#attributes":{"UserID":"S-1-5-18"}},"Task":6,"TimeCreated":{"#attributes":{"SystemTime":"2019-09-10T09:37:04.258951Z"}},"Version":3}}}
{"Event":{"#attributes":{"xmlns":"http://schemas.microsoft.com/win/2004/08/events/event"},"EventData":{"Hashes":"SHA1=F9EFC5F2AF003BEAC162B950EF8D441D8C060366,MD5=771101B3C6D8F59354135E039133B2AF,SHA256=05FC0565510AC42132516B2237E05C144B7F88B8A853FB2EEC529B787457F553,IMPHASH=3141B8C5FABBEB88F15E6757077A549D","ImageLoaded":"C:\\Windows\\System32\\drivers\\pacer.sys","RuleName":"","Signature":"Microsoft Windows","SignatureStatus":"Valid","Signed":"true","UtcTime":"2019-09-10 09:36:55.965"},"System":{"Channel":"Microsoft-Windows-Sysmon/Operational","Computer":"DESKTOP-CF2FLGA","Correlation":null,"EventID":6,"EventRecordID":14105,"Execution":{"#attributes":{"ProcessID":1912,"ThreadID":2596}},"Keywords":"0x8000000000000000","Level":4,"Opcode":0,"Provider":{"#attributes":{"Guid":"5770385F-C22A-43E0-BF4C-06F5698FFBD9","Name":"Microsoft-Windows-Sysmon"}},"Security":{"#attributes":{"UserID":"S-1-5-18"}},"Task":6,"TimeCreated":{"#attributes":{"SystemTime":"2019-09-10T09:37:04.264137Z"}},"Version":3}}}
{"Event":{"#attributes":{"xmlns":"http://schemas.microsoft.com/win/2004/08/events/event"},"EventData":{"Hashes":"SHA1=61D28D812289F17BB9993DCA8C989D4227221E56,MD5=F16DD1AAEA94A1109008E09BBCCDCF60,SHA256=9BC0550409CC70AA23F25D3DB9500E9DB1ADEB02404FEEEBF98DE41E6A8DCCD2,IMPHASH=D5E1F30AF1D6F7D3BEE90BFB1EC3EF2F","ImageLoaded":"C:\\Windows\\System32\\drivers\\netbios.sys","RuleName":"","Signature":"Microsoft Windows","SignatureStatus":"Valid","Signed":"true","UtcTime":"2019-09-10 09:36:55.965"},"System":{"Channel":"Microsoft-Windows-Sysmon/Operational","Computer":"DESKTOP-CF2FLGA","Correlation":null,"EventID":6,"EventRecordID":14106,"Execution":{"#attributes":{"ProcessID":1912,"ThreadID":2596}},"Keywords":"0x8000000000000000","Level":4,"Opcode":0,"Provider":{"#attributes":{"Guid":"5770385F-C22A-43E0-BF4C-06F5698FFBD9","Name":"Microsoft-Windows-Sysmon"}},"Security":{"#attributes":{"UserID":"S-1-5-18"}},"Task":6,"TimeCreated":{"#attributes":{"SystemTime":"2019-09-10T09:37:04.268591Z"}},"Version":3}}}
{"Event":{"#attributes":{"xmlns":"http://schemas.microsoft.com/win/2004/08/events/event"},"EventData":{"Hashes":"SHA1=BFD8E2CD7297B25E5967DE2670DD5935FC74994E,MD5=A340B3039E43BC243CC397C1B351262C,SHA256=4C2D6BBDED327AA68F76093E02FB71400D61CA81B6F687FBEF3A703C63523C7D,IMPHASH=21DAE1E10F09B984E39F30A93002094D","ImageLoaded":"C:\\Windows\\System32\\drivers\\rdbss.sys","RuleName":"","Signature":"Microsoft Windows","SignatureStatus":"Valid","Signed":"true","UtcTime":"2019-09-10 09:36:55.965"},"System":{"Channel":"Microsoft-Windows-Sysmon/Operational","Computer":"DESKTOP-CF2FLGA","Correlation":null,"EventID":6,"EventRecordID":14107,"Execution":{"#attributes":{"ProcessID":1912,"ThreadID":2596}},"Keywords":"0x8000000000000000","Level":4,"Opcode":0,"Provider":{"#attributes":{"Guid":"5770385F-C22A-43E0-BF4C-06F5698FFBD9","Name":"Microsoft-Windows-Sysmon"}},"Security":{"#attributes":{"UserID":"S-1-5-18"}},"Task":6,"TimeCreated":{"#attributes":{"SystemTime":"2019-09-10T09:37:04.277287Z"}},"Version":3}}}
{"Event":{"#attributes":{"xmlns":"http://schemas.microsoft.com/win/2004/08/events/event"},"EventData":{"Hashes":"SHA1=6488597CE39856D7FBE4F14A70F424DF72D86420,MD5=EC0BEB55A4FDBD77B8ECC7FC905A295D,SHA256=A84121980F5672FFC519CB328FF072FEEA0AE90DA067EDDF622297E5E9D4EFA5,IMPHASH=591E5CE2C36E99E480C7A04C5FF90FCB","ImageLoaded":"C:\\Windows\\System32\\drivers\\csc.sys","RuleName":"","Signature":"Microsoft Windows","SignatureStatus":"Valid","Signed":"true","UtcTime":"2019-09-10 09:36:55.981"},"System":{"Channel":"Microsoft-Windows-Sysmon/Operational","Computer":"DESKTOP-CF2FLGA","Correlation":null,"EventID":6,"EventRecordID":14108,"Execution":{"#attributes":{"ProcessID":1912,"ThreadID":2596}},"Keywords":"0x8000000000000000","Level":4,"Opcode":0,"Provider":{"#attributes":{"Guid":"5770385F-C22A-43E0-BF4C-06F5698FFBD9","Name":"Microsoft-Windows-Sysmon"}},"Security":{"#attributes":{"UserID":"S-1-5-18"}},"Task":6,"TimeCreated":{"#attributes":{"SystemTime":"2019-09-10T09:37:04.287929Z"}},"Version":3}}}
{"Event":{"#attributes":{"xmlns":"http://schemas.microsoft.com/win/2004/08/events/event"},"EventData":{"Hashes":"SHA1=2D2803A4096955111B0696B25C0A9584AB0EF8F4,MD5=8B27E449AFA08A77C54744C0E3DD542F,SHA256=7D6D73A1E173DD43EBD5ACCB5508D074C79EEC321B66D31ED17EED172E1531B1,IMPHASH=A7FADF6C638A2308284B0F16537BCF4E","ImageLoaded":"C:\\Windows\\System32\\drivers\\nsiproxy.sys","RuleName":"","Signature":"Microsoft Windows","SignatureStatus":"Valid","Signed":"true","UtcTime":"2019-09-10 09:36:55.981"},"System":{"Channel":"Microsoft-Windows-Sysmon/Operational","Computer":"DESKTOP-CF2FLGA","Correlation":null,"EventID":6,"EventRecordID":14109,"Execution":{"#attributes":{"ProcessID":1912,"ThreadID":2596}},"Keywords":"0x8000000000000000","Level":4,"Opcode":0,"Provider":{"#attributes":{"Guid":"5770385F-C22A-43E0-BF4C-06F5698FFBD9","Name":"Microsoft-Windows-Sysmon"}},"Security":{"#attributes":{"UserID":"S-1-5-18"}},"Task":6,"TimeCreated":{"#attributes":{"SystemTime":"2019-09-10T09:37:04.323763Z"}},"Version":3}}}
{"Event":{"#attributes":{"xmlns":"http://schemas.microsoft.com/win/2004/08/events/event"},"EventData":{"Hashes":"SHA1=2B15CFA5EADEC8501FAB986701604403E1C1933F,MD5=BB6C28F5912D6351BCDE006081FC6BEB,SHA256=0D978A2B1DEB5126F922214997B9CF77EC9E9A7C4B18A569D5413ECA04C04767,IMPHASH=55F15AEB3CF3C001B1DBF9AEC24C8CB8","ImageLoaded":"C:\\Windows\\System32\\drivers\\npsvctrig.sys","RuleName":"","Signature":"Microsoft Windows","SignatureStatus":"Valid","Signed":"true","UtcTime":"2019-09-10 09:36:55.981"},"System":{"Channel":"Microsoft-Windows-Sysmon/Operational","Computer":"DESKTOP-CF2FLGA","Correlation":null,"EventID":6,"EventRecordID":14110,"Execution":{"#attributes":{"ProcessID":1912,"ThreadID":2596}},"Keywords":"0x8000000000000000","Level":4,"Opcode":0,"Provider":{"#attributes":{"Guid":"5770385F-C22A-43E0-BF4C-06F5698FFBD9","Name":"Microsoft-Windows-Sysmon"}},"Security":{"#attributes":{"UserID":"S-1-5-18"}},"Task":6,"TimeCreated":{"#attributes":{"SystemTime":"2019-09-10T09:37:04.371237Z"}},"Version":3}}}
{"Event":{"#attributes":{"xmlns":"http://schemas.microsoft.com/win/2004/08/events/event"},"EventData":{"Hashes":"SHA1=33B1AD5E5C61FE8027FC6D7DB82FE8B2F721FD16,MD5=DC7D53161E132A1A4D0BCDEFE69111C5,SHA256=10EC7C2F1715C1CC3FDEFC5C578631FC897D2BFE466606FC394787F42FCE78C7,IMPHASH=C2A71DB93B678EB785E7882363156A2B","ImageLoaded":"C:\\Windows\\System32\\drivers\\mssmbios.sys","RuleName":"","Signature":"Microsoft Windows","SignatureStatus":"Valid","Signed":"true","UtcTime":"2019-09-10 09:36:55.981"},"System":{"Channel":"Microsoft-Windows-Sysmon/Operational","Computer":"DESKTOP-CF2FLGA","Correlation":null,"EventID":6,"EventRecordID":14111,"Execution":{"#attributes":{"ProcessID":1912,"ThreadID":2596}},"Keywords":"0x8000000000000000","Level":4,"Opcode":0,"Provider":{"#attributes":{"Guid":"5770385F-C22A-43E0-BF4C-06F5698FFBD9","Name":"Microsoft-Windows-Sysmon"}},"Security":{"#attributes":{"UserID":"S-1-5-18"}},"Task":6,"TimeCreated":{"#attributes":{"SystemTime":"2019-09-10T09:37:04.375655Z"}},"Version":3}}}
{"Event":{"#attributes":{"xmlns":"http://schemas.microsoft.com/win/2004/08/events/event"},"EventData":{"Hashes":"SHA1=92AC9E00822F4C7AEBF804E60B686A683582FF03,MD5=F2CA103777B376918BB990C1C04EAE35,SHA256=59FC92135B42854586E965B1042A1ACB7AA40E90E940DF3562E104C2FB8A9AEE,IMPHASH=F87EEF3C2FC93BFAE24B77ACF983BE31","ImageLoaded":"C:\\Windows\\System32\\drivers\\gpuenergydrv.sys","RuleName":"","Signature":"Microsoft Windows","SignatureStatus":"Valid","Signed":"true","UtcTime":"2019-09-10 09:36:55.981"},"System":{"Channel":"Microsoft-Windows-Sysmon/Operational","Computer":"DESKTOP-CF2FLGA","Correlation":null,"EventID":6,"EventRecordID":14112,"Execution":{"#attributes":{"ProcessID":1912,"ThreadID":2596}},"Keywords":"0x8000000000000000","Level":4,"Opcode":0,"Provider":{"#attributes":{"Guid":"5770385F-C22A-43E0-BF4C-06F5698FFBD9","Name":"Microsoft-Windows-Sysmon"}},"Security":{"#attributes":{"UserID":"S-1-5-18"}},"Task":6,"TimeCreated":{"#attributes":{"SystemTime":"2019-09-10T09:37:04.384825Z"}},"Version":3}}}
{"Event":{"#attributes":{"xmlns":"http://schemas.microsoft.com/win/2004/08/events/event"},"EventData":{"Hashes":"SHA1=066F923E41A7F53018C5A1D95980222F20066461,MD5=FF2FAE24F70AC0501C59C20136A333DD,SHA256=C0F81F6295DBE491B54692205D2EFBE607CF598B3D0951478EA65EF300CC83EB,IMPHASH=F4AB69589408B4E79CF8C0F68040F94B","ImageLoaded":"C:\\Windows\\System32\\drivers\\dfsc.sys","RuleName":"","Signature":"Microsoft Windows","SignatureStatus":"Valid","Signed":"true","UtcTime":"2019-09-10 09:36:55.996"},"System":{"Channel":"Microsoft-Windows-Sysmon/Operational","Computer":"DESKTOP-CF2FLGA","Correlation":null,"EventID":6,"EventRecordID":14113,"Execution":{"#attributes":{"ProcessID":1912,"ThreadID":2596}},"Keywords":"0x8000000000000000","Level":4,"Opcode":0,"Provider":{"#attributes":{"Guid":"5770385F-C22A-43E0-BF4C-06F5698FFBD9","Name":"Microsoft-Windows-Sysmon"}},"Security":{"#attributes":{"UserID":"S-1-5-18"}},"Task":6,"TimeCreated":{"#attributes":{"SystemTime":"2019-09-10T09:37:04.414526Z"}},"Version":3}}}
{"Event":{"#attributes":{"xmlns":"http://schemas.microsoft.com/win/2004/08/events/event"},"EventData":{"Hashes":"SHA1=A90835AC82524EB1462785DF33E4C5F0A7C78648,MD5=2CE40290DF549625B5AB8A00B371EFF3,SHA256=DA59E86D052496813833D8416D428D7F82A223E835FDEF2A17495AA7F2B5C78C,IMPHASH=1CC18866D54E465C49AFA07B1FCBC10C","ImageLoaded":"C:\\Windows\\System32\\drivers\\dam.sys","RuleName":"","Signature":"Microsoft Windows","SignatureStatus":"Valid","Signed":"true","UtcTime":"2019-09-10 09:36:55.996"},"System":{"Channel":"Microsoft-Windows-Sysmon/Operational","Computer":"DESKTOP-CF2FLGA","Correlation":null,"EventID":6,"EventRecordID":14114,"Execution":{"#attributes":{"ProcessID":1912,"ThreadID":2596}},"Keywords":"0x8000000000000000","Level":4,"Opcode":0,"Provider":{"#attributes":{"Guid":"5770385F-C22A-43E0-BF4C-06F5698FFBD9","Name":"Microsoft-Windows-Sysmon"}},"Security":{"#attributes":{"UserID":"S-1-5-18"}},"Task":6,"TimeCreated":{"#attributes":{"SystemTime":"2019-09-10T09:37:04.419084Z"}},"Version":3}}}
{"Event":{"#attributes":{"xmlns":"http://schemas.microsoft.com/win/2004/08/events/event"},"EventData":{"Hashes":"SHA1=DB65006B7DC211C518DCB31A918D0ADF3337A265,MD5=26BED4D2B37B9F2FF5440F128494B52B,SHA256=250BC5E1CF85B382214E87B727CB7F32635D508504F4E3C906B49A2FABEFA122,IMPHASH=15E20E2FF9242F33E6BB2F38041B7F9F","ImageLoaded":"C:\\Windows\\System32\\drivers\\ahcache.sys","RuleName":"","Signature":"Microsoft Windows","SignatureStatus":"Valid","Signed":"true","UtcTime":"2019-09-10 09:36:55.996"},"System":{"Channel":"Microsoft-Windows-Sysmon/Operational","Computer":"DESKTOP-CF2FLGA","Correlation":null,"EventID":6,"EventRecordID":14115,"Execution":{"#attributes":{"ProcessID":1912,"ThreadID":2596}},"Keywords":"0x8000000000000000","Level":4,"Opcode":0,"Provider":{"#attributes":{"Guid":"5770385F-C22A-43E0-BF4C-06F5698FFBD9","Name":"Microsoft-Windows-Sysmon"}},"Security":{"#attributes":{"UserID":"S-1-5-18"}},"Task":6,"TimeCreated":{"#attributes":{"SystemTime":"2019-09-10T09:37:04.427173Z"}},"Version":3}}}
{"Event":{"#attributes":{"xmlns":"http://schemas.microsoft.com/win/2004/08/events/event"},"EventData":{"Hashes":"SHA1=9E378DB6B2069285F1D985C26B98B709C1526BAA,MD5=982B14414C2DB5F76F43091E816B55BC,SHA256=F268A591F7DB7E6CEF595F6739723FBCCD70FEB63FE55734C424EB900AAA5460,IMPHASH=80DE5210E3271958B1FBA236A031CAED","ImageLoaded":"C:\\Windows\\System32\\DriverStore\\FileRepository\\compositebus.inf_x86_a4832450a7024d49\\CompositeBus.sys","RuleName":"","Signature":"Microsoft Windows","SignatureStatus":"Valid","Signed":"true","UtcTime":"2019-09-10 09:36:56.012"},"System":{"Channel":"Microsoft-Windows-Sysmon/Operational","Computer":"DESKTOP-CF2FLGA","Correlation":null,"EventID":6,"EventRecordID":14116,"Execution":{"#attributes":{"ProcessID":1912,"ThreadID":2596}},"Keywords":"0x8000000000000000","Level":4,"Opcode":0,"Provider":{"#attributes":{"Guid":"5770385F-C22A-43E0-BF4C-06F5698FFBD9","Name":"Microsoft-Windows-Sysmon"}},"Security":{"#attributes":{"UserID":"S-1-5-18"}},"Task":6,"TimeCreated":{"#attributes":{"SystemTime":"2019-09-10T09:37:04.434037Z"}},"Version":3}}}
{"Event":{"#attributes":{"xmlns":"http://schemas.microsoft.com/win/2004/08/events/event"},"EventData":{"Hashes":"SHA1=08A5B7489E30B215D0B5483923E389D050669205,MD5=566D95C7CCDEF5EC2FC8F1660E1B8FA0,SHA256=734897E9CCF5287FDAC26E15E9892ADA4201B7F145044C12A404E414B11141C3,IMPHASH=0160325599F61B58FAB39944F877D289","ImageLoaded":"C:\\Windows\\System32\\drivers\\kdnic.sys","RuleName":"","Signature":"Microsoft Windows","SignatureStatus":"Valid","Signed":"true","UtcTime":"2019-09-10 09:36:56.012"},"System":{"Channel":"Microsoft-Windows-Sysmon/Operational","Computer":"DESKTOP-CF2FLGA","Correlation":null,"EventID":6,"EventRecordID":14117,"Execution":{"#attributes":{"ProcessID":1912,"ThreadID":2596}},"Keywords":"0x8000000000000000","Level":4,"Opcode":0,"Provider":{"#attributes":{"Guid":"5770385F-C22A-43E0-BF4C-06F5698FFBD9","Name":"Microsoft-Windows-Sysmon"}},"Security":{"#attributes":{"UserID":"S-1-5-18"}},"Task":6,"TimeCreated":{"#attributes":{"SystemTime":"2019-09-10T09:37:04.440617Z"}},"Version":3}}}
{"Event":{"#attributes":{"xmlns":"http://schemas.microsoft.com/win/2004/08/events/event"},"EventData":{"Hashes":"SHA1=D574F856141914D35B1453B767D53DFE4D3BA9CB,MD5=34196654205A974D2CB458614633694A,SHA256=844E513A10BEC4AD6F2BE320DADAEEACE97137DEF021675B9892A9223D177114,IMPHASH=79986C2C5131F0F3BEF02F191F0B1ACC","ImageLoaded":"C:\\Windows\\System32\\drivers\\umbus.sys","RuleName":"","Signature":"Microsoft Windows","SignatureStatus":"Valid","Signed":"true","UtcTime":"2019-09-10 09:36:56.012"},"System":{"Channel":"Microsoft-Windows-Sysmon/Operational","Computer":"DESKTOP-CF2FLGA","Correlation":null,"EventID":6,"EventRecordID":14118,"Execution":{"#attributes":{"ProcessID":1912,"ThreadID":2596}},"Keywords":"0x8000000000000000","Level":4,"Opcode":0,"Provider":{"#attributes":{"Guid":"5770385F-C22A-43E0-BF4C-06F5698FFBD9","Name":"Microsoft-Windows-Sysmon"}},"Security":{"#attributes":{"UserID":"S-1-5-18"}},"Task":6,"TimeCreated":{"#attributes":{"SystemTime":"2019-09-10T09:37:04.447255Z"}},"Version":3}}}
{"Event":{"#attributes":{"xmlns":"http://schemas.microsoft.com/win/2004/08/events/event"},"EventData":{"Hashes":"SHA1=5BD3C6D228A263F13111311E38A775E5B1E6C3FC,MD5=4AFC7F3F691B8259B41712917808F35B,SHA256=D9CEA9D7ED8DDF43C4827113CADE8EFFB9AB3C94DAB2BEEDC79599A0CB568A46,IMPHASH=51B06780FC725F3E7AB29E95BBB86B81","ImageLoaded":"C:\\Windows\\System32\\drivers\\i8042prt.sys","RuleName":"","Signature":"Microsoft Windows","SignatureStatus":"Valid","Signed":"true","UtcTime":"2019-09-10 09:36:56.012"},"System":{"Channel":"Microsoft-Windows-Sysmon/Operational","Computer":"DESKTOP-CF2FLGA","Correlation":null,"EventID":6,"EventRecordID":14119,"Execution":{"#attributes":{"ProcessID":1912,"ThreadID":2596}},"Keywords":"0x8000000000000000","Level":4,"Opcode":0,"Provider":{"#attributes":{"Guid":"5770385F-C22A-43E0-BF4C-06F5698FFBD9","Name":"Microsoft-Windows-Sysmon"}},"Security":{"#attributes":{"UserID":"S-1-5-18"}},"Task":6,"TimeCreated":{"#attributes":{"SystemTime":"2019-09-10T09:37:04.454433Z"}},"Version":3}}}
{"Event":{"#attributes":{"xmlns":"http://schemas.microsoft.com/win/2004/08/events/event"},"EventData":{"Hashes":"SHA1=AFA5212AFC8E84DD325BB8639ED7B3B9C2A2AF5B,MD5=8BF140160F18F89755BB7D4232A881E5,SHA256=37A3FA44956CE5030A3392818EE8DB04993B4C5BB2C0FBBE2A47C74BC88396E5,IMPHASH=B83687A7B7491C4B63AEAE160F2861CA","ImageLoaded":"C:\\Windows\\System32\\drivers\\kbdclass.sys","RuleName":"","Signature":"Microsoft Windows","SignatureStatus":"Valid","Signed":"true","UtcTime":"2019-09-10 09:36:56.012"},"System":{"Channel":"Microsoft-Windows-Sysmon/Operational","Computer":"DESKTOP-CF2FLGA","Correlation":null,"EventID":6,"EventRecordID":14120,"Execution":{"#attributes":{"ProcessID":1912,"ThreadID":2596}},"Keywords":"0x8000000000000000","Level":4,"Opcode":0,"Provider":{"#attributes":{"Guid":"5770385F-C22A-43E0-BF4C-06F5698FFBD9","Name":"Microsoft-Windows-Sysmon"}},"Security":{"#attributes":{"UserID":"S-1-5-18"}},"Task":6,"TimeCreated":{"#attributes":{"SystemTime":"2019-09-10T09:37:04.458704Z"}},"Version":3}}}
{"Event":{"#attributes":{"xmlns":"http://schemas.microsoft.com/win/2004/08/events/event"},"EventData":{"Hashes":"SHA1=0FDF1BFB834E09D65D499A54B9122DD6D5A48E78,MD5=0A429D38F68F3FC38A01CC1F14D6115D,SHA256=9EDDB3BD71E64D0DB61BD950ED67F293565DF185400A6BE25BE6B29F35B51DE9,IMPHASH=1847DEBBCC80BD94391F151F547DF947","ImageLoaded":"C:\\Windows\\System32\\drivers\\vmmouse.sys","RuleName":"","Signature":"VMware, Inc.","SignatureStatus":"Valid","Signed":"true","UtcTime":"2019-09-10 09:36:56.028"},"System":{"Channel":"Microsoft-Windows-Sysmon/Operational","Computer":"DESKTOP-CF2FLGA","Correlation":null,"EventID":6,"EventRecordID":14121,"Execution":{"#attributes":{"ProcessID":1912,"ThreadID":2596}},"Keywords":"0x8000000000000000","Level":4,"Opcode":0,"Provider":{"#attributes":{"Guid":"5770385F-C22A-43E0-BF4C-06F5698FFBD9","Name":"Microsoft-Windows-Sysmon"}},"Security":{"#attributes":{"UserID":"S-1-5-18"}},"Task":6,"TimeCreated":{"#attributes":{"SystemTime":"2019-09-10T09:37:04.465232Z"}},"Version":3}}}
{"Event":{"#attributes":{"xmlns":"http://schemas.microsoft.com/win/2004/08/events/event"},"EventData":{"Hashes":"SHA1=28874A1200D2F301609DED991B248C5A81B52F57,MD5=7A0C0F5D2BC184A10CFCCBDF18F4B03E,SHA256=7A92AF4FE405F2A8B2300049FBDEE785CC0340F6B70CB19DD3F622953E5689DF,IMPHASH=0AB426D9E032FC1F1CE01949EF47ECC1","ImageLoaded":"C:\\Windows\\System32\\drivers\\mouclass.sys","RuleName":"","Signature":"Microsoft Windows","SignatureStatus":"Valid","Signed":"true","UtcTime":"2019-09-10 09:36:56.028"},"System":{"Channel":"Microsoft-Windows-Sysmon/Operational","Computer":"DESKTOP-CF2FLGA","Correlation":null,"EventID":6,"EventRecordID":14122,"Execution":{"#attributes":{"ProcessID":1912,"ThreadID":2596}},"Keywords":"0x8000000000000000","Level":4,"Opcode":0,"Provider":{"#attributes":{"Guid":"5770385F-C22A-43E0-BF4C-06F5698FFBD9","Name":"Microsoft-Windows-Sysmon"}},"Security":{"#attributes":{"UserID":"S-1-5-18"}},"Task":6,"TimeCreated":{"#attributes":{"SystemTime":"2019-09-10T09:37:04.469597Z"}},"Version":3}}}
{"Event":{"#attributes":{"xmlns":"http://schemas.microsoft.com/win/2004/08/events/event"},"EventData":{"Hashes":"SHA1=29C5FDB06D8DD46504E521D78CF7EC998DBC1EC4,MD5=C4C30156F58BF3F0B6469FD600572771,SHA256=1C9E37A68B360622B2415D0652F2B379ECB05720F26549EFB90CBE6D011EF8F5,IMPHASH=1DC77708D60CEEC0A02D2284B9F5C904","ImageLoaded":"C:\\Windows\\System32\\drivers\\serial.sys","RuleName":"","Signature":"Microsoft Windows","SignatureStatus":"Valid","Signed":"true","UtcTime":"2019-09-10 09:36:56.028"},"System":{"Channel":"Microsoft-Windows-Sysmon/Operational","Computer":"DESKTOP-CF2FLGA","Correlation":null,"EventID":6,"EventRecordID":14123,"Execution":{"#attributes":{"ProcessID":1912,"ThreadID":2596}},"Keywords":"0x8000000000000000","Level":4,"Opcode":0,"Provider":{"#attributes":{"Guid":"5770385F-C22A-43E0-BF4C-06F5698FFBD9","Name":"Microsoft-Windows-Sysmon"}},"Security":{"#attributes":{"UserID":"S-1-5-18"}},"Task":6,"TimeCreated":{"#attributes":{"SystemTime":"2019-09-10T09:37:04.477323Z"}},"Version":3}}}
{"Event":{"#attributes":{"xmlns":"http://schemas.microsoft.com/win/2004/08/events/event"},"EventData":{"Hashes":"SHA1=DD6BC70B0E27485D08BBEC723F4B1B06C3670147,MD5=6DD94F4FFA57B9090F19561CB1A897EB,SHA256=386F89B11D8B224C110E3701405FFB97A2E10F0F487F8825E76BE68C2DCE7B0A,IMPHASH=A9516C718EDC36ECABB73E9DFDE051C0","ImageLoaded":"C:\\Windows\\System32\\drivers\\serenum.sys","RuleName":"","Signature":"Microsoft Windows","SignatureStatus":"Valid","Signed":"true","UtcTime":"2019-09-10 09:36:56.028"},"System":{"Channel":"Microsoft-Windows-Sysmon/Operational","Computer":"DESKTOP-CF2FLGA","Correlation":null,"EventID":6,"EventRecordID":14124,"Execution":{"#attributes":{"ProcessID":1912,"ThreadID":2596}},"Keywords":"0x8000000000000000","Level":4,"Opcode":0,"Provider":{"#attributes":{"Guid":"5770385F-C22A-43E0-BF4C-06F5698FFBD9","Name":"Microsoft-Windows-Sysmon"}},"Security":{"#attributes":{"UserID":"S-1-5-18"}},"Task":6,"TimeCreated":{"#attributes":{"SystemTime":"2019-09-10T09:37:04.483646Z"}},"Version":3}}}
{"Event":{"#attributes":{"xmlns":"http://schemas.microsoft.com/win/2004/08/events/event"},"EventData":{"Hashes":"SHA1=C50AC433CF50EB5ABAF29D3D74249FFBAB15B373,MD5=F9E3496F09E59D6EDDFAF13C41D4CA04,SHA256=A0DB4B027696702A88CA2673B5D16461F671D04CB2271D247471AEE0DF1B1641,IMPHASH=2D16450AAA811BAF6DD30EDC99A958AC","ImageLoaded":"C:\\Windows\\System32\\drivers\\fdc.sys","RuleName":"","Signature":"Microsoft Windows","SignatureStatus":"Valid","Signed":"true","UtcTime":"2019-09-10 09:36:56.028"},"System":{"Channel":"Microsoft-Windows-Sysmon/Operational","Computer":"DESKTOP-CF2FLGA","Correlation":null,"EventID":6,"EventRecordID":14125,"Execution":{"#attributes":{"ProcessID":1912,"ThreadID":2596}},"Keywords":"0x8000000000000000","Level":4,"Opcode":0,"Provider":{"#attributes":{"Guid":"5770385F-C22A-43E0-BF4C-06F5698FFBD9","Name":"Microsoft-Windows-Sysmon"}},"Security":{"#attributes":{"UserID":"S-1-5-18"}},"Task":6,"TimeCreated":{"#attributes":{"SystemTime":"2019-09-10T09:37:04.490130Z"}},"Version":3}}}
{"Event":{"#attributes":{"xmlns":"http://schemas.microsoft.com/win/2004/08/events/event"},"EventData":{"Hashes":"SHA1=BDD4E9A1015293E55F26D08ECD3DC999171D41D5,MD5=0CDB1C1F1D11B91601FEB6FD7FD158C2,SHA256=EE5970F6EA0718439BEE8CB4E6DB1880322131823486F4DA7E4602F477E9FC99,IMPHASH=94B86915B2EC75A09B1D09E563A972B6","ImageLoaded":"C:\\Windows\\System32\\drivers\\vm3dmp_loader.sys","RuleName":"","Signature":"VMware, Inc.","SignatureStatus":"Valid","Signed":"true","UtcTime":"2019-09-10 09:36:56.028"},"System":{"Channel":"Microsoft-Windows-Sysmon/Operational","Computer":"DESKTOP-CF2FLGA","Correlation":null,"EventID":6,"EventRecordID":14126,"Execution":{"#attributes":{"ProcessID":1912,"ThreadID":2596}},"Keywords":"0x8000000000000000","Level":4,"Opcode":0,"Provider":{"#attributes":{"Guid":"5770385F-C22A-43E0-BF4C-06F5698FFBD9","Name":"Microsoft-Windows-Sysmon"}},"Security":{"#attributes":{"UserID":"S-1-5-18"}},"Task":6,"TimeCreated":{"#attributes":{"SystemTime":"2019-09-10T09:37:04.495854Z"}},"Version":3}}}
