{"Event":{"#attributes":{"xmlns":"http://schemas.microsoft.com/win/2004/08/events/event"},"EventData":{"Hashes":"SHA1=DDBBC868BBA57224C5FF6B51B194590FE2868BA6,MD5=228CF87DF76B2A98B343C1980A9A1450,SHA256=6F94C84EC4554D9D8E989690EB3CAAEA33C6454E4EC8996FCFCF0F8E5F6C9CE9,IMPHASH=9DF404FA5427EDBACB203B21CFB65ACC","ImageLoaded":"C:\\Windows\\System32\\drivers\\lsi_sas.sys","RuleName":"","Signature":"Microsoft Windows","SignatureStatus":"Valid","Signed":"true","UtcTime":"2019-09-10 09:36:56.729"},"System":{"Channel":"Microsoft-Windows-Sysmon/Operational","Computer":"DESKTOP-CF2FLGA","Correlation":null,"EventID":6,"EventRecordID":14048,"Execution":{"#attributes":{"ProcessID":1912,"ThreadID":2596}},"Keywords":"0x8000000000000000","Level":4,"Opcode":0,"Provider":{"#attributes":{"Guid":"5770385F-C22A-43E0-BF4C-06F5698FFBD9","Name":"Microsoft-Windows-Sysmon"}},"Security":{"#attributes":{"UserID":"S-1-5-18"}},"Task":6,"TimeCreated":{"#attributes":{"SystemTime":"2019-09-10T09:37:04.103092Z"}},"Version":3}}}
{"Event":{"#attributes":{"xmlns":"http://schemas.microsoft.com/win/2004/08/events/event"},"EventData":{"Hashes":"SHA1=DDBBC868BBA57224C5FF6B51B194590FE2868BA6,MD5=228CF87DF76B2A98B343C1980A9A1450,SHA256=6F94C84EC4554D9D8E989690EB3CAAEA33C6454E4EC8996FCFCF0F8E5F6C9CE9,IMPHASH=9DF404FA5427EDBACB203B21CFB65ACC","ImageLoaded":"C:\\Windows\\System32\\drivers\\lsi_sas.sys","RuleName":"","Signature":"Microsoft Windows","SignatureStatus":"Valid","Signed":"true","UtcTime":"2019-09-10 09:36:55.840"},"System":{"Channel":"Microsoft-Windows-Sysmon/Operational","Computer":"DESKTOP-CF2FLGA","Correlation":null,"EventID":6,"EventRecordID":14049,"Execution":{"#attributes":{"ProcessID":1912,"ThreadID":2596}},"Keywords":"0x8000000000000000","Level":4,"Opcode":0,"Provider":{"#attributes":{"Guid":"5770385F-C22A-43E0-BF4C-06F5698FFBD9","Name":"Microsoft-Windows-Sysmon"}},"Security":{"#attributes":{"UserID":"S-1-5-18"}},"Task":6,"TimeCreated":{"#attributes":{"SystemTime":"2019-09-10T09:37:04.103303Z"}},"Version":3}}}
{"Event":{"#attributes":{"xmlns":"http://schemas.microsoft.com/win/2004/08/events/event"},"EventData":{"Hashes":"SHA1=91F127D6240E37E682766C47D7D2F4B7172C71F9,MD5=2AF8BBB6B2C85BFB9137DC731E086EAE,SHA256=7440B2CC1837E0BD4D2CFCBF85462AF7E1232F01A2A6ED343B6F33EE0C436CE0,IMPHASH=3A4D0A3B88D0E67EF669ADAA2966A7D3","ImageLoaded":"C:\\Windows\\System32\\drivers\\dumpfve.sys","RuleName":"","Signature":"Microsoft Windows","SignatureStatus":"Valid","Signed":"true","UtcTime":"2019-09-10 09:36:56.729"},"System":{"Channel":"Microsoft-Windows-Sysmon/Operational","Computer":"DESKTOP-CF2FLGA","Correlation":null,"EventID":6,"EventRecordID":14050,"Execution":{"#attributes":{"ProcessID":1912,"ThreadID":2596}},"Keywords":"0x8000000000000000","Level":4,"Opcode":0,"Provider":{"#attributes":{"Guid":"5770385F-C22A-43E0-BF4C-06F5698FFBD9","Name":"Microsoft-Windows-Sysmon"}},"Security":{"#attributes":{"UserID":"S-1-5-18"}},"Task":6,"TimeCreated":{"#attributes":{"SystemTime":"2019-09-10T09:37:04.108153Z"}},"Version":3}}}
{"Event":{"#attributes":{"xmlns":"http://schemas.microsoft.com/win/2004/08/events/event"},"EventData":{"Hashes":"SHA1=91F127D6240E37E682766C47D7D2F4B7172C71F9,MD5=2AF8BBB6B2C85BFB9137DC731E086EAE,SHA256=7440B2CC1837E0BD4D2CFCBF85462AF7E1232F01A2A6ED343B6F33EE0C436CE0,IMPHASH=3A4D0A3B88D0E67EF669ADAA2966A7D3","ImageLoaded":"C:\\Windows\\System32\\drivers\\dumpfve.sys","RuleName":"","Signature":"Microsoft Windows","SignatureStatus":"Valid","Signed":"true","UtcTime":"2019-09-10 09:36:55.840"},"System":{"Channel":"Microsoft-Windows-Sysmon/Operational","Computer":"DESKTOP-CF2FLGA","Correlation":null,"EventID":6,"EventRecordID":14051,"Execution":{"#attributes":{"ProcessID":1912,"ThreadID":2596}},"Keywords":"0x8000000000000000","Level":4,"Opcode":0,"Provider":{"#attributes":{"Guid":"5770385F-C22A-43E0-BF4C-06F5698FFBD9","Name":"Microsoft-Windows-Sysmon"}},"Security":{"#attributes":{"UserID":"S-1-5-18"}},"Task":6,"TimeCreated":{"#attributes":{"SystemTime":"2019-09-10T09:37:04.108309Z"}},"Version":3}}}
{"Event":{"#attributes":{"xmlns":"http://schemas.microsoft.com/win/2004/08/events/event"},"EventData":{"CommandLine":"C:\\Windows\\System32\\svchost.exe -k LocalServiceNetworkRestricted","Company":"Microsoft Corporation","CurrentDirectory":"C:\\Windows\\system32\\","Description":"Host Process for Windows Services","FileVersion":"10.0.10240.16384 (th1.150709-1700)","Hashes":"SHA1=BCAE71BA4068BE87F9D5739AFEC8F7081D00A97E,MD5=A412DEDAC6A1FF7BA06FEB3B6725495E,SHA256=B4853F76DFE066A5B2AEB3166BAC4D6FF1548E9119205F65AC6CAB6D165F9850,IMPHASH=E7C7977A9A81DE6269643983B71B739C","Image":"C:\\Windows\\System32\\svchost.exe","IntegrityLevel":"System","LogonGuid":"21207A7E-6EBB-5D77-0000-0020E5030000","LogonId":"0x3e5","OriginalFileName":"svchost.exe","ParentCommandLine":"C:\\Windows\\system32\\services.exe","ParentImage":"C:\\Windows\\System32\\services.exe","ParentProcessGuid":"21207A7E-6EBA-5D77-0000-0010C6960000","ParentProcessId":740,"ProcessGuid":"21207A7E-6EBB-5D77-0000-0010913B0100","ProcessId":1076,"Product":"Microsoft® Windows® Operating System","RuleName":"","TerminalSessionId":0,"User":"NT AUTHORITY\\LOCAL SERVICE","UtcTime":"2019-09-10 09:36:59.231"},"System":{"Channel":"Microsoft-Windows-Sysmon/Operational","Computer":"DESKTOP-CF2FLGA","Correlation":null,"EventID":1,"EventRecordID":14052,"Execution":{"#attributes":{"ProcessID":1912,"ThreadID":2592}},"Keywords":"0x8000000000000000","Level":4,"Opcode":0,"Provider":{"#attributes":{"Guid":"5770385F-C22A-43E0-BF4C-06F5698FFBD9","Name":"Microsoft-Windows-Sysmon"}},"Security":{"#attributes":{"UserID":"S-1-5-18"}},"Task":1,"TimeCreated":{"#attributes":{"SystemTime":"2019-09-10T09:37:04.111392Z"}},"Version":5}}}
{"Event":{"#attributes":{"xmlns":"http://schemas.microsoft.com/win/2004/08/events/event"},"EventData":{"CommandLine":"\"C:\\Program Files\\VMware\\VMware Tools\\vmacthlp.exe\"","Company":"VMware, Inc.","CurrentDirectory":"C:\\Windows\\system32\\","Description":"VMware Activation Helper","FileVersion":"10.2.5.8049","Hashes":"SHA1=F246D4EA343B81F6F762D653614C702CD56B62E2,MD5=86F56C0EBBF2C9A387F7A2F02BD9983B,SHA256=4779FF6DD177F13D7C9AC45D18E95196F9A76637EAFDC011DC74E0BA608C7F2E,IMPHASH=CF755E51141B8ACA89C506C0C438F538","Image":"C:\\Program Files\\VMware\\VMware Tools\\vmacthlp.exe","IntegrityLevel":"System","LogonGuid":"21207A7E-6EBA-5D77-0000-0020E7030000","LogonId":"0x3e7","OriginalFileName":"vmacthlp.exe","ParentCommandLine":"C:\\Windows\\system32\\services.exe","ParentImage":"C:\\Windows\\System32\\services.exe","ParentProcessGuid":"21207A7E-6EBA-5D77-0000-0010C6960000","ParentProcessId":740,"ProcessGuid":"21207A7E-6EBB-5D77-0000-0010643B0100","ProcessId":1068,"Product":"VMware Tools","RuleName":"","TerminalSessionId":0,"User":"NT AUTHORITY\\SYSTEM","UtcTime":"2019-09-10 09:36:59.230"},"System":{"Channel":"Microsoft-Windows-Sysmon/Operational","Computer":"DESKTOP-CF2FLGA","Correlation":null,"EventID":1,"EventRecordID":14053,"Execution":{"#attributes":{"ProcessID":1912,"ThreadID":2592}},"Keywords":"0x8000000000000000","Level":4,"Opcode":0,"Provider":{"#attributes":{"Guid":"5770385F-C22A-43E0-BF4C-06F5698FFBD9","Name":"Microsoft-Windows-Sysmon"}},"Security":{"#attributes":{"UserID":"S-1-5-18"}},"Task":1,"TimeCreated":{"#attributes":{"SystemTime":"2019-09-10T09:37:04.111775Z"}},"Version":5}}}
{"Event":{"#attributes":{"xmlns":"http://schemas.microsoft.com/win/2004/08/events/event"},"EventData":{"CommandLine":"C:\\Windows\\system32\\svchost.exe -k LocalService","Company":"Microsoft Corporation","CurrentDirectory":"C:\\Windows\\system32\\","Description":"Host Process for Windows Services","FileVersion":"10.0.10240.16384 (th1.150709-1700)","Hashes":"SHA1=BCAE71BA4068BE87F9D5739AFEC8F7081D00A97E,MD5=A412DEDAC6A1FF7BA06FEB3B6725495E,SHA256=B4853F76DFE066A5B2AEB3166BAC4D6FF1548E9119205F65AC6CAB6D165F9850,IMPHASH=E7C7977A9A81DE6269643983B71B739C","Image":"C:\\Windows\\System32\\svchost.exe","IntegrityLevel":"System","LogonGuid":"21207A7E-6EBB-5D77-0000-0020E5030000","LogonId":"0x3e5","OriginalFileName":"svchost.exe","ParentCommandLine":"C:\\Windows\\system32\\services.exe","ParentImage":"C:\\Windows\\System32\\services.exe","ParentProcessGuid":"21207A7E-6EBA-5D77-0000-0010C6960000","ParentProcessId":740,"ProcessGuid":"21207A7E-6EBB-5D77-0000-0010F23C0100","ProcessId":1096,"Product":"Microsoft® Windows® Operating System","RuleName":"","TerminalSessionId":0,"User":"NT AUTHORITY\\LOCAL SERVICE","UtcTime":"2019-09-10 09:36:59.250"},"System":{"Channel":"Microsoft-Windows-Sysmon/Operational","Computer":"DESKTOP-CF2FLGA","Correlation":null,"EventID":1,"EventRecordID":14054,"Execution":{"#attributes":{"ProcessID":1912,"ThreadID":2592}},"Keywords":"0x8000000000000000","Level":4,"Opcode":0,"Provider":{"#attributes":{"Guid":"5770385F-C22A-43E0-BF4C-06F5698FFBD9","Name":"Microsoft-Windows-Sysmon"}},"Security":{"#attributes":{"UserID":"S-1-5-18"}},"Task":1,"TimeCreated":{"#attributes":{"SystemTime":"2019-09-10T09:37:04.112228Z"}},"Version":5}}}
{"Event":{"#attributes":{"xmlns":"http://schemas.microsoft.com/win/2004/08/events/event"},"EventData":{"CommandLine":"C:\\Windows\\system32\\svchost.exe -k LocalSystemNetworkRestricted","Company":"Microsoft Corporation","CurrentDirectory":"C:\\Windows\\system32\\","Description":"Host Process for Windows Services","FileVersion":"10.0.10240.16384 (th1.150709-1700)","Hashes":"SHA1=BCAE71BA4068BE87F9D5739AFEC8F7081D00A97E,MD5=A412DEDAC6A1FF7BA06FEB3B6725495E,SHA256=B4853F76DFE066A5B2AEB3166BAC4D6FF1548E9119205F65AC6CAB6D165F9850,IMPHASH=E7C7977A9A81DE6269643983B71B739C","Image":"C:\\Windows\\System32\\svchost.exe","IntegrityLevel":"System","LogonGuid":"21207A7E-6EBA-5D77-0000-0020E7030000","LogonId":"0x3e7","OriginalFileName":"svchost.exe","ParentCommandLine":"C:\\Windows\\system32\\services.exe","ParentImage":"C:\\Windows\\System32\\services.exe","ParentProcessGuid":"21207A7E-6EBA-5D77-0000-0010C6960000","ParentProcessId":740,"ProcessGuid":"21207A7E-6EBB-5D77-0000-00107F3E0100","ProcessId":1112,"Product":"Microsoft® Windows® Operating System","RuleName":"","TerminalSessionId":0,"User":"NT AUTHORITY\\SYSTEM","UtcTime":"2019-09-10 09:36:59.280"},"System":{"Channel":"Microsoft-Windows-Sysmon/Operational","Computer":"DESKTOP-CF2FLGA","Correlation":null,"EventID":1,"EventRecordID":14055,"Execution":{"#attributes":{"ProcessID":1912,"ThreadID":2592}},"Keywords":"0x8000000000000000","Level":4,"Opcode":0,"Provider":{"#attributes":{"Guid":"5770385F-C22A-43E0-BF4C-06F5698FFBD9","Name":"Microsoft-Windows-Sysmon"}},"Security":{"#attributes":{"UserID":"S-1-5-18"}},"Task":1,"TimeCreated":{"#attributes":{"SystemTime":"2019-09-10T09:37:04.112660Z"}},"Version":5}}}
{"Event":{"#attributes":{"xmlns":"http://schemas.microsoft.com/win/2004/08/events/event"},"EventData":{"CommandLine":"C:\\Windows\\system32\\svchost.exe -k LocalServiceAndNoImpersonation","Company":"Microsoft Corporation","CurrentDirectory":"C:\\Windows\\system32\\","Description":"Host Process for Windows Services","FileVersion":"10.0.10240.16384 (th1.150709-1700)","Hashes":"SHA1=BCAE71BA4068BE87F9D5739AFEC8F7081D00A97E,MD5=A412DEDAC6A1FF7BA06FEB3B6725495E,SHA256=B4853F76DFE066A5B2AEB3166BAC4D6FF1548E9119205F65AC6CAB6D165F9850,IMPHASH=E7C7977A9A81DE6269643983B71B739C","Image":"C:\\Windows\\System32\\svchost.exe","IntegrityLevel":"System","LogonGuid":"21207A7E-6EBB-5D77-0000-0020E5030000","LogonId":"0x3e5","OriginalFileName":"svchost.exe","ParentCommandLine":"C:\\Windows\\system32\\services.exe","ParentImage":"C:\\Windows\\System32\\services.exe","ParentProcessGuid":"21207A7E-6EBA-5D77-0000-0010C6960000","ParentProcessId":740,"ProcessGuid":"21207A7E-6EBB-5D77-0000-0010AD3F0100","ProcessId":1132,"Product":"Microsoft® Windows® Operating System","RuleName":"","TerminalSessionId":0,"User":"NT AUTHORITY\\LOCAL SERVICE","UtcTime":"2019-09-10 09:36:59.311"},"System":{"Channel":"Microsoft-Windows-Sysmon/Operational","Computer":"DESKTOP-CF2FLGA","Correlation":null,"EventID":1,"EventRecordID":14056,"Execution":{"#attributes":{"ProcessID":1912,"ThreadID":2592}},"Keywords":"0x8000000000000000","Level":4,"Opcode":0,"Provider":{"#attributes":{"Guid":"5770385F-C22A-43E0-BF4C-06F5698FFBD9","Name":"Microsoft-Windows-Sysmon"}},"Security":{"#attributes":{"UserID":"S-1-5-18"}},"Task":1,"TimeCreated":{"#attributes":{"SystemTime":"2019-09-10T09:37:04.113161Z"}},"Version":5}}}
{"Event":{"#attributes":{"xmlns":"http://schemas.microsoft.com/win/2004/08/events/event"},"EventData":{"CommandLine":"taskhostw.exe","Company":"Microsoft Corporation","CurrentDirectory":"C:\\Windows\\system32\\","Description":"Host Process for Windows Tasks","FileVersion":"10.0.10240.16384 (th1.150709-1700)","Hashes":"SHA1=6A38BAE4824CD34A98E77DD524335CF01A4BD68B,MD5=881B943EF7081F6D3DB8D4F3B2E22631,SHA256=B42C95B2C9209790B68B36CE98E635D578437D33104436A222B5675793A9F7F1,IMPHASH=6579605FE7754836EE0018C314B4EA8A","Image":"C:\\Windows\\System32\\taskhostw.exe","IntegrityLevel":"System","LogonGuid":"21207A7E-6EBA-5D77-0000-0020E7030000","LogonId":"0x3e7","OriginalFileName":"taskhostw.exe","ParentCommandLine":"C:\\Windows\\system32\\svchost.exe -k netsvcs","ParentImage":"C:\\Windows\\System32\\svchost.exe","ParentProcessGuid":"21207A7E-6EBB-5D77-0000-001025350100","ParentProcessId":1028,"ProcessGuid":"21207A7E-6EBB-5D77-0000-0010865B0100","ProcessId":1372,"Product":"Microsoft® Windows® Operating System","RuleName":"","TerminalSessionId":0,"User":"NT AUTHORITY\\SYSTEM","UtcTime":"2019-09-10 09:36:59.587"},"System":{"Channel":"Microsoft-Windows-Sysmon/Operational","Computer":"DESKTOP-CF2FLGA","Correlation":null,"EventID":1,"EventRecordID":14057,"Execution":{"#attributes":{"ProcessID":1912,"ThreadID":2592}},"Keywords":"0x8000000000000000","Level":4,"Opcode":0,"Provider":{"#attributes":{"Guid":"5770385F-C22A-43E0-BF4C-06F5698FFBD9","Name":"Microsoft-Windows-Sysmon"}},"Security":{"#attributes":{"UserID":"S-1-5-18"}},"Task":1,"TimeCreated":{"#attributes":{"SystemTime":"2019-09-10T09:37:04.114940Z"}},"Version":5}}}
{"Event":{"#attributes":{"xmlns":"http://schemas.microsoft.com/win/2004/08/events/event"},"EventData":{"CallTrace":"C:\\Windows\\SYSTEM32\\ntdll.dll+83caa|C:\\Windows\\system32\\RPCRT4.dll+3aba9|C:\\Windows\\system32\\RPCRT4.dll+30e26|C:\\Windows\\system32\\services.exe+8b11|C:\\Windows\\system32\\RPCRT4.dll+5a8ac|C:\\Windows\\system32\\RPCRT4.dll+57ba|C:\\Windows\\system32\\RPCRT4.dll+37d9|C:\\Windows\\system32\\RPCRT4.dll+2ba85|C:\\Windows\\system32\\RPCRT4.dll+2ac48|C:\\Windows\\system32\\RPCRT4.dll+2b3e8|C:\\Windows\\system32\\RPCRT4.dll+40b2b|C:\\Windows\\system32\\RPCRT4.dll+4106d|C:\\Windows\\system32\\RPCRT4.dll+3e5a9|C:\\Windows\\system32\\RPCRT4.dll+3bb15|C:\\Windows\\system32\\RPCRT4.dll+2deb3|C:\\Windows\\SYSTEM32\\ntdll.dll+3e8f0","GrantedAccess":"0x1000","RuleName":"Inyeccion explorer","SourceImage":"C:\\Windows\\system32\\services.exe","SourceProcessGUID":"21207A7E-6EBA-5D77-0000-0010C6960000","SourceProcessId":740,"SourceThreadId":1124,"TargetImage":"C:\\Windows\\system32\\lsass.exe","TargetProcessGUID":"21207A7E-6EBA-5D77-0000-00109C970000","TargetProcessId":748,"UtcTime":"2019-09-10 09:36:59.590"},"System":{"Channel":"Microsoft-Windows-Sysmon/Operational","Computer":"DESKTOP-CF2FLGA","Correlation":null,"EventID":10,"EventRecordID":14058,"Execution":{"#attributes":{"ProcessID":1912,"ThreadID":2592}},"Keywords":"0x8000000000000000","Level":4,"Opcode":0,"Provider":{"#attributes":{"Guid":"5770385F-C22A-43E0-BF4C-06F5698FFBD9","Name":"Microsoft-Windows-Sysmon"}},"Security":{"#attributes":{"UserID":"S-1-5-18"}},"Task":10,"TimeCreated":{"#attributes":{"SystemTime":"2019-09-10T09:37:04.115258Z"}},"Version":3}}}
{"Event":{"#attributes":{"xmlns":"http://schemas.microsoft.com/win/2004/08/events/event"},"EventData":{"CommandLine":"C:\\Windows\\system32\\svchost.exe -k NetworkService","Company":"Microsoft Corporation","CurrentDirectory":"C:\\Windows\\system32\\","Description":"Host Process for Windows Services","FileVersion":"10.0.10240.16384 (th1.150709-1700)","Hashes":"SHA1=BCAE71BA4068BE87F9D5739AFEC8F7081D00A97E,MD5=A412DEDAC6A1FF7BA06FEB3B6725495E,SHA256=B4853F76DFE066A5B2AEB3166BAC4D6FF1548E9119205F65AC6CAB6D165F9850,IMPHASH=E7C7977A9A81DE6269643983B71B739C","Image":"C:\\Windows\\System32\\svchost.exe","IntegrityLevel":"System","LogonGuid":"21207A7E-6EBA-5D77-0000-0020E4030000","LogonId":"0x3e4","OriginalFileName":"svchost.exe","ParentCommandLine":"C:\\Windows\\system32\\services.exe","ParentImage":"C:\\Windows\\System32\\services.exe","ParentProcessGuid":"21207A7E-6EBA-5D77-0000-0010C6960000","ParentProcessId":740,"ProcessGuid":"21207A7E-6EBB-5D77-0000-0010575D0100","ProcessId":1408,"Product":"Microsoft® Windows® Operating System","RuleName":"","TerminalSessionId":0,"User":"NT AUTHORITY\\NETWORK SERVICE","UtcTime":"2019-09-10 09:36:59.602"},"System":{"Channel":"Microsoft-Windows-Sysmon/Operational","Computer":"DESKTOP-CF2FLGA","Correlation":null,"EventID":1,"EventRecordID":14059,"Execution":{"#attributes":{"ProcessID":1912,"ThreadID":2592}},"Keywords":"0x8000000000000000","Level":4,"Opcode":0,"Provider":{"#attributes":{"Guid":"5770385F-C22A-43E0-BF4C-06F5698FFBD9","Name":"Microsoft-Windows-Sysmon"}},"Security":{"#attributes":{"UserID":"S-1-5-18"}},"Task":1,"TimeCreated":{"#attributes":{"SystemTime":"2019-09-10T09:37:04.115825Z"}},"Version":5}}}
{"Event":{"#attributes":{"xmlns":"http://schemas.microsoft.com/win/2004/08/events/event"},"EventData":{"CommandLine":"C:\\Windows\\System32\\spoolsv.exe","Company":"Microsoft Corporation","CurrentDirectory":"C:\\Windows\\system32\\","Description":"Spooler SubSystem App","FileVersion":"10.0.10240.16384 (th1.150709-1700)","Hashes":"SHA1=D470476C5DD1A0F6DE3F0AC06A16CAF4915E4238,MD5=E185391867B572A663EB2C3388ED4663,SHA256=011F422418DB1E8F796A593785B29F302EC635D6B63DDD0898F2AA663AEA5A23,IMPHASH=379B1E38B9D1D1CA57AA4CE944C4611B","Image":"C:\\Windows\\System32\\spoolsv.exe","IntegrityLevel":"System","LogonGuid":"21207A7E-6EBA-5D77-0000-0020E7030000","LogonId":"0x3e7","OriginalFileName":"spoolsv.exe","ParentCommandLine":"C:\\Windows\\system32\\services.exe","ParentImage":"C:\\Windows\\System32\\services.exe","ParentProcessGuid":"21207A7E-6EBA-5D77-0000-0010C6960000","ParentProcessId":740,"ProcessGuid":"21207A7E-6EBB-5D77-0000-00104A680100","ProcessId":1500,"Product":"Microsoft® Windows® Operating System","RuleName":"","TerminalSessionId":0,"User":"NT AUTHORITY\\SYSTEM","UtcTime":"2019-09-10 09:36:59.684"},"System":{"Channel":"Microsoft-Windows-Sysmon/Operational","Computer":"DESKTOP-CF2FLGA","Correlation":null,"EventID":1,"EventRecordID":14060,"Execution":{"#attributes":{"ProcessID":1912,"ThreadID":2592}},"Keywords":"0x8000000000000000","Level":4,"Opcode":0,"Provider":{"#attributes":{"Guid":"5770385F-C22A-43E0-BF4C-06F5698FFBD9","Name":"Microsoft-Windows-Sysmon"}},"Security":{"#attributes":{"UserID":"S-1-5-18"}},"Task":1,"TimeCreated":{"#attributes":{"SystemTime":"2019-09-10T09:37:04.116712Z"}},"Version":5}}}
{"Event":{"#attributes":{"xmlns":"http://schemas.microsoft.com/win/2004/08/events/event"},"EventData":{"CommandLine":"C:\\Windows\\system32\\svchost.exe -k LocalServiceNoNetwork","Company":"Microsoft Corporation","CurrentDirectory":"C:\\Windows\\system32\\","Description":"Host Process for Windows Services","FileVersion":"10.0.10240.16384 (th1.150709-1700)","Hashes":"SHA1=BCAE71BA4068BE87F9D5739AFEC8F7081D00A97E,MD5=A412DEDAC6A1FF7BA06FEB3B6725495E,SHA256=B4853F76DFE066A5B2AEB3166BAC4D6FF1548E9119205F65AC6CAB6D165F9850,IMPHASH=E7C7977A9A81DE6269643983B71B739C","Image":"C:\\Windows\\System32\\svchost.exe","IntegrityLevel":"System","LogonGuid":"21207A7E-6EBB-5D77-0000-0020E5030000","LogonId":"0x3e5","OriginalFileName":"svchost.exe","ParentCommandLine":"C:\\Windows\\system32\\services.exe","ParentImage":"C:\\Windows\\System32\\services.exe","ParentProcessGuid":"21207A7E-6EBA-5D77-0000-0010C6960000","ParentProcessId":740,"ProcessGuid":"21207A7E-6EBB-5D77-0000-001058730100","ProcessId":1528,"Product":"Microsoft® Windows® Operating System","RuleName":"","TerminalSessionId":0,"User":"NT AUTHORITY\\LOCAL SERVICE","UtcTime":"2019-09-10 09:36:59.760"},"System":{"Channel":"Microsoft-Windows-Sysmon/Operational","Computer":"DESKTOP-CF2FLGA","Correlation":null,"EventID":1,"EventRecordID":14061,"Execution":{"#attributes":{"ProcessID":1912,"ThreadID":2592}},"Keywords":"0x8000000000000000","Level":4,"Opcode":0,"Provider":{"#attributes":{"Guid":"5770385F-C22A-43E0-BF4C-06F5698FFBD9","Name":"Microsoft-Windows-Sysmon"}},"Security":{"#attributes":{"UserID":"S-1-5-18"}},"Task":1,"TimeCreated":{"#attributes":{"SystemTime":"2019-09-10T09:37:04.117384Z"}},"Version":5}}}
{"Event":{"#attributes":{"xmlns":"http://schemas.microsoft.com/win/2004/08/events/event"},"EventData":{"CommandLine":"C:\\Windows\\system32\\svchost.exe -k NetworkServiceNetworkRestricted","Company":"Microsoft Corporation","CurrentDirectory":"C:\\Windows\\system32\\","Description":"Host Process for Windows Services","FileVersion":"10.0.10240.16384 (th1.150709-1700)","Hashes":"SHA1=BCAE71BA4068BE87F9D5739AFEC8F7081D00A97E,MD5=A412DEDAC6A1FF7BA06FEB3B6725495E,SHA256=B4853F76DFE066A5B2AEB3166BAC4D6FF1548E9119205F65AC6CAB6D165F9850,IMPHASH=E7C7977A9A81DE6269643983B71B739C","Image":"C:\\Windows\\System32\\svchost.exe","IntegrityLevel":"System","LogonGuid":"21207A7E-6EBA-5D77-0000-0020E4030000","LogonId":"0x3e4","OriginalFileName":"svchost.exe","ParentCommandLine":"C:\\Windows\\system32\\services.exe","ParentImage":"C:\\Windows\\System32\\services.exe","ParentProcessGuid":"21207A7E-6EBA-5D77-0000-0010C6960000","ParentProcessId":740,"ProcessGuid":"21207A7E-6EBC-5D77-0000-001001CD0100","ProcessId":1792,"Product":"Microsoft® Windows® Operating System","RuleName":"","TerminalSessionId":0,"User":"NT AUTHORITY\\NETWORK SERVICE","UtcTime":"2019-09-10 09:37:00.144"},"System":{"Channel":"Microsoft-Windows-Sysmon/Operational","Computer":"DESKTOP-CF2FLGA","Correlation":null,"EventID":1,"EventRecordID":14062,"Execution":{"#attributes":{"ProcessID":1912,"ThreadID":2592}},"Keywords":"0x8000000000000000","Level":4,"Opcode":0,"Provider":{"#attributes":{"Guid":"5770385F-C22A-43E0-BF4C-06F5698FFBD9","Name":"Microsoft-Windows-Sysmon"}},"Security":{"#attributes":{"UserID":"S-1-5-18"}},"Task":1,"TimeCreated":{"#attributes":{"SystemTime":"2019-09-10T09:37:04.118555Z"}},"Version":5}}}
{"Event":{"#attributes":{"xmlns":"http://schemas.microsoft.com/win/2004/08/events/event"},"EventData":{"CommandLine":"C:\\Windows\\System32\\svchost.exe -k utcsvc","Company":"Microsoft Corporation","CurrentDirectory":"C:\\Windows\\system32\\","Description":"Host Process for Windows Services","FileVersion":"10.0.10240.16384 (th1.150709-1700)","Hashes":"SHA1=BCAE71BA4068BE87F9D5739AFEC8F7081D00A97E,MD5=A412DEDAC6A1FF7BA06FEB3B6725495E,SHA256=B4853F76DFE066A5B2AEB3166BAC4D6FF1548E9119205F65AC6CAB6D165F9850,IMPHASH=E7C7977A9A81DE6269643983B71B739C","Image":"C:\\Windows\\System32\\svchost.exe","IntegrityLevel":"System","LogonGuid":"21207A7E-6EBA-5D77-0000-0020E7030000","LogonId":"0x3e7","OriginalFileName":"svchost.exe","ParentCommandLine":"C:\\Windows\\system32\\services.exe","ParentImage":"C:\\Windows\\System32\\services.exe","ParentProcessGuid":"21207A7E-6EBA-5D77-0000-0010C6960000","ParentProcessId":740,"ProcessGuid":"21207A7E-6EBC-5D77-0000-0010B9D20100","ProcessId":1892,"Product":"Microsoft® Windows® Operating System","RuleName":"","TerminalSessionId":0,"User":"NT AUTHORITY\\SYSTEM","UtcTime":"2019-09-10 09:37:00.186"},"System":{"Channel":"Microsoft-Windows-Sysmon/Operational","Computer":"DESKTOP-CF2FLGA","Correlation":null,"EventID":1,"EventRecordID":14063,"Execution":{"#attributes":{"ProcessID":1912,"ThreadID":2592}},"Keywords":"0x8000000000000000","Level":4,"Opcode":0,"Provider":{"#attributes":{"Guid":"5770385F-C22A-43E0-BF4C-06F5698FFBD9","Name":"Microsoft-Windows-Sysmon"}},"Security":{"#attributes":{"UserID":"S-1-5-18"}},"Task":1,"TimeCreated":{"#attributes":{"SystemTime":"2019-09-10T09:37:04.119465Z"}},"Version":5}}}
{"Event":{"#attributes":{"xmlns":"http://schemas.microsoft.com/win/2004/08/events/event"},"EventData":{"CommandLine":"C:\\Windows\\Sysmon.exe","Company":"Sysinternals - www.sysinternals.com","CurrentDirectory":"C:\\Windows\\system32\\","Description":"System activity monitor","FileVersion":"10.2","Hashes":"SHA1=214B4F2215956B7E564175CF8C78B02CE6ACE512,MD5=F6C0B1F3BAEA3132FA16676F520135E1,SHA256=E88EF7754BC8C7FB5B17B9756DF0895820F3CD6A182FDE7816C039346A4DC7CA,IMPHASH=E25D224D71234B7322FCE16AC09E4F0C","Image":"C:\\Windows\\Sysmon.exe","IntegrityLevel":"System","LogonGuid":"21207A7E-6EBA-5D77-0000-0020E7030000","LogonId":"0x3e7","OriginalFileName":"?","ParentCommandLine":"C:\\Windows\\system32\\services.exe","ParentImage":"C:\\Windows\\System32\\services.exe","ParentProcessGuid":"21207A7E-6EBA-5D77-0000-0010C6960000","ParentProcessId":740,"ProcessGuid":"21207A7E-6EBC-5D77-0000-001011D40100","ProcessId":1912,"Product":"Sysinternals Sysmon","RuleName":"","TerminalSessionId":0,"User":"NT AUTHORITY\\SYSTEM","UtcTime":"2019-09-10 09:37:00.202"},"System":{"Channel":"Microsoft-Windows-Sysmon/Operational","Computer":"DESKTOP-CF2FLGA","Correlation":null,"EventID":1,"EventRecordID":14064,"Execution":{"#attributes":{"ProcessID":1912,"ThreadID":2592}},"Keywords":"0x8000000000000000","Level":4,"Opcode":0,"Provider":{"#attributes":{"Guid":"5770385F-C22A-43E0-BF4C-06F5698FFBD9","Name":"Microsoft-Windows-Sysmon"}},"Security":{"#attributes":{"UserID":"S-1-5-18"}},"Task":1,"TimeCreated":{"#attributes":{"SystemTime":"2019-09-10T09:37:04.119932Z"}},"Version":5}}}
{"Event":{"#attributes":{"xmlns":"http://schemas.microsoft.com/win/2004/08/events/event"},"EventData":{"CommandLine":"\"C:\\Program Files\\VMware\\VMware Tools\\VMware VGAuth\\VGAuthService.exe\"","Company":"VMware, Inc.","CurrentDirectory":"C:\\Windows\\system32\\","Description":"VMware Guest Authentication Service","FileVersion":"10.2.5.43641","Hashes":"SHA1=A6120798F206C936C5580F21BE6811F7354FCA0F,MD5=30AB0BA207DFC9E446B7DC05F601320A,SHA256=1D0A78A716D1F21F09AAD900500F672E659F659655E72ED077639B45EFDC16FA,IMPHASH=28287447684251C8A5A78F75C1392719","Image":"C:\\Program Files\\VMware\\VMware Tools\\VMware VGAuth\\VGAuthService.exe","IntegrityLevel":"System","LogonGuid":"21207A7E-6EBA-5D77-0000-0020E7030000","LogonId":"0x3e7","OriginalFileName":"VGAuthService.exe","ParentCommandLine":"C:\\Windows\\system32\\services.exe","ParentImage":"C:\\Windows\\System32\\services.exe","ParentProcessGuid":"21207A7E-6EBA-5D77-0000-0010C6960000","ParentProcessId":740,"ProcessGuid":"21207A7E-6EBC-5D77-0000-001006DF0100","ProcessId":1988,"Product":"VMware Workstation","RuleName":"","TerminalSessionId":0,"User":"NT AUTHORITY\\SYSTEM","UtcTime":"2019-09-10 09:37:00.928"},"System":{"Channel":"Microsoft-Windows-Sysmon/Operational","Computer":"DESKTOP-CF2FLGA","Correlation":null,"EventID":1,"EventRecordID":14065,"Execution":{"#attributes":{"ProcessID":1912,"ThreadID":2592}},"Keywords":"0x8000000000000000","Level":4,"Opcode":0,"Provider":{"#attributes":{"Guid":"5770385F-C22A-43E0-BF4C-06F5698FFBD9","Name":"Microsoft-Windows-Sysmon"}},"Security":{"#attributes":{"UserID":"S-1-5-18"}},"Task":1,"TimeCreated":{"#attributes":{"SystemTime":"2019-09-10T09:37:04.120348Z"}},"Version":5}}}
{"Event":{"#attributes":{"xmlns":"http://schemas.microsoft.com/win/2004/08/events/event"},"EventData":{"CommandLine":"\"C:\\Program Files\\VMware\\VMware Tools\\vmtoolsd.exe\"","Company":"VMware, Inc.","CurrentDirectory":"C:\\Windows\\system32\\","Description":"VMware Tools Core Service","FileVersion":"10.2.5.8049","Hashes":"SHA1=7CAC9CB951E3CE441D95A3A572C1F54186F1C0DD,MD5=7AAF83EEAC84B9C31B19A3AD88817AF7,SHA256=A6D908B8C2DD18D864FF6DB9D18A2A7553F3B86310E6ABF5BC2BC9FACF082DC1,IMPHASH=F08A31F7C1DF83667BDAFD316240BB18","Image":"C:\\Program Files\\VMware\\VMware Tools\\vmtoolsd.exe","IntegrityLevel":"System","LogonGuid":"21207A7E-6EBA-5D77-0000-0020E7030000","LogonId":"0x3e7","OriginalFileName":"vmtoolsd.exe","ParentCommandLine":"C:\\Windows\\system32\\services.exe","ParentImage":"C:\\Windows\\System32\\services.exe","ParentProcessGuid":"21207A7E-6EBA-5D77-0000-0010C6960000","ParentProcessId":740,"ProcessGuid":"21207A7E-6EBC-5D77-0000-0010C7DF0100","ProcessId":2004,"Product":"VMware Tools","RuleName":"","TerminalSessionId":0,"User":"NT AUTHORITY\\SYSTEM","UtcTime":"2019-09-10 09:37:00.940"},"System":{"Channel":"Microsoft-Windows-Sysmon/Operational","Computer":"DESKTOP-CF2FLGA","Correlation":null,"EventID":1,"EventRecordID":14066,"Execution":{"#attributes":{"ProcessID":1912,"ThreadID":2592}},"Keywords":"0x8000000000000000","Level":4,"Opcode":0,"Provider":{"#attributes":{"Guid":"5770385F-C22A-43E0-BF4C-06F5698FFBD9","Name":"Microsoft-Windows-Sysmon"}},"Security":{"#attributes":{"UserID":"S-1-5-18"}},"Task":1,"TimeCreated":{"#attributes":{"SystemTime":"2019-09-10T09:37:04.120742Z"}},"Version":5}}}
{"Event":{"#attributes":{"xmlns":"http://schemas.microsoft.com/win/2004/08/events/event"},"EventData":{"CommandLine":"C:\\Users\\pula\\Desktop\\Sysmon-Inyeccion.exe","Company":"?","CurrentDirectory":"C:\\Windows\\system32\\","Description":"?","FileVersion":"?","Hashes":"SHA1=0C499F96211BEC4480F48A9CD628F5FB6541A0EC,MD5=7C5712E50464B02F68AFE5C3803B2FF4,SHA256=E2DF02AF920B651CB8A9175DF1D7EB3565C6546CD665CACB9A6C5A45C07F4939,IMPHASH=FB3B46C2C06117E2149EF236E25FC6D8","Image":"C:\\Users\\pula\\Desktop\\Sysmon-Inyeccion.exe","IntegrityLevel":"System","LogonGuid":"21207A7E-6EBA-5D77-0000-0020E7030000","LogonId":"0x3e7","OriginalFileName":"?","ParentCommandLine":"C:\\Windows\\system32\\services.exe","ParentImage":"C:\\Windows\\System32\\services.exe","ParentProcessGuid":"21207A7E-6EBA-5D77-0000-0010C6960000","ParentProcessId":740,"ProcessGuid":"21207A7E-6EBC-5D77-0000-0010F0DF0100","ProcessId":2012,"Product":"?","RuleName":"","TerminalSessionId":0,"User":"NT AUTHORITY\\SYSTEM","UtcTime":"2019-09-10 09:37:00.945"},"System":{"Channel":"Microsoft-Windows-Sysmon/Operational","Computer":"DESKTOP-CF2FLGA","Correlation":null,"EventID":1,"EventRecordID":14067,"Execution":{"#attributes":{"ProcessID":1912,"ThreadID":2592}},"Keywords":"0x8000000000000000","Level":4,"Opcode":0,"Provider":{"#attributes":{"Guid":"5770385F-C22A-43E0-BF4C-06F5698FFBD9","Name":"Microsoft-Windows-Sysmon"}},"Security":{"#attributes":{"UserID":"S-1-5-18"}},"Task":1,"TimeCreated":{"#attributes":{"SystemTime":"2019-09-10T09:37:04.120927Z"}},"Version":5}}}
{"Event":{"#attributes":{"xmlns":"http://schemas.microsoft.com/win/2004/08/events/event"},"EventData":{"CommandLine":"C:\\Windows\\system32\\svchost.exe -k appmodel","Company":"Microsoft Corporation","CurrentDirectory":"C:\\Windows\\system32\\","Description":"Host Process for Windows Services","FileVersion":"10.0.10240.16384 (th1.150709-1700)","Hashes":"SHA1=BCAE71BA4068BE87F9D5739AFEC8F7081D00A97E,MD5=A412DEDAC6A1FF7BA06FEB3B6725495E,SHA256=B4853F76DFE066A5B2AEB3166BAC4D6FF1548E9119205F65AC6CAB6D165F9850,IMPHASH=E7C7977A9A81DE6269643983B71B739C","Image":"C:\\Windows\\System32\\svchost.exe","IntegrityLevel":"System","LogonGuid":"21207A7E-6EBA-5D77-0000-0020E7030000","LogonId":"0x3e7","OriginalFileName":"svchost.exe","ParentCommandLine":"C:\\Windows\\system32\\services.exe","ParentImage":"C:\\Windows\\System32\\services.exe","ParentProcessGuid":"21207A7E-6EBA-5D77-0000-0010C6960000","ParentProcessId":740,"ProcessGuid":"21207A7E-6EBD-5D77-0000-001064E40100","ProcessId":2032,"Product":"Microsoft® Windows® Operating System","RuleName":"","TerminalSessionId":0,"User":"NT AUTHORITY\\SYSTEM","UtcTime":"2019-09-10 09:37:01.023"},"System":{"Channel":"Microsoft-Windows-Sysmon/Operational","Computer":"DESKTOP-CF2FLGA","Correlation":null,"EventID":1,"EventRecordID":14068,"Execution":{"#attributes":{"ProcessID":1912,"ThreadID":2592}},"Keywords":"0x8000000000000000","Level":4,"Opcode":0,"Provider":{"#attributes":{"Guid":"5770385F-C22A-43E0-BF4C-06F5698FFBD9","Name":"Microsoft-Windows-Sysmon"}},"Security":{"#attributes":{"UserID":"S-1-5-18"}},"Task":1,"TimeCreated":{"#attributes":{"SystemTime":"2019-09-10T09:37:04.121308Z"}},"Version":5}}}
{"Event":{"#attributes":{"xmlns":"http://schemas.microsoft.com/win/2004/08/events/event"},"EventData":{"CallTrace":"C:\\Windows\\SYSTEM32\\ntdll.dll+8273a|C:\\Windows\\system32\\KERNELBASE.dll+cf8c8|C:\\Users\\pula\\Desktop\\Sysmon-Inyeccion.exe+29b3|C:\\Users\\pula\\Desktop\\Sysmon-Inyeccion.exe+6495|C:\\Windows\\system32\\KERNEL32.DLL+1dea4|C:\\Windows\\SYSTEM32\\ntdll.dll+505ae|C:\\Windows\\SYSTEM32\\ntdll.dll+5057d","GrantedAccess":"0x1fffff","RuleName":"Inyeccion explorer","SourceImage":"C:\\Users\\pula\\Desktop\\Sysmon-Inyeccion.exe","SourceProcessGUID":"21207A7E-6EBC-5D77-0000-0010F0DF0100","SourceProcessId":2012,"SourceThreadId":2016,"TargetImage":"C:\\Windows\\system32\\lsass.exe","TargetProcessGUID":"21207A7E-6EBA-5D77-0000-00109C970000","TargetProcessId":748,"UtcTime":"2019-09-10 09:37:01.037"},"System":{"Channel":"Microsoft-Windows-Sysmon/Operational","Computer":"DESKTOP-CF2FLGA","Correlation":null,"EventID":10,"EventRecordID":14069,"Execution":{"#attributes":{"ProcessID":1912,"ThreadID":2592}},"Keywords":"0x8000000000000000","Level":4,"Opcode":0,"Provider":{"#attributes":{"Guid":"5770385F-C22A-43E0-BF4C-06F5698FFBD9","Name":"Microsoft-Windows-Sysmon"}},"Security":{"#attributes":{"UserID":"S-1-5-18"}},"Task":10,"TimeCreated":{"#attributes":{"SystemTime":"2019-09-10T09:37:04.121403Z"}},"Version":3}}}
{"Event":{"#attributes":{"xmlns":"http://schemas.microsoft.com/win/2004/08/events/event"},"EventData":{"CallTrace":"C:\\Windows\\SYSTEM32\\ntdll.dll+8273a|C:\\Windows\\SYSTEM32\\ntdll.dll+6ec4b|C:\\Windows\\system32\\KERNEL32.DLL+29141|C:\\Windows\\system32\\KERNEL32.DLL+2f8a1|C:\\Users\\pula\\Desktop\\Sysmon-Inyeccion.exe+29c1|C:\\Users\\pula\\Desktop\\Sysmon-Inyeccion.exe+6495|C:\\Windows\\system32\\KERNEL32.DLL+1dea4|C:\\Windows\\SYSTEM32\\ntdll.dll+505ae|C:\\Windows\\SYSTEM32\\ntdll.dll+5057d","GrantedAccess":"0x1fffff","RuleName":"Inyeccion explorer","SourceImage":"C:\\Users\\pula\\Desktop\\Sysmon-Inyeccion.exe","SourceProcessGUID":"21207A7E-6EBC-5D77-0000-0010F0DF0100","SourceProcessId":2012,"SourceThreadId":2016,"TargetImage":"C:\\Windows\\system32\\lsass.exe","TargetProcessGUID":"21207A7E-6EBA-5D77-0000-00109C970000","TargetProcessId":748,"UtcTime":"2019-09-10 09:37:01.037"},"System":{"Channel":"Microsoft-Windows-Sysmon/Operational","Computer":"DESKTOP-CF2FLGA","Correlation":null,"EventID":10,"EventRecordID":14070,"Execution":{"#attributes":{"ProcessID":1912,"ThreadID":2592}},"Keywords":"0x8000000000000000","Level":4,"Opcode":0,"Provider":{"#attributes":{"Guid":"5770385F-C22A-43E0-BF4C-06F5698FFBD9","Name":"Microsoft-Windows-Sysmon"}},"Security":{"#attributes":{"UserID":"S-1-5-18"}},"Task":10,"TimeCreated":{"#attributes":{"SystemTime":"2019-09-10T09:37:04.121448Z"}},"Version":3}}}
{"Event":{"#attributes":{"xmlns":"http://schemas.microsoft.com/win/2004/08/events/event"},"EventData":{"CreationUtcTime":"2019-09-10 09:21:58.926","Image":"C:\\Users\\pula\\Desktop\\Sysmon-Inyeccion.exe","ProcessGuid":"21207A7E-6EBC-5D77-0000-0010F0DF0100","ProcessId":2012,"RuleName":"","TargetFilename":"C:\\Windows\\System32\\config\\systemprofile\\AppData\\Roaming\\sysmon-inyecciondll.dll","UtcTime":"2019-09-10 09:37:01.037"},"System":{"Channel":"Microsoft-Windows-Sysmon/Operational","Computer":"DESKTOP-CF2FLGA","Correlation":null,"EventID":11,"EventRecordID":14071,"Execution":{"#attributes":{"ProcessID":1912,"ThreadID":2592}},"Keywords":"0x8000000000000000","Level":4,"Opcode":0,"Provider":{"#attributes":{"Guid":"5770385F-C22A-43E0-BF4C-06F5698FFBD9","Name":"Microsoft-Windows-Sysmon"}},"Security":{"#attributes":{"UserID":"S-1-5-18"}},"Task":11,"TimeCreated":{"#attributes":{"SystemTime":"2019-09-10T09:37:04.121472Z"}},"Version":2}}}
{"Event":{"#attributes":{"xmlns":"http://schemas.microsoft.com/win/2004/08/events/event"},"EventData":{"NewThreadId":64,"RuleName":"","SourceImage":"C:\\Users\\pula\\Desktop\\Sysmon-Inyeccion.exe","SourceProcessGuid":"21207A7E-6EBC-5D77-0000-0010F0DF0100","SourceProcessId":2012,"StartAddress":"0x75B8A5C0","StartFunction":"LoadLibraryA","StartModule":"C:\\Windows\\system32\\KERNEL32.DLL","TargetImage":"C:\\Windows\\System32\\lsass.exe","TargetProcessGuid":"21207A7E-6EBA-5D77-0000-00109C970000","TargetProcessId":748,"UtcTime":"2019-09-10 09:37:01.037"},"System":{"Channel":"Microsoft-Windows-Sysmon/Operational","Computer":"DESKTOP-CF2FLGA","Correlation":null,"EventID":8,"EventRecordID":14072,"Execution":{"#attributes":{"ProcessID":1912,"ThreadID":2592}},"Keywords":"0x8000000000000000","Level":4,"Opcode":0,"Provider":{"#attributes":{"Guid":"5770385F-C22A-43E0-BF4C-06F5698FFBD9","Name":"Microsoft-Windows-Sysmon"}},"Security":{"#attributes":{"UserID":"S-1-5-18"}},"Task":8,"TimeCreated":{"#attributes":{"SystemTime":"2019-09-10T09:37:04.121494Z"}},"Version":2}}}
{"Event":{"#attributes":{"xmlns":"http://schemas.microsoft.com/win/2004/08/events/event"},"EventData":{"CallTrace":"C:\\Windows\\SYSTEM32\\ntdll.dll+8273a|C:\\Windows\\system32\\KERNELBASE.dll+cf8c8|C:\\Users\\pula\\Desktop\\Sysmon-Inyeccion.exe+272e|C:\\Users\\pula\\Desktop\\Sysmon-Inyeccion.exe+2ad7|C:\\Users\\pula\\Desktop\\Sysmon-Inyeccion.exe+6495|C:\\Windows\\system32\\KERNEL32.DLL+1dea4|C:\\Windows\\SYSTEM32\\ntdll.dll+505ae|C:\\Windows\\SYSTEM32\\ntdll.dll+5057d","GrantedAccess":"0x1fffff","RuleName":"Inyeccion explorer","SourceImage":"C:\\Users\\pula\\Desktop\\Sysmon-Inyeccion.exe","SourceProcessGUID":"21207A7E-6EBC-5D77-0000-0010F0DF0100","SourceProcessId":2012,"SourceThreadId":2016,"TargetImage":"C:\\Windows\\system32\\lsass.exe","TargetProcessGUID":"21207A7E-6EBA-5D77-0000-00109C970000","TargetProcessId":748,"UtcTime":"2019-09-10 09:37:01.037"},"System":{"Channel":"Microsoft-Windows-Sysmon/Operational","Computer":"DESKTOP-CF2FLGA","Correlation":null,"EventID":10,"EventRecordID":14073,"Execution":{"#attributes":{"ProcessID":1912,"ThreadID":2592}},"Keywords":"0x8000000000000000","Level":4,"Opcode":0,"Provider":{"#attributes":{"Guid":"5770385F-C22A-43E0-BF4C-06F5698FFBD9","Name":"Microsoft-Windows-Sysmon"}},"Security":{"#attributes":{"UserID":"S-1-5-18"}},"Task":10,"TimeCreated":{"#attributes":{"SystemTime":"2019-09-10T09:37:04.121525Z"}},"Version":3}}}
{"Event":{"#attributes":{"xmlns":"http://schemas.microsoft.com/win/2004/08/events/event"},"EventData":{"Image":"C:\\Users\\pula\\Desktop\\Sysmon-Inyeccion.exe","ProcessGuid":"21207A7E-6EBC-5D77-0000-0010F0DF0100","ProcessId":2012,"RuleName":"","UtcTime":"2019-09-10 09:37:01.068"},"System":{"Channel":"Microsoft-Windows-Sysmon/Operational","Computer":"DESKTOP-CF2FLGA","Correlation":null,"EventID":5,"EventRecordID":14074,"Execution":{"#attributes":{"ProcessID":1912,"ThreadID":2592}},"Keywords":"0x8000000000000000","Level":4,"Opcode":0,"Provider":{"#attributes":{"Guid":"5770385F-C22A-43E0-BF4C-06F5698FFBD9","Name":"Microsoft-Windows-Sysmon"}},"Security":{"#attributes":{"UserID":"S-1-5-18"}},"Task":5,"TimeCreated":{"#attributes":{"SystemTime":"2019-09-10T09:37:04.121721Z"}},"Version":3}}}
{"Event":{"#attributes":{"xmlns":"http://schemas.microsoft.com/win/2004/08/events/event"},"EventData":{"CommandLine":"\"C:\\Program Files\\Windows Defender\\MsMpEng.exe\"","Company":"Microsoft Corporation","CurrentDirectory":"C:\\Windows\\system32\\","Description":"Antimalware Service Executable","FileVersion":"4.8.10240.16384 (th1.150709-1700)","Hashes":"SHA1=0D77C372E71CCC41129192CA0E2ACF9C81E103D9,MD5=837EC40F650D168FFD1C1EBC1AFE952A,SHA256=F835565F3FFBBDB0C8D5A5E1600D35F8369066FE61FF822F8D1B6FB1DF8296B0,IMPHASH=6E73693D0E907F1AB7F324B64D2B9866","Image":"C:\\Program Files\\Windows Defender\\MsMpEng.exe","IntegrityLevel":"System","LogonGuid":"21207A7E-6EBA-5D77-0000-0020E7030000","LogonId":"0x3e7","OriginalFileName":"MsMpEng.exe","ParentCommandLine":"C:\\Windows\\system32\\services.exe","ParentImage":"C:\\Windows\\System32\\services.exe","ParentProcessGuid":"21207A7E-6EBA-5D77-0000-0010C6960000","ParentProcessId":740,"ProcessGuid":"21207A7E-6EBD-5D77-0000-0010D4EA0100","ProcessId":580,"Product":"Microsoft® Windows® Operating System","RuleName":"","TerminalSessionId":0,"User":"NT AUTHORITY\\SYSTEM","UtcTime":"2019-09-10 09:37:01.086"},"System":{"Channel":"Microsoft-Windows-Sysmon/Operational","Computer":"DESKTOP-CF2FLGA","Correlation":null,"EventID":1,"EventRecordID":14075,"Execution":{"#attributes":{"ProcessID":1912,"ThreadID":2592}},"Keywords":"0x8000000000000000","Level":4,"Opcode":0,"Provider":{"#attributes":{"Guid":"5770385F-C22A-43E0-BF4C-06F5698FFBD9","Name":"Microsoft-Windows-Sysmon"}},"Security":{"#attributes":{"UserID":"S-1-5-18"}},"Task":1,"TimeCreated":{"#attributes":{"SystemTime":"2019-09-10T09:37:04.122001Z"}},"Version":5}}}
{"Event":{"#attributes":{"xmlns":"http://schemas.microsoft.com/win/2004/08/events/event"},"EventData":{"CommandLine":"taskhostw.exe network","Company":"Microsoft Corporation","CurrentDirectory":"C:\\Windows\\system32\\","Description":"Host Process for Windows Tasks","FileVersion":"10.0.10240.16384 (th1.150709-1700)","Hashes":"SHA1=6A38BAE4824CD34A98E77DD524335CF01A4BD68B,MD5=881B943EF7081F6D3DB8D4F3B2E22631,SHA256=B42C95B2C9209790B68B36CE98E635D578437D33104436A222B5675793A9F7F1,IMPHASH=6579605FE7754836EE0018C314B4EA8A","Image":"C:\\Windows\\System32\\taskhostw.exe","IntegrityLevel":"System","LogonGuid":"21207A7E-6EBA-5D77-0000-0020E4030000","LogonId":"0x3e4","OriginalFileName":"taskhostw.exe","ParentCommandLine":"C:\\Windows\\system32\\svchost.exe -k netsvcs","ParentImage":"C:\\Windows\\System32\\svchost.exe","ParentProcessGuid":"21207A7E-6EBB-5D77-0000-001025350100","ParentProcessId":1028,"ProcessGuid":"21207A7E-6EBD-5D77-0000-00107FF20100","ProcessId":628,"Product":"Microsoft® Windows® Operating System","RuleName":"","TerminalSessionId":0,"User":"NT AUTHORITY\\NETWORK SERVICE","UtcTime":"2019-09-10 09:37:01.210"},"System":{"Channel":"Microsoft-Windows-Sysmon/Operational","Computer":"DESKTOP-CF2FLGA","Correlation":null,"EventID":1,"EventRecordID":14076,"Execution":{"#attributes":{"ProcessID":1912,"ThreadID":2592}},"Keywords":"0x8000000000000000","Level":4,"Opcode":0,"Provider":{"#attributes":{"Guid":"5770385F-C22A-43E0-BF4C-06F5698FFBD9","Name":"Microsoft-Windows-Sysmon"}},"Security":{"#attributes":{"UserID":"S-1-5-18"}},"Task":1,"TimeCreated":{"#attributes":{"SystemTime":"2019-09-10T09:37:04.122514Z"}},"Version":5}}}
{"Event":{"#attributes":{"xmlns":"http://schemas.microsoft.com/win/2004/08/events/event"},"EventData":{"CommandLine":"\"C:\\windows\\system32\\cmd.exe\"  /C c:\\windows\\system32\\notepad.exe","Company":"Microsoft Corporation","CurrentDirectory":"C:\\Windows\\system32\\","Description":"Windows Command Processor","FileVersion":"10.0.10240.16384 (th1.150709-1700)","Hashes":"SHA1=CB92C2EB74F1CB25BD92B244B0F2215F4F136FC8,MD5=42FEFCA6AB3EDFB9AEE8B87292E47DFE,SHA256=6073F3616B310E8EDBFD09744E96F94A7F25FE33C79FF06A0A96E3C8888EB6F2,IMPHASH=7764C33DDF635E8636D8F4B6E7D2C48A","Image":"C:\\Windows\\System32\\cmd.exe","IntegrityLevel":"System","LogonGuid":"21207A7E-6EBA-5D77-0000-0020E7030000","LogonId":"0x3e7","OriginalFileName":"Cmd.Exe","ParentCommandLine":"C:\\Windows\\system32\\lsass.exe","ParentImage":"C:\\Windows\\System32\\lsass.exe","ParentProcessGuid":"21207A7E-6EBA-5D77-0000-00109C970000","ParentProcessId":748,"ProcessGuid":"21207A7E-6EBD-5D77-0000-0010C0F80100","ProcessId":944,"Product":"Microsoft® Windows® Operating System","RuleName":"","TerminalSessionId":0,"User":"NT AUTHORITY\\SYSTEM","UtcTime":"2019-09-10 09:37:01.301"},"System":{"Channel":"Microsoft-Windows-Sysmon/Operational","Computer":"DESKTOP-CF2FLGA","Correlation":null,"EventID":1,"EventRecordID":14077,"Execution":{"#attributes":{"ProcessID":1912,"ThreadID":2592}},"Keywords":"0x8000000000000000","Level":4,"Opcode":0,"Provider":{"#attributes":{"Guid":"5770385F-C22A-43E0-BF4C-06F5698FFBD9","Name":"Microsoft-Windows-Sysmon"}},"Security":{"#attributes":{"UserID":"S-1-5-18"}},"Task":1,"TimeCreated":{"#attributes":{"SystemTime":"2019-09-10T09:37:04.122899Z"}},"Version":5}}}
{"Event":{"#attributes":{"xmlns":"http://schemas.microsoft.com/win/2004/08/events/event"},"EventData":{"CommandLine":"\\??\\C:\\Windows\\system32\\conhost.exe 0xffffffff -ForceV1","Company":"Microsoft Corporation","CurrentDirectory":"C:\\Windows","Description":"Console Window Host","FileVersion":"10.0.10240.16384 (th1.150709-1700)","Hashes":"SHA1=7DF3BFA4BE09BFCCB10FE356CE45879364A0D2DC,MD5=4287D2FA46FDBFF6100455367C2D7C65,SHA256=6FB167673720640FF09E013432602E6AC9FF33D77DD8C3E4683C89D10B8E9951,IMPHASH=E8B06FF0246662E89A672B447A7462BC","Image":"C:\\Windows\\System32\\conhost.exe","IntegrityLevel":"System","LogonGuid":"21207A7E-6EBA-5D77-0000-0020E7030000","LogonId":"0x3e7","OriginalFileName":"CONHOST.EXE","ParentCommandLine":"\"C:\\windows\\system32\\cmd.exe\"  /C c:\\windows\\system32\\notepad.exe","ParentImage":"C:\\Windows\\System32\\cmd.exe","ParentProcessGuid":"21207A7E-6EBD-5D77-0000-0010C0F80100","ParentProcessId":944,"ProcessGuid":"21207A7E-6EBD-5D77-0000-001059FB0100","ProcessId":1004,"Product":"Microsoft® Windows® Operating System","RuleName":"","TerminalSessionId":0,"User":"NT AUTHORITY\\SYSTEM","UtcTime":"2019-09-10 09:37:01.328"},"System":{"Channel":"Microsoft-Windows-Sysmon/Operational","Computer":"DESKTOP-CF2FLGA","Correlation":null,"EventID":1,"EventRecordID":14078,"Execution":{"#attributes":{"ProcessID":1912,"ThreadID":2592}},"Keywords":"0x8000000000000000","Level":4,"Opcode":0,"Provider":{"#attributes":{"Guid":"5770385F-C22A-43E0-BF4C-06F5698FFBD9","Name":"Microsoft-Windows-Sysmon"}},"Security":{"#attributes":{"UserID":"S-1-5-18"}},"Task":1,"TimeCreated":{"#attributes":{"SystemTime":"2019-09-10T09:37:04.123462Z"}},"Version":5}}}
{"Event":{"#attributes":{"xmlns":"http://schemas.microsoft.com/win/2004/08/events/event"},"EventData":{"CommandLine":"c:\\windows\\system32\\notepad.exe","Company":"Microsoft Corporation","CurrentDirectory":"C:\\Windows\\system32\\","Description":"Notepad","FileVersion":"10.0.10240.16384 (th1.150709-1700)","Hashes":"SHA1=C6CCDAB3B15D997F813869CC9DE230682ED91393,MD5=56FD70793CF88C8AC74F44C7C4086E81,SHA256=17AAD577E5746A9412F9433FF9D22545B9ACAA0BAC354196B7D410999BBD6C29,IMPHASH=996BAA541FB54650003A61F19105D8CF","Image":"C:\\Windows\\System32\\notepad.exe","IntegrityLevel":"System","LogonGuid":"21207A7E-6EBA-5D77-0000-0020E7030000","LogonId":"0x3e7","OriginalFileName":"NOTEPAD.EXE","ParentCommandLine":"\"C:\\windows\\system32\\cmd.exe\"  /C c:\\windows\\system32\\notepad.exe","ParentImage":"C:\\Windows\\System32\\cmd.exe","ParentProcessGuid":"21207A7E-6EBD-5D77-0000-0010C0F80100","ParentProcessId":944,"ProcessGuid":"21207A7E-6EBD-5D77-0000-0010E0010200","ProcessId":548,"Product":"Microsoft® Windows® Operating System","RuleName":"","TerminalSessionId":0,"User":"NT AUTHORITY\\SYSTEM","UtcTime":"2019-09-10 09:37:01.420"},"System":{"Channel":"Microsoft-Windows-Sysmon/Operational","Computer":"DESKTOP-CF2FLGA","Correlation":null,"EventID":1,"EventRecordID":14079,"Execution":{"#attributes":{"ProcessID":1912,"ThreadID":2592}},"Keywords":"0x8000000000000000","Level":4,"Opcode":0,"Provider":{"#attributes":{"Guid":"5770385F-C22A-43E0-BF4C-06F5698FFBD9","Name":"Microsoft-Windows-Sysmon"}},"Security":{"#attributes":{"UserID":"S-1-5-18"}},"Task":1,"TimeCreated":{"#attributes":{"SystemTime":"2019-09-10T09:37:04.124400Z"}},"Version":5}}}
{"Event":{"#attributes":{"xmlns":"http://schemas.microsoft.com/win/2004/08/events/event"},"EventData":{"CommandLine":"C:\\Windows\\system32\\dllhost.exe /Processid:{1D72F8F3-72A7-41D0-A13D-893FF5262B12}","Company":"Microsoft Corporation","CurrentDirectory":"C:\\Windows\\system32\\","Description":"COM Surrogate","FileVersion":"10.0.10240.16384 (th1.150709-1700)","Hashes":"SHA1=B475217A1525063D7119E6AC288FB92638490373,MD5=21561B7B85B1C77F00ECA96BC30E9A20,SHA256=D17414E03A595A81D5925CADB099B71335ED54D836B1FDEE3BD0EE28B19EC3EA,IMPHASH=40D2E175C2888C8C61143B657C14F464","Image":"C:\\Windows\\System32\\dllhost.exe","IntegrityLevel":"System","LogonGuid":"21207A7E-6EBA-5D77-0000-0020E7030000","LogonId":"0x3e7","OriginalFileName":"dllhost.exe","ParentCommandLine":"C:\\Windows\\system32\\services.exe","ParentImage":"C:\\Windows\\System32\\services.exe","ParentProcessGuid":"21207A7E-6EBA-5D77-0000-0010C6960000","ParentProcessId":740,"ProcessGuid":"21207A7E-6EBD-5D77-0000-0010F0160200","ProcessId":2076,"Product":"Microsoft® Windows® Operating System","RuleName":"","TerminalSessionId":0,"User":"NT AUTHORITY\\SYSTEM","UtcTime":"2019-09-10 09:37:01.969"},"System":{"Channel":"Microsoft-Windows-Sysmon/Operational","Computer":"DESKTOP-CF2FLGA","Correlation":null,"EventID":1,"EventRecordID":14080,"Execution":{"#attributes":{"ProcessID":1912,"ThreadID":2592}},"Keywords":"0x8000000000000000","Level":4,"Opcode":0,"Provider":{"#attributes":{"Guid":"5770385F-C22A-43E0-BF4C-06F5698FFBD9","Name":"Microsoft-Windows-Sysmon"}},"Security":{"#attributes":{"UserID":"S-1-5-18"}},"Task":1,"TimeCreated":{"#attributes":{"SystemTime":"2019-09-10T09:37:04.124923Z"}},"Version":5}}}
