{"Event":{"#attributes":{"xmlns":"http://schemas.microsoft.com/win/2004/08/events/event"},"EventData":{"CallTrace":"C:\\Windows\\SYSTEM32\\ntdll.dll+8273a|C:\\Windows\\system32\\KERNELBASE.dll+cf8c8|C:\\Windows\\Microsoft.NET\\Framework\\v4.0.30319\\CorperfmonExt.dll+b3e0|C:\\Windows\\Microsoft.NET\\Framework\\v4.0.30319\\CorperfmonExt.dll+b820|C:\\Windows\\Microsoft.NET\\Framework\\v4.0.30319\\CorperfmonExt.dll+122e2|C:\\Windows\\Microsoft.NET\\Framework\\v4.0.30319\\CorperfmonExt.dll+a981|C:\\Windows\\Microsoft.NET\\Framework\\v4.0.30319\\CorperfmonExt.dll+a515|C:\\Windows\\Microsoft.NET\\Framework\\v4.0.30319\\CorperfmonExt.dll+9273|C:\\Windows\\system32\\mscoree.dll+28139|C:\\Windows\\system32\\advapi32.dll+125f2|C:\\Windows\\system32\\advapi32.dll+12cea|C:\\Windows\\system32\\KERNELBASE.dll+ab982|C:\\Windows\\system32\\KERNELBASE.dll+aacc3|C:\\Windows\\SYSTEM32\\pdh.dll+9ef3|C:\\Windows\\SYSTEM32\\pdh.dll+85d3|C:\\Windows\\SYSTEM32\\pdh.dll+361c3","GrantedAccess":"0x1400","RuleName":"Inyeccion explorer","SourceImage":"C:\\Windows\\system32\\wbem\\wmiprvse.exe","SourceProcessGUID":"21207A7E-6ED1-5D77-0000-00106CC00800","SourceProcessId":1968,"SourceThreadId":3308,"TargetImage":"C:\\Windows\\system32\\lsass.exe","TargetProcessGUID":"21207A7E-6EBA-5D77-0000-00109C970000","TargetProcessId":748,"UtcTime":"2019-09-10 09:37:22.178"},"System":{"Channel":"Microsoft-Windows-Sysmon/Operational","Computer":"DESKTOP-CF2FLGA","Correlation":null,"EventID":10,"EventRecordID":14249,"Execution":{"#attributes":{"ProcessID":1912,"ThreadID":2592}},"Keywords":"0x8000000000000000","Level":4,"Opcode":0,"Provider":{"#attributes":{"Guid":"5770385F-C22A-43E0-BF4C-06F5698FFBD9","Name":"Microsoft-Windows-Sysmon"}},"Security":{"#attributes":{"UserID":"S-1-5-18"}},"Task":10,"TimeCreated":{"#attributes":{"SystemTime":"2019-09-10T09:37:22.187325Z"}},"Version":3}}}
{"Event":{"#attributes":{"xmlns":"http://schemas.microsoft.com/win/2004/08/events/event"},"EventData":{"CallTrace":"C:\\Windows\\SYSTEM32\\ntdll.dll+8273a|C:\\Windows\\system32\\KERNELBASE.dll+cf8c8|C:\\Windows\\Microsoft.NET\\Framework\\v4.0.30319\\CorperfmonExt.dll+11ed4|C:\\Windows\\Microsoft.NET\\Framework\\v4.0.30319\\CorperfmonExt.dll+11f61|C:\\Windows\\Microsoft.NET\\Framework\\v4.0.30319\\CorperfmonExt.dll+aa62|C:\\Windows\\Microsoft.NET\\Framework\\v4.0.30319\\CorperfmonExt.dll+a7d2|C:\\Windows\\Microsoft.NET\\Framework\\v4.0.30319\\CorperfmonExt.dll+a3d4|C:\\Windows\\Microsoft.NET\\Framework\\v4.0.30319\\CorperfmonExt.dll+9273|C:\\Windows\\system32\\mscoree.dll+28139|C:\\Windows\\system32\\advapi32.dll+125f2|C:\\Windows\\system32\\advapi32.dll+12cea|C:\\Windows\\system32\\KERNELBASE.dll+ab982|C:\\Windows\\system32\\KERNELBASE.dll+aacc3|C:\\Windows\\SYSTEM32\\pdh.dll+9ef3|C:\\Windows\\SYSTEM32\\pdh.dll+85d3|C:\\Windows\\SYSTEM32\\pdh.dll+361c3","GrantedAccess":"0x1400","RuleName":"Inyeccion explorer","SourceImage":"C:\\Windows\\system32\\wbem\\wmiprvse.exe","SourceProcessGUID":"21207A7E-6ED1-5D77-0000-00106CC00800","SourceProcessId":1968,"SourceThreadId":3308,"TargetImage":"C:\\Windows\\system32\\lsass.exe","TargetProcessGUID":"21207A7E-6EBA-5D77-0000-00109C970000","TargetProcessId":748,"UtcTime":"2019-09-10 09:37:22.209"},"System":{"Channel":"Microsoft-Windows-Sysmon/Operational","Computer":"DESKTOP-CF2FLGA","Correlation":null,"EventID":10,"EventRecordID":14250,"Execution":{"#attributes":{"ProcessID":1912,"ThreadID":2592}},"Keywords":"0x8000000000000000","Level":4,"Opcode":0,"Provider":{"#attributes":{"Guid":"5770385F-C22A-43E0-BF4C-06F5698FFBD9","Name":"Microsoft-Windows-Sysmon"}},"Security":{"#attributes":{"UserID":"S-1-5-18"}},"Task":10,"TimeCreated":{"#attributes":{"SystemTime":"2019-09-10T09:37:22.222037Z"}},"Version":3}}}
{"Event":{"#attributes":{"xmlns":"http://schemas.microsoft.com/win/2004/08/events/event"},"EventData":{"CallTrace":"C:\\Windows\\SYSTEM32\\ntdll.dll+8273a|C:\\Windows\\system32\\KERNELBASE.dll+cf8c8|C:\\Windows\\Microsoft.NET\\Framework\\v4.0.30319\\CorperfmonExt.dll+b3e0|C:\\Windows\\Microsoft.NET\\Framework\\v4.0.30319\\CorperfmonExt.dll+b820|C:\\Windows\\Microsoft.NET\\Framework\\v4.0.30319\\CorperfmonExt.dll+122e2|C:\\Windows\\Microsoft.NET\\Framework\\v4.0.30319\\CorperfmonExt.dll+a981|C:\\Windows\\Microsoft.NET\\Framework\\v4.0.30319\\CorperfmonExt.dll+a515|C:\\Windows\\Microsoft.NET\\Framework\\v4.0.30319\\CorperfmonExt.dll+9273|C:\\Windows\\system32\\mscoree.dll+28139|C:\\Windows\\system32\\advapi32.dll+125f2|C:\\Windows\\system32\\advapi32.dll+12cea|C:\\Windows\\system32\\KERNELBASE.dll+ab982|C:\\Windows\\system32\\KERNELBASE.dll+aacc3|C:\\Windows\\SYSTEM32\\pdh.dll+9ef3|C:\\Windows\\SYSTEM32\\pdh.dll+85d3|C:\\Windows\\SYSTEM32\\pdh.dll+361c3","GrantedAccess":"0x1400","RuleName":"Inyeccion explorer","SourceImage":"C:\\Windows\\system32\\wbem\\wmiprvse.exe","SourceProcessGUID":"21207A7E-6ED1-5D77-0000-00106CC00800","SourceProcessId":1968,"SourceThreadId":3308,"TargetImage":"C:\\Windows\\system32\\lsass.exe","TargetProcessGUID":"21207A7E-6EBA-5D77-0000-00109C970000","TargetProcessId":748,"UtcTime":"2019-09-10 09:37:22.209"},"System":{"Channel":"Microsoft-Windows-Sysmon/Operational","Computer":"DESKTOP-CF2FLGA","Correlation":null,"EventID":10,"EventRecordID":14251,"Execution":{"#attributes":{"ProcessID":1912,"ThreadID":2592}},"Keywords":"0x8000000000000000","Level":4,"Opcode":0,"Provider":{"#attributes":{"Guid":"5770385F-C22A-43E0-BF4C-06F5698FFBD9","Name":"Microsoft-Windows-Sysmon"}},"Security":{"#attributes":{"UserID":"S-1-5-18"}},"Task":10,"TimeCreated":{"#attributes":{"SystemTime":"2019-09-10T09:37:22.222084Z"}},"Version":3}}}
{"Event":{"#attributes":{"xmlns":"http://schemas.microsoft.com/win/2004/08/events/event"},"EventData":{"CommandLine":"C:\\Windows\\system32\\wbem\\WmiApSrv.exe","Company":"Microsoft Corporation","CurrentDirectory":"C:\\Windows\\system32\\","Description":"WMI Performance Reverse Adapter","FileVersion":"10.0.10240.16384 (th1.150709-1700)","Hashes":"SHA1=45FA774ED0366D20AE696C5523AC57A1E33A00FB,MD5=154C06735F0EE1D62D75864008BA2C2E,SHA256=47902FDAFE82E97028FE1DFBA8F51FF940DA2AB29E037F29BB7C164064DD2E72,IMPHASH=44E8C7F2BD507B81D492ED2A324B200F","Image":"C:\\Windows\\System32\\wbem\\WmiApSrv.exe","IntegrityLevel":"System","LogonGuid":"21207A7E-6EBA-5D77-0000-0020E7030000","LogonId":"0x3e7","OriginalFileName":"WmiApSrv.exe","ParentCommandLine":"C:\\Windows\\system32\\services.exe","ParentImage":"C:\\Windows\\System32\\services.exe","ParentProcessGuid":"21207A7E-6EBA-5D77-0000-0010C6960000","ParentProcessId":740,"ProcessGuid":"21207A7E-6ED2-5D77-0000-0010BCEF0800","ProcessId":4164,"Product":"Microsoft® Windows® Operating System","RuleName":"","TerminalSessionId":0,"User":"NT AUTHORITY\\SYSTEM","UtcTime":"2019-09-10 09:37:22.241"},"System":{"Channel":"Microsoft-Windows-Sysmon/Operational","Computer":"DESKTOP-CF2FLGA","Correlation":null,"EventID":1,"EventRecordID":14252,"Execution":{"#attributes":{"ProcessID":1912,"ThreadID":2592}},"Keywords":"0x8000000000000000","Level":4,"Opcode":0,"Provider":{"#attributes":{"Guid":"5770385F-C22A-43E0-BF4C-06F5698FFBD9","Name":"Microsoft-Windows-Sysmon"}},"Security":{"#attributes":{"UserID":"S-1-5-18"}},"Task":1,"TimeCreated":{"#attributes":{"SystemTime":"2019-09-10T09:37:22.244565Z"}},"Version":5}}}
{"Event":{"#attributes":{"xmlns":"http://schemas.microsoft.com/win/2004/08/events/event"},"EventData":{"CallTrace":"C:\\Windows\\SYSTEM32\\ntdll.dll+8273a|C:\\Windows\\system32\\KERNELBASE.dll+cf8c8|C:\\Windows\\Microsoft.NET\\Framework\\v4.0.30319\\CorperfmonExt.dll+11ed4|C:\\Windows\\Microsoft.NET\\Framework\\v4.0.30319\\CorperfmonExt.dll+11f61|C:\\Windows\\Microsoft.NET\\Framework\\v4.0.30319\\CorperfmonExt.dll+aa62|C:\\Windows\\Microsoft.NET\\Framework\\v4.0.30319\\CorperfmonExt.dll+a7d2|C:\\Windows\\Microsoft.NET\\Framework\\v4.0.30319\\CorperfmonExt.dll+a3d4|C:\\Windows\\Microsoft.NET\\Framework\\v4.0.30319\\CorperfmonExt.dll+9273|C:\\Windows\\system32\\mscoree.dll+28139|C:\\Windows\\system32\\advapi32.dll+125f2|C:\\Windows\\system32\\advapi32.dll+12cea|C:\\Windows\\system32\\KERNELBASE.dll+ab982|C:\\Windows\\system32\\KERNELBASE.dll+aacc3|C:\\Windows\\SYSTEM32\\pdh.dll+9ef3|C:\\Windows\\SYSTEM32\\pdh.dll+85d3|C:\\Windows\\SYSTEM32\\pdh.dll+36217","GrantedAccess":"0x1400","RuleName":"Inyeccion explorer","SourceImage":"C:\\Windows\\system32\\wbem\\wmiprvse.exe","SourceProcessGUID":"21207A7E-6ED1-5D77-0000-00106CC00800","SourceProcessId":1968,"SourceThreadId":3308,"TargetImage":"C:\\Windows\\system32\\lsass.exe","TargetProcessGUID":"21207A7E-6EBA-5D77-0000-00109C970000","TargetProcessId":748,"UtcTime":"2019-09-10 09:37:22.429"},"System":{"Channel":"Microsoft-Windows-Sysmon/Operational","Computer":"DESKTOP-CF2FLGA","Correlation":null,"EventID":10,"EventRecordID":14253,"Execution":{"#attributes":{"ProcessID":1912,"ThreadID":2592}},"Keywords":"0x8000000000000000","Level":4,"Opcode":0,"Provider":{"#attributes":{"Guid":"5770385F-C22A-43E0-BF4C-06F5698FFBD9","Name":"Microsoft-Windows-Sysmon"}},"Security":{"#attributes":{"UserID":"S-1-5-18"}},"Task":10,"TimeCreated":{"#attributes":{"SystemTime":"2019-09-10T09:37:22.440007Z"}},"Version":3}}}
{"Event":{"#attributes":{"xmlns":"http://schemas.microsoft.com/win/2004/08/events/event"},"EventData":{"CallTrace":"C:\\Windows\\SYSTEM32\\ntdll.dll+8273a|C:\\Windows\\system32\\KERNELBASE.dll+cf8c8|C:\\Windows\\Microsoft.NET\\Framework\\v4.0.30319\\CorperfmonExt.dll+b3e0|C:\\Windows\\Microsoft.NET\\Framework\\v4.0.30319\\CorperfmonExt.dll+b820|C:\\Windows\\Microsoft.NET\\Framework\\v4.0.30319\\CorperfmonExt.dll+122e2|C:\\Windows\\Microsoft.NET\\Framework\\v4.0.30319\\CorperfmonExt.dll+a981|C:\\Windows\\Microsoft.NET\\Framework\\v4.0.30319\\CorperfmonExt.dll+a515|C:\\Windows\\Microsoft.NET\\Framework\\v4.0.30319\\CorperfmonExt.dll+9273|C:\\Windows\\system32\\mscoree.dll+28139|C:\\Windows\\system32\\advapi32.dll+125f2|C:\\Windows\\system32\\advapi32.dll+12cea|C:\\Windows\\system32\\KERNELBASE.dll+ab982|C:\\Windows\\system32\\KERNELBASE.dll+aacc3|C:\\Windows\\SYSTEM32\\pdh.dll+9ef3|C:\\Windows\\SYSTEM32\\pdh.dll+85d3|C:\\Windows\\SYSTEM32\\pdh.dll+36217","GrantedAccess":"0x1400","RuleName":"Inyeccion explorer","SourceImage":"C:\\Windows\\system32\\wbem\\wmiprvse.exe","SourceProcessGUID":"21207A7E-6ED1-5D77-0000-00106CC00800","SourceProcessId":1968,"SourceThreadId":3308,"TargetImage":"C:\\Windows\\system32\\lsass.exe","TargetProcessGUID":"21207A7E-6EBA-5D77-0000-00109C970000","TargetProcessId":748,"UtcTime":"2019-09-10 09:37:22.429"},"System":{"Channel":"Microsoft-Windows-Sysmon/Operational","Computer":"DESKTOP-CF2FLGA","Correlation":null,"EventID":10,"EventRecordID":14254,"Execution":{"#attributes":{"ProcessID":1912,"ThreadID":2592}},"Keywords":"0x8000000000000000","Level":4,"Opcode":0,"Provider":{"#attributes":{"Guid":"5770385F-C22A-43E0-BF4C-06F5698FFBD9","Name":"Microsoft-Windows-Sysmon"}},"Security":{"#attributes":{"UserID":"S-1-5-18"}},"Task":10,"TimeCreated":{"#attributes":{"SystemTime":"2019-09-10T09:37:22.440053Z"}},"Version":3}}}
{"Event":{"#attributes":{"xmlns":"http://schemas.microsoft.com/win/2004/08/events/event"},"EventData":{"CallTrace":"C:\\Windows\\SYSTEM32\\ntdll.dll+8273a|C:\\Windows\\System32\\perfproc.dll+30e3|C:\\Windows\\System32\\perfproc.dll+3015|C:\\Windows\\System32\\perfproc.dll+2cad|C:\\Windows\\system32\\advapi32.dll+125f2|C:\\Windows\\system32\\advapi32.dll+12cea|C:\\Windows\\system32\\KERNELBASE.dll+ab982|C:\\Windows\\system32\\KERNELBASE.dll+aacc3|C:\\Windows\\SYSTEM32\\pdh.dll+11412|C:\\Windows\\SYSTEM32\\pdh.dll+85d3|C:\\Windows\\SYSTEM32\\pdh.dll+36217|C:\\Windows\\SYSTEM32\\pdh.dll+335df|C:\\Windows\\SYSTEM32\\pdh.dll+33739|C:\\Windows\\System32\\wbem\\WmiPerfClass.dll+ce15|C:\\Windows\\System32\\wbem\\WmiPerfClass.dll+d3f2|C:\\Windows\\System32\\wbem\\WmiPerfClass.dll+5136","GrantedAccess":"0x1fffff","RuleName":"Inyeccion explorer","SourceImage":"C:\\Windows\\system32\\wbem\\wmiprvse.exe","SourceProcessGUID":"21207A7E-6ED1-5D77-0000-00106CC00800","SourceProcessId":1968,"SourceThreadId":3308,"TargetImage":"C:\\Windows\\system32\\lsass.exe","TargetProcessGUID":"21207A7E-6EBA-5D77-0000-00109C970000","TargetProcessId":748,"UtcTime":"2019-09-10 09:37:22.444"},"System":{"Channel":"Microsoft-Windows-Sysmon/Operational","Computer":"DESKTOP-CF2FLGA","Correlation":null,"EventID":10,"EventRecordID":14255,"Execution":{"#attributes":{"ProcessID":1912,"ThreadID":2592}},"Keywords":"0x8000000000000000","Level":4,"Opcode":0,"Provider":{"#attributes":{"Guid":"5770385F-C22A-43E0-BF4C-06F5698FFBD9","Name":"Microsoft-Windows-Sysmon"}},"Security":{"#attributes":{"UserID":"S-1-5-18"}},"Task":10,"TimeCreated":{"#attributes":{"SystemTime":"2019-09-10T09:37:22.541023Z"}},"Version":3}}}
{"Event":{"#attributes":{"xmlns":"http://schemas.microsoft.com/win/2004/08/events/event"},"EventData":{"CallTrace":"C:\\Windows\\SYSTEM32\\ntdll.dll+8273a|C:\\Windows\\system32\\KERNELBASE.dll+cf8c8|C:\\Windows\\Microsoft.NET\\Framework\\v4.0.30319\\CorperfmonExt.dll+11ed4|C:\\Windows\\Microsoft.NET\\Framework\\v4.0.30319\\CorperfmonExt.dll+11f61|C:\\Windows\\Microsoft.NET\\Framework\\v4.0.30319\\CorperfmonExt.dll+aa62|C:\\Windows\\Microsoft.NET\\Framework\\v4.0.30319\\CorperfmonExt.dll+a7d2|C:\\Windows\\Microsoft.NET\\Framework\\v4.0.30319\\CorperfmonExt.dll+a3d4|C:\\Windows\\Microsoft.NET\\Framework\\v4.0.30319\\CorperfmonExt.dll+9273|C:\\Windows\\system32\\mscoree.dll+28139|C:\\Windows\\system32\\advapi32.dll+125f2|C:\\Windows\\system32\\advapi32.dll+12cea|C:\\Windows\\system32\\KERNELBASE.dll+ab982|C:\\Windows\\system32\\KERNELBASE.dll+aacc3|C:\\Windows\\SYSTEM32\\pdh.dll+9ef3|C:\\Windows\\SYSTEM32\\pdh.dll+85d3|C:\\Windows\\SYSTEM32\\pdh.dll+36217","GrantedAccess":"0x1400","RuleName":"Inyeccion explorer","SourceImage":"C:\\Windows\\system32\\wbem\\wmiprvse.exe","SourceProcessGUID":"21207A7E-6ED1-5D77-0000-00106CC00800","SourceProcessId":1968,"SourceThreadId":3308,"TargetImage":"C:\\Windows\\system32\\lsass.exe","TargetProcessGUID":"21207A7E-6EBA-5D77-0000-00109C970000","TargetProcessId":748,"UtcTime":"2019-09-10 09:37:22.537"},"System":{"Channel":"Microsoft-Windows-Sysmon/Operational","Computer":"DESKTOP-CF2FLGA","Correlation":null,"EventID":10,"EventRecordID":14256,"Execution":{"#attributes":{"ProcessID":1912,"ThreadID":2592}},"Keywords":"0x8000000000000000","Level":4,"Opcode":0,"Provider":{"#attributes":{"Guid":"5770385F-C22A-43E0-BF4C-06F5698FFBD9","Name":"Microsoft-Windows-Sysmon"}},"Security":{"#attributes":{"UserID":"S-1-5-18"}},"Task":10,"TimeCreated":{"#attributes":{"SystemTime":"2019-09-10T09:37:22.551597Z"}},"Version":3}}}
{"Event":{"#attributes":{"xmlns":"http://schemas.microsoft.com/win/2004/08/events/event"},"EventData":{"CallTrace":"C:\\Windows\\SYSTEM32\\ntdll.dll+8273a|C:\\Windows\\system32\\KERNELBASE.dll+cf8c8|C:\\Windows\\Microsoft.NET\\Framework\\v4.0.30319\\CorperfmonExt.dll+b3e0|C:\\Windows\\Microsoft.NET\\Framework\\v4.0.30319\\CorperfmonExt.dll+b820|C:\\Windows\\Microsoft.NET\\Framework\\v4.0.30319\\CorperfmonExt.dll+122e2|C:\\Windows\\Microsoft.NET\\Framework\\v4.0.30319\\CorperfmonExt.dll+a981|C:\\Windows\\Microsoft.NET\\Framework\\v4.0.30319\\CorperfmonExt.dll+a515|C:\\Windows\\Microsoft.NET\\Framework\\v4.0.30319\\CorperfmonExt.dll+9273|C:\\Windows\\system32\\mscoree.dll+28139|C:\\Windows\\system32\\advapi32.dll+125f2|C:\\Windows\\system32\\advapi32.dll+12cea|C:\\Windows\\system32\\KERNELBASE.dll+ab982|C:\\Windows\\system32\\KERNELBASE.dll+aacc3|C:\\Windows\\SYSTEM32\\pdh.dll+9ef3|C:\\Windows\\SYSTEM32\\pdh.dll+85d3|C:\\Windows\\SYSTEM32\\pdh.dll+36217","GrantedAccess":"0x1400","RuleName":"Inyeccion explorer","SourceImage":"C:\\Windows\\system32\\wbem\\wmiprvse.exe","SourceProcessGUID":"21207A7E-6ED1-5D77-0000-00106CC00800","SourceProcessId":1968,"SourceThreadId":3308,"TargetImage":"C:\\Windows\\system32\\lsass.exe","TargetProcessGUID":"21207A7E-6EBA-5D77-0000-00109C970000","TargetProcessId":748,"UtcTime":"2019-09-10 09:37:22.537"},"System":{"Channel":"Microsoft-Windows-Sysmon/Operational","Computer":"DESKTOP-CF2FLGA","Correlation":null,"EventID":10,"EventRecordID":14257,"Execution":{"#attributes":{"ProcessID":1912,"ThreadID":2592}},"Keywords":"0x8000000000000000","Level":4,"Opcode":0,"Provider":{"#attributes":{"Guid":"5770385F-C22A-43E0-BF4C-06F5698FFBD9","Name":"Microsoft-Windows-Sysmon"}},"Security":{"#attributes":{"UserID":"S-1-5-18"}},"Task":10,"TimeCreated":{"#attributes":{"SystemTime":"2019-09-10T09:37:22.551641Z"}},"Version":3}}}
{"Event":{"#attributes":{"xmlns":"http://schemas.microsoft.com/win/2004/08/events/event"},"EventData":{"CallTrace":"C:\\Windows\\SYSTEM32\\ntdll.dll+8273a|C:\\Windows\\System32\\perfproc.dll+30e3|C:\\Windows\\System32\\perfproc.dll+3015|C:\\Windows\\System32\\perfproc.dll+2cad|C:\\Windows\\system32\\advapi32.dll+125f2|C:\\Windows\\system32\\advapi32.dll+12cea|C:\\Windows\\system32\\KERNELBASE.dll+ab982|C:\\Windows\\system32\\KERNELBASE.dll+aacc3|C:\\Windows\\SYSTEM32\\pdh.dll+11412|C:\\Windows\\SYSTEM32\\pdh.dll+85d3|C:\\Windows\\SYSTEM32\\pdh.dll+36217|C:\\Windows\\SYSTEM32\\pdh.dll+335df|C:\\Windows\\SYSTEM32\\pdh.dll+33739|C:\\Windows\\System32\\wbem\\WmiPerfClass.dll+ce15|C:\\Windows\\System32\\wbem\\WmiPerfClass.dll+d3f2|C:\\Windows\\System32\\wbem\\WmiPerfClass.dll+5136","GrantedAccess":"0x1fffff","RuleName":"Inyeccion explorer","SourceImage":"C:\\Windows\\system32\\wbem\\wmiprvse.exe","SourceProcessGUID":"21207A7E-6ED1-5D77-0000-00106CC00800","SourceProcessId":1968,"SourceThreadId":3308,"TargetImage":"C:\\Windows\\system32\\lsass.exe","TargetProcessGUID":"21207A7E-6EBA-5D77-0000-00109C970000","TargetProcessId":748,"UtcTime":"2019-09-10 09:37:22.553"},"System":{"Channel":"Microsoft-Windows-Sysmon/Operational","Computer":"DESKTOP-CF2FLGA","Correlation":null,"EventID":10,"EventRecordID":14258,"Execution":{"#attributes":{"ProcessID":1912,"ThreadID":2592}},"Keywords":"0x8000000000000000","Level":4,"Opcode":0,"Provider":{"#attributes":{"Guid":"5770385F-C22A-43E0-BF4C-06F5698FFBD9","Name":"Microsoft-Windows-Sysmon"}},"Security":{"#attributes":{"UserID":"S-1-5-18"}},"Task":10,"TimeCreated":{"#attributes":{"SystemTime":"2019-09-10T09:37:22.647450Z"}},"Version":3}}}
{"Event":{"#attributes":{"xmlns":"http://schemas.microsoft.com/win/2004/08/events/event"},"EventData":{"CallTrace":"C:\\Windows\\SYSTEM32\\ntdll.dll+8273a|C:\\Windows\\system32\\KERNELBASE.dll+cf8c8|C:\\Windows\\Microsoft.NET\\Framework\\v4.0.30319\\CorperfmonExt.dll+11ed4|C:\\Windows\\Microsoft.NET\\Framework\\v4.0.30319\\CorperfmonExt.dll+11f61|C:\\Windows\\Microsoft.NET\\Framework\\v4.0.30319\\CorperfmonExt.dll+aa62|C:\\Windows\\Microsoft.NET\\Framework\\v4.0.30319\\CorperfmonExt.dll+a7d2|C:\\Windows\\Microsoft.NET\\Framework\\v4.0.30319\\CorperfmonExt.dll+a3d4|C:\\Windows\\Microsoft.NET\\Framework\\v4.0.30319\\CorperfmonExt.dll+9273|C:\\Windows\\system32\\mscoree.dll+28139|C:\\Windows\\system32\\advapi32.dll+125f2|C:\\Windows\\system32\\advapi32.dll+12cea|C:\\Windows\\system32\\KERNELBASE.dll+ab982|C:\\Windows\\system32\\KERNELBASE.dll+aacc3|C:\\Windows\\SYSTEM32\\pdh.dll+9ef3|C:\\Windows\\SYSTEM32\\pdh.dll+85d3|C:\\Windows\\SYSTEM32\\pdh.dll+36217","GrantedAccess":"0x1400","RuleName":"Inyeccion explorer","SourceImage":"C:\\Windows\\system32\\wbem\\wmiprvse.exe","SourceProcessGUID":"21207A7E-6ED1-5D77-0000-00106CC00800","SourceProcessId":1968,"SourceThreadId":3308,"TargetImage":"C:\\Windows\\system32\\lsass.exe","TargetProcessGUID":"21207A7E-6EBA-5D77-0000-00109C970000","TargetProcessId":748,"UtcTime":"2019-09-10 09:37:22.631"},"System":{"Channel":"Microsoft-Windows-Sysmon/Operational","Computer":"DESKTOP-CF2FLGA","Correlation":null,"EventID":10,"EventRecordID":14259,"Execution":{"#attributes":{"ProcessID":1912,"ThreadID":2592}},"Keywords":"0x8000000000000000","Level":4,"Opcode":0,"Provider":{"#attributes":{"Guid":"5770385F-C22A-43E0-BF4C-06F5698FFBD9","Name":"Microsoft-Windows-Sysmon"}},"Security":{"#attributes":{"UserID":"S-1-5-18"}},"Task":10,"TimeCreated":{"#attributes":{"SystemTime":"2019-09-10T09:37:22.648784Z"}},"Version":3}}}
{"Event":{"#attributes":{"xmlns":"http://schemas.microsoft.com/win/2004/08/events/event"},"EventData":{"CallTrace":"C:\\Windows\\SYSTEM32\\ntdll.dll+8273a|C:\\Windows\\system32\\KERNELBASE.dll+cf8c8|C:\\Windows\\Microsoft.NET\\Framework\\v4.0.30319\\CorperfmonExt.dll+b3e0|C:\\Windows\\Microsoft.NET\\Framework\\v4.0.30319\\CorperfmonExt.dll+b820|C:\\Windows\\Microsoft.NET\\Framework\\v4.0.30319\\CorperfmonExt.dll+122e2|C:\\Windows\\Microsoft.NET\\Framework\\v4.0.30319\\CorperfmonExt.dll+a981|C:\\Windows\\Microsoft.NET\\Framework\\v4.0.30319\\CorperfmonExt.dll+a515|C:\\Windows\\Microsoft.NET\\Framework\\v4.0.30319\\CorperfmonExt.dll+9273|C:\\Windows\\system32\\mscoree.dll+28139|C:\\Windows\\system32\\advapi32.dll+125f2|C:\\Windows\\system32\\advapi32.dll+12cea|C:\\Windows\\system32\\KERNELBASE.dll+ab982|C:\\Windows\\system32\\KERNELBASE.dll+aacc3|C:\\Windows\\SYSTEM32\\pdh.dll+9ef3|C:\\Windows\\SYSTEM32\\pdh.dll+85d3|C:\\Windows\\SYSTEM32\\pdh.dll+36217","GrantedAccess":"0x1400","RuleName":"Inyeccion explorer","SourceImage":"C:\\Windows\\system32\\wbem\\wmiprvse.exe","SourceProcessGUID":"21207A7E-6ED1-5D77-0000-00106CC00800","SourceProcessId":1968,"SourceThreadId":3308,"TargetImage":"C:\\Windows\\system32\\lsass.exe","TargetProcessGUID":"21207A7E-6EBA-5D77-0000-00109C970000","TargetProcessId":748,"UtcTime":"2019-09-10 09:37:22.631"},"System":{"Channel":"Microsoft-Windows-Sysmon/Operational","Computer":"DESKTOP-CF2FLGA","Correlation":null,"EventID":10,"EventRecordID":14260,"Execution":{"#attributes":{"ProcessID":1912,"ThreadID":2592}},"Keywords":"0x8000000000000000","Level":4,"Opcode":0,"Provider":{"#attributes":{"Guid":"5770385F-C22A-43E0-BF4C-06F5698FFBD9","Name":"Microsoft-Windows-Sysmon"}},"Security":{"#attributes":{"UserID":"S-1-5-18"}},"Task":10,"TimeCreated":{"#attributes":{"SystemTime":"2019-09-10T09:37:22.648870Z"}},"Version":3}}}
{"Event":{"#attributes":{"xmlns":"http://schemas.microsoft.com/win/2004/08/events/event"},"EventData":{"CallTrace":"C:\\Windows\\SYSTEM32\\ntdll.dll+8273a|C:\\Windows\\System32\\perfproc.dll+30e3|C:\\Windows\\System32\\perfproc.dll+3015|C:\\Windows\\System32\\perfproc.dll+2cad|C:\\Windows\\system32\\advapi32.dll+125f2|C:\\Windows\\system32\\advapi32.dll+12cea|C:\\Windows\\system32\\KERNELBASE.dll+ab982|C:\\Windows\\system32\\KERNELBASE.dll+aacc3|C:\\Windows\\SYSTEM32\\pdh.dll+11412|C:\\Windows\\SYSTEM32\\pdh.dll+85d3|C:\\Windows\\SYSTEM32\\pdh.dll+36217|C:\\Windows\\SYSTEM32\\pdh.dll+335df|C:\\Windows\\SYSTEM32\\pdh.dll+33739|C:\\Windows\\System32\\wbem\\WmiPerfClass.dll+ce15|C:\\Windows\\System32\\wbem\\WmiPerfClass.dll+d3f2|C:\\Windows\\System32\\wbem\\WmiPerfClass.dll+5136","GrantedAccess":"0x1fffff","RuleName":"Inyeccion explorer","SourceImage":"C:\\Windows\\system32\\wbem\\wmiprvse.exe","SourceProcessGUID":"21207A7E-6ED1-5D77-0000-00106CC00800","SourceProcessId":1968,"SourceThreadId":3308,"TargetImage":"C:\\Windows\\system32\\lsass.exe","TargetProcessGUID":"21207A7E-6EBA-5D77-0000-00109C970000","TargetProcessId":748,"UtcTime":"2019-09-10 09:37:22.647"},"System":{"Channel":"Microsoft-Windows-Sysmon/Operational","Computer":"DESKTOP-CF2FLGA","Correlation":null,"EventID":10,"EventRecordID":14261,"Execution":{"#attributes":{"ProcessID":1912,"ThreadID":2592}},"Keywords":"0x8000000000000000","Level":4,"Opcode":0,"Provider":{"#attributes":{"Guid":"5770385F-C22A-43E0-BF4C-06F5698FFBD9","Name":"Microsoft-Windows-Sysmon"}},"Security":{"#attributes":{"UserID":"S-1-5-18"}},"Task":10,"TimeCreated":{"#attributes":{"SystemTime":"2019-09-10T09:37:22.737011Z"}},"Version":3}}}
{"Event":{"#attributes":{"xmlns":"http://schemas.microsoft.com/win/2004/08/events/event"},"EventData":{"Image":"C:\\Windows\\System32\\wermgr.exe","ProcessGuid":"21207A7E-6ECE-5D77-0000-0010F3830800","ProcessId":964,"RuleName":"","UtcTime":"2019-09-10 09:37:24.803"},"System":{"Channel":"Microsoft-Windows-Sysmon/Operational","Computer":"DESKTOP-CF2FLGA","Correlation":null,"EventID":5,"EventRecordID":14262,"Execution":{"#attributes":{"ProcessID":1912,"ThreadID":2592}},"Keywords":"0x8000000000000000","Level":4,"Opcode":0,"Provider":{"#attributes":{"Guid":"5770385F-C22A-43E0-BF4C-06F5698FFBD9","Name":"Microsoft-Windows-Sysmon"}},"Security":{"#attributes":{"UserID":"S-1-5-18"}},"Task":5,"TimeCreated":{"#attributes":{"SystemTime":"2019-09-10T09:37:24.808812Z"}},"Version":3}}}
{"Event":{"#attributes":{"xmlns":"http://schemas.microsoft.com/win/2004/08/events/event"},"EventData":{"CommandLine":"\"C:\\Program Files\\VMware\\VMware Tools\\vmtoolsd.exe\" -n vmusr","Company":"VMware, Inc.","CurrentDirectory":"C:\\Windows\\system32\\","Description":"VMware Tools Core Service","FileVersion":"10.2.5.8049","Hashes":"SHA1=7CAC9CB951E3CE441D95A3A572C1F54186F1C0DD,MD5=7AAF83EEAC84B9C31B19A3AD88817AF7,SHA256=A6D908B8C2DD18D864FF6DB9D18A2A7553F3B86310E6ABF5BC2BC9FACF082DC1,IMPHASH=F08A31F7C1DF83667BDAFD316240BB18","Image":"C:\\Program Files\\VMware\\VMware Tools\\vmtoolsd.exe","IntegrityLevel":"Medium","LogonGuid":"21207A7E-6ECA-5D77-0000-0020AD5A0700","LogonId":"0x75aad","OriginalFileName":"vmtoolsd.exe","ParentCommandLine":"C:\\Windows\\Explorer.EXE","ParentImage":"C:\\Windows\\explorer.exe","ParentProcessGuid":"21207A7E-6ECA-5D77-0000-001033880700","ParentProcessId":3596,"ProcessGuid":"21207A7E-6ED7-5D77-0000-0010D1330900","ProcessId":4296,"Product":"VMware Tools","RuleName":"","TerminalSessionId":1,"User":"DESKTOP-CF2FLGA\\pula","UtcTime":"2019-09-10 09:37:27.475"},"System":{"Channel":"Microsoft-Windows-Sysmon/Operational","Computer":"DESKTOP-CF2FLGA","Correlation":null,"EventID":1,"EventRecordID":14263,"Execution":{"#attributes":{"ProcessID":1912,"ThreadID":2592}},"Keywords":"0x8000000000000000","Level":4,"Opcode":0,"Provider":{"#attributes":{"Guid":"5770385F-C22A-43E0-BF4C-06F5698FFBD9","Name":"Microsoft-Windows-Sysmon"}},"Security":{"#attributes":{"UserID":"S-1-5-18"}},"Task":1,"TimeCreated":{"#attributes":{"SystemTime":"2019-09-10T09:37:27.479909Z"}},"Version":5}}}
{"Event":{"#attributes":{"xmlns":"http://schemas.microsoft.com/win/2004/08/events/event"},"EventData":{"CommandLine":"\"C:\\Windows\\system32\\backgroundTaskHost.exe\" -ServerName:CortanaUI.AppXy7vb4pc2dr3kc93kfc509b1d0arkfb2x.mca","Company":"Microsoft Corporation","CurrentDirectory":"C:\\Windows\\SystemApps\\Microsoft.Windows.Cortana_cw5n1h2txyewy\\","Description":"Background Task Host","FileVersion":"10.0.10240.16384 (th1.150709-1700)","Hashes":"SHA1=0AED09163CC857C7BACAC953461225713DCA09F1,MD5=B7C738367CEA003DC7609993DBE4EFA5,SHA256=4D143A0B6F1FA8AA8235CDD5EE25CCE108E4E5C65B561CF3FC8FE769B9FC6959,IMPHASH=44F48CF86DC5D98588235CD0E909B6C3","Image":"C:\\Windows\\System32\\backgroundTaskHost.exe","IntegrityLevel":"AppContainer","LogonGuid":"21207A7E-6ECA-5D77-0000-0020AD5A0700","LogonId":"0x75aad","OriginalFileName":"backgroundTaskHost.exe","ParentCommandLine":"C:\\Windows\\system32\\svchost.exe -k DcomLaunch","ParentImage":"C:\\Windows\\System32\\svchost.exe","ParentProcessGuid":"21207A7E-6EBA-5D77-0000-001087AB0000","ParentProcessId":812,"ProcessGuid":"21207A7E-6ED7-5D77-0000-0010693A0900","ProcessId":4328,"Product":"Microsoft® Windows® Operating System","RuleName":"","TerminalSessionId":1,"User":"DESKTOP-CF2FLGA\\pula","UtcTime":"2019-09-10 09:37:27.644"},"System":{"Channel":"Microsoft-Windows-Sysmon/Operational","Computer":"DESKTOP-CF2FLGA","Correlation":null,"EventID":1,"EventRecordID":14264,"Execution":{"#attributes":{"ProcessID":1912,"ThreadID":2592}},"Keywords":"0x8000000000000000","Level":4,"Opcode":0,"Provider":{"#attributes":{"Guid":"5770385F-C22A-43E0-BF4C-06F5698FFBD9","Name":"Microsoft-Windows-Sysmon"}},"Security":{"#attributes":{"UserID":"S-1-5-18"}},"Task":1,"TimeCreated":{"#attributes":{"SystemTime":"2019-09-10T09:37:27.645829Z"}},"Version":5}}}
{"Event":{"#attributes":{"xmlns":"http://schemas.microsoft.com/win/2004/08/events/event"},"EventData":{"Image":"C:\\Windows\\System32\\backgroundTaskHost.exe","ProcessGuid":"21207A7E-6ED7-5D77-0000-0010693A0900","ProcessId":4328,"RuleName":"","UtcTime":"2019-09-10 09:37:27.756"},"System":{"Channel":"Microsoft-Windows-Sysmon/Operational","Computer":"DESKTOP-CF2FLGA","Correlation":null,"EventID":5,"EventRecordID":14265,"Execution":{"#attributes":{"ProcessID":1912,"ThreadID":2592}},"Keywords":"0x8000000000000000","Level":4,"Opcode":0,"Provider":{"#attributes":{"Guid":"5770385F-C22A-43E0-BF4C-06F5698FFBD9","Name":"Microsoft-Windows-Sysmon"}},"Security":{"#attributes":{"UserID":"S-1-5-18"}},"Task":5,"TimeCreated":{"#attributes":{"SystemTime":"2019-09-10T09:37:27.766141Z"}},"Version":3}}}
{"Event":{"#attributes":{"xmlns":"http://schemas.microsoft.com/win/2004/08/events/event"},"EventData":{"CommandLine":"\"C:\\Users\\pula\\AppData\\Local\\Microsoft\\OneDrive\\OneDrive.exe\" /background","Company":"Microsoft Corporation","CurrentDirectory":"C:\\Windows\\system32\\","Description":"Microsoft OneDrive","FileVersion":"17.3.5892.0626","Hashes":"SHA1=67E5C70FF51B7B9A179A3F2854C18547847D038B,MD5=91DD4AD85BB341CC8CF5187EA06FD171,SHA256=68330A5EBDA7E4A51926EC2085D71C11BD2857A6EB1D4749DEE7A6D1D5679B98,IMPHASH=2B3C725E7B349A6943787E254953BC7F","Image":"C:\\Users\\pula\\AppData\\Local\\Microsoft\\OneDrive\\OneDrive.exe","IntegrityLevel":"Medium","LogonGuid":"21207A7E-6ECA-5D77-0000-0020AD5A0700","LogonId":"0x75aad","OriginalFileName":"OneDrive.exe","ParentCommandLine":"C:\\Windows\\Explorer.EXE","ParentImage":"C:\\Windows\\explorer.exe","ParentProcessGuid":"21207A7E-6ECA-5D77-0000-001033880700","ParentProcessId":3596,"ProcessGuid":"21207A7E-6ED9-5D77-0000-0010DBEF0900","ProcessId":4408,"Product":"Microsoft OneDrive","RuleName":"","TerminalSessionId":1,"User":"DESKTOP-CF2FLGA\\pula","UtcTime":"2019-09-10 09:37:29.451"},"System":{"Channel":"Microsoft-Windows-Sysmon/Operational","Computer":"DESKTOP-CF2FLGA","Correlation":null,"EventID":1,"EventRecordID":14266,"Execution":{"#attributes":{"ProcessID":1912,"ThreadID":2592}},"Keywords":"0x8000000000000000","Level":4,"Opcode":0,"Provider":{"#attributes":{"Guid":"5770385F-C22A-43E0-BF4C-06F5698FFBD9","Name":"Microsoft-Windows-Sysmon"}},"Security":{"#attributes":{"UserID":"S-1-5-18"}},"Task":1,"TimeCreated":{"#attributes":{"SystemTime":"2019-09-10T09:37:29.460408Z"}},"Version":5}}}
{"Event":{"#attributes":{"xmlns":"http://schemas.microsoft.com/win/2004/08/events/event"},"EventData":{"Image":"C:\\Windows\\System32\\mobsync.exe","ProcessGuid":"21207A7E-6ED0-5D77-0000-00100FA90800","ProcessId":3316,"RuleName":"","UtcTime":"2019-09-10 09:37:30.772"},"System":{"Channel":"Microsoft-Windows-Sysmon/Operational","Computer":"DESKTOP-CF2FLGA","Correlation":null,"EventID":5,"EventRecordID":14267,"Execution":{"#attributes":{"ProcessID":1912,"ThreadID":2592}},"Keywords":"0x8000000000000000","Level":4,"Opcode":0,"Provider":{"#attributes":{"Guid":"5770385F-C22A-43E0-BF4C-06F5698FFBD9","Name":"Microsoft-Windows-Sysmon"}},"Security":{"#attributes":{"UserID":"S-1-5-18"}},"Task":5,"TimeCreated":{"#attributes":{"SystemTime":"2019-09-10T09:37:30.781910Z"}},"Version":3}}}
{"Event":{"#attributes":{"xmlns":"http://schemas.microsoft.com/win/2004/08/events/event"},"EventData":{"Image":"C:\\Windows\\System32\\userinit.exe","ProcessGuid":"21207A7E-6ECA-5D77-0000-001014860700","ProcessId":3580,"RuleName":"","UtcTime":"2019-09-10 09:37:35.459"},"System":{"Channel":"Microsoft-Windows-Sysmon/Operational","Computer":"DESKTOP-CF2FLGA","Correlation":null,"EventID":5,"EventRecordID":14268,"Execution":{"#attributes":{"ProcessID":1912,"ThreadID":2592}},"Keywords":"0x8000000000000000","Level":4,"Opcode":0,"Provider":{"#attributes":{"Guid":"5770385F-C22A-43E0-BF4C-06F5698FFBD9","Name":"Microsoft-Windows-Sysmon"}},"Security":{"#attributes":{"UserID":"S-1-5-18"}},"Task":5,"TimeCreated":{"#attributes":{"SystemTime":"2019-09-10T09:37:35.462393Z"}},"Version":3}}}
{"Event":{"#attributes":{"xmlns":"http://schemas.microsoft.com/win/2004/08/events/event"},"EventData":{"CommandLine":"C:\\Windows\\System32\\rundll32.exe C:\\Windows\\System32\\shell32.dll,SHCreateLocalServerRunDll {9aa46009-3ce0-458a-a354-715610a075e6} -Embedding","Company":"Microsoft Corporation","CurrentDirectory":"C:\\Windows\\system32\\","Description":"Windows host process (Rundll32)","FileVersion":"10.0.10240.16384 (th1.150709-1700)","Hashes":"SHA1=D07540F29C13983BC0EEE943F0D19968D9A0FA7A,MD5=543C8A2961F38C20438A61B9455E914C,SHA256=58B5E00312DEEE5474CF42F0C86664254AE7123055219C342A80AB5754E48BF6,IMPHASH=A2E75C292B8BFCA7B2A1A8467BEFEECF","Image":"C:\\Windows\\System32\\rundll32.exe","IntegrityLevel":"Medium","LogonGuid":"21207A7E-6ECA-5D77-0000-0020AD5A0700","LogonId":"0x75aad","OriginalFileName":"RUNDLL32.EXE","ParentCommandLine":"C:\\Windows\\system32\\svchost.exe -k DcomLaunch","ParentImage":"C:\\Windows\\System32\\svchost.exe","ParentProcessGuid":"21207A7E-6EBA-5D77-0000-001087AB0000","ParentProcessId":812,"ProcessGuid":"21207A7E-6EE7-5D77-0000-00105B200A00","ProcessId":4568,"Product":"Microsoft® Windows® Operating System","RuleName":"","TerminalSessionId":1,"User":"DESKTOP-CF2FLGA\\pula","UtcTime":"2019-09-10 09:37:43.921"},"System":{"Channel":"Microsoft-Windows-Sysmon/Operational","Computer":"DESKTOP-CF2FLGA","Correlation":null,"EventID":1,"EventRecordID":14269,"Execution":{"#attributes":{"ProcessID":1912,"ThreadID":2592}},"Keywords":"0x8000000000000000","Level":4,"Opcode":0,"Provider":{"#attributes":{"Guid":"5770385F-C22A-43E0-BF4C-06F5698FFBD9","Name":"Microsoft-Windows-Sysmon"}},"Security":{"#attributes":{"UserID":"S-1-5-18"}},"Task":1,"TimeCreated":{"#attributes":{"SystemTime":"2019-09-10T09:37:43.925766Z"}},"Version":5}}}
{"Event":{"#attributes":{"xmlns":"http://schemas.microsoft.com/win/2004/08/events/event"},"EventData":{"Image":"C:\\Windows\\System32\\rundll32.exe","ProcessGuid":"21207A7E-6EE7-5D77-0000-00105B200A00","ProcessId":4568,"RuleName":"","UtcTime":"2019-09-10 09:37:44.193"},"System":{"Channel":"Microsoft-Windows-Sysmon/Operational","Computer":"DESKTOP-CF2FLGA","Correlation":null,"EventID":5,"EventRecordID":14270,"Execution":{"#attributes":{"ProcessID":1912,"ThreadID":2592}},"Keywords":"0x8000000000000000","Level":4,"Opcode":0,"Provider":{"#attributes":{"Guid":"5770385F-C22A-43E0-BF4C-06F5698FFBD9","Name":"Microsoft-Windows-Sysmon"}},"Security":{"#attributes":{"UserID":"S-1-5-18"}},"Task":5,"TimeCreated":{"#attributes":{"SystemTime":"2019-09-10T09:37:44.207885Z"}},"Version":3}}}
{"Event":{"#attributes":{"xmlns":"http://schemas.microsoft.com/win/2004/08/events/event"},"EventData":{"Image":"C:\\Windows\\System32\\SppExtComObj.Exe","ProcessGuid":"21207A7E-6EC8-5D77-0000-00101B490700","ProcessId":3204,"RuleName":"","UtcTime":"2019-09-10 09:37:46.021"},"System":{"Channel":"Microsoft-Windows-Sysmon/Operational","Computer":"DESKTOP-CF2FLGA","Correlation":null,"EventID":5,"EventRecordID":14271,"Execution":{"#attributes":{"ProcessID":1912,"ThreadID":2592}},"Keywords":"0x8000000000000000","Level":4,"Opcode":0,"Provider":{"#attributes":{"Guid":"5770385F-C22A-43E0-BF4C-06F5698FFBD9","Name":"Microsoft-Windows-Sysmon"}},"Security":{"#attributes":{"UserID":"S-1-5-18"}},"Task":5,"TimeCreated":{"#attributes":{"SystemTime":"2019-09-10T09:37:46.025248Z"}},"Version":3}}}
{"Event":{"#attributes":{"xmlns":"http://schemas.microsoft.com/win/2004/08/events/event"},"EventData":{"Image":"C:\\Windows\\System32\\sppsvc.exe","ProcessGuid":"21207A7E-6EC7-5D77-0000-001071410700","ProcessId":3160,"RuleName":"","UtcTime":"2019-09-10 09:37:46.021"},"System":{"Channel":"Microsoft-Windows-Sysmon/Operational","Computer":"DESKTOP-CF2FLGA","Correlation":null,"EventID":5,"EventRecordID":14272,"Execution":{"#attributes":{"ProcessID":1912,"ThreadID":2592}},"Keywords":"0x8000000000000000","Level":4,"Opcode":0,"Provider":{"#attributes":{"Guid":"5770385F-C22A-43E0-BF4C-06F5698FFBD9","Name":"Microsoft-Windows-Sysmon"}},"Security":{"#attributes":{"UserID":"S-1-5-18"}},"Task":5,"TimeCreated":{"#attributes":{"SystemTime":"2019-09-10T09:37:46.026709Z"}},"Version":3}}}
{"Event":{"#attributes":{"xmlns":"http://schemas.microsoft.com/win/2004/08/events/event"},"EventData":{"CommandLine":"consent.exe 1028 478 08BC8988","Company":"Microsoft Corporation","CurrentDirectory":"C:\\Windows\\system32\\","Description":"Consent UI for administrative applications","FileVersion":"10.0.10240.16384 (th1.150709-1700)","Hashes":"SHA1=D665AE8CCC5C2DD711681BFB4606474078795420,MD5=9933BF2EFF401798BF2B382536C9F82C,SHA256=5FAC424BFFC032F5298593ABA198EC6B05E941F6F0DB3201702B357BB6A2D7DC,IMPHASH=8109E59E3FD1BFC421B7B8EE4588D8C9","Image":"C:\\Windows\\System32\\consent.exe","IntegrityLevel":"System","LogonGuid":"21207A7E-6EBA-5D77-0000-0020E7030000","LogonId":"0x3e7","OriginalFileName":"consent.exe","ParentCommandLine":"C:\\Windows\\system32\\svchost.exe -k netsvcs","ParentImage":"C:\\Windows\\System32\\svchost.exe","ParentProcessGuid":"21207A7E-6EBB-5D77-0000-001025350100","ParentProcessId":1028,"ProcessGuid":"21207A7E-6EEC-5D77-0000-00107B510A00","ProcessId":4640,"Product":"Microsoft® Windows® Operating System","RuleName":"","TerminalSessionId":1,"User":"NT AUTHORITY\\SYSTEM","UtcTime":"2019-09-10 09:37:48.063"},"System":{"Channel":"Microsoft-Windows-Sysmon/Operational","Computer":"DESKTOP-CF2FLGA","Correlation":null,"EventID":1,"EventRecordID":14273,"Execution":{"#attributes":{"ProcessID":1912,"ThreadID":2592}},"Keywords":"0x8000000000000000","Level":4,"Opcode":0,"Provider":{"#attributes":{"Guid":"5770385F-C22A-43E0-BF4C-06F5698FFBD9","Name":"Microsoft-Windows-Sysmon"}},"Security":{"#attributes":{"UserID":"S-1-5-18"}},"Task":1,"TimeCreated":{"#attributes":{"SystemTime":"2019-09-10T09:37:48.069208Z"}},"Version":5}}}
{"Event":{"#attributes":{"xmlns":"http://schemas.microsoft.com/win/2004/08/events/event"},"EventData":{"CommandLine":"C:\\Windows\\system32\\AUDIODG.EXE 0x814","Company":"Microsoft Corporation","CurrentDirectory":"C:\\Windows","Description":"Windows Audio Device Graph Isolation ","FileVersion":"10.0.10240.16384 (th1.150709-1700)","Hashes":"SHA1=D79C5BB5378E5EEB3221108D940AB26A55113C46,MD5=B82253DA47C0D39924A72F689BBDA6F1,SHA256=20075EC4BCDBD171A6429F91796112A64C32C2392F68705D6EF51A1713DD814E,IMPHASH=9703AE33B2923CE0DD0212619F962E0B","Image":"C:\\Windows\\System32\\audiodg.exe","IntegrityLevel":"System","LogonGuid":"21207A7E-6EBB-5D77-0000-0020E5030000","LogonId":"0x3e5","OriginalFileName":"audioadg.exe","ParentCommandLine":"C:\\Windows\\System32\\svchost.exe -k LocalServiceNetworkRestricted","ParentImage":"C:\\Windows\\System32\\svchost.exe","ParentProcessGuid":"21207A7E-6EBB-5D77-0000-0010913B0100","ParentProcessId":1076,"ProcessGuid":"21207A7E-6EEC-5D77-0000-00108C5E0A00","ProcessId":4724,"Product":"Microsoft® Windows® Operating System","RuleName":"","TerminalSessionId":0,"User":"NT AUTHORITY\\LOCAL SERVICE","UtcTime":"2019-09-10 09:37:48.283"},"System":{"Channel":"Microsoft-Windows-Sysmon/Operational","Computer":"DESKTOP-CF2FLGA","Correlation":null,"EventID":1,"EventRecordID":14274,"Execution":{"#attributes":{"ProcessID":1912,"ThreadID":2592}},"Keywords":"0x8000000000000000","Level":4,"Opcode":0,"Provider":{"#attributes":{"Guid":"5770385F-C22A-43E0-BF4C-06F5698FFBD9","Name":"Microsoft-Windows-Sysmon"}},"Security":{"#attributes":{"UserID":"S-1-5-18"}},"Task":1,"TimeCreated":{"#attributes":{"SystemTime":"2019-09-10T09:37:48.290239Z"}},"Version":5}}}
{"Event":{"#attributes":{"xmlns":"http://schemas.microsoft.com/win/2004/08/events/event"},"EventData":{"CommandLine":"C:\\Windows\\system32\\DllHost.exe /Processid:{E10F6C3A-F1AE-4ADC-AA9D-2FE65525666E}","Company":"Microsoft Corporation","CurrentDirectory":"C:\\Windows\\system32\\","Description":"COM Surrogate","FileVersion":"10.0.10240.16384 (th1.150709-1700)","Hashes":"SHA1=B475217A1525063D7119E6AC288FB92638490373,MD5=21561B7B85B1C77F00ECA96BC30E9A20,SHA256=D17414E03A595A81D5925CADB099B71335ED54D836B1FDEE3BD0EE28B19EC3EA,IMPHASH=40D2E175C2888C8C61143B657C14F464","Image":"C:\\Windows\\System32\\dllhost.exe","IntegrityLevel":"System","LogonGuid":"21207A7E-6EBA-5D77-0000-0020E7030000","LogonId":"0x3e7","OriginalFileName":"dllhost.exe","ParentCommandLine":"C:\\Windows\\system32\\svchost.exe -k DcomLaunch","ParentImage":"C:\\Windows\\System32\\svchost.exe","ParentProcessGuid":"21207A7E-6EBA-5D77-0000-001087AB0000","ParentProcessId":812,"ProcessGuid":"21207A7E-6EED-5D77-0000-0010676A0A00","ProcessId":4776,"Product":"Microsoft® Windows® Operating System","RuleName":"","TerminalSessionId":1,"User":"NT AUTHORITY\\SYSTEM","UtcTime":"2019-09-10 09:37:49.513"},"System":{"Channel":"Microsoft-Windows-Sysmon/Operational","Computer":"DESKTOP-CF2FLGA","Correlation":null,"EventID":1,"EventRecordID":14275,"Execution":{"#attributes":{"ProcessID":1912,"ThreadID":2592}},"Keywords":"0x8000000000000000","Level":4,"Opcode":0,"Provider":{"#attributes":{"Guid":"5770385F-C22A-43E0-BF4C-06F5698FFBD9","Name":"Microsoft-Windows-Sysmon"}},"Security":{"#attributes":{"UserID":"S-1-5-18"}},"Task":1,"TimeCreated":{"#attributes":{"SystemTime":"2019-09-10T09:37:49.516356Z"}},"Version":5}}}
{"Event":{"#attributes":{"xmlns":"http://schemas.microsoft.com/win/2004/08/events/event"},"EventData":{"Image":"C:\\Windows\\System32\\consent.exe","ProcessGuid":"21207A7E-6EEC-5D77-0000-00107B510A00","ProcessId":4640,"RuleName":"","UtcTime":"2019-09-10 09:37:49.558"},"System":{"Channel":"Microsoft-Windows-Sysmon/Operational","Computer":"DESKTOP-CF2FLGA","Correlation":null,"EventID":5,"EventRecordID":14276,"Execution":{"#attributes":{"ProcessID":1912,"ThreadID":2592}},"Keywords":"0x8000000000000000","Level":4,"Opcode":0,"Provider":{"#attributes":{"Guid":"5770385F-C22A-43E0-BF4C-06F5698FFBD9","Name":"Microsoft-Windows-Sysmon"}},"Security":{"#attributes":{"UserID":"S-1-5-18"}},"Task":5,"TimeCreated":{"#attributes":{"SystemTime":"2019-09-10T09:37:49.595800Z"}},"Version":3}}}
{"Event":{"#attributes":{"xmlns":"http://schemas.microsoft.com/win/2004/08/events/event"},"EventData":{"CommandLine":"C:\\Windows\\system32\\DllHost.exe /Processid:{E10F6C3A-F1AE-4ADC-AA9D-2FE65525666E}","Company":"Microsoft Corporation","CurrentDirectory":"C:\\Windows\\system32\\","Description":"COM Surrogate","FileVersion":"10.0.10240.16384 (th1.150709-1700)","Hashes":"SHA1=B475217A1525063D7119E6AC288FB92638490373,MD5=21561B7B85B1C77F00ECA96BC30E9A20,SHA256=D17414E03A595A81D5925CADB099B71335ED54D836B1FDEE3BD0EE28B19EC3EA,IMPHASH=40D2E175C2888C8C61143B657C14F464","Image":"C:\\Windows\\System32\\dllhost.exe","IntegrityLevel":"System","LogonGuid":"21207A7E-6EBA-5D77-0000-0020E7030000","LogonId":"0x3e7","OriginalFileName":"dllhost.exe","ParentCommandLine":"C:\\Windows\\system32\\svchost.exe -k DcomLaunch","ParentImage":"C:\\Windows\\System32\\svchost.exe","ParentProcessGuid":"21207A7E-6EBA-5D77-0000-001087AB0000","ParentProcessId":812,"ProcessGuid":"21207A7E-6EED-5D77-0000-00105D6D0A00","ProcessId":4816,"Product":"Microsoft® Windows® Operating System","RuleName":"","TerminalSessionId":0,"User":"NT AUTHORITY\\SYSTEM","UtcTime":"2019-09-10 09:37:49.600"},"System":{"Channel":"Microsoft-Windows-Sysmon/Operational","Computer":"DESKTOP-CF2FLGA","Correlation":null,"EventID":1,"EventRecordID":14277,"Execution":{"#attributes":{"ProcessID":1912,"ThreadID":2592}},"Keywords":"0x8000000000000000","Level":4,"Opcode":0,"Provider":{"#attributes":{"Guid":"5770385F-C22A-43E0-BF4C-06F5698FFBD9","Name":"Microsoft-Windows-Sysmon"}},"Security":{"#attributes":{"UserID":"S-1-5-18"}},"Task":1,"TimeCreated":{"#attributes":{"SystemTime":"2019-09-10T09:37:49.602454Z"}},"Version":5}}}
{"Event":{"#attributes":{"xmlns":"http://schemas.microsoft.com/win/2004/08/events/event"},"EventData":{"CommandLine":"\"C:\\Users\\pula\\Desktop\\processhacker-2.36-bin\\x86\\ProcessHacker.exe\" ","Company":"wj32","CurrentDirectory":"C:\\Users\\pula\\Desktop\\processhacker-2.36-bin\\x86\\","Description":"Process Hacker","FileVersion":"2.36.0.6153","Hashes":"SHA1=D3010FA0CC41D422D95C470167186DE5C976625F,MD5=69B5B8B35FBC2B8AD73A37ADDC9052F1,SHA256=7FC0DC49D14BBCD5593332385017A35EA844A8F748DD63DAB63AC3602E5A1D55,IMPHASH=1D3BF3D946834AEC3519F093E042212B","Image":"C:\\Users\\pula\\Desktop\\processhacker-2.36-bin\\x86\\ProcessHacker.exe","IntegrityLevel":"High","LogonGuid":"21207A7E-6ECA-5D77-0000-0020885A0700","LogonId":"0x75a88","OriginalFileName":"ProcessHacker.exe","ParentCommandLine":"C:\\Windows\\Explorer.EXE","ParentImage":"C:\\Windows\\explorer.exe","ParentProcessGuid":"21207A7E-6ECA-5D77-0000-001033880700","ParentProcessId":3596,"ProcessGuid":"21207A7E-6EED-5D77-0000-0010EF6E0A00","ProcessId":4852,"Product":"Process Hacker","RuleName":"","TerminalSessionId":1,"User":"DESKTOP-CF2FLGA\\pula","UtcTime":"2019-09-10 09:37:49.612"},"System":{"Channel":"Microsoft-Windows-Sysmon/Operational","Computer":"DESKTOP-CF2FLGA","Correlation":null,"EventID":1,"EventRecordID":14278,"Execution":{"#attributes":{"ProcessID":1912,"ThreadID":2592}},"Keywords":"0x8000000000000000","Level":4,"Opcode":0,"Provider":{"#attributes":{"Guid":"5770385F-C22A-43E0-BF4C-06F5698FFBD9","Name":"Microsoft-Windows-Sysmon"}},"Security":{"#attributes":{"UserID":"S-1-5-18"}},"Task":1,"TimeCreated":{"#attributes":{"SystemTime":"2019-09-10T09:37:49.625894Z"}},"Version":5}}}
{"Event":{"#attributes":{"xmlns":"http://schemas.microsoft.com/win/2004/08/events/event"},"EventData":{"Hashes":"SHA1=9FBFCA2DBA81461BC4000147084A367E1480C4FE,MD5=42010D06F8F295DEFFA53B6463B643FD,SHA256=E699D92DDB7164E45257B62F14EFA766B36680C5ED11EBA51639D3932FF346CC,IMPHASH=5002C596F0963A52028F09C38AE6ECAC","ImageLoaded":"C:\\Users\\pula\\Desktop\\processhacker-2.36-bin\\x86\\kprocesshacker.sys","RuleName":"","Signature":"Wen Jia Liu","SignatureStatus":"Valid","Signed":"true","UtcTime":"2019-09-10 09:37:49.714"},"System":{"Channel":"Microsoft-Windows-Sysmon/Operational","Computer":"DESKTOP-CF2FLGA","Correlation":null,"EventID":6,"EventRecordID":14279,"Execution":{"#attributes":{"ProcessID":1912,"ThreadID":2596}},"Keywords":"0x8000000000000000","Level":4,"Opcode":0,"Provider":{"#attributes":{"Guid":"5770385F-C22A-43E0-BF4C-06F5698FFBD9","Name":"Microsoft-Windows-Sysmon"}},"Security":{"#attributes":{"UserID":"S-1-5-18"}},"Task":6,"TimeCreated":{"#attributes":{"SystemTime":"2019-09-10T09:37:49.740851Z"}},"Version":3}}}
{"Event":{"#attributes":{"xmlns":"http://schemas.microsoft.com/win/2004/08/events/event"},"EventData":{"CallTrace":"C:\\Windows\\SYSTEM32\\ntdll.dll+831ea|C:\\Users\\pula\\Desktop\\processhacker-2.36-bin\\x86\\ProcessHacker.exe+182af|C:\\Users\\pula\\Desktop\\processhacker-2.36-bin\\x86\\ProcessHacker.exe+86139|C:\\Users\\pula\\Desktop\\processhacker-2.36-bin\\x86\\ProcessHacker.exe+87da9|C:\\Users\\pula\\Desktop\\processhacker-2.36-bin\\x86\\ProcessHacker.exe+1e439|C:\\Users\\pula\\Desktop\\processhacker-2.36-bin\\x86\\ProcessHacker.exe+1167|C:\\Windows\\system32\\KERNEL32.DLL+1dea4|C:\\Windows\\SYSTEM32\\ntdll.dll+505ae|C:\\Windows\\SYSTEM32\\ntdll.dll+5057d","GrantedAccess":"0x1000","RuleName":"Inyeccion explorer","SourceImage":"C:\\Users\\pula\\Desktop\\processhacker-2.36-bin\\x86\\ProcessHacker.exe","SourceProcessGUID":"21207A7E-6EED-5D77-0000-0010EF6E0A00","SourceProcessId":4852,"SourceThreadId":4912,"TargetImage":"C:\\Windows\\system32\\lsass.exe","TargetProcessGUID":"21207A7E-6EBA-5D77-0000-00109C970000","TargetProcessId":748,"UtcTime":"2019-09-10 09:37:50.058"},"System":{"Channel":"Microsoft-Windows-Sysmon/Operational","Computer":"DESKTOP-CF2FLGA","Correlation":null,"EventID":10,"EventRecordID":14280,"Execution":{"#attributes":{"ProcessID":1912,"ThreadID":2592}},"Keywords":"0x8000000000000000","Level":4,"Opcode":0,"Provider":{"#attributes":{"Guid":"5770385F-C22A-43E0-BF4C-06F5698FFBD9","Name":"Microsoft-Windows-Sysmon"}},"Security":{"#attributes":{"UserID":"S-1-5-18"}},"Task":10,"TimeCreated":{"#attributes":{"SystemTime":"2019-09-10T09:37:50.304024Z"}},"Version":3}}}
{"Event":{"#attributes":{"xmlns":"http://schemas.microsoft.com/win/2004/08/events/event"},"EventData":{"CallTrace":"C:\\Windows\\SYSTEM32\\ntdll.dll+831ea|C:\\Users\\pula\\Desktop\\processhacker-2.36-bin\\x86\\ProcessHacker.exe+182af|C:\\Users\\pula\\Desktop\\processhacker-2.36-bin\\x86\\ProcessHacker.exe+88900|C:\\Users\\pula\\Desktop\\processhacker-2.36-bin\\x86\\ProcessHacker.exe+1e439|C:\\Users\\pula\\Desktop\\processhacker-2.36-bin\\x86\\ProcessHacker.exe+1167|C:\\Windows\\system32\\KERNEL32.DLL+1dea4|C:\\Windows\\SYSTEM32\\ntdll.dll+505ae|C:\\Windows\\SYSTEM32\\ntdll.dll+5057d","GrantedAccess":"0x1400","RuleName":"Inyeccion explorer","SourceImage":"C:\\Users\\pula\\Desktop\\processhacker-2.36-bin\\x86\\ProcessHacker.exe","SourceProcessGUID":"21207A7E-6EED-5D77-0000-0010EF6E0A00","SourceProcessId":4852,"SourceThreadId":4912,"TargetImage":"C:\\Windows\\system32\\lsass.exe","TargetProcessGUID":"21207A7E-6EBA-5D77-0000-00109C970000","TargetProcessId":748,"UtcTime":"2019-09-10 09:37:50.058"},"System":{"Channel":"Microsoft-Windows-Sysmon/Operational","Computer":"DESKTOP-CF2FLGA","Correlation":null,"EventID":10,"EventRecordID":14281,"Execution":{"#attributes":{"ProcessID":1912,"ThreadID":2592}},"Keywords":"0x8000000000000000","Level":4,"Opcode":0,"Provider":{"#attributes":{"Guid":"5770385F-C22A-43E0-BF4C-06F5698FFBD9","Name":"Microsoft-Windows-Sysmon"}},"Security":{"#attributes":{"UserID":"S-1-5-18"}},"Task":10,"TimeCreated":{"#attributes":{"SystemTime":"2019-09-10T09:37:50.304091Z"}},"Version":3}}}
