{"Event":{"#attributes":{"xmlns":"http://schemas.microsoft.com/win/2004/08/events/event"},"EventData":{"CallTrace":"C:\\Windows\\SYSTEM32\\ntdll.dll+831ea|C:\\Users\\pula\\Desktop\\processhacker-2.36-bin\\x86\\ProcessHacker.exe+182af|C:\\Users\\pula\\Desktop\\processhacker-2.36-bin\\x86\\ProcessHacker.exe+85a25|C:\\Users\\pula\\Desktop\\processhacker-2.36-bin\\x86\\ProcessHacker.exe+85ee7|C:\\Users\\pula\\Desktop\\processhacker-2.36-bin\\x86\\ProcessHacker.exe+328ae|C:\\Users\\pula\\Desktop\\processhacker-2.36-bin\\x86\\ProcessHacker.exe+1167|C:\\Windows\\system32\\KERNEL32.DLL+1dea4|C:\\Windows\\SYSTEM32\\ntdll.dll+505ae|C:\\Windows\\SYSTEM32\\ntdll.dll+5057d","GrantedAccess":"0x1000","RuleName":"Inyeccion explorer","SourceImage":"C:\\Users\\pula\\Desktop\\processhacker-2.36-bin\\x86\\ProcessHacker.exe","SourceProcessGUID":"21207A7E-6EED-5D77-0000-0010EF6E0A00","SourceProcessId":4852,"SourceThreadId":4924,"TargetImage":"C:\\Windows\\system32\\lsass.exe","TargetProcessGUID":"21207A7E-6EBA-5D77-0000-00109C970000","TargetProcessId":748,"UtcTime":"2019-09-10 09:37:50.089"},"System":{"Channel":"Microsoft-Windows-Sysmon/Operational","Computer":"DESKTOP-CF2FLGA","Correlation":null,"EventID":10,"EventRecordID":14282,"Execution":{"#attributes":{"ProcessID":1912,"ThreadID":2592}},"Keywords":"0x8000000000000000","Level":4,"Opcode":0,"Provider":{"#attributes":{"Guid":"5770385F-C22A-43E0-BF4C-06F5698FFBD9","Name":"Microsoft-Windows-Sysmon"}},"Security":{"#attributes":{"UserID":"S-1-5-18"}},"Task":10,"TimeCreated":{"#attributes":{"SystemTime":"2019-09-10T09:37:50.330942Z"}},"Version":3}}}
{"Event":{"#attributes":{"xmlns":"http://schemas.microsoft.com/win/2004/08/events/event"},"EventData":{"CallTrace":"C:\\Windows\\SYSTEM32\\ntdll.dll+831ea|C:\\Users\\pula\\Desktop\\processhacker-2.36-bin\\x86\\ProcessHacker.exe+182af|C:\\Users\\pula\\Desktop\\processhacker-2.36-bin\\x86\\ProcessHacker.exe+85ad6|C:\\Users\\pula\\Desktop\\processhacker-2.36-bin\\x86\\ProcessHacker.exe+85ee7|C:\\Users\\pula\\Desktop\\processhacker-2.36-bin\\x86\\ProcessHacker.exe+328ae|C:\\Users\\pula\\Desktop\\processhacker-2.36-bin\\x86\\ProcessHacker.exe+1167|C:\\Windows\\system32\\KERNEL32.DLL+1dea4|C:\\Windows\\SYSTEM32\\ntdll.dll+505ae|C:\\Windows\\SYSTEM32\\ntdll.dll+5057d","GrantedAccess":"0x1010","RuleName":"Inyeccion explorer","SourceImage":"C:\\Users\\pula\\Desktop\\processhacker-2.36-bin\\x86\\ProcessHacker.exe","SourceProcessGUID":"21207A7E-6EED-5D77-0000-0010EF6E0A00","SourceProcessId":4852,"SourceThreadId":4924,"TargetImage":"C:\\Windows\\system32\\lsass.exe","TargetProcessGUID":"21207A7E-6EBA-5D77-0000-00109C970000","TargetProcessId":748,"UtcTime":"2019-09-10 09:37:50.104"},"System":{"Channel":"Microsoft-Windows-Sysmon/Operational","Computer":"DESKTOP-CF2FLGA","Correlation":null,"EventID":10,"EventRecordID":14283,"Execution":{"#attributes":{"ProcessID":1912,"ThreadID":2592}},"Keywords":"0x8000000000000000","Level":4,"Opcode":0,"Provider":{"#attributes":{"Guid":"5770385F-C22A-43E0-BF4C-06F5698FFBD9","Name":"Microsoft-Windows-Sysmon"}},"Security":{"#attributes":{"UserID":"S-1-5-18"}},"Task":10,"TimeCreated":{"#attributes":{"SystemTime":"2019-09-10T09:37:50.331154Z"}},"Version":3}}}
{"Event":{"#attributes":{"xmlns":"http://schemas.microsoft.com/win/2004/08/events/event"},"EventData":{"Hashes":"SHA1=A2C04684984084EA9D174435487A795C4B36B216,MD5=65C34426C83EFA32D48380A97717997B,SHA256=CD7EB6BFBB0BE382BA21055460D9A72323F09AF3194A22D8EDB28D5DB3BAE8E7,IMPHASH=E2AA52BEA813495FB46F4BD28AAD6DCB","ImageLoaded":"C:\\ProgramData\\Microsoft\\Windows Defender\\Definition Updates\\Default\\MpKsl40e4e3b3.sys","RuleName":"","Signature":"Microsoft Windows Hardware Compatibility Publisher","SignatureStatus":"Valid","Signed":"true","UtcTime":"2019-09-10 09:37:51.041"},"System":{"Channel":"Microsoft-Windows-Sysmon/Operational","Computer":"DESKTOP-CF2FLGA","Correlation":null,"EventID":6,"EventRecordID":14284,"Execution":{"#attributes":{"ProcessID":1912,"ThreadID":2596}},"Keywords":"0x8000000000000000","Level":4,"Opcode":0,"Provider":{"#attributes":{"Guid":"5770385F-C22A-43E0-BF4C-06F5698FFBD9","Name":"Microsoft-Windows-Sysmon"}},"Security":{"#attributes":{"UserID":"S-1-5-18"}},"Task":6,"TimeCreated":{"#attributes":{"SystemTime":"2019-09-10T09:37:51.058590Z"}},"Version":3}}}
{"Event":{"#attributes":{"xmlns":"http://schemas.microsoft.com/win/2004/08/events/event"},"EventData":{"CommandLine":"\"c:\\windows\\system32\\\\svchost.exe\"","Company":"Microsoft Corporation","CurrentDirectory":"C:\\Windows\\system32\\","Description":"Host Process for Windows Services","FileVersion":"10.0.10240.16384 (th1.150709-1700)","Hashes":"SHA1=BCAE71BA4068BE87F9D5739AFEC8F7081D00A97E,MD5=A412DEDAC6A1FF7BA06FEB3B6725495E,SHA256=B4853F76DFE066A5B2AEB3166BAC4D6FF1548E9119205F65AC6CAB6D165F9850,IMPHASH=E7C7977A9A81DE6269643983B71B739C","Image":"C:\\Windows\\System32\\svchost.exe","IntegrityLevel":"System","LogonGuid":"21207A7E-6EBA-5D77-0000-0020E7030000","LogonId":"0x3e7","OriginalFileName":"svchost.exe","ParentCommandLine":"\"C:\\Program Files\\Windows Defender\\MsMpEng.exe\"","ParentImage":"C:\\Program Files\\Windows Defender\\MsMpEng.exe","ParentProcessGuid":"21207A7E-6EBD-5D77-0000-0010D4EA0100","ParentProcessId":580,"ProcessGuid":"21207A7E-6EEF-5D77-0000-001006CD0A00","ProcessId":4948,"Product":"Microsoft® Windows® Operating System","RuleName":"","TerminalSessionId":0,"User":"NT AUTHORITY\\SYSTEM","UtcTime":"2019-09-10 09:37:51.132"},"System":{"Channel":"Microsoft-Windows-Sysmon/Operational","Computer":"DESKTOP-CF2FLGA","Correlation":null,"EventID":1,"EventRecordID":14285,"Execution":{"#attributes":{"ProcessID":1912,"ThreadID":2592}},"Keywords":"0x8000000000000000","Level":4,"Opcode":0,"Provider":{"#attributes":{"Guid":"5770385F-C22A-43E0-BF4C-06F5698FFBD9","Name":"Microsoft-Windows-Sysmon"}},"Security":{"#attributes":{"UserID":"S-1-5-18"}},"Task":1,"TimeCreated":{"#attributes":{"SystemTime":"2019-09-10T09:37:51.133590Z"}},"Version":5}}}
{"Event":{"#attributes":{"xmlns":"http://schemas.microsoft.com/win/2004/08/events/event"},"EventData":{"Image":"<unknown process>","ProcessGuid":"21207A7E-6EEF-5D77-0000-001006CD0A00","ProcessId":4948,"RuleName":"","UtcTime":"2019-09-10 09:37:51.120"},"System":{"Channel":"Microsoft-Windows-Sysmon/Operational","Computer":"DESKTOP-CF2FLGA","Correlation":null,"EventID":5,"EventRecordID":14286,"Execution":{"#attributes":{"ProcessID":1912,"ThreadID":2592}},"Keywords":"0x8000000000000000","Level":4,"Opcode":0,"Provider":{"#attributes":{"Guid":"5770385F-C22A-43E0-BF4C-06F5698FFBD9","Name":"Microsoft-Windows-Sysmon"}},"Security":{"#attributes":{"UserID":"S-1-5-18"}},"Task":5,"TimeCreated":{"#attributes":{"SystemTime":"2019-09-10T09:37:51.134704Z"}},"Version":3}}}
{"Event":{"#attributes":{"xmlns":"http://schemas.microsoft.com/win/2004/08/events/event"},"EventData":{"Image":"C:\\Users\\pula\\Desktop\\processhacker-2.36-bin\\x86\\ProcessHacker.exe","ProcessGuid":"21207A7E-6EED-5D77-0000-0010EF6E0A00","ProcessId":4852,"RuleName":"","UtcTime":"2019-09-10 09:37:53.825"},"System":{"Channel":"Microsoft-Windows-Sysmon/Operational","Computer":"DESKTOP-CF2FLGA","Correlation":null,"EventID":5,"EventRecordID":14287,"Execution":{"#attributes":{"ProcessID":1912,"ThreadID":2592}},"Keywords":"0x8000000000000000","Level":4,"Opcode":0,"Provider":{"#attributes":{"Guid":"5770385F-C22A-43E0-BF4C-06F5698FFBD9","Name":"Microsoft-Windows-Sysmon"}},"Security":{"#attributes":{"UserID":"S-1-5-18"}},"Task":5,"TimeCreated":{"#attributes":{"SystemTime":"2019-09-10T09:37:53.831342Z"}},"Version":3}}}
{"Event":{"#attributes":{"xmlns":"http://schemas.microsoft.com/win/2004/08/events/event"},"EventData":{"Image":"C:\\Windows\\System32\\dllhost.exe","ProcessGuid":"21207A7E-6EED-5D77-0000-0010676A0A00","ProcessId":4776,"RuleName":"","UtcTime":"2019-09-10 09:37:54.539"},"System":{"Channel":"Microsoft-Windows-Sysmon/Operational","Computer":"DESKTOP-CF2FLGA","Correlation":null,"EventID":5,"EventRecordID":14288,"Execution":{"#attributes":{"ProcessID":1912,"ThreadID":2592}},"Keywords":"0x8000000000000000","Level":4,"Opcode":0,"Provider":{"#attributes":{"Guid":"5770385F-C22A-43E0-BF4C-06F5698FFBD9","Name":"Microsoft-Windows-Sysmon"}},"Security":{"#attributes":{"UserID":"S-1-5-18"}},"Task":5,"TimeCreated":{"#attributes":{"SystemTime":"2019-09-10T09:37:54.542713Z"}},"Version":3}}}
{"Event":{"#attributes":{"xmlns":"http://schemas.microsoft.com/win/2004/08/events/event"},"EventData":{"Image":"C:\\Windows\\System32\\dllhost.exe","ProcessGuid":"21207A7E-6EED-5D77-0000-00105D6D0A00","ProcessId":4816,"RuleName":"","UtcTime":"2019-09-10 09:37:54.617"},"System":{"Channel":"Microsoft-Windows-Sysmon/Operational","Computer":"DESKTOP-CF2FLGA","Correlation":null,"EventID":5,"EventRecordID":14289,"Execution":{"#attributes":{"ProcessID":1912,"ThreadID":2592}},"Keywords":"0x8000000000000000","Level":4,"Opcode":0,"Provider":{"#attributes":{"Guid":"5770385F-C22A-43E0-BF4C-06F5698FFBD9","Name":"Microsoft-Windows-Sysmon"}},"Security":{"#attributes":{"UserID":"S-1-5-18"}},"Task":5,"TimeCreated":{"#attributes":{"SystemTime":"2019-09-10T09:37:54.620521Z"}},"Version":3}}}
{"Event":{"#attributes":{"xmlns":"http://schemas.microsoft.com/win/2004/08/events/event"},"EventData":{"CommandLine":"\"C:\\Windows\\system32\\mmc.exe\" \"C:\\Windows\\system32\\eventvwr.msc\" /s","Company":"Microsoft Corporation","CurrentDirectory":"C:\\Windows\\system32\\","Description":"Microsoft Management Console","FileVersion":"10.0.10240.16384 (th1.150709-1700)","Hashes":"SHA1=150F2E6FFEB83CB85249781FF084F0013FA9F055,MD5=1C07D187405F750F33C1F2808FC52516,SHA256=B43B2F20F896657E642F2F5FA07E12E6B2DBF59303A228D2BB33E7B908FDDA42,IMPHASH=F26E292B57876A11FD546B9B5E24E3F5","Image":"C:\\Windows\\System32\\mmc.exe","IntegrityLevel":"Medium","LogonGuid":"21207A7E-6ECA-5D77-0000-0020AD5A0700","LogonId":"0x75aad","OriginalFileName":"mmc.exe","ParentCommandLine":"C:\\Windows\\Explorer.EXE","ParentImage":"C:\\Windows\\explorer.exe","ParentProcessGuid":"21207A7E-6ECA-5D77-0000-001033880700","ParentProcessId":3596,"ProcessGuid":"21207A7E-6EF5-5D77-0000-001048200B00","ProcessId":5232,"Product":"Microsoft® Windows® Operating System","RuleName":"","TerminalSessionId":1,"User":"DESKTOP-CF2FLGA\\pula","UtcTime":"2019-09-10 09:37:57.818"},"System":{"Channel":"Microsoft-Windows-Sysmon/Operational","Computer":"DESKTOP-CF2FLGA","Correlation":null,"EventID":1,"EventRecordID":14290,"Execution":{"#attributes":{"ProcessID":1912,"ThreadID":2592}},"Keywords":"0x8000000000000000","Level":4,"Opcode":0,"Provider":{"#attributes":{"Guid":"5770385F-C22A-43E0-BF4C-06F5698FFBD9","Name":"Microsoft-Windows-Sysmon"}},"Security":{"#attributes":{"UserID":"S-1-5-18"}},"Task":1,"TimeCreated":{"#attributes":{"SystemTime":"2019-09-10T09:37:57.870103Z"}},"Version":5}}}
{"Event":{"#attributes":{"xmlns":"http://schemas.microsoft.com/win/2004/08/events/event"},"EventData":{"Image":"C:\\Windows\\System32\\mmc.exe","ProcessGuid":"21207A7E-6EF5-5D77-0000-001048200B00","ProcessId":5232,"RuleName":"","UtcTime":"2019-09-10 09:37:57.872"},"System":{"Channel":"Microsoft-Windows-Sysmon/Operational","Computer":"DESKTOP-CF2FLGA","Correlation":null,"EventID":5,"EventRecordID":14291,"Execution":{"#attributes":{"ProcessID":1912,"ThreadID":2592}},"Keywords":"0x8000000000000000","Level":4,"Opcode":0,"Provider":{"#attributes":{"Guid":"5770385F-C22A-43E0-BF4C-06F5698FFBD9","Name":"Microsoft-Windows-Sysmon"}},"Security":{"#attributes":{"UserID":"S-1-5-18"}},"Task":5,"TimeCreated":{"#attributes":{"SystemTime":"2019-09-10T09:37:57.890927Z"}},"Version":3}}}
{"Event":{"#attributes":{"xmlns":"http://schemas.microsoft.com/win/2004/08/events/event"},"EventData":{"CommandLine":"consent.exe 1028 382 0AA67830","Company":"Microsoft Corporation","CurrentDirectory":"C:\\Windows\\system32\\","Description":"Consent UI for administrative applications","FileVersion":"10.0.10240.16384 (th1.150709-1700)","Hashes":"SHA1=D665AE8CCC5C2DD711681BFB4606474078795420,MD5=9933BF2EFF401798BF2B382536C9F82C,SHA256=5FAC424BFFC032F5298593ABA198EC6B05E941F6F0DB3201702B357BB6A2D7DC,IMPHASH=8109E59E3FD1BFC421B7B8EE4588D8C9","Image":"C:\\Windows\\System32\\consent.exe","IntegrityLevel":"System","LogonGuid":"21207A7E-6EBA-5D77-0000-0020E7030000","LogonId":"0x3e7","OriginalFileName":"consent.exe","ParentCommandLine":"C:\\Windows\\system32\\svchost.exe -k netsvcs","ParentImage":"C:\\Windows\\System32\\svchost.exe","ParentProcessGuid":"21207A7E-6EBB-5D77-0000-001025350100","ParentProcessId":1028,"ProcessGuid":"21207A7E-6EF5-5D77-0000-0010AA210B00","ProcessId":5240,"Product":"Microsoft® Windows® Operating System","RuleName":"","TerminalSessionId":1,"User":"NT AUTHORITY\\SYSTEM","UtcTime":"2019-09-10 09:37:57.897"},"System":{"Channel":"Microsoft-Windows-Sysmon/Operational","Computer":"DESKTOP-CF2FLGA","Correlation":null,"EventID":1,"EventRecordID":14292,"Execution":{"#attributes":{"ProcessID":1912,"ThreadID":2592}},"Keywords":"0x8000000000000000","Level":4,"Opcode":0,"Provider":{"#attributes":{"Guid":"5770385F-C22A-43E0-BF4C-06F5698FFBD9","Name":"Microsoft-Windows-Sysmon"}},"Security":{"#attributes":{"UserID":"S-1-5-18"}},"Task":1,"TimeCreated":{"#attributes":{"SystemTime":"2019-09-10T09:37:57.898315Z"}},"Version":5}}}
{"Event":{"#attributes":{"xmlns":"http://schemas.microsoft.com/win/2004/08/events/event"},"EventData":{"CommandLine":"C:\\Windows\\system32\\DllHost.exe /Processid:{E10F6C3A-F1AE-4ADC-AA9D-2FE65525666E}","Company":"Microsoft Corporation","CurrentDirectory":"C:\\Windows\\system32\\","Description":"COM Surrogate","FileVersion":"10.0.10240.16384 (th1.150709-1700)","Hashes":"SHA1=B475217A1525063D7119E6AC288FB92638490373,MD5=21561B7B85B1C77F00ECA96BC30E9A20,SHA256=D17414E03A595A81D5925CADB099B71335ED54D836B1FDEE3BD0EE28B19EC3EA,IMPHASH=40D2E175C2888C8C61143B657C14F464","Image":"C:\\Windows\\System32\\dllhost.exe","IntegrityLevel":"System","LogonGuid":"21207A7E-6EBA-5D77-0000-0020E7030000","LogonId":"0x3e7","OriginalFileName":"dllhost.exe","ParentCommandLine":"C:\\Windows\\system32\\svchost.exe -k DcomLaunch","ParentImage":"C:\\Windows\\System32\\svchost.exe","ParentProcessGuid":"21207A7E-6EBA-5D77-0000-001087AB0000","ParentProcessId":812,"ProcessGuid":"21207A7E-6EF5-5D77-0000-00101E2A0B00","ProcessId":5292,"Product":"Microsoft® Windows® Operating System","RuleName":"","TerminalSessionId":1,"User":"NT AUTHORITY\\SYSTEM","UtcTime":"2019-09-10 09:37:57.988"},"System":{"Channel":"Microsoft-Windows-Sysmon/Operational","Computer":"DESKTOP-CF2FLGA","Correlation":null,"EventID":1,"EventRecordID":14293,"Execution":{"#attributes":{"ProcessID":1912,"ThreadID":2592}},"Keywords":"0x8000000000000000","Level":4,"Opcode":0,"Provider":{"#attributes":{"Guid":"5770385F-C22A-43E0-BF4C-06F5698FFBD9","Name":"Microsoft-Windows-Sysmon"}},"Security":{"#attributes":{"UserID":"S-1-5-18"}},"Task":1,"TimeCreated":{"#attributes":{"SystemTime":"2019-09-10T09:37:57.989428Z"}},"Version":5}}}
{"Event":{"#attributes":{"xmlns":"http://schemas.microsoft.com/win/2004/08/events/event"},"EventData":{"Image":"C:\\Windows\\System32\\consent.exe","ProcessGuid":"21207A7E-6EF5-5D77-0000-0010AA210B00","ProcessId":5240,"RuleName":"","UtcTime":"2019-09-10 09:37:57.998"},"System":{"Channel":"Microsoft-Windows-Sysmon/Operational","Computer":"DESKTOP-CF2FLGA","Correlation":null,"EventID":5,"EventRecordID":14294,"Execution":{"#attributes":{"ProcessID":1912,"ThreadID":2592}},"Keywords":"0x8000000000000000","Level":4,"Opcode":0,"Provider":{"#attributes":{"Guid":"5770385F-C22A-43E0-BF4C-06F5698FFBD9","Name":"Microsoft-Windows-Sysmon"}},"Security":{"#attributes":{"UserID":"S-1-5-18"}},"Task":5,"TimeCreated":{"#attributes":{"SystemTime":"2019-09-10T09:37:58.002067Z"}},"Version":3}}}
{"Event":{"#attributes":{"xmlns":"http://schemas.microsoft.com/win/2004/08/events/event"},"EventData":{"CommandLine":"C:\\Windows\\system32\\DllHost.exe /Processid:{E10F6C3A-F1AE-4ADC-AA9D-2FE65525666E}","Company":"Microsoft Corporation","CurrentDirectory":"C:\\Windows\\system32\\","Description":"COM Surrogate","FileVersion":"10.0.10240.16384 (th1.150709-1700)","Hashes":"SHA1=B475217A1525063D7119E6AC288FB92638490373,MD5=21561B7B85B1C77F00ECA96BC30E9A20,SHA256=D17414E03A595A81D5925CADB099B71335ED54D836B1FDEE3BD0EE28B19EC3EA,IMPHASH=40D2E175C2888C8C61143B657C14F464","Image":"C:\\Windows\\System32\\dllhost.exe","IntegrityLevel":"System","LogonGuid":"21207A7E-6EBA-5D77-0000-0020E7030000","LogonId":"0x3e7","OriginalFileName":"dllhost.exe","ParentCommandLine":"C:\\Windows\\system32\\svchost.exe -k DcomLaunch","ParentImage":"C:\\Windows\\System32\\svchost.exe","ParentProcessGuid":"21207A7E-6EBA-5D77-0000-001087AB0000","ParentProcessId":812,"ProcessGuid":"21207A7E-6EF6-5D77-0000-00106F2C0B00","ProcessId":5328,"Product":"Microsoft® Windows® Operating System","RuleName":"","TerminalSessionId":0,"User":"NT AUTHORITY\\SYSTEM","UtcTime":"2019-09-10 09:37:58.004"},"System":{"Channel":"Microsoft-Windows-Sysmon/Operational","Computer":"DESKTOP-CF2FLGA","Correlation":null,"EventID":1,"EventRecordID":14295,"Execution":{"#attributes":{"ProcessID":1912,"ThreadID":2592}},"Keywords":"0x8000000000000000","Level":4,"Opcode":0,"Provider":{"#attributes":{"Guid":"5770385F-C22A-43E0-BF4C-06F5698FFBD9","Name":"Microsoft-Windows-Sysmon"}},"Security":{"#attributes":{"UserID":"S-1-5-18"}},"Task":1,"TimeCreated":{"#attributes":{"SystemTime":"2019-09-10T09:37:58.004725Z"}},"Version":5}}}
{"Event":{"#attributes":{"xmlns":"http://schemas.microsoft.com/win/2004/08/events/event"},"EventData":{"CommandLine":"\"C:\\Windows\\system32\\mmc.exe\" \"C:\\Windows\\system32\\eventvwr.msc\" /s","Company":"Microsoft Corporation","CurrentDirectory":"C:\\Windows\\system32\\","Description":"Microsoft Management Console","FileVersion":"10.0.10240.16384 (th1.150709-1700)","Hashes":"SHA1=150F2E6FFEB83CB85249781FF084F0013FA9F055,MD5=1C07D187405F750F33C1F2808FC52516,SHA256=B43B2F20F896657E642F2F5FA07E12E6B2DBF59303A228D2BB33E7B908FDDA42,IMPHASH=F26E292B57876A11FD546B9B5E24E3F5","Image":"C:\\Windows\\System32\\mmc.exe","IntegrityLevel":"High","LogonGuid":"21207A7E-6ECA-5D77-0000-0020885A0700","LogonId":"0x75a88","OriginalFileName":"mmc.exe","ParentCommandLine":"C:\\Windows\\Explorer.EXE","ParentImage":"C:\\Windows\\explorer.exe","ParentProcessGuid":"21207A7E-6ECA-5D77-0000-001033880700","ParentProcessId":3596,"ProcessGuid":"21207A7E-6EF6-5D77-0000-0010002E0B00","ProcessId":5364,"Product":"Microsoft® Windows® Operating System","RuleName":"","TerminalSessionId":1,"User":"DESKTOP-CF2FLGA\\pula","UtcTime":"2019-09-10 09:37:58.014"},"System":{"Channel":"Microsoft-Windows-Sysmon/Operational","Computer":"DESKTOP-CF2FLGA","Correlation":null,"EventID":1,"EventRecordID":14296,"Execution":{"#attributes":{"ProcessID":1912,"ThreadID":2592}},"Keywords":"0x8000000000000000","Level":4,"Opcode":0,"Provider":{"#attributes":{"Guid":"5770385F-C22A-43E0-BF4C-06F5698FFBD9","Name":"Microsoft-Windows-Sysmon"}},"Security":{"#attributes":{"UserID":"S-1-5-18"}},"Task":1,"TimeCreated":{"#attributes":{"SystemTime":"2019-09-10T09:37:58.016400Z"}},"Version":5}}}
{"Event":{"#attributes":{"xmlns":"http://schemas.microsoft.com/win/2004/08/events/event"},"EventData":{"CallTrace":"C:\\Windows\\SYSTEM32\\ntdll.dll+8273a|C:\\Windows\\system32\\KERNELBASE.dll+cf8c8|C:\\Windows\\Microsoft.NET\\Framework\\v4.0.30319\\CorperfmonExt.dll+11ed4|C:\\Windows\\Microsoft.NET\\Framework\\v4.0.30319\\CorperfmonExt.dll+11f61|C:\\Windows\\Microsoft.NET\\Framework\\v4.0.30319\\CorperfmonExt.dll+aa62|C:\\Windows\\Microsoft.NET\\Framework\\v4.0.30319\\CorperfmonExt.dll+a7d2|C:\\Windows\\Microsoft.NET\\Framework\\v4.0.30319\\CorperfmonExt.dll+a3d4|C:\\Windows\\Microsoft.NET\\Framework\\v4.0.30319\\CorperfmonExt.dll+8ed5|C:\\Windows\\system32\\KERNEL32.DLL+1dea4|C:\\Windows\\SYSTEM32\\ntdll.dll+505ae|C:\\Windows\\SYSTEM32\\ntdll.dll+5057d","GrantedAccess":"0x1400","RuleName":"Inyeccion explorer","SourceImage":"C:\\Windows\\system32\\wbem\\wmiprvse.exe","SourceProcessGUID":"21207A7E-6ED1-5D77-0000-00106CC00800","SourceProcessId":1968,"SourceThreadId":4144,"TargetImage":"C:\\Windows\\system32\\lsass.exe","TargetProcessGUID":"21207A7E-6EBA-5D77-0000-00109C970000","TargetProcessId":748,"UtcTime":"2019-09-10 09:37:58.122"},"System":{"Channel":"Microsoft-Windows-Sysmon/Operational","Computer":"DESKTOP-CF2FLGA","Correlation":null,"EventID":10,"EventRecordID":14297,"Execution":{"#attributes":{"ProcessID":1912,"ThreadID":2592}},"Keywords":"0x8000000000000000","Level":4,"Opcode":0,"Provider":{"#attributes":{"Guid":"5770385F-C22A-43E0-BF4C-06F5698FFBD9","Name":"Microsoft-Windows-Sysmon"}},"Security":{"#attributes":{"UserID":"S-1-5-18"}},"Task":10,"TimeCreated":{"#attributes":{"SystemTime":"2019-09-10T09:37:58.126709Z"}},"Version":3}}}
{"Event":{"#attributes":{"xmlns":"http://schemas.microsoft.com/win/2004/08/events/event"},"EventData":{"CallTrace":"C:\\Windows\\SYSTEM32\\ntdll.dll+8273a|C:\\Windows\\system32\\KERNELBASE.dll+cf8c8|C:\\Windows\\Microsoft.NET\\Framework\\v4.0.30319\\CorperfmonExt.dll+b3e0|C:\\Windows\\Microsoft.NET\\Framework\\v4.0.30319\\CorperfmonExt.dll+b820|C:\\Windows\\Microsoft.NET\\Framework\\v4.0.30319\\CorperfmonExt.dll+122e2|C:\\Windows\\Microsoft.NET\\Framework\\v4.0.30319\\CorperfmonExt.dll+a981|C:\\Windows\\Microsoft.NET\\Framework\\v4.0.30319\\CorperfmonExt.dll+a515|C:\\Windows\\Microsoft.NET\\Framework\\v4.0.30319\\CorperfmonExt.dll+8ed5|C:\\Windows\\system32\\KERNEL32.DLL+1dea4|C:\\Windows\\SYSTEM32\\ntdll.dll+505ae|C:\\Windows\\SYSTEM32\\ntdll.dll+5057d","GrantedAccess":"0x1400","RuleName":"Inyeccion explorer","SourceImage":"C:\\Windows\\system32\\wbem\\wmiprvse.exe","SourceProcessGUID":"21207A7E-6ED1-5D77-0000-00106CC00800","SourceProcessId":1968,"SourceThreadId":4144,"TargetImage":"C:\\Windows\\system32\\lsass.exe","TargetProcessGUID":"21207A7E-6EBA-5D77-0000-00109C970000","TargetProcessId":748,"UtcTime":"2019-09-10 09:37:58.122"},"System":{"Channel":"Microsoft-Windows-Sysmon/Operational","Computer":"DESKTOP-CF2FLGA","Correlation":null,"EventID":10,"EventRecordID":14298,"Execution":{"#attributes":{"ProcessID":1912,"ThreadID":2592}},"Keywords":"0x8000000000000000","Level":4,"Opcode":0,"Provider":{"#attributes":{"Guid":"5770385F-C22A-43E0-BF4C-06F5698FFBD9","Name":"Microsoft-Windows-Sysmon"}},"Security":{"#attributes":{"UserID":"S-1-5-18"}},"Task":10,"TimeCreated":{"#attributes":{"SystemTime":"2019-09-10T09:37:58.126953Z"}},"Version":3}}}
{"Event":{"#attributes":{"xmlns":"http://schemas.microsoft.com/win/2004/08/events/event"},"EventData":{"CommandLine":"\"C:\\Windows\\system32\\backgroundTaskHost.exe\" -ServerName:CortanaUI.AppXy7vb4pc2dr3kc93kfc509b1d0arkfb2x.mca","Company":"Microsoft Corporation","CurrentDirectory":"C:\\Windows\\SystemApps\\Microsoft.Windows.Cortana_cw5n1h2txyewy\\","Description":"Background Task Host","FileVersion":"10.0.10240.16384 (th1.150709-1700)","Hashes":"SHA1=0AED09163CC857C7BACAC953461225713DCA09F1,MD5=B7C738367CEA003DC7609993DBE4EFA5,SHA256=4D143A0B6F1FA8AA8235CDD5EE25CCE108E4E5C65B561CF3FC8FE769B9FC6959,IMPHASH=44F48CF86DC5D98588235CD0E909B6C3","Image":"C:\\Windows\\System32\\backgroundTaskHost.exe","IntegrityLevel":"AppContainer","LogonGuid":"21207A7E-6ECA-5D77-0000-0020AD5A0700","LogonId":"0x75aad","OriginalFileName":"backgroundTaskHost.exe","ParentCommandLine":"C:\\Windows\\system32\\svchost.exe -k DcomLaunch","ParentImage":"C:\\Windows\\System32\\svchost.exe","ParentProcessGuid":"21207A7E-6EBA-5D77-0000-001087AB0000","ParentProcessId":812,"ProcessGuid":"21207A7E-6EF9-5D77-0000-0010C35E0C00","ProcessId":5452,"Product":"Microsoft® Windows® Operating System","RuleName":"","TerminalSessionId":1,"User":"DESKTOP-CF2FLGA\\pula","UtcTime":"2019-09-10 09:38:01.358"},"System":{"Channel":"Microsoft-Windows-Sysmon/Operational","Computer":"DESKTOP-CF2FLGA","Correlation":null,"EventID":1,"EventRecordID":14299,"Execution":{"#attributes":{"ProcessID":1912,"ThreadID":2592}},"Keywords":"0x8000000000000000","Level":4,"Opcode":0,"Provider":{"#attributes":{"Guid":"5770385F-C22A-43E0-BF4C-06F5698FFBD9","Name":"Microsoft-Windows-Sysmon"}},"Security":{"#attributes":{"UserID":"S-1-5-18"}},"Task":1,"TimeCreated":{"#attributes":{"SystemTime":"2019-09-10T09:38:01.359534Z"}},"Version":5}}}
{"Event":{"#attributes":{"xmlns":"http://schemas.microsoft.com/win/2004/08/events/event"},"EventData":{"Image":"C:\\Windows\\System32\\backgroundTaskHost.exe","ProcessGuid":"21207A7E-6EF9-5D77-0000-0010C35E0C00","ProcessId":5452,"RuleName":"","UtcTime":"2019-09-10 09:38:01.403"},"System":{"Channel":"Microsoft-Windows-Sysmon/Operational","Computer":"DESKTOP-CF2FLGA","Correlation":null,"EventID":5,"EventRecordID":14300,"Execution":{"#attributes":{"ProcessID":1912,"ThreadID":2592}},"Keywords":"0x8000000000000000","Level":4,"Opcode":0,"Provider":{"#attributes":{"Guid":"5770385F-C22A-43E0-BF4C-06F5698FFBD9","Name":"Microsoft-Windows-Sysmon"}},"Security":{"#attributes":{"UserID":"S-1-5-18"}},"Task":5,"TimeCreated":{"#attributes":{"SystemTime":"2019-09-10T09:38:01.411677Z"}},"Version":3}}}
{"Event":{"#attributes":{"xmlns":"http://schemas.microsoft.com/win/2004/08/events/event"},"EventData":{"CommandLine":"\"C:\\Program Files\\Windows Defender\\MpCmdRun.exe\" GetDeviceTicket -AccessKey 516B5AE1-184B-2DFA-887F-28B9C57D6B23 ","Company":"Microsoft Corporation","CurrentDirectory":"C:\\Windows\\system32\\","Description":"Microsoft Malware Protection Command Line Utility","FileVersion":"4.8.10240.16384 (th1.150709-1700)","Hashes":"SHA1=32F82F6961A8F56A7DB9D553F36312D86030BAA4,MD5=B34408F254195B40BD207843C784A5B1,SHA256=CA5F91A0D4DDB6D4A0F2DA328F10DB693C8A31719FA763FF065ED82769E875EF,IMPHASH=C3DE81DF75C0892C1B40C8742D63AF1E","Image":"C:\\Program Files\\Windows Defender\\MpCmdRun.exe","IntegrityLevel":"System","LogonGuid":"21207A7E-6EBA-5D77-0000-0020E4030000","LogonId":"0x3e4","OriginalFileName":"MpCmdRun.exe","ParentCommandLine":"\"C:\\Program Files\\Windows Defender\\MsMpEng.exe\"","ParentImage":"C:\\Program Files\\Windows Defender\\MsMpEng.exe","ParentProcessGuid":"21207A7E-6EBD-5D77-0000-0010D4EA0100","ParentProcessId":580,"ProcessGuid":"21207A7E-6EFA-5D77-0000-00106EBD0D00","ProcessId":5504,"Product":"Microsoft® Windows® Operating System","RuleName":"","TerminalSessionId":0,"User":"NT AUTHORITY\\NETWORK SERVICE","UtcTime":"2019-09-10 09:38:02.289"},"System":{"Channel":"Microsoft-Windows-Sysmon/Operational","Computer":"DESKTOP-CF2FLGA","Correlation":null,"EventID":1,"EventRecordID":14301,"Execution":{"#attributes":{"ProcessID":1912,"ThreadID":2592}},"Keywords":"0x8000000000000000","Level":4,"Opcode":0,"Provider":{"#attributes":{"Guid":"5770385F-C22A-43E0-BF4C-06F5698FFBD9","Name":"Microsoft-Windows-Sysmon"}},"Security":{"#attributes":{"UserID":"S-1-5-18"}},"Task":1,"TimeCreated":{"#attributes":{"SystemTime":"2019-09-10T09:38:02.291803Z"}},"Version":5}}}
{"Event":{"#attributes":{"xmlns":"http://schemas.microsoft.com/win/2004/08/events/event"},"EventData":{"Image":"C:\\Program Files\\Windows Defender\\MpCmdRun.exe","ProcessGuid":"21207A7E-6EFA-5D77-0000-00106EBD0D00","ProcessId":5504,"RuleName":"","UtcTime":"2019-09-10 09:38:02.466"},"System":{"Channel":"Microsoft-Windows-Sysmon/Operational","Computer":"DESKTOP-CF2FLGA","Correlation":null,"EventID":5,"EventRecordID":14302,"Execution":{"#attributes":{"ProcessID":1912,"ThreadID":2592}},"Keywords":"0x8000000000000000","Level":4,"Opcode":0,"Provider":{"#attributes":{"Guid":"5770385F-C22A-43E0-BF4C-06F5698FFBD9","Name":"Microsoft-Windows-Sysmon"}},"Security":{"#attributes":{"UserID":"S-1-5-18"}},"Task":5,"TimeCreated":{"#attributes":{"SystemTime":"2019-09-10T09:38:02.481458Z"}},"Version":3}}}
{"Event":{"#attributes":{"xmlns":"http://schemas.microsoft.com/win/2004/08/events/event"},"EventData":{"Image":"C:\\Windows\\System32\\dllhost.exe","ProcessGuid":"21207A7E-6EF6-5D77-0000-00106F2C0B00","ProcessId":5328,"RuleName":"","UtcTime":"2019-09-10 09:38:03.013"},"System":{"Channel":"Microsoft-Windows-Sysmon/Operational","Computer":"DESKTOP-CF2FLGA","Correlation":null,"EventID":5,"EventRecordID":14303,"Execution":{"#attributes":{"ProcessID":1912,"ThreadID":2592}},"Keywords":"0x8000000000000000","Level":4,"Opcode":0,"Provider":{"#attributes":{"Guid":"5770385F-C22A-43E0-BF4C-06F5698FFBD9","Name":"Microsoft-Windows-Sysmon"}},"Security":{"#attributes":{"UserID":"S-1-5-18"}},"Task":5,"TimeCreated":{"#attributes":{"SystemTime":"2019-09-10T09:38:03.017331Z"}},"Version":3}}}
{"Event":{"#attributes":{"xmlns":"http://schemas.microsoft.com/win/2004/08/events/event"},"EventData":{"Image":"C:\\Windows\\System32\\dllhost.exe","ProcessGuid":"21207A7E-6EF5-5D77-0000-00101E2A0B00","ProcessId":5292,"RuleName":"","UtcTime":"2019-09-10 09:38:03.013"},"System":{"Channel":"Microsoft-Windows-Sysmon/Operational","Computer":"DESKTOP-CF2FLGA","Correlation":null,"EventID":5,"EventRecordID":14304,"Execution":{"#attributes":{"ProcessID":1912,"ThreadID":2592}},"Keywords":"0x8000000000000000","Level":4,"Opcode":0,"Provider":{"#attributes":{"Guid":"5770385F-C22A-43E0-BF4C-06F5698FFBD9","Name":"Microsoft-Windows-Sysmon"}},"Security":{"#attributes":{"UserID":"S-1-5-18"}},"Task":5,"TimeCreated":{"#attributes":{"SystemTime":"2019-09-10T09:38:03.017369Z"}},"Version":3}}}
{"Event":{"#attributes":{"xmlns":"http://schemas.microsoft.com/win/2004/08/events/event"},"EventData":{"CommandLine":"\"C:\\Windows\\system32\\backgroundTaskHost.exe\" -ServerName:CortanaUI.AppXy7vb4pc2dr3kc93kfc509b1d0arkfb2x.mca","Company":"Microsoft Corporation","CurrentDirectory":"C:\\Windows\\SystemApps\\Microsoft.Windows.Cortana_cw5n1h2txyewy\\","Description":"Background Task Host","FileVersion":"10.0.10240.16384 (th1.150709-1700)","Hashes":"SHA1=0AED09163CC857C7BACAC953461225713DCA09F1,MD5=B7C738367CEA003DC7609993DBE4EFA5,SHA256=4D143A0B6F1FA8AA8235CDD5EE25CCE108E4E5C65B561CF3FC8FE769B9FC6959,IMPHASH=44F48CF86DC5D98588235CD0E909B6C3","Image":"C:\\Windows\\System32\\backgroundTaskHost.exe","IntegrityLevel":"AppContainer","LogonGuid":"21207A7E-6ECA-5D77-0000-0020AD5A0700","LogonId":"0x75aad","OriginalFileName":"backgroundTaskHost.exe","ParentCommandLine":"C:\\Windows\\system32\\svchost.exe -k DcomLaunch","ParentImage":"C:\\Windows\\System32\\svchost.exe","ParentProcessGuid":"21207A7E-6EBA-5D77-0000-001087AB0000","ParentProcessId":812,"ProcessGuid":"21207A7E-6EFE-5D77-0000-00104DAE0F00","ProcessId":5592,"Product":"Microsoft® Windows® Operating System","RuleName":"","TerminalSessionId":1,"User":"DESKTOP-CF2FLGA\\pula","UtcTime":"2019-09-10 09:38:06.915"},"System":{"Channel":"Microsoft-Windows-Sysmon/Operational","Computer":"DESKTOP-CF2FLGA","Correlation":null,"EventID":1,"EventRecordID":14305,"Execution":{"#attributes":{"ProcessID":1912,"ThreadID":2592}},"Keywords":"0x8000000000000000","Level":4,"Opcode":0,"Provider":{"#attributes":{"Guid":"5770385F-C22A-43E0-BF4C-06F5698FFBD9","Name":"Microsoft-Windows-Sysmon"}},"Security":{"#attributes":{"UserID":"S-1-5-18"}},"Task":1,"TimeCreated":{"#attributes":{"SystemTime":"2019-09-10T09:38:06.918312Z"}},"Version":5}}}
{"Event":{"#attributes":{"xmlns":"http://schemas.microsoft.com/win/2004/08/events/event"},"EventData":{"Image":"C:\\Windows\\System32\\backgroundTaskHost.exe","ProcessGuid":"21207A7E-6EFE-5D77-0000-00104DAE0F00","ProcessId":5592,"RuleName":"","UtcTime":"2019-09-10 09:38:07.607"},"System":{"Channel":"Microsoft-Windows-Sysmon/Operational","Computer":"DESKTOP-CF2FLGA","Correlation":null,"EventID":5,"EventRecordID":14306,"Execution":{"#attributes":{"ProcessID":1912,"ThreadID":2592}},"Keywords":"0x8000000000000000","Level":4,"Opcode":0,"Provider":{"#attributes":{"Guid":"5770385F-C22A-43E0-BF4C-06F5698FFBD9","Name":"Microsoft-Windows-Sysmon"}},"Security":{"#attributes":{"UserID":"S-1-5-18"}},"Task":5,"TimeCreated":{"#attributes":{"SystemTime":"2019-09-10T09:38:07.615348Z"}},"Version":3}}}
{"Event":{"#attributes":{"xmlns":"http://schemas.microsoft.com/win/2004/08/events/event"},"EventData":{"CreationUtcTime":"2018-11-11 17:32:51.302","Image":"C:\\Windows\\system32\\mmc.exe","PreviousCreationUtcTime":"2018-11-11 17:32:51.302","ProcessGuid":"21207A7E-6EF6-5D77-0000-0010002E0B00","ProcessId":5364,"RuleName":"","TargetFilename":"C:\\Users\\pula\\AppData\\Local\\Microsoft\\Windows\\Explorer\\iconcache_idx.db","UtcTime":"2019-09-10 09:38:16.779"},"System":{"Channel":"Microsoft-Windows-Sysmon/Operational","Computer":"DESKTOP-CF2FLGA","Correlation":null,"EventID":2,"EventRecordID":14307,"Execution":{"#attributes":{"ProcessID":1912,"ThreadID":2592}},"Keywords":"0x8000000000000000","Level":4,"Opcode":0,"Provider":{"#attributes":{"Guid":"5770385F-C22A-43E0-BF4C-06F5698FFBD9","Name":"Microsoft-Windows-Sysmon"}},"Security":{"#attributes":{"UserID":"S-1-5-18"}},"Task":2,"TimeCreated":{"#attributes":{"SystemTime":"2019-09-10T09:38:16.792059Z"}},"Version":4}}}
{"Event":{"#attributes":{"xmlns":"http://schemas.microsoft.com/win/2004/08/events/event"},"EventData":{"CreationUtcTime":"2018-11-11 17:32:51.302","Image":"C:\\Windows\\system32\\mmc.exe","PreviousCreationUtcTime":"2018-11-11 17:32:51.302","ProcessGuid":"21207A7E-6EF6-5D77-0000-0010002E0B00","ProcessId":5364,"RuleName":"","TargetFilename":"C:\\Users\\pula\\AppData\\Local\\Microsoft\\Windows\\Explorer\\iconcache_16.db","UtcTime":"2019-09-10 09:38:16.779"},"System":{"Channel":"Microsoft-Windows-Sysmon/Operational","Computer":"DESKTOP-CF2FLGA","Correlation":null,"EventID":2,"EventRecordID":14308,"Execution":{"#attributes":{"ProcessID":1912,"ThreadID":2592}},"Keywords":"0x8000000000000000","Level":4,"Opcode":0,"Provider":{"#attributes":{"Guid":"5770385F-C22A-43E0-BF4C-06F5698FFBD9","Name":"Microsoft-Windows-Sysmon"}},"Security":{"#attributes":{"UserID":"S-1-5-18"}},"Task":2,"TimeCreated":{"#attributes":{"SystemTime":"2019-09-10T09:38:16.807579Z"}},"Version":4}}}
{"Event":{"#attributes":{"xmlns":"http://schemas.microsoft.com/win/2004/08/events/event"},"EventData":{"CreationUtcTime":"2018-11-11 17:32:51.318","Image":"C:\\Windows\\system32\\mmc.exe","PreviousCreationUtcTime":"2018-11-11 17:32:51.318","ProcessGuid":"21207A7E-6EF6-5D77-0000-0010002E0B00","ProcessId":5364,"RuleName":"","TargetFilename":"C:\\Users\\pula\\AppData\\Local\\Microsoft\\Windows\\Explorer\\iconcache_32.db","UtcTime":"2019-09-10 09:38:16.779"},"System":{"Channel":"Microsoft-Windows-Sysmon/Operational","Computer":"DESKTOP-CF2FLGA","Correlation":null,"EventID":2,"EventRecordID":14309,"Execution":{"#attributes":{"ProcessID":1912,"ThreadID":2592}},"Keywords":"0x8000000000000000","Level":4,"Opcode":0,"Provider":{"#attributes":{"Guid":"5770385F-C22A-43E0-BF4C-06F5698FFBD9","Name":"Microsoft-Windows-Sysmon"}},"Security":{"#attributes":{"UserID":"S-1-5-18"}},"Task":2,"TimeCreated":{"#attributes":{"SystemTime":"2019-09-10T09:38:16.807672Z"}},"Version":4}}}
{"Event":{"#attributes":{"xmlns":"http://schemas.microsoft.com/win/2004/08/events/event"},"EventData":{"CreationUtcTime":"2018-11-11 17:32:51.318","Image":"C:\\Windows\\system32\\mmc.exe","PreviousCreationUtcTime":"2018-11-11 17:32:51.318","ProcessGuid":"21207A7E-6EF6-5D77-0000-0010002E0B00","ProcessId":5364,"RuleName":"","TargetFilename":"C:\\Users\\pula\\AppData\\Local\\Microsoft\\Windows\\Explorer\\iconcache_48.db","UtcTime":"2019-09-10 09:38:16.779"},"System":{"Channel":"Microsoft-Windows-Sysmon/Operational","Computer":"DESKTOP-CF2FLGA","Correlation":null,"EventID":2,"EventRecordID":14310,"Execution":{"#attributes":{"ProcessID":1912,"ThreadID":2592}},"Keywords":"0x8000000000000000","Level":4,"Opcode":0,"Provider":{"#attributes":{"Guid":"5770385F-C22A-43E0-BF4C-06F5698FFBD9","Name":"Microsoft-Windows-Sysmon"}},"Security":{"#attributes":{"UserID":"S-1-5-18"}},"Task":2,"TimeCreated":{"#attributes":{"SystemTime":"2019-09-10T09:38:16.807714Z"}},"Version":4}}}
{"Event":{"#attributes":{"xmlns":"http://schemas.microsoft.com/win/2004/08/events/event"},"EventData":{"CreationUtcTime":"2018-11-11 17:32:51.318","Image":"C:\\Windows\\system32\\mmc.exe","PreviousCreationUtcTime":"2018-11-11 17:32:51.318","ProcessGuid":"21207A7E-6EF6-5D77-0000-0010002E0B00","ProcessId":5364,"RuleName":"","TargetFilename":"C:\\Users\\pula\\AppData\\Local\\Microsoft\\Windows\\Explorer\\iconcache_96.db","UtcTime":"2019-09-10 09:38:16.779"},"System":{"Channel":"Microsoft-Windows-Sysmon/Operational","Computer":"DESKTOP-CF2FLGA","Correlation":null,"EventID":2,"EventRecordID":14311,"Execution":{"#attributes":{"ProcessID":1912,"ThreadID":2592}},"Keywords":"0x8000000000000000","Level":4,"Opcode":0,"Provider":{"#attributes":{"Guid":"5770385F-C22A-43E0-BF4C-06F5698FFBD9","Name":"Microsoft-Windows-Sysmon"}},"Security":{"#attributes":{"UserID":"S-1-5-18"}},"Task":2,"TimeCreated":{"#attributes":{"SystemTime":"2019-09-10T09:38:16.807752Z"}},"Version":4}}}
{"Event":{"#attributes":{"xmlns":"http://schemas.microsoft.com/win/2004/08/events/event"},"EventData":{"CreationUtcTime":"2018-11-11 17:32:51.318","Image":"C:\\Windows\\system32\\mmc.exe","PreviousCreationUtcTime":"2018-11-11 17:32:51.318","ProcessGuid":"21207A7E-6EF6-5D77-0000-0010002E0B00","ProcessId":5364,"RuleName":"","TargetFilename":"C:\\Users\\pula\\AppData\\Local\\Microsoft\\Windows\\Explorer\\iconcache_256.db","UtcTime":"2019-09-10 09:38:16.779"},"System":{"Channel":"Microsoft-Windows-Sysmon/Operational","Computer":"DESKTOP-CF2FLGA","Correlation":null,"EventID":2,"EventRecordID":14312,"Execution":{"#attributes":{"ProcessID":1912,"ThreadID":2592}},"Keywords":"0x8000000000000000","Level":4,"Opcode":0,"Provider":{"#attributes":{"Guid":"5770385F-C22A-43E0-BF4C-06F5698FFBD9","Name":"Microsoft-Windows-Sysmon"}},"Security":{"#attributes":{"UserID":"S-1-5-18"}},"Task":2,"TimeCreated":{"#attributes":{"SystemTime":"2019-09-10T09:38:16.807789Z"}},"Version":4}}}
{"Event":{"#attributes":{"xmlns":"http://schemas.microsoft.com/win/2004/08/events/event"},"EventData":{"CreationUtcTime":"2018-11-11 17:32:51.318","Image":"C:\\Windows\\system32\\mmc.exe","PreviousCreationUtcTime":"2018-11-11 17:32:51.318","ProcessGuid":"21207A7E-6EF6-5D77-0000-0010002E0B00","ProcessId":5364,"RuleName":"","TargetFilename":"C:\\Users\\pula\\AppData\\Local\\Microsoft\\Windows\\Explorer\\iconcache_768.db","UtcTime":"2019-09-10 09:38:16.779"},"System":{"Channel":"Microsoft-Windows-Sysmon/Operational","Computer":"DESKTOP-CF2FLGA","Correlation":null,"EventID":2,"EventRecordID":14313,"Execution":{"#attributes":{"ProcessID":1912,"ThreadID":2592}},"Keywords":"0x8000000000000000","Level":4,"Opcode":0,"Provider":{"#attributes":{"Guid":"5770385F-C22A-43E0-BF4C-06F5698FFBD9","Name":"Microsoft-Windows-Sysmon"}},"Security":{"#attributes":{"UserID":"S-1-5-18"}},"Task":2,"TimeCreated":{"#attributes":{"SystemTime":"2019-09-10T09:38:16.807826Z"}},"Version":4}}}
{"Event":{"#attributes":{"xmlns":"http://schemas.microsoft.com/win/2004/08/events/event"},"EventData":{"CreationUtcTime":"2018-11-11 17:32:51.318","Image":"C:\\Windows\\system32\\mmc.exe","PreviousCreationUtcTime":"2018-11-11 17:32:51.318","ProcessGuid":"21207A7E-6EF6-5D77-0000-0010002E0B00","ProcessId":5364,"RuleName":"","TargetFilename":"C:\\Users\\pula\\AppData\\Local\\Microsoft\\Windows\\Explorer\\iconcache_1280.db","UtcTime":"2019-09-10 09:38:16.779"},"System":{"Channel":"Microsoft-Windows-Sysmon/Operational","Computer":"DESKTOP-CF2FLGA","Correlation":null,"EventID":2,"EventRecordID":14314,"Execution":{"#attributes":{"ProcessID":1912,"ThreadID":2592}},"Keywords":"0x8000000000000000","Level":4,"Opcode":0,"Provider":{"#attributes":{"Guid":"5770385F-C22A-43E0-BF4C-06F5698FFBD9","Name":"Microsoft-Windows-Sysmon"}},"Security":{"#attributes":{"UserID":"S-1-5-18"}},"Task":2,"TimeCreated":{"#attributes":{"SystemTime":"2019-09-10T09:38:16.807864Z"}},"Version":4}}}
{"Event":{"#attributes":{"xmlns":"http://schemas.microsoft.com/win/2004/08/events/event"},"EventData":{"CreationUtcTime":"2018-11-11 17:32:51.318","Image":"C:\\Windows\\system32\\mmc.exe","PreviousCreationUtcTime":"2018-11-11 17:32:51.318","ProcessGuid":"21207A7E-6EF6-5D77-0000-0010002E0B00","ProcessId":5364,"RuleName":"","TargetFilename":"C:\\Users\\pula\\AppData\\Local\\Microsoft\\Windows\\Explorer\\iconcache_1920.db","UtcTime":"2019-09-10 09:38:16.779"},"System":{"Channel":"Microsoft-Windows-Sysmon/Operational","Computer":"DESKTOP-CF2FLGA","Correlation":null,"EventID":2,"EventRecordID":14315,"Execution":{"#attributes":{"ProcessID":1912,"ThreadID":2592}},"Keywords":"0x8000000000000000","Level":4,"Opcode":0,"Provider":{"#attributes":{"Guid":"5770385F-C22A-43E0-BF4C-06F5698FFBD9","Name":"Microsoft-Windows-Sysmon"}},"Security":{"#attributes":{"UserID":"S-1-5-18"}},"Task":2,"TimeCreated":{"#attributes":{"SystemTime":"2019-09-10T09:38:16.807901Z"}},"Version":4}}}
{"Event":{"#attributes":{"xmlns":"http://schemas.microsoft.com/win/2004/08/events/event"},"EventData":{"CreationUtcTime":"2018-11-11 17:32:51.318","Image":"C:\\Windows\\system32\\mmc.exe","PreviousCreationUtcTime":"2018-11-11 17:32:51.318","ProcessGuid":"21207A7E-6EF6-5D77-0000-0010002E0B00","ProcessId":5364,"RuleName":"","TargetFilename":"C:\\Users\\pula\\AppData\\Local\\Microsoft\\Windows\\Explorer\\iconcache_2560.db","UtcTime":"2019-09-10 09:38:16.779"},"System":{"Channel":"Microsoft-Windows-Sysmon/Operational","Computer":"DESKTOP-CF2FLGA","Correlation":null,"EventID":2,"EventRecordID":14316,"Execution":{"#attributes":{"ProcessID":1912,"ThreadID":2592}},"Keywords":"0x8000000000000000","Level":4,"Opcode":0,"Provider":{"#attributes":{"Guid":"5770385F-C22A-43E0-BF4C-06F5698FFBD9","Name":"Microsoft-Windows-Sysmon"}},"Security":{"#attributes":{"UserID":"S-1-5-18"}},"Task":2,"TimeCreated":{"#attributes":{"SystemTime":"2019-09-10T09:38:16.807944Z"}},"Version":4}}}
{"Event":{"#attributes":{"xmlns":"http://schemas.microsoft.com/win/2004/08/events/event"},"EventData":{"CreationUtcTime":"2018-11-11 17:32:51.318","Image":"C:\\Windows\\system32\\mmc.exe","PreviousCreationUtcTime":"2018-11-11 17:32:51.318","ProcessGuid":"21207A7E-6EF6-5D77-0000-0010002E0B00","ProcessId":5364,"RuleName":"","TargetFilename":"C:\\Users\\pula\\AppData\\Local\\Microsoft\\Windows\\Explorer\\iconcache_sr.db","UtcTime":"2019-09-10 09:38:16.779"},"System":{"Channel":"Microsoft-Windows-Sysmon/Operational","Computer":"DESKTOP-CF2FLGA","Correlation":null,"EventID":2,"EventRecordID":14317,"Execution":{"#attributes":{"ProcessID":1912,"ThreadID":2592}},"Keywords":"0x8000000000000000","Level":4,"Opcode":0,"Provider":{"#attributes":{"Guid":"5770385F-C22A-43E0-BF4C-06F5698FFBD9","Name":"Microsoft-Windows-Sysmon"}},"Security":{"#attributes":{"UserID":"S-1-5-18"}},"Task":2,"TimeCreated":{"#attributes":{"SystemTime":"2019-09-10T09:38:16.807981Z"}},"Version":4}}}
{"Event":{"#attributes":{"xmlns":"http://schemas.microsoft.com/win/2004/08/events/event"},"EventData":{"CreationUtcTime":"2018-11-11 17:32:51.318","Image":"C:\\Windows\\system32\\mmc.exe","PreviousCreationUtcTime":"2018-11-11 17:32:51.318","ProcessGuid":"21207A7E-6EF6-5D77-0000-0010002E0B00","ProcessId":5364,"RuleName":"","TargetFilename":"C:\\Users\\pula\\AppData\\Local\\Microsoft\\Windows\\Explorer\\iconcache_wide.db","UtcTime":"2019-09-10 09:38:16.779"},"System":{"Channel":"Microsoft-Windows-Sysmon/Operational","Computer":"DESKTOP-CF2FLGA","Correlation":null,"EventID":2,"EventRecordID":14318,"Execution":{"#attributes":{"ProcessID":1912,"ThreadID":2592}},"Keywords":"0x8000000000000000","Level":4,"Opcode":0,"Provider":{"#attributes":{"Guid":"5770385F-C22A-43E0-BF4C-06F5698FFBD9","Name":"Microsoft-Windows-Sysmon"}},"Security":{"#attributes":{"UserID":"S-1-5-18"}},"Task":2,"TimeCreated":{"#attributes":{"SystemTime":"2019-09-10T09:38:16.808087Z"}},"Version":4}}}
{"Event":{"#attributes":{"xmlns":"http://schemas.microsoft.com/win/2004/08/events/event"},"EventData":{"CreationUtcTime":"2018-11-11 17:32:51.318","Image":"C:\\Windows\\system32\\mmc.exe","PreviousCreationUtcTime":"2018-11-11 17:32:51.318","ProcessGuid":"21207A7E-6EF6-5D77-0000-0010002E0B00","ProcessId":5364,"RuleName":"","TargetFilename":"C:\\Users\\pula\\AppData\\Local\\Microsoft\\Windows\\Explorer\\iconcache_exif.db","UtcTime":"2019-09-10 09:38:16.779"},"System":{"Channel":"Microsoft-Windows-Sysmon/Operational","Computer":"DESKTOP-CF2FLGA","Correlation":null,"EventID":2,"EventRecordID":14319,"Execution":{"#attributes":{"ProcessID":1912,"ThreadID":2592}},"Keywords":"0x8000000000000000","Level":4,"Opcode":0,"Provider":{"#attributes":{"Guid":"5770385F-C22A-43E0-BF4C-06F5698FFBD9","Name":"Microsoft-Windows-Sysmon"}},"Security":{"#attributes":{"UserID":"S-1-5-18"}},"Task":2,"TimeCreated":{"#attributes":{"SystemTime":"2019-09-10T09:38:16.808144Z"}},"Version":4}}}
{"Event":{"#attributes":{"xmlns":"http://schemas.microsoft.com/win/2004/08/events/event"},"EventData":{"CreationUtcTime":"2018-11-11 17:32:51.318","Image":"C:\\Windows\\system32\\mmc.exe","PreviousCreationUtcTime":"2018-11-11 17:32:51.318","ProcessGuid":"21207A7E-6EF6-5D77-0000-0010002E0B00","ProcessId":5364,"RuleName":"","TargetFilename":"C:\\Users\\pula\\AppData\\Local\\Microsoft\\Windows\\Explorer\\iconcache_wide_alternate.db","UtcTime":"2019-09-10 09:38:16.779"},"System":{"Channel":"Microsoft-Windows-Sysmon/Operational","Computer":"DESKTOP-CF2FLGA","Correlation":null,"EventID":2,"EventRecordID":14320,"Execution":{"#attributes":{"ProcessID":1912,"ThreadID":2592}},"Keywords":"0x8000000000000000","Level":4,"Opcode":0,"Provider":{"#attributes":{"Guid":"5770385F-C22A-43E0-BF4C-06F5698FFBD9","Name":"Microsoft-Windows-Sysmon"}},"Security":{"#attributes":{"UserID":"S-1-5-18"}},"Task":2,"TimeCreated":{"#attributes":{"SystemTime":"2019-09-10T09:38:16.808183Z"}},"Version":4}}}
{"Event":{"#attributes":{"xmlns":"http://schemas.microsoft.com/win/2004/08/events/event"},"EventData":{"CreationUtcTime":"2018-11-11 17:32:51.318","Image":"C:\\Windows\\system32\\mmc.exe","PreviousCreationUtcTime":"2018-11-11 17:32:51.318","ProcessGuid":"21207A7E-6EF6-5D77-0000-0010002E0B00","ProcessId":5364,"RuleName":"","TargetFilename":"C:\\Users\\pula\\AppData\\Local\\Microsoft\\Windows\\Explorer\\iconcache_custom_stream.db","UtcTime":"2019-09-10 09:38:16.779"},"System":{"Channel":"Microsoft-Windows-Sysmon/Operational","Computer":"DESKTOP-CF2FLGA","Correlation":null,"EventID":2,"EventRecordID":14321,"Execution":{"#attributes":{"ProcessID":1912,"ThreadID":2592}},"Keywords":"0x8000000000000000","Level":4,"Opcode":0,"Provider":{"#attributes":{"Guid":"5770385F-C22A-43E0-BF4C-06F5698FFBD9","Name":"Microsoft-Windows-Sysmon"}},"Security":{"#attributes":{"UserID":"S-1-5-18"}},"Task":2,"TimeCreated":{"#attributes":{"SystemTime":"2019-09-10T09:38:16.808222Z"}},"Version":4}}}
{"Event":{"#attributes":{"xmlns":"http://schemas.microsoft.com/win/2004/08/events/event"},"EventData":{"CommandLine":"\"C:\\Windows\\system32\\backgroundTaskHost.exe\" -ServerName:CortanaUI.AppXy7vb4pc2dr3kc93kfc509b1d0arkfb2x.mca","Company":"Microsoft Corporation","CurrentDirectory":"C:\\Windows\\SystemApps\\Microsoft.Windows.Cortana_cw5n1h2txyewy\\","Description":"Background Task Host","FileVersion":"10.0.10240.16384 (th1.150709-1700)","Hashes":"SHA1=0AED09163CC857C7BACAC953461225713DCA09F1,MD5=B7C738367CEA003DC7609993DBE4EFA5,SHA256=4D143A0B6F1FA8AA8235CDD5EE25CCE108E4E5C65B561CF3FC8FE769B9FC6959,IMPHASH=44F48CF86DC5D98588235CD0E909B6C3","Image":"C:\\Windows\\System32\\backgroundTaskHost.exe","IntegrityLevel":"AppContainer","LogonGuid":"21207A7E-6ECA-5D77-0000-0020AD5A0700","LogonId":"0x75aad","OriginalFileName":"backgroundTaskHost.exe","ParentCommandLine":"C:\\Windows\\system32\\svchost.exe -k DcomLaunch","ParentImage":"C:\\Windows\\System32\\svchost.exe","ParentProcessGuid":"21207A7E-6EBA-5D77-0000-001087AB0000","ParentProcessId":812,"ProcessGuid":"21207A7E-6F0E-5D77-0000-001065F00F00","ProcessId":5724,"Product":"Microsoft® Windows® Operating System","RuleName":"","TerminalSessionId":1,"User":"DESKTOP-CF2FLGA\\pula","UtcTime":"2019-09-10 09:38:22.675"},"System":{"Channel":"Microsoft-Windows-Sysmon/Operational","Computer":"DESKTOP-CF2FLGA","Correlation":null,"EventID":1,"EventRecordID":14322,"Execution":{"#attributes":{"ProcessID":1912,"ThreadID":2592}},"Keywords":"0x8000000000000000","Level":4,"Opcode":0,"Provider":{"#attributes":{"Guid":"5770385F-C22A-43E0-BF4C-06F5698FFBD9","Name":"Microsoft-Windows-Sysmon"}},"Security":{"#attributes":{"UserID":"S-1-5-18"}},"Task":1,"TimeCreated":{"#attributes":{"SystemTime":"2019-09-10T09:38:22.678906Z"}},"Version":5}}}
{"Event":{"#attributes":{"xmlns":"http://schemas.microsoft.com/win/2004/08/events/event"},"EventData":{"Image":"C:\\Windows\\System32\\backgroundTaskHost.exe","ProcessGuid":"21207A7E-6F0E-5D77-0000-001065F00F00","ProcessId":5724,"RuleName":"","UtcTime":"2019-09-10 09:38:22.732"},"System":{"Channel":"Microsoft-Windows-Sysmon/Operational","Computer":"DESKTOP-CF2FLGA","Correlation":null,"EventID":5,"EventRecordID":14323,"Execution":{"#attributes":{"ProcessID":1912,"ThreadID":2592}},"Keywords":"0x8000000000000000","Level":4,"Opcode":0,"Provider":{"#attributes":{"Guid":"5770385F-C22A-43E0-BF4C-06F5698FFBD9","Name":"Microsoft-Windows-Sysmon"}},"Security":{"#attributes":{"UserID":"S-1-5-18"}},"Task":5,"TimeCreated":{"#attributes":{"SystemTime":"2019-09-10T09:38:22.744672Z"}},"Version":3}}}
