{"Event":{"#attributes":{"xmlns":"http://schemas.microsoft.com/win/2004/08/events/event"},"EventData":{"Hashes":"SHA1=9F8E27A163266D63D3B008A3BBB7698B4C103389,MD5=80AF88935C045615ADD16B4A61E487CC,SHA256=A35FD5138BDE47225D937C0B39EFED61659EF20567E12BA1EB556FEF7E1F736A,IMPHASH=E48099F2C8D64453F3AE6E90978CFE97","ImageLoaded":"C:\\Windows\\System32\\drivers\\vm3dmp.sys","RuleName":"","Signature":"VMware, Inc.","SignatureStatus":"Valid","Signed":"true","UtcTime":"2019-09-10 09:36:56.044"},"System":{"Channel":"Microsoft-Windows-Sysmon/Operational","Computer":"DESKTOP-CF2FLGA","Correlation":null,"EventID":6,"EventRecordID":14127,"Execution":{"#attributes":{"ProcessID":1912,"ThreadID":2596}},"Keywords":"0x8000000000000000","Level":4,"Opcode":0,"Provider":{"#attributes":{"Guid":"5770385F-C22A-43E0-BF4C-06F5698FFBD9","Name":"Microsoft-Windows-Sysmon"}},"Security":{"#attributes":{"UserID":"S-1-5-18"}},"Task":6,"TimeCreated":{"#attributes":{"SystemTime":"2019-09-10T09:37:04.501645Z"}},"Version":3}}}
{"Event":{"#attributes":{"xmlns":"http://schemas.microsoft.com/win/2004/08/events/event"},"EventData":{"Hashes":"SHA1=C08B2F1525CAAD89061250371D777E494A726636,MD5=DD81C11357E06C9EE65C945042922919,SHA256=86A7EA6B8051E0677A6368A4D2A803F988A13DB2AED52E39F809BB88BF017A94,IMPHASH=D77AD8345060C45B8181ABD962BDBD33","ImageLoaded":"C:\\Windows\\System32\\drivers\\usbport.sys","RuleName":"","Signature":"Microsoft Windows","SignatureStatus":"Valid","Signed":"true","UtcTime":"2019-09-10 09:36:56.044"},"System":{"Channel":"Microsoft-Windows-Sysmon/Operational","Computer":"DESKTOP-CF2FLGA","Correlation":null,"EventID":6,"EventRecordID":14128,"Execution":{"#attributes":{"ProcessID":1912,"ThreadID":2596}},"Keywords":"0x8000000000000000","Level":4,"Opcode":0,"Provider":{"#attributes":{"Guid":"5770385F-C22A-43E0-BF4C-06F5698FFBD9","Name":"Microsoft-Windows-Sysmon"}},"Security":{"#attributes":{"UserID":"S-1-5-18"}},"Task":6,"TimeCreated":{"#attributes":{"SystemTime":"2019-09-10T09:37:04.508022Z"}},"Version":3}}}
{"Event":{"#attributes":{"xmlns":"http://schemas.microsoft.com/win/2004/08/events/event"},"EventData":{"Hashes":"SHA1=E753883637F53B69DE5B6CB4DEE3540542BD55F6,MD5=C881DEA9BDD0E79B4A54BA63E1550916,SHA256=9A5D69BCAB77DCAB2941EE9BBC8B7F92EF547745ADC3FB04FF5E74E7F806A8DE,IMPHASH=F076A4E204A1C157EA7C14B82E0F269A","ImageLoaded":"C:\\Windows\\System32\\drivers\\usbuhci.sys","RuleName":"","Signature":"Microsoft Windows","SignatureStatus":"Valid","Signed":"true","UtcTime":"2019-09-10 09:36:56.044"},"System":{"Channel":"Microsoft-Windows-Sysmon/Operational","Computer":"DESKTOP-CF2FLGA","Correlation":null,"EventID":6,"EventRecordID":14129,"Execution":{"#attributes":{"ProcessID":1912,"ThreadID":2596}},"Keywords":"0x8000000000000000","Level":4,"Opcode":0,"Provider":{"#attributes":{"Guid":"5770385F-C22A-43E0-BF4C-06F5698FFBD9","Name":"Microsoft-Windows-Sysmon"}},"Security":{"#attributes":{"UserID":"S-1-5-18"}},"Task":6,"TimeCreated":{"#attributes":{"SystemTime":"2019-09-10T09:37:04.513853Z"}},"Version":3}}}
{"Event":{"#attributes":{"xmlns":"http://schemas.microsoft.com/win/2004/08/events/event"},"EventData":{"Hashes":"SHA1=ABB1F6FEDBBE818969DD162095F14167BB06ECDA,MD5=B69F3917DB9744C6E75651576CB6E663,SHA256=2A2BDC2D331CEEACE1AEE5BAE90E227902B17322111A683C52F6BEB75D606D7D,IMPHASH=CE4F21B46F4C46A57595215E67AB48E4","ImageLoaded":"C:\\Windows\\System32\\drivers\\ks.sys","RuleName":"","Signature":"Microsoft Windows","SignatureStatus":"Valid","Signed":"true","UtcTime":"2019-09-10 09:36:56.059"},"System":{"Channel":"Microsoft-Windows-Sysmon/Operational","Computer":"DESKTOP-CF2FLGA","Correlation":null,"EventID":6,"EventRecordID":14130,"Execution":{"#attributes":{"ProcessID":1912,"ThreadID":2596}},"Keywords":"0x8000000000000000","Level":4,"Opcode":0,"Provider":{"#attributes":{"Guid":"5770385F-C22A-43E0-BF4C-06F5698FFBD9","Name":"Microsoft-Windows-Sysmon"}},"Security":{"#attributes":{"UserID":"S-1-5-18"}},"Task":6,"TimeCreated":{"#attributes":{"SystemTime":"2019-09-10T09:37:04.523162Z"}},"Version":3}}}
{"Event":{"#attributes":{"xmlns":"http://schemas.microsoft.com/win/2004/08/events/event"},"EventData":{"Hashes":"SHA1=3D562B47001204B7AFBD5D0D485EECFBF0798765,MD5=F85370D6721DE7195E0F375BAD8FC159,SHA256=5520BC6B797E7570A8509927ADCB15D69D820C6296A64BB392EED6C8E6B93880,IMPHASH=B4E8EC6AB659B5084CC926074586EFDA","ImageLoaded":"C:\\Windows\\System32\\drivers\\drmk.sys","RuleName":"","Signature":"Microsoft Windows","SignatureStatus":"Valid","Signed":"true","UtcTime":"2019-09-10 09:36:56.059"},"System":{"Channel":"Microsoft-Windows-Sysmon/Operational","Computer":"DESKTOP-CF2FLGA","Correlation":null,"EventID":6,"EventRecordID":14131,"Execution":{"#attributes":{"ProcessID":1912,"ThreadID":2596}},"Keywords":"0x8000000000000000","Level":4,"Opcode":0,"Provider":{"#attributes":{"Guid":"5770385F-C22A-43E0-BF4C-06F5698FFBD9","Name":"Microsoft-Windows-Sysmon"}},"Security":{"#attributes":{"UserID":"S-1-5-18"}},"Task":6,"TimeCreated":{"#attributes":{"SystemTime":"2019-09-10T09:37:04.530778Z"}},"Version":3}}}
{"Event":{"#attributes":{"xmlns":"http://schemas.microsoft.com/win/2004/08/events/event"},"EventData":{"Hashes":"SHA1=08406D7677FAC60BB00F4B197796ED13C0E2D707,MD5=896EE0583F1C4D6DA319312063D86048,SHA256=34EDE2D22370076928A781E59B2DE1BE1FB66396B6EFCEB7F19C4F188097EE4E,IMPHASH=042A9214A255E6A01EC7FFDEEA64B9D7","ImageLoaded":"C:\\Windows\\System32\\drivers\\portcls.sys","RuleName":"","Signature":"Microsoft Windows","SignatureStatus":"Valid","Signed":"true","UtcTime":"2019-09-10 09:36:56.059"},"System":{"Channel":"Microsoft-Windows-Sysmon/Operational","Computer":"DESKTOP-CF2FLGA","Correlation":null,"EventID":6,"EventRecordID":14132,"Execution":{"#attributes":{"ProcessID":1912,"ThreadID":2596}},"Keywords":"0x8000000000000000","Level":4,"Opcode":0,"Provider":{"#attributes":{"Guid":"5770385F-C22A-43E0-BF4C-06F5698FFBD9","Name":"Microsoft-Windows-Sysmon"}},"Security":{"#attributes":{"UserID":"S-1-5-18"}},"Task":6,"TimeCreated":{"#attributes":{"SystemTime":"2019-09-10T09:37:04.539719Z"}},"Version":3}}}
{"Event":{"#attributes":{"xmlns":"http://schemas.microsoft.com/win/2004/08/events/event"},"EventData":{"Hashes":"SHA1=7908DF5D5EFCB209D68499C5D08120B8A93DC6D0,MD5=D102A17D9A1B5D6205D9945835DCE21E,SHA256=884F6E44E7B03D618DF8C6DDBFE4E5A64D9E345144897006B674F73989949865,IMPHASH=673A0DCDA30C52AEF87AAB09EEFCE3C9","ImageLoaded":"C:\\Windows\\System32\\drivers\\hdaudbus.sys","RuleName":"","Signature":"Microsoft Windows","SignatureStatus":"Valid","Signed":"true","UtcTime":"2019-09-10 09:36:56.075"},"System":{"Channel":"Microsoft-Windows-Sysmon/Operational","Computer":"DESKTOP-CF2FLGA","Correlation":null,"EventID":6,"EventRecordID":14133,"Execution":{"#attributes":{"ProcessID":1912,"ThreadID":2596}},"Keywords":"0x8000000000000000","Level":4,"Opcode":0,"Provider":{"#attributes":{"Guid":"5770385F-C22A-43E0-BF4C-06F5698FFBD9","Name":"Microsoft-Windows-Sysmon"}},"Security":{"#attributes":{"UserID":"S-1-5-18"}},"Task":6,"TimeCreated":{"#attributes":{"SystemTime":"2019-09-10T09:37:04.549064Z"}},"Version":3}}}
{"Event":{"#attributes":{"xmlns":"http://schemas.microsoft.com/win/2004/08/events/event"},"EventData":{"Hashes":"SHA1=EA4B36AA1F46E3E3312E55B08A927C71DFFD3CAC,MD5=5E11DC890661EEFFB6765FD3673DA48B,SHA256=A041BFE9956CF95790F8CBC963DE1BDC014FAEBF1D6521DD70ED409E88A56AFF,IMPHASH=5A38405CC48C91C81908C97BF82E78AB","ImageLoaded":"C:\\Windows\\System32\\drivers\\usbehci.sys","RuleName":"","Signature":"Microsoft Windows","SignatureStatus":"Valid","Signed":"true","UtcTime":"2019-09-10 09:36:56.075"},"System":{"Channel":"Microsoft-Windows-Sysmon/Operational","Computer":"DESKTOP-CF2FLGA","Correlation":null,"EventID":6,"EventRecordID":14134,"Execution":{"#attributes":{"ProcessID":1912,"ThreadID":2596}},"Keywords":"0x8000000000000000","Level":4,"Opcode":0,"Provider":{"#attributes":{"Guid":"5770385F-C22A-43E0-BF4C-06F5698FFBD9","Name":"Microsoft-Windows-Sysmon"}},"Security":{"#attributes":{"UserID":"S-1-5-18"}},"Task":6,"TimeCreated":{"#attributes":{"SystemTime":"2019-09-10T09:37:04.553808Z"}},"Version":3}}}
{"Event":{"#attributes":{"xmlns":"http://schemas.microsoft.com/win/2004/08/events/event"},"EventData":{"Hashes":"SHA1=83852E4EE70ECF10ED642F22DA7082EF69FE60F7,MD5=4AB05314EBCFCABEA87E92D2EAAEC703,SHA256=81712021AA483FFE144FC43782B5DF64EFBFB04ABEA42E3DAF916C14D2715901,IMPHASH=9F11A88149A2CAC5FD9FEC2A967EF7AC","ImageLoaded":"C:\\Windows\\System32\\drivers\\e1i6332.sys","RuleName":"","Signature":"Intel(R) Intel Network Drivers","SignatureStatus":"Valid","Signed":"true","UtcTime":"2019-09-10 09:36:56.075"},"System":{"Channel":"Microsoft-Windows-Sysmon/Operational","Computer":"DESKTOP-CF2FLGA","Correlation":null,"EventID":6,"EventRecordID":14135,"Execution":{"#attributes":{"ProcessID":1912,"ThreadID":2596}},"Keywords":"0x8000000000000000","Level":4,"Opcode":0,"Provider":{"#attributes":{"Guid":"5770385F-C22A-43E0-BF4C-06F5698FFBD9","Name":"Microsoft-Windows-Sysmon"}},"Security":{"#attributes":{"UserID":"S-1-5-18"}},"Task":6,"TimeCreated":{"#attributes":{"SystemTime":"2019-09-10T09:37:04.561692Z"}},"Version":3}}}
{"Event":{"#attributes":{"xmlns":"http://schemas.microsoft.com/win/2004/08/events/event"},"EventData":{"Hashes":"SHA1=E637DC1391634FA9F4855A002AD342CF0023851F,MD5=E5C9861B72E8549995317EC54ABA0EF9,SHA256=ADF4F16A1769B323C0E86FBC8602F15623C3D7053B1684D2AD37A02C6CE16777,IMPHASH=A9CF22FF5E33E14AC9F6EC39ED056E14","ImageLoaded":"C:\\Windows\\System32\\drivers\\USBXHCI.SYS","RuleName":"","Signature":"Microsoft Windows","SignatureStatus":"Valid","Signed":"true","UtcTime":"2019-09-10 09:36:56.090"},"System":{"Channel":"Microsoft-Windows-Sysmon/Operational","Computer":"DESKTOP-CF2FLGA","Correlation":null,"EventID":6,"EventRecordID":14136,"Execution":{"#attributes":{"ProcessID":1912,"ThreadID":2596}},"Keywords":"0x8000000000000000","Level":4,"Opcode":0,"Provider":{"#attributes":{"Guid":"5770385F-C22A-43E0-BF4C-06F5698FFBD9","Name":"Microsoft-Windows-Sysmon"}},"Security":{"#attributes":{"UserID":"S-1-5-18"}},"Task":6,"TimeCreated":{"#attributes":{"SystemTime":"2019-09-10T09:37:04.568570Z"}},"Version":3}}}
{"Event":{"#attributes":{"xmlns":"http://schemas.microsoft.com/win/2004/08/events/event"},"EventData":{"Hashes":"SHA1=FAF0C206F46A0F0333E2E4210505FE2D631FEAA4,MD5=EFC19FB0D7E495466D50C0DDA5CF00D1,SHA256=F9E8B5DDFC7D7E4E6FA064AC05BA25D81704C08B1A1E77FC74753854F5004B60,IMPHASH=055618CB937E363CEEEE41D0B214AB00","ImageLoaded":"C:\\Windows\\System32\\drivers\\Ucx01000.sys","RuleName":"","Signature":"Microsoft Windows","SignatureStatus":"Valid","Signed":"true","UtcTime":"2019-09-10 09:36:56.090"},"System":{"Channel":"Microsoft-Windows-Sysmon/Operational","Computer":"DESKTOP-CF2FLGA","Correlation":null,"EventID":6,"EventRecordID":14137,"Execution":{"#attributes":{"ProcessID":1912,"ThreadID":2596}},"Keywords":"0x8000000000000000","Level":4,"Opcode":0,"Provider":{"#attributes":{"Guid":"5770385F-C22A-43E0-BF4C-06F5698FFBD9","Name":"Microsoft-Windows-Sysmon"}},"Security":{"#attributes":{"UserID":"S-1-5-18"}},"Task":6,"TimeCreated":{"#attributes":{"SystemTime":"2019-09-10T09:37:04.576499Z"}},"Version":3}}}
{"Event":{"#attributes":{"xmlns":"http://schemas.microsoft.com/win/2004/08/events/event"},"EventData":{"Hashes":"SHA1=18943964DF08C759B6E44D20B675B84F29F7D6A0,MD5=0737BB61A171F7F9FD68959271AB8E9E,SHA256=C1BFFC07FDF861418B69076555A04C92BE5A6C73B79BDE062F17CBC6445AC7B2,IMPHASH=451054F051B529A2EE3408241946E1F0","ImageLoaded":"C:\\Windows\\System32\\drivers\\vmgencounter.sys","RuleName":"","Signature":"Microsoft Windows","SignatureStatus":"Valid","Signed":"true","UtcTime":"2019-09-10 09:36:56.106"},"System":{"Channel":"Microsoft-Windows-Sysmon/Operational","Computer":"DESKTOP-CF2FLGA","Correlation":null,"EventID":6,"EventRecordID":14138,"Execution":{"#attributes":{"ProcessID":1912,"ThreadID":2596}},"Keywords":"0x8000000000000000","Level":4,"Opcode":0,"Provider":{"#attributes":{"Guid":"5770385F-C22A-43E0-BF4C-06F5698FFBD9","Name":"Microsoft-Windows-Sysmon"}},"Security":{"#attributes":{"UserID":"S-1-5-18"}},"Task":6,"TimeCreated":{"#attributes":{"SystemTime":"2019-09-10T09:37:04.582754Z"}},"Version":3}}}
{"Event":{"#attributes":{"xmlns":"http://schemas.microsoft.com/win/2004/08/events/event"},"EventData":{"Hashes":"SHA1=C48FC7B5822994905F15A661647F7AA1A55608A6,MD5=21CD7B7A33E7FED8C12B7DD79554F483,SHA256=F934431E5D891D9AA1D7C904109B00349FC6446A885C1790FDC94F4965250502,IMPHASH=3A3BD051D3BED5F64FD90745C5E5A477","ImageLoaded":"C:\\Windows\\System32\\drivers\\battc.sys","RuleName":"","Signature":"Microsoft Windows","SignatureStatus":"Valid","Signed":"true","UtcTime":"2019-09-10 09:36:56.106"},"System":{"Channel":"Microsoft-Windows-Sysmon/Operational","Computer":"DESKTOP-CF2FLGA","Correlation":null,"EventID":6,"EventRecordID":14139,"Execution":{"#attributes":{"ProcessID":1912,"ThreadID":2596}},"Keywords":"0x8000000000000000","Level":4,"Opcode":0,"Provider":{"#attributes":{"Guid":"5770385F-C22A-43E0-BF4C-06F5698FFBD9","Name":"Microsoft-Windows-Sysmon"}},"Security":{"#attributes":{"UserID":"S-1-5-18"}},"Task":6,"TimeCreated":{"#attributes":{"SystemTime":"2019-09-10T09:37:04.587933Z"}},"Version":3}}}
{"Event":{"#attributes":{"xmlns":"http://schemas.microsoft.com/win/2004/08/events/event"},"EventData":{"Hashes":"SHA1=310218F2EFC3C95B769A5149286C99D0F4B26372,MD5=C8C9FDD65954BC3CF385093CB5A7DC9A,SHA256=FE85A4CDDAC135F1052A6D0ACD534CD46AC059DD6D2A16AE1A7C18B458C6C2A4,IMPHASH=944F108D276E56F403D746D62B7187EF","ImageLoaded":"C:\\Windows\\System32\\drivers\\CmBatt.sys","RuleName":"","Signature":"Microsoft Windows","SignatureStatus":"Valid","Signed":"true","UtcTime":"2019-09-10 09:36:56.106"},"System":{"Channel":"Microsoft-Windows-Sysmon/Operational","Computer":"DESKTOP-CF2FLGA","Correlation":null,"EventID":6,"EventRecordID":14140,"Execution":{"#attributes":{"ProcessID":1912,"ThreadID":2596}},"Keywords":"0x8000000000000000","Level":4,"Opcode":0,"Provider":{"#attributes":{"Guid":"5770385F-C22A-43E0-BF4C-06F5698FFBD9","Name":"Microsoft-Windows-Sysmon"}},"Security":{"#attributes":{"UserID":"S-1-5-18"}},"Task":6,"TimeCreated":{"#attributes":{"SystemTime":"2019-09-10T09:37:04.594767Z"}},"Version":3}}}
{"Event":{"#attributes":{"xmlns":"http://schemas.microsoft.com/win/2004/08/events/event"},"EventData":{"Hashes":"SHA1=EE4426F777AAC3D374D90F42BC46584B8312FFBE,MD5=53C22DBD08EC5B6EF9D5DAFD4EB459C3,SHA256=EB1DBFFE62C1EA7EE583B39B0F4F32EF54013D7CDD5FB081B7CAA356283D487B,IMPHASH=B8C7E1A2D2D22DD631CF53C8BA6A4772","ImageLoaded":"C:\\Windows\\System32\\drivers\\intelppm.sys","RuleName":"","Signature":"Microsoft Windows","SignatureStatus":"Valid","Signed":"true","UtcTime":"2019-09-10 09:36:56.106"},"System":{"Channel":"Microsoft-Windows-Sysmon/Operational","Computer":"DESKTOP-CF2FLGA","Correlation":null,"EventID":6,"EventRecordID":14141,"Execution":{"#attributes":{"ProcessID":1912,"ThreadID":2596}},"Keywords":"0x8000000000000000","Level":4,"Opcode":0,"Provider":{"#attributes":{"Guid":"5770385F-C22A-43E0-BF4C-06F5698FFBD9","Name":"Microsoft-Windows-Sysmon"}},"Security":{"#attributes":{"UserID":"S-1-5-18"}},"Task":6,"TimeCreated":{"#attributes":{"SystemTime":"2019-09-10T09:37:04.603580Z"}},"Version":3}}}
{"Event":{"#attributes":{"xmlns":"http://schemas.microsoft.com/win/2004/08/events/event"},"EventData":{"Hashes":"SHA1=53353A587394978F505059D18C46BC09AF3371DA,MD5=9FE26958C341E1D7C7AC06DCEA6F29A2,SHA256=DC55449E5CC8CE83ABCD1E181A3846E9F60C05902430CC8A2931BA5692A791DA,IMPHASH=423C3240F541D2EC8D19B8866636DDDF","ImageLoaded":"C:\\Windows\\System32\\drivers\\NdisVirtualBus.sys","RuleName":"","Signature":"Microsoft Windows","SignatureStatus":"Valid","Signed":"true","UtcTime":"2019-09-10 09:36:56.106"},"System":{"Channel":"Microsoft-Windows-Sysmon/Operational","Computer":"DESKTOP-CF2FLGA","Correlation":null,"EventID":6,"EventRecordID":14142,"Execution":{"#attributes":{"ProcessID":1912,"ThreadID":2596}},"Keywords":"0x8000000000000000","Level":4,"Opcode":0,"Provider":{"#attributes":{"Guid":"5770385F-C22A-43E0-BF4C-06F5698FFBD9","Name":"Microsoft-Windows-Sysmon"}},"Security":{"#attributes":{"UserID":"S-1-5-18"}},"Task":6,"TimeCreated":{"#attributes":{"SystemTime":"2019-09-10T09:37:04.610942Z"}},"Version":3}}}
{"Event":{"#attributes":{"xmlns":"http://schemas.microsoft.com/win/2004/08/events/event"},"EventData":{"Hashes":"SHA1=5D775629BEC5682BE552E7067A00049038EAF9D0,MD5=1F4CEAEF6A3503ECB2DCB8BA280EAACF,SHA256=BBB0CD23E01651E3ED2E5B76756FBA708A6A3C926BDF02C2518D174028937EF4,IMPHASH=00262610D713FE001869507767F30C64","ImageLoaded":"C:\\Windows\\System32\\DriverStore\\FileRepository\\swenum.inf_x86_b6707c73599dd1b6\\swenum.sys","RuleName":"","Signature":"Microsoft Windows","SignatureStatus":"Valid","Signed":"true","UtcTime":"2019-09-10 09:36:56.106"},"System":{"Channel":"Microsoft-Windows-Sysmon/Operational","Computer":"DESKTOP-CF2FLGA","Correlation":null,"EventID":6,"EventRecordID":14143,"Execution":{"#attributes":{"ProcessID":1912,"ThreadID":2596}},"Keywords":"0x8000000000000000","Level":4,"Opcode":0,"Provider":{"#attributes":{"Guid":"5770385F-C22A-43E0-BF4C-06F5698FFBD9","Name":"Microsoft-Windows-Sysmon"}},"Security":{"#attributes":{"UserID":"S-1-5-18"}},"Task":6,"TimeCreated":{"#attributes":{"SystemTime":"2019-09-10T09:37:04.615485Z"}},"Version":3}}}
{"Event":{"#attributes":{"xmlns":"http://schemas.microsoft.com/win/2004/08/events/event"},"EventData":{"Hashes":"SHA1=DB894EBC6B7F80B7458F25813F0588C9ACBE9667,MD5=82A782AAFE96EE042061014551FD2771,SHA256=283C45CAF8C18176B2CD00EF0BC0A97948DD2D4994B093B9BB52EC0E9ACC69BF,IMPHASH=A8DF2E21213E698C1EAE709A39187ED3","ImageLoaded":"C:\\Windows\\System32\\drivers\\rdpbus.sys","RuleName":"","Signature":"Microsoft Windows","SignatureStatus":"Valid","Signed":"true","UtcTime":"2019-09-10 09:36:56.106"},"System":{"Channel":"Microsoft-Windows-Sysmon/Operational","Computer":"DESKTOP-CF2FLGA","Correlation":null,"EventID":6,"EventRecordID":14144,"Execution":{"#attributes":{"ProcessID":1912,"ThreadID":2596}},"Keywords":"0x8000000000000000","Level":4,"Opcode":0,"Provider":{"#attributes":{"Guid":"5770385F-C22A-43E0-BF4C-06F5698FFBD9","Name":"Microsoft-Windows-Sysmon"}},"Security":{"#attributes":{"UserID":"S-1-5-18"}},"Task":6,"TimeCreated":{"#attributes":{"SystemTime":"2019-09-10T09:37:04.622301Z"}},"Version":3}}}
{"Event":{"#attributes":{"xmlns":"http://schemas.microsoft.com/win/2004/08/events/event"},"EventData":{"Hashes":"SHA1=ED447DDB71C0978557182312D2C17DB5799C88AC,MD5=DE1B942049EB48B4D883B97ACA37A208,SHA256=CB1F9FFBE407D7126628D812A1AAA011B298B5F0B39EBF2ECEB9989914840085,IMPHASH=F5B8A422DF722EA200EB0A5F39EE0B97","ImageLoaded":"C:\\Windows\\System32\\drivers\\flpydisk.sys","RuleName":"","Signature":"Microsoft Windows","SignatureStatus":"Valid","Signed":"true","UtcTime":"2019-09-10 09:36:56.184"},"System":{"Channel":"Microsoft-Windows-Sysmon/Operational","Computer":"DESKTOP-CF2FLGA","Correlation":null,"EventID":6,"EventRecordID":14145,"Execution":{"#attributes":{"ProcessID":1912,"ThreadID":2596}},"Keywords":"0x8000000000000000","Level":4,"Opcode":0,"Provider":{"#attributes":{"Guid":"5770385F-C22A-43E0-BF4C-06F5698FFBD9","Name":"Microsoft-Windows-Sysmon"}},"Security":{"#attributes":{"UserID":"S-1-5-18"}},"Task":6,"TimeCreated":{"#attributes":{"SystemTime":"2019-09-10T09:37:04.628647Z"}},"Version":3}}}
{"Event":{"#attributes":{"xmlns":"http://schemas.microsoft.com/win/2004/08/events/event"},"EventData":{"Hashes":"SHA1=CA601BA558C8A55B0D64F5DCA06C27B1AD71CE49,MD5=C61B7C651D539D3E3011E5A453D18540,SHA256=8CCAFAF72346F2906572A3526345BAF8A6A8AE7D404CDEEB287AC43E97FD9AFD,IMPHASH=8FE4FCB04892389A908C2C6441C91937","ImageLoaded":"C:\\Windows\\System32\\drivers\\usbd.sys","RuleName":"","Signature":"Microsoft Windows","SignatureStatus":"Valid","Signed":"true","UtcTime":"2019-09-10 09:36:56.279"},"System":{"Channel":"Microsoft-Windows-Sysmon/Operational","Computer":"DESKTOP-CF2FLGA","Correlation":null,"EventID":6,"EventRecordID":14146,"Execution":{"#attributes":{"ProcessID":1912,"ThreadID":2596}},"Keywords":"0x8000000000000000","Level":4,"Opcode":0,"Provider":{"#attributes":{"Guid":"5770385F-C22A-43E0-BF4C-06F5698FFBD9","Name":"Microsoft-Windows-Sysmon"}},"Security":{"#attributes":{"UserID":"S-1-5-18"}},"Task":6,"TimeCreated":{"#attributes":{"SystemTime":"2019-09-10T09:37:04.636266Z"}},"Version":3}}}
{"Event":{"#attributes":{"xmlns":"http://schemas.microsoft.com/win/2004/08/events/event"},"EventData":{"Hashes":"SHA1=C43C649B54960974F78BDB8E40B234B6F3066238,MD5=29BF5C648DB22AF7756669E74CFAB00E,SHA256=DA23FE8CFF2DB8AB63CB432C75D82240B08F81F08AC81F911E9B864A38803C0E,IMPHASH=5811E9077864C66FDABA96F172528C63","ImageLoaded":"C:\\Windows\\System32\\drivers\\usbhub.sys","RuleName":"","Signature":"Microsoft Windows","SignatureStatus":"Valid","Signed":"true","UtcTime":"2019-09-10 09:36:56.279"},"System":{"Channel":"Microsoft-Windows-Sysmon/Operational","Computer":"DESKTOP-CF2FLGA","Correlation":null,"EventID":6,"EventRecordID":14147,"Execution":{"#attributes":{"ProcessID":1912,"ThreadID":2596}},"Keywords":"0x8000000000000000","Level":4,"Opcode":0,"Provider":{"#attributes":{"Guid":"5770385F-C22A-43E0-BF4C-06F5698FFBD9","Name":"Microsoft-Windows-Sysmon"}},"Security":{"#attributes":{"UserID":"S-1-5-18"}},"Task":6,"TimeCreated":{"#attributes":{"SystemTime":"2019-09-10T09:37:04.642393Z"}},"Version":3}}}
{"Event":{"#attributes":{"xmlns":"http://schemas.microsoft.com/win/2004/08/events/event"},"EventData":{"Hashes":"SHA1=D801B46AA9C05AF6B7E7D15234668DA9C9E962C3,MD5=32B653F3362D81915932B543A2364997,SHA256=A71BC97EC4B514D27F69C27A955898C5B434EA53AE1486727DE6ED868F0B6665,IMPHASH=F4C1064A50A8A7233A5B15A3D23B9431","ImageLoaded":"C:\\Windows\\System32\\drivers\\USBHUB3.SYS","RuleName":"","Signature":"Microsoft Windows","SignatureStatus":"Valid","Signed":"true","UtcTime":"2019-09-10 09:36:56.419"},"System":{"Channel":"Microsoft-Windows-Sysmon/Operational","Computer":"DESKTOP-CF2FLGA","Correlation":null,"EventID":6,"EventRecordID":14148,"Execution":{"#attributes":{"ProcessID":1912,"ThreadID":2596}},"Keywords":"0x8000000000000000","Level":4,"Opcode":0,"Provider":{"#attributes":{"Guid":"5770385F-C22A-43E0-BF4C-06F5698FFBD9","Name":"Microsoft-Windows-Sysmon"}},"Security":{"#attributes":{"UserID":"S-1-5-18"}},"Task":6,"TimeCreated":{"#attributes":{"SystemTime":"2019-09-10T09:37:04.650522Z"}},"Version":3}}}
{"Event":{"#attributes":{"xmlns":"http://schemas.microsoft.com/win/2004/08/events/event"},"EventData":{"Hashes":"SHA1=34417C5D0AF9C198A70C70112EE51BAC2239D0E8,MD5=1F6D6E31D58B5DFF25C62D2AC1F870C9,SHA256=185F13352561F67876DB587EE7A05A734D126D95CE7C3EF6480E9C48F719A8C5,IMPHASH=C3810E2DE20858668970233F32D7E85C","ImageLoaded":"C:\\Windows\\System32\\drivers\\HdAudio.sys","RuleName":"","Signature":"Microsoft Windows","SignatureStatus":"Valid","Signed":"true","UtcTime":"2019-09-10 09:36:56.435"},"System":{"Channel":"Microsoft-Windows-Sysmon/Operational","Computer":"DESKTOP-CF2FLGA","Correlation":null,"EventID":6,"EventRecordID":14149,"Execution":{"#attributes":{"ProcessID":1912,"ThreadID":2596}},"Keywords":"0x8000000000000000","Level":4,"Opcode":0,"Provider":{"#attributes":{"Guid":"5770385F-C22A-43E0-BF4C-06F5698FFBD9","Name":"Microsoft-Windows-Sysmon"}},"Security":{"#attributes":{"UserID":"S-1-5-18"}},"Task":6,"TimeCreated":{"#attributes":{"SystemTime":"2019-09-10T09:37:04.659202Z"}},"Version":3}}}
{"Event":{"#attributes":{"xmlns":"http://schemas.microsoft.com/win/2004/08/events/event"},"EventData":{"Hashes":"SHA1=F94B447F2EBBB54D2FCB46C644811283E5652A58,MD5=3C7355642729C37756CA44149F48D9DF,SHA256=953884AA2847258E26A6CFAF3EDC1CF0970402DE7337A31664E3623F73339C57,IMPHASH=8EAAF11F04D24719BAD12D66D688A14C","ImageLoaded":"C:\\Windows\\System32\\drivers\\usbccgp.sys","RuleName":"","Signature":"Microsoft Windows","SignatureStatus":"Valid","Signed":"true","UtcTime":"2019-09-10 09:36:56.749"},"System":{"Channel":"Microsoft-Windows-Sysmon/Operational","Computer":"DESKTOP-CF2FLGA","Correlation":null,"EventID":6,"EventRecordID":14150,"Execution":{"#attributes":{"ProcessID":1912,"ThreadID":2596}},"Keywords":"0x8000000000000000","Level":4,"Opcode":0,"Provider":{"#attributes":{"Guid":"5770385F-C22A-43E0-BF4C-06F5698FFBD9","Name":"Microsoft-Windows-Sysmon"}},"Security":{"#attributes":{"UserID":"S-1-5-18"}},"Task":6,"TimeCreated":{"#attributes":{"SystemTime":"2019-09-10T09:37:04.664369Z"}},"Version":3}}}
{"Event":{"#attributes":{"xmlns":"http://schemas.microsoft.com/win/2004/08/events/event"},"EventData":{"Hashes":"SHA1=145277386DB2948D71FC9C2B4280B5AA90D5A44C,MD5=EA0F255FF92DF15A4E5CF1E754FE078D,SHA256=D414E7E46F507EACD3EDA22BA533A04C4951FD1A04E92D6F14AFE1A2CC174107,IMPHASH=F9A0A482277516FDC3C8D46C730B1D18","ImageLoaded":"C:\\Windows\\System32\\drivers\\hidparse.sys","RuleName":"","Signature":"Microsoft Windows","SignatureStatus":"Valid","Signed":"true","UtcTime":"2019-09-10 09:36:56.755"},"System":{"Channel":"Microsoft-Windows-Sysmon/Operational","Computer":"DESKTOP-CF2FLGA","Correlation":null,"EventID":6,"EventRecordID":14151,"Execution":{"#attributes":{"ProcessID":1912,"ThreadID":2596}},"Keywords":"0x8000000000000000","Level":4,"Opcode":0,"Provider":{"#attributes":{"Guid":"5770385F-C22A-43E0-BF4C-06F5698FFBD9","Name":"Microsoft-Windows-Sysmon"}},"Security":{"#attributes":{"UserID":"S-1-5-18"}},"Task":6,"TimeCreated":{"#attributes":{"SystemTime":"2019-09-10T09:37:04.670953Z"}},"Version":3}}}
{"Event":{"#attributes":{"xmlns":"http://schemas.microsoft.com/win/2004/08/events/event"},"EventData":{"Hashes":"SHA1=CE4F152F3F233850CE519499502AB211DCE9712D,MD5=C4BCF7592454403CB76B72F66C0DC92E,SHA256=D13D5224B0BBC22F61033FB33685016C34593608A6315169276FC818F3DD6672,IMPHASH=D5BA67C16DB2DCEE4525994CAB22D506","ImageLoaded":"C:\\Windows\\System32\\drivers\\hidclass.sys","RuleName":"","Signature":"Microsoft Windows","SignatureStatus":"Valid","Signed":"true","UtcTime":"2019-09-10 09:36:56.757"},"System":{"Channel":"Microsoft-Windows-Sysmon/Operational","Computer":"DESKTOP-CF2FLGA","Correlation":null,"EventID":6,"EventRecordID":14152,"Execution":{"#attributes":{"ProcessID":1912,"ThreadID":2596}},"Keywords":"0x8000000000000000","Level":4,"Opcode":0,"Provider":{"#attributes":{"Guid":"5770385F-C22A-43E0-BF4C-06F5698FFBD9","Name":"Microsoft-Windows-Sysmon"}},"Security":{"#attributes":{"UserID":"S-1-5-18"}},"Task":6,"TimeCreated":{"#attributes":{"SystemTime":"2019-09-10T09:37:04.678599Z"}},"Version":3}}}
{"Event":{"#attributes":{"xmlns":"http://schemas.microsoft.com/win/2004/08/events/event"},"EventData":{"Hashes":"SHA1=929D463F1BD5388C8087731129C5E33D899C40C3,MD5=FCE15806F5ECC17CC7B062A7A5F4A19F,SHA256=6C30792A8D4EFA8D2925500169687AB5EA7618916B3C61451A560FC0A0A47475,IMPHASH=1AC9DB1AB206846E11F90E8DD2128C59","ImageLoaded":"C:\\Windows\\System32\\drivers\\hidusb.sys","RuleName":"","Signature":"Microsoft Windows","SignatureStatus":"Valid","Signed":"true","UtcTime":"2019-09-10 09:36:56.758"},"System":{"Channel":"Microsoft-Windows-Sysmon/Operational","Computer":"DESKTOP-CF2FLGA","Correlation":null,"EventID":6,"EventRecordID":14153,"Execution":{"#attributes":{"ProcessID":1912,"ThreadID":2596}},"Keywords":"0x8000000000000000","Level":4,"Opcode":0,"Provider":{"#attributes":{"Guid":"5770385F-C22A-43E0-BF4C-06F5698FFBD9","Name":"Microsoft-Windows-Sysmon"}},"Security":{"#attributes":{"UserID":"S-1-5-18"}},"Task":6,"TimeCreated":{"#attributes":{"SystemTime":"2019-09-10T09:37:04.684814Z"}},"Version":3}}}
{"Event":{"#attributes":{"xmlns":"http://schemas.microsoft.com/win/2004/08/events/event"},"EventData":{"Hashes":"SHA1=CF5AE4B237ACDDCE9313E0476AED7C2DAA1DFDBC,MD5=4CA2D1EE44BE5A4B7C1640C2488EC677,SHA256=41C0EC9CF9FDC274591326F96CB31B5D8B59D9A7981AEC003BA5F63C0FD49166,IMPHASH=998EFE9A1A877527F4F352B817F15F1A","ImageLoaded":"C:\\Windows\\System32\\drivers\\mouhid.sys","RuleName":"","Signature":"Microsoft Windows","SignatureStatus":"Valid","Signed":"true","UtcTime":"2019-09-10 09:36:56.762"},"System":{"Channel":"Microsoft-Windows-Sysmon/Operational","Computer":"DESKTOP-CF2FLGA","Correlation":null,"EventID":6,"EventRecordID":14154,"Execution":{"#attributes":{"ProcessID":1912,"ThreadID":2596}},"Keywords":"0x8000000000000000","Level":4,"Opcode":0,"Provider":{"#attributes":{"Guid":"5770385F-C22A-43E0-BF4C-06F5698FFBD9","Name":"Microsoft-Windows-Sysmon"}},"Security":{"#attributes":{"UserID":"S-1-5-18"}},"Task":6,"TimeCreated":{"#attributes":{"SystemTime":"2019-09-10T09:37:04.690586Z"}},"Version":3}}}
{"Event":{"#attributes":{"xmlns":"http://schemas.microsoft.com/win/2004/08/events/event"},"EventData":{"Hashes":"SHA1=8CAC1BAF3DBEAF97C08EEE02CB3544FAFEE96967,MD5=4CAE62B292925DFC5041390D1E9BF85A,SHA256=DCB6EC911D40B73CEB3029F08E31AA2439A78441FB77D76D1B35E1EDD3C49AF3,IMPHASH=874E3DFBBF2C8938646FEB7C8C58016D","ImageLoaded":"C:\\Windows\\System32\\drivers\\vmusbmouse.sys","RuleName":"","Signature":"VMware, Inc.","SignatureStatus":"Valid","Signed":"true","UtcTime":"2019-09-10 09:36:56.764"},"System":{"Channel":"Microsoft-Windows-Sysmon/Operational","Computer":"DESKTOP-CF2FLGA","Correlation":null,"EventID":6,"EventRecordID":14155,"Execution":{"#attributes":{"ProcessID":1912,"ThreadID":2596}},"Keywords":"0x8000000000000000","Level":4,"Opcode":0,"Provider":{"#attributes":{"Guid":"5770385F-C22A-43E0-BF4C-06F5698FFBD9","Name":"Microsoft-Windows-Sysmon"}},"Security":{"#attributes":{"UserID":"S-1-5-18"}},"Task":6,"TimeCreated":{"#attributes":{"SystemTime":"2019-09-10T09:37:04.697564Z"}},"Version":3}}}
{"Event":{"#attributes":{"xmlns":"http://schemas.microsoft.com/win/2004/08/events/event"},"EventData":{"Hashes":"SHA1=B9C24B5EB588662AFE980BFCAAD9F50D57AECDD0,MD5=6C5842E963A96A69354CCB3D75287A64,SHA256=B2FAA0958A0F380513AD864EC902C3D38A7350EC6126DF0032C9C6ACDE0F2BDE,IMPHASH=8E1048874606F9DFB652BE03DEC7E665","ImageLoaded":"C:\\Windows\\System32\\drivers\\bthport.sys","RuleName":"","Signature":"Microsoft Windows","SignatureStatus":"Valid","Signed":"true","UtcTime":"2019-09-10 09:36:57.072"},"System":{"Channel":"Microsoft-Windows-Sysmon/Operational","Computer":"DESKTOP-CF2FLGA","Correlation":null,"EventID":6,"EventRecordID":14156,"Execution":{"#attributes":{"ProcessID":1912,"ThreadID":2596}},"Keywords":"0x8000000000000000","Level":4,"Opcode":0,"Provider":{"#attributes":{"Guid":"5770385F-C22A-43E0-BF4C-06F5698FFBD9","Name":"Microsoft-Windows-Sysmon"}},"Security":{"#attributes":{"UserID":"S-1-5-18"}},"Task":6,"TimeCreated":{"#attributes":{"SystemTime":"2019-09-10T09:37:04.711100Z"}},"Version":3}}}
{"Event":{"#attributes":{"xmlns":"http://schemas.microsoft.com/win/2004/08/events/event"},"EventData":{"Hashes":"SHA1=56AF22442D50E7F580261D71F0F04F21FA8E0C7B,MD5=0795D38A537147CD9BCAD92F47AA0547,SHA256=E190B403BF713EF159126C5F9DA877F483269042DA549B02C0918F0A95AB7336,IMPHASH=A675134C906C99ACC5B50E132F703570","ImageLoaded":"C:\\Windows\\System32\\drivers\\BTHUSB.SYS","RuleName":"","Signature":"Microsoft Windows","SignatureStatus":"Valid","Signed":"true","UtcTime":"2019-09-10 09:36:57.088"},"System":{"Channel":"Microsoft-Windows-Sysmon/Operational","Computer":"DESKTOP-CF2FLGA","Correlation":null,"EventID":6,"EventRecordID":14157,"Execution":{"#attributes":{"ProcessID":1912,"ThreadID":2596}},"Keywords":"0x8000000000000000","Level":4,"Opcode":0,"Provider":{"#attributes":{"Guid":"5770385F-C22A-43E0-BF4C-06F5698FFBD9","Name":"Microsoft-Windows-Sysmon"}},"Security":{"#attributes":{"UserID":"S-1-5-18"}},"Task":6,"TimeCreated":{"#attributes":{"SystemTime":"2019-09-10T09:37:04.717408Z"}},"Version":3}}}
{"Event":{"#attributes":{"xmlns":"http://schemas.microsoft.com/win/2004/08/events/event"},"EventData":{"CommandLine":"\"C:\\Program Files\\Windows Defender\\MpCmdRun.exe\" SignatureUpdate -ScheduleJob -RestrictPrivileges","Company":"Microsoft Corporation","CurrentDirectory":"C:\\Windows\\system32\\","Description":"Microsoft Malware Protection Command Line Utility","FileVersion":"4.8.10240.16384 (th1.150709-1700)","Hashes":"SHA1=32F82F6961A8F56A7DB9D553F36312D86030BAA4,MD5=B34408F254195B40BD207843C784A5B1,SHA256=CA5F91A0D4DDB6D4A0F2DA328F10DB693C8A31719FA763FF065ED82769E875EF,IMPHASH=C3DE81DF75C0892C1B40C8742D63AF1E","Image":"C:\\Program Files\\Windows Defender\\MpCmdRun.exe","IntegrityLevel":"System","LogonGuid":"21207A7E-6EBA-5D77-0000-0020E7030000","LogonId":"0x3e7","OriginalFileName":"MpCmdRun.exe","ParentCommandLine":"\"C:\\Program Files\\Windows Defender\\MsMpEng.exe\"","ParentImage":"C:\\Program Files\\Windows Defender\\MsMpEng.exe","ParentProcessGuid":"21207A7E-6EBD-5D77-0000-0010D4EA0100","ParentProcessId":580,"ProcessGuid":"21207A7E-6EC0-5D77-0000-0010D7F70200","ProcessId":2616,"Product":"Microsoft® Windows® Operating System","RuleName":"","TerminalSessionId":0,"User":"NT AUTHORITY\\SYSTEM","UtcTime":"2019-09-10 09:37:04.685"},"System":{"Channel":"Microsoft-Windows-Sysmon/Operational","Computer":"DESKTOP-CF2FLGA","Correlation":null,"EventID":1,"EventRecordID":14158,"Execution":{"#attributes":{"ProcessID":1912,"ThreadID":2592}},"Keywords":"0x8000000000000000","Level":4,"Opcode":0,"Provider":{"#attributes":{"Guid":"5770385F-C22A-43E0-BF4C-06F5698FFBD9","Name":"Microsoft-Windows-Sysmon"}},"Security":{"#attributes":{"UserID":"S-1-5-18"}},"Task":1,"TimeCreated":{"#attributes":{"SystemTime":"2019-09-10T09:37:04.722798Z"}},"Version":5}}}
{"Event":{"#attributes":{"xmlns":"http://schemas.microsoft.com/win/2004/08/events/event"},"EventData":{"Hashes":"SHA1=C49F32C866FEA27CD2367465B2F9ED318FA84E44,MD5=4BB504C3158A5DE28E30B73A124D97FA,SHA256=E79F7A39815FBCF3EE9FCA5BC17206BAA3515CE27C2A9B0EE6D00C958F03FD2C,IMPHASH=9F870D607E507CFFA8F97C957C2EEA4A","ImageLoaded":"C:\\Windows\\System32\\drivers\\rfcomm.sys","RuleName":"","Signature":"Microsoft Windows","SignatureStatus":"Valid","Signed":"true","UtcTime":"2019-09-10 09:36:57.407"},"System":{"Channel":"Microsoft-Windows-Sysmon/Operational","Computer":"DESKTOP-CF2FLGA","Correlation":null,"EventID":6,"EventRecordID":14159,"Execution":{"#attributes":{"ProcessID":1912,"ThreadID":2596}},"Keywords":"0x8000000000000000","Level":4,"Opcode":0,"Provider":{"#attributes":{"Guid":"5770385F-C22A-43E0-BF4C-06F5698FFBD9","Name":"Microsoft-Windows-Sysmon"}},"Security":{"#attributes":{"UserID":"S-1-5-18"}},"Task":6,"TimeCreated":{"#attributes":{"SystemTime":"2019-09-10T09:37:04.731862Z"}},"Version":3}}}
{"Event":{"#attributes":{"xmlns":"http://schemas.microsoft.com/win/2004/08/events/event"},"EventData":{"CommandLine":"\\??\\C:\\Windows\\system32\\conhost.exe 0xffffffff -ForceV1","Company":"Microsoft Corporation","CurrentDirectory":"C:\\Windows","Description":"Console Window Host","FileVersion":"10.0.10240.16384 (th1.150709-1700)","Hashes":"SHA1=7DF3BFA4BE09BFCCB10FE356CE45879364A0D2DC,MD5=4287D2FA46FDBFF6100455367C2D7C65,SHA256=6FB167673720640FF09E013432602E6AC9FF33D77DD8C3E4683C89D10B8E9951,IMPHASH=E8B06FF0246662E89A672B447A7462BC","Image":"C:\\Windows\\System32\\conhost.exe","IntegrityLevel":"System","LogonGuid":"21207A7E-6EBA-5D77-0000-0020E7030000","LogonId":"0x3e7","OriginalFileName":"CONHOST.EXE","ParentCommandLine":"\"C:\\Program Files\\Windows Defender\\MpCmdRun.exe\" SignatureUpdate -ScheduleJob -RestrictPrivileges","ParentImage":"C:\\Program Files\\Windows Defender\\MpCmdRun.exe","ParentProcessGuid":"21207A7E-6EC0-5D77-0000-0010D7F70200","ParentProcessId":2616,"ProcessGuid":"21207A7E-6EC0-5D77-0000-001048FD0200","ProcessId":2632,"Product":"Microsoft® Windows® Operating System","RuleName":"","TerminalSessionId":0,"User":"NT AUTHORITY\\SYSTEM","UtcTime":"2019-09-10 09:37:04.735"},"System":{"Channel":"Microsoft-Windows-Sysmon/Operational","Computer":"DESKTOP-CF2FLGA","Correlation":null,"EventID":1,"EventRecordID":14160,"Execution":{"#attributes":{"ProcessID":1912,"ThreadID":2592}},"Keywords":"0x8000000000000000","Level":4,"Opcode":0,"Provider":{"#attributes":{"Guid":"5770385F-C22A-43E0-BF4C-06F5698FFBD9","Name":"Microsoft-Windows-Sysmon"}},"Security":{"#attributes":{"UserID":"S-1-5-18"}},"Task":1,"TimeCreated":{"#attributes":{"SystemTime":"2019-09-10T09:37:04.735707Z"}},"Version":5}}}
{"Event":{"#attributes":{"xmlns":"http://schemas.microsoft.com/win/2004/08/events/event"},"EventData":{"Hashes":"SHA1=D61E17DC6A4D6162166307B611D72D3E5FEC87FD,MD5=5CAFDDCFFC69258B208061DA9EF3CEA5,SHA256=765CA5E5FAA299F0FAEF59A93D0AA80CFB9B64281867A6BBD47CA841B261997A,IMPHASH=F34DFA5053A1E642329749F29E2A3B88","ImageLoaded":"C:\\Windows\\System32\\drivers\\bthenum.sys","RuleName":"","Signature":"Microsoft Windows","SignatureStatus":"Valid","Signed":"true","UtcTime":"2019-09-10 09:36:57.407"},"System":{"Channel":"Microsoft-Windows-Sysmon/Operational","Computer":"DESKTOP-CF2FLGA","Correlation":null,"EventID":6,"EventRecordID":14161,"Execution":{"#attributes":{"ProcessID":1912,"ThreadID":2596}},"Keywords":"0x8000000000000000","Level":4,"Opcode":0,"Provider":{"#attributes":{"Guid":"5770385F-C22A-43E0-BF4C-06F5698FFBD9","Name":"Microsoft-Windows-Sysmon"}},"Security":{"#attributes":{"UserID":"S-1-5-18"}},"Task":6,"TimeCreated":{"#attributes":{"SystemTime":"2019-09-10T09:37:04.761289Z"}},"Version":3}}}
{"Event":{"#attributes":{"xmlns":"http://schemas.microsoft.com/win/2004/08/events/event"},"EventData":{"Hashes":"SHA1=AA4923FAE91E70CC1825AE7FD3D3C4AB4B8806DC,MD5=B22D830BB547F09BD1028A189A602F74,SHA256=B059A7104B56F00572D9CFE6D137E006010FBE312D5FED239BCDBF7E9823F6B7,IMPHASH=05B91942EF91668083AC5B7896C09EA2","ImageLoaded":"C:\\Windows\\System32\\drivers\\bthpan.sys","RuleName":"","Signature":"Microsoft Windows","SignatureStatus":"Valid","Signed":"true","UtcTime":"2019-09-10 09:36:57.407"},"System":{"Channel":"Microsoft-Windows-Sysmon/Operational","Computer":"DESKTOP-CF2FLGA","Correlation":null,"EventID":6,"EventRecordID":14162,"Execution":{"#attributes":{"ProcessID":1912,"ThreadID":2596}},"Keywords":"0x8000000000000000","Level":4,"Opcode":0,"Provider":{"#attributes":{"Guid":"5770385F-C22A-43E0-BF4C-06F5698FFBD9","Name":"Microsoft-Windows-Sysmon"}},"Security":{"#attributes":{"UserID":"S-1-5-18"}},"Task":6,"TimeCreated":{"#attributes":{"SystemTime":"2019-09-10T09:37:04.770652Z"}},"Version":3}}}
{"Event":{"#attributes":{"xmlns":"http://schemas.microsoft.com/win/2004/08/events/event"},"EventData":{"Hashes":"SHA1=A6DB682794E4A058F5A9FD3C93B63B766703868B,MD5=19A18FAA24959FF81EF7D71B0B6F150C,SHA256=9A0ECAC6ADE8D5D4407C5103B3270EF430EB01B3269BB3DAA765EF86A835906D,IMPHASH=CC41646B9420FE3B05BDA954719DE2E9","ImageLoaded":"C:\\Windows\\System32\\win32kbase.sys","RuleName":"","Signature":"Microsoft Windows","SignatureStatus":"Valid","Signed":"true","UtcTime":"2019-09-10 09:36:58.048"},"System":{"Channel":"Microsoft-Windows-Sysmon/Operational","Computer":"DESKTOP-CF2FLGA","Correlation":null,"EventID":6,"EventRecordID":14163,"Execution":{"#attributes":{"ProcessID":1912,"ThreadID":2596}},"Keywords":"0x8000000000000000","Level":4,"Opcode":0,"Provider":{"#attributes":{"Guid":"5770385F-C22A-43E0-BF4C-06F5698FFBD9","Name":"Microsoft-Windows-Sysmon"}},"Security":{"#attributes":{"UserID":"S-1-5-18"}},"Task":6,"TimeCreated":{"#attributes":{"SystemTime":"2019-09-10T09:37:04.787666Z"}},"Version":3}}}
{"Event":{"#attributes":{"xmlns":"http://schemas.microsoft.com/win/2004/08/events/event"},"EventData":{"CommandLine":"\"C:\\Program Files\\Windows Defender\\MpCmdRun.exe\" SignatureUpdate -ScheduleJob -RestrictPrivileges -Reinvoke","Company":"Microsoft Corporation","CurrentDirectory":"C:\\Windows\\system32\\","Description":"Microsoft Malware Protection Command Line Utility","FileVersion":"4.8.10240.16384 (th1.150709-1700)","Hashes":"SHA1=32F82F6961A8F56A7DB9D553F36312D86030BAA4,MD5=B34408F254195B40BD207843C784A5B1,SHA256=CA5F91A0D4DDB6D4A0F2DA328F10DB693C8A31719FA763FF065ED82769E875EF,IMPHASH=C3DE81DF75C0892C1B40C8742D63AF1E","Image":"C:\\Program Files\\Windows Defender\\MpCmdRun.exe","IntegrityLevel":"System","LogonGuid":"21207A7E-6EBA-5D77-0000-0020E4030000","LogonId":"0x3e4","OriginalFileName":"MpCmdRun.exe","ParentCommandLine":"\"C:\\Program Files\\Windows Defender\\MpCmdRun.exe\" SignatureUpdate -ScheduleJob -RestrictPrivileges","ParentImage":"C:\\Program Files\\Windows Defender\\MpCmdRun.exe","ParentProcessGuid":"21207A7E-6EC0-5D77-0000-0010D7F70200","ParentProcessId":2616,"ProcessGuid":"21207A7E-6EC0-5D77-0000-0010AF010300","ProcessId":2664,"Product":"Microsoft® Windows® Operating System","RuleName":"","TerminalSessionId":0,"User":"NT AUTHORITY\\NETWORK SERVICE","UtcTime":"2019-09-10 09:37:04.810"},"System":{"Channel":"Microsoft-Windows-Sysmon/Operational","Computer":"DESKTOP-CF2FLGA","Correlation":null,"EventID":1,"EventRecordID":14164,"Execution":{"#attributes":{"ProcessID":1912,"ThreadID":2592}},"Keywords":"0x8000000000000000","Level":4,"Opcode":0,"Provider":{"#attributes":{"Guid":"5770385F-C22A-43E0-BF4C-06F5698FFBD9","Name":"Microsoft-Windows-Sysmon"}},"Security":{"#attributes":{"UserID":"S-1-5-18"}},"Task":1,"TimeCreated":{"#attributes":{"SystemTime":"2019-09-10T09:37:04.811926Z"}},"Version":5}}}
{"Event":{"#attributes":{"xmlns":"http://schemas.microsoft.com/win/2004/08/events/event"},"EventData":{"Hashes":"SHA1=B94D154511E1414A0044A746D704033A99F44D5C,MD5=3826FA773D8AC2CCC0D14D45419AEE72,SHA256=5206D5CA5433A9C5AFBD9A964758317D3BF835A85D31A99C83C9FFB951CCFB14,IMPHASH=92E629D4AEA2CAA154A08184FC8ADA3A","ImageLoaded":"C:\\Windows\\System32\\win32kfull.sys","RuleName":"","Signature":"Microsoft Windows","SignatureStatus":"Valid","Signed":"true","UtcTime":"2019-09-10 09:36:58.079"},"System":{"Channel":"Microsoft-Windows-Sysmon/Operational","Computer":"DESKTOP-CF2FLGA","Correlation":null,"EventID":6,"EventRecordID":14165,"Execution":{"#attributes":{"ProcessID":1912,"ThreadID":2596}},"Keywords":"0x8000000000000000","Level":4,"Opcode":0,"Provider":{"#attributes":{"Guid":"5770385F-C22A-43E0-BF4C-06F5698FFBD9","Name":"Microsoft-Windows-Sysmon"}},"Security":{"#attributes":{"UserID":"S-1-5-18"}},"Task":6,"TimeCreated":{"#attributes":{"SystemTime":"2019-09-10T09:37:04.832618Z"}},"Version":3}}}
{"Event":{"#attributes":{"xmlns":"http://schemas.microsoft.com/win/2004/08/events/event"},"EventData":{"Image":"C:\\Program Files\\Windows Defender\\MpCmdRun.exe","ProcessGuid":"21207A7E-6EC0-5D77-0000-0010D7F70200","ProcessId":2616,"RuleName":"","UtcTime":"2019-09-10 09:37:04.834"},"System":{"Channel":"Microsoft-Windows-Sysmon/Operational","Computer":"DESKTOP-CF2FLGA","Correlation":null,"EventID":5,"EventRecordID":14166,"Execution":{"#attributes":{"ProcessID":1912,"ThreadID":2592}},"Keywords":"0x8000000000000000","Level":4,"Opcode":0,"Provider":{"#attributes":{"Guid":"5770385F-C22A-43E0-BF4C-06F5698FFBD9","Name":"Microsoft-Windows-Sysmon"}},"Security":{"#attributes":{"UserID":"S-1-5-18"}},"Task":5,"TimeCreated":{"#attributes":{"SystemTime":"2019-09-10T09:37:04.835509Z"}},"Version":3}}}
{"Event":{"#attributes":{"xmlns":"http://schemas.microsoft.com/win/2004/08/events/event"},"EventData":{"Hashes":"SHA1=C91F2E75DED73F291643023BA582297ED02CA80C,MD5=59A1BA3738EF688A346DF9C6D2CA433D,SHA256=0CA7FE99D204FA4BB25E665E0C53C2ADB04F565F8B3364AA7FC538794FDBF534,IMPHASH=2779FE4017D1E856029B190D17F6974C","ImageLoaded":"C:\\Windows\\System32\\win32k.sys","RuleName":"","Signature":"Microsoft Windows","SignatureStatus":"Valid","Signed":"true","UtcTime":"2019-09-10 09:36:58.079"},"System":{"Channel":"Microsoft-Windows-Sysmon/Operational","Computer":"DESKTOP-CF2FLGA","Correlation":null,"EventID":6,"EventRecordID":14167,"Execution":{"#attributes":{"ProcessID":1912,"ThreadID":2596}},"Keywords":"0x8000000000000000","Level":4,"Opcode":0,"Provider":{"#attributes":{"Guid":"5770385F-C22A-43E0-BF4C-06F5698FFBD9","Name":"Microsoft-Windows-Sysmon"}},"Security":{"#attributes":{"UserID":"S-1-5-18"}},"Task":6,"TimeCreated":{"#attributes":{"SystemTime":"2019-09-10T09:37:04.850326Z"}},"Version":3}}}
{"Event":{"#attributes":{"xmlns":"http://schemas.microsoft.com/win/2004/08/events/event"},"EventData":{"Hashes":"SHA1=30AF53F54C43AB50ED67CEEA94F54F8B5A90C87B,MD5=A812535D482611603F677494118F45FE,SHA256=0F3AF63FBECB91AACEC7A927D46C258EA5BF30AFB0E96A584567BFE244D39878,IMPHASH=ECC6886103E1A1715D5682229CB58362","ImageLoaded":"C:\\Windows\\System32\\drivers\\dxgmms1.sys","RuleName":"","Signature":"Microsoft Windows","SignatureStatus":"Valid","Signed":"true","UtcTime":"2019-09-10 09:36:58.344"},"System":{"Channel":"Microsoft-Windows-Sysmon/Operational","Computer":"DESKTOP-CF2FLGA","Correlation":null,"EventID":6,"EventRecordID":14168,"Execution":{"#attributes":{"ProcessID":1912,"ThreadID":2596}},"Keywords":"0x8000000000000000","Level":4,"Opcode":0,"Provider":{"#attributes":{"Guid":"5770385F-C22A-43E0-BF4C-06F5698FFBD9","Name":"Microsoft-Windows-Sysmon"}},"Security":{"#attributes":{"UserID":"S-1-5-18"}},"Task":6,"TimeCreated":{"#attributes":{"SystemTime":"2019-09-10T09:37:04.856425Z"}},"Version":3}}}
{"Event":{"#attributes":{"xmlns":"http://schemas.microsoft.com/win/2004/08/events/event"},"EventData":{"Hashes":"SHA1=AA21EB2A547610779AAFB4FD78624BEF05EE3525,MD5=E6AD58FFB2091E5EE58A6DBE3D66B11A,SHA256=C6E38FECDFE77142A858D1D03323968940AB4473E6E7346E7856FBAF585B8794,IMPHASH=6E85CB2BB55B462FE1016F8F51BD4FF1","ImageLoaded":"C:\\Windows\\System32\\drivers\\dxgmms2.sys","RuleName":"","Signature":"Microsoft Windows","SignatureStatus":"Valid","Signed":"true","UtcTime":"2019-09-10 09:36:58.360"},"System":{"Channel":"Microsoft-Windows-Sysmon/Operational","Computer":"DESKTOP-CF2FLGA","Correlation":null,"EventID":6,"EventRecordID":14169,"Execution":{"#attributes":{"ProcessID":1912,"ThreadID":2596}},"Keywords":"0x8000000000000000","Level":4,"Opcode":0,"Provider":{"#attributes":{"Guid":"5770385F-C22A-43E0-BF4C-06F5698FFBD9","Name":"Microsoft-Windows-Sysmon"}},"Security":{"#attributes":{"UserID":"S-1-5-18"}},"Task":6,"TimeCreated":{"#attributes":{"SystemTime":"2019-09-10T09:37:04.863351Z"}},"Version":3}}}
{"Event":{"#attributes":{"xmlns":"http://schemas.microsoft.com/win/2004/08/events/event"},"EventData":{"Image":"C:\\Windows\\System32\\conhost.exe","ProcessGuid":"21207A7E-6EC0-5D77-0000-001048FD0200","ProcessId":2632,"RuleName":"","UtcTime":"2019-09-10 09:37:04.850"},"System":{"Channel":"Microsoft-Windows-Sysmon/Operational","Computer":"DESKTOP-CF2FLGA","Correlation":null,"EventID":5,"EventRecordID":14170,"Execution":{"#attributes":{"ProcessID":1912,"ThreadID":2592}},"Keywords":"0x8000000000000000","Level":4,"Opcode":0,"Provider":{"#attributes":{"Guid":"5770385F-C22A-43E0-BF4C-06F5698FFBD9","Name":"Microsoft-Windows-Sysmon"}},"Security":{"#attributes":{"UserID":"S-1-5-18"}},"Task":5,"TimeCreated":{"#attributes":{"SystemTime":"2019-09-10T09:37:04.864682Z"}},"Version":3}}}
{"Event":{"#attributes":{"xmlns":"http://schemas.microsoft.com/win/2004/08/events/event"},"EventData":{"Hashes":"SHA1=9FC3976747B826783E6DC84352A0E3EE7B1E7904,MD5=8F8E9A76D13B01B6170EF5DB084356A2,SHA256=B6E98D5A996040BF4EFB77691C3B102C11EB4DDE0DA6EFEA4F7D72DEE64ED221,IMPHASH=961210B654A00631D6E6692C31EB326C","ImageLoaded":"C:\\Windows\\System32\\drivers\\monitor.sys","RuleName":"","Signature":"Microsoft Windows","SignatureStatus":"Valid","Signed":"true","UtcTime":"2019-09-10 09:36:58.360"},"System":{"Channel":"Microsoft-Windows-Sysmon/Operational","Computer":"DESKTOP-CF2FLGA","Correlation":null,"EventID":6,"EventRecordID":14171,"Execution":{"#attributes":{"ProcessID":1912,"ThreadID":2596}},"Keywords":"0x8000000000000000","Level":4,"Opcode":0,"Provider":{"#attributes":{"Guid":"5770385F-C22A-43E0-BF4C-06F5698FFBD9","Name":"Microsoft-Windows-Sysmon"}},"Security":{"#attributes":{"UserID":"S-1-5-18"}},"Task":6,"TimeCreated":{"#attributes":{"SystemTime":"2019-09-10T09:37:04.872600Z"}},"Version":3}}}
{"Event":{"#attributes":{"xmlns":"http://schemas.microsoft.com/win/2004/08/events/event"},"EventData":{"Hashes":"SHA1=69B8C82DE5BE7E73A2E1368ABD262A7122C62F39,MD5=756F86E6EA3B153B1D0976433497C956,SHA256=452A4CA0F3FB1EBE804209750617BC94E6214ECC6366E10DA016C151652A76B5,IMPHASH=0BFCBF136E39F5BCDCA5B812FEB9FA47","ImageLoaded":"C:\\Windows\\System32\\tsddd.dll","RuleName":"","Signature":"Microsoft Windows","SignatureStatus":"Valid","Signed":"true","UtcTime":"2019-09-10 09:36:58.375"},"System":{"Channel":"Microsoft-Windows-Sysmon/Operational","Computer":"DESKTOP-CF2FLGA","Correlation":null,"EventID":6,"EventRecordID":14172,"Execution":{"#attributes":{"ProcessID":1912,"ThreadID":2596}},"Keywords":"0x8000000000000000","Level":4,"Opcode":0,"Provider":{"#attributes":{"Guid":"5770385F-C22A-43E0-BF4C-06F5698FFBD9","Name":"Microsoft-Windows-Sysmon"}},"Security":{"#attributes":{"UserID":"S-1-5-18"}},"Task":6,"TimeCreated":{"#attributes":{"SystemTime":"2019-09-10T09:37:04.930667Z"}},"Version":3}}}
{"Event":{"#attributes":{"xmlns":"http://schemas.microsoft.com/win/2004/08/events/event"},"EventData":{"Hashes":"SHA1=69B8C82DE5BE7E73A2E1368ABD262A7122C62F39,MD5=756F86E6EA3B153B1D0976433497C956,SHA256=452A4CA0F3FB1EBE804209750617BC94E6214ECC6366E10DA016C151652A76B5,IMPHASH=0BFCBF136E39F5BCDCA5B812FEB9FA47","ImageLoaded":"C:\\Windows\\System32\\tsddd.dll","RuleName":"","Signature":"Microsoft Windows","SignatureStatus":"Valid","Signed":"true","UtcTime":"2019-09-10 09:36:58.375"},"System":{"Channel":"Microsoft-Windows-Sysmon/Operational","Computer":"DESKTOP-CF2FLGA","Correlation":null,"EventID":6,"EventRecordID":14173,"Execution":{"#attributes":{"ProcessID":1912,"ThreadID":2596}},"Keywords":"0x8000000000000000","Level":4,"Opcode":0,"Provider":{"#attributes":{"Guid":"5770385F-C22A-43E0-BF4C-06F5698FFBD9","Name":"Microsoft-Windows-Sysmon"}},"Security":{"#attributes":{"UserID":"S-1-5-18"}},"Task":6,"TimeCreated":{"#attributes":{"SystemTime":"2019-09-10T09:37:04.930859Z"}},"Version":3}}}
