{"Event":{"#attributes":{"xmlns":"http://schemas.microsoft.com/win/2004/08/events/event"},"EventData":{"CommandLine":"\"C:\\Windows\\system32\\backgroundTaskHost.exe\" -ServerName:App.AppXmtcan0h2tfbfy7k9kn8hbxb6dmzz1zh0.mca","Company":"Microsoft Corporation","CurrentDirectory":"C:\\Windows\\SystemApps\\Microsoft.Windows.ContentDeliveryManager_cw5n1h2txyewy\\","Description":"Background Task Host","FileVersion":"10.0.10240.16384 (th1.150709-1700)","Hashes":"SHA1=0AED09163CC857C7BACAC953461225713DCA09F1,MD5=B7C738367CEA003DC7609993DBE4EFA5,SHA256=4D143A0B6F1FA8AA8235CDD5EE25CCE108E4E5C65B561CF3FC8FE769B9FC6959,IMPHASH=44F48CF86DC5D98588235CD0E909B6C3","Image":"C:\\Windows\\System32\\backgroundTaskHost.exe","IntegrityLevel":"AppContainer","LogonGuid":"21207A7E-6B52-5D77-0000-0020F8D60700","LogonId":"0x7d6f8","OriginalFileName":"backgroundTaskHost.exe","ParentCommandLine":"C:\\Windows\\system32\\svchost.exe -k DcomLaunch","ParentImage":"C:\\Windows\\System32\\svchost.exe","ParentProcessGuid":"21207A7E-6B34-5D77-0000-001008AE0000","ParentProcessId":820,"ProcessGuid":"21207A7E-6E94-5D77-0000-001075721B00","ProcessId":5704,"Product":"Microsoft® Windows® Operating System","RuleName":"","TerminalSessionId":1,"User":"DESKTOP-CF2FLGA\\pula","UtcTime":"2019-09-10 09:36:20.077"},"System":{"Channel":"Microsoft-Windows-Sysmon/Operational","Computer":"DESKTOP-CF2FLGA","Correlation":null,"EventID":1,"EventRecordID":13961,"Execution":{"#attributes":{"ProcessID":1912,"ThreadID":2356}},"Keywords":"0x8000000000000000","Level":4,"Opcode":0,"Provider":{"#attributes":{"Guid":"5770385F-C22A-43E0-BF4C-06F5698FFBD9","Name":"Microsoft-Windows-Sysmon"}},"Security":{"#attributes":{"UserID":"S-1-5-18"}},"Task":1,"TimeCreated":{"#attributes":{"SystemTime":"2019-09-10T09:36:20.082409Z"}},"Version":5}}}
{"Event":{"#attributes":{"xmlns":"http://schemas.microsoft.com/win/2004/08/events/event"},"EventData":{"Image":"C:\\Windows\\System32\\backgroundTaskHost.exe","ProcessGuid":"21207A7E-6E94-5D77-0000-001075721B00","ProcessId":5704,"RuleName":"","UtcTime":"2019-09-10 09:36:20.366"},"System":{"Channel":"Microsoft-Windows-Sysmon/Operational","Computer":"DESKTOP-CF2FLGA","Correlation":null,"EventID":5,"EventRecordID":13962,"Execution":{"#attributes":{"ProcessID":1912,"ThreadID":2356}},"Keywords":"0x8000000000000000","Level":4,"Opcode":0,"Provider":{"#attributes":{"Guid":"5770385F-C22A-43E0-BF4C-06F5698FFBD9","Name":"Microsoft-Windows-Sysmon"}},"Security":{"#attributes":{"UserID":"S-1-5-18"}},"Task":5,"TimeCreated":{"#attributes":{"SystemTime":"2019-09-10T09:36:20.380135Z"}},"Version":3}}}
{"Event":{"#attributes":{"xmlns":"http://schemas.microsoft.com/win/2004/08/events/event"},"EventData":{"CommandLine":"\"LogonUI.exe\" /flags:0x0 /state0:0xa3a3f855 /state1:0x41c64e6d","Company":"Microsoft Corporation","CurrentDirectory":"C:\\Windows\\system32\\","Description":"Windows Logon User Interface Host","FileVersion":"10.0.10240.16384 (th1.150709-1700)","Hashes":"SHA1=C52F8F22FD9A7628EA67F3009D2B2D073CED52CC,MD5=49C7551E48E142D2612ACFBF1FAF2B17,SHA256=B331A73DC5C24CD20D5F147CE5EF0499D43BF68707133EFC5E6A7D2D62B14B72,IMPHASH=A291F38DBDE84233376DBA1706BAF71B","Image":"C:\\Windows\\System32\\LogonUI.exe","IntegrityLevel":"System","LogonGuid":"21207A7E-6B33-5D77-0000-0020E7030000","LogonId":"0x3e7","OriginalFileName":"logonui.exe","ParentCommandLine":"winlogon.exe","ParentImage":"C:\\Windows\\System32\\winlogon.exe","ParentProcessGuid":"21207A7E-6B32-5D77-0000-00100B8D0000","ParentProcessId":684,"ProcessGuid":"21207A7E-6E96-5D77-0000-001070841B00","ProcessId":4560,"Product":"Microsoft® Windows® Operating System","RuleName":"","TerminalSessionId":1,"User":"NT AUTHORITY\\SYSTEM","UtcTime":"2019-09-10 09:36:22.690"},"System":{"Channel":"Microsoft-Windows-Sysmon/Operational","Computer":"DESKTOP-CF2FLGA","Correlation":null,"EventID":1,"EventRecordID":13963,"Execution":{"#attributes":{"ProcessID":1912,"ThreadID":2356}},"Keywords":"0x8000000000000000","Level":4,"Opcode":0,"Provider":{"#attributes":{"Guid":"5770385F-C22A-43E0-BF4C-06F5698FFBD9","Name":"Microsoft-Windows-Sysmon"}},"Security":{"#attributes":{"UserID":"S-1-5-18"}},"Task":1,"TimeCreated":{"#attributes":{"SystemTime":"2019-09-10T09:36:22.692989Z"}},"Version":5}}}
{"Event":{"#attributes":{"xmlns":"http://schemas.microsoft.com/win/2004/08/events/event"},"EventData":{"Image":"C:\\Windows\\System32\\notepad.exe","ProcessGuid":"21207A7E-6CAF-5D77-0000-00101A581600","ProcessId":2404,"RuleName":"","UtcTime":"2019-09-10 09:36:22.819"},"System":{"Channel":"Microsoft-Windows-Sysmon/Operational","Computer":"DESKTOP-CF2FLGA","Correlation":null,"EventID":5,"EventRecordID":13964,"Execution":{"#attributes":{"ProcessID":1912,"ThreadID":2356}},"Keywords":"0x8000000000000000","Level":4,"Opcode":0,"Provider":{"#attributes":{"Guid":"5770385F-C22A-43E0-BF4C-06F5698FFBD9","Name":"Microsoft-Windows-Sysmon"}},"Security":{"#attributes":{"UserID":"S-1-5-18"}},"Task":5,"TimeCreated":{"#attributes":{"SystemTime":"2019-09-10T09:36:22.889137Z"}},"Version":3}}}
{"Event":{"#attributes":{"xmlns":"http://schemas.microsoft.com/win/2004/08/events/event"},"EventData":{"Image":"C:\\Windows\\System32\\mmc.exe","ProcessGuid":"21207A7E-6D82-5D77-0000-001007731800","ProcessId":2020,"RuleName":"","UtcTime":"2019-09-10 09:36:23.116"},"System":{"Channel":"Microsoft-Windows-Sysmon/Operational","Computer":"DESKTOP-CF2FLGA","Correlation":null,"EventID":5,"EventRecordID":13965,"Execution":{"#attributes":{"ProcessID":1912,"ThreadID":2356}},"Keywords":"0x8000000000000000","Level":4,"Opcode":0,"Provider":{"#attributes":{"Guid":"5770385F-C22A-43E0-BF4C-06F5698FFBD9","Name":"Microsoft-Windows-Sysmon"}},"Security":{"#attributes":{"UserID":"S-1-5-18"}},"Task":5,"TimeCreated":{"#attributes":{"SystemTime":"2019-09-10T09:36:23.120792Z"}},"Version":3}}}
{"Event":{"#attributes":{"xmlns":"http://schemas.microsoft.com/win/2004/08/events/event"},"EventData":{"Image":"C:\\Windows\\System32\\svchost.exe","ProcessGuid":"21207A7E-6BB0-5D77-0000-00109A880F00","ProcessId":5728,"RuleName":"","UtcTime":"2019-09-10 09:36:23.163"},"System":{"Channel":"Microsoft-Windows-Sysmon/Operational","Computer":"DESKTOP-CF2FLGA","Correlation":null,"EventID":5,"EventRecordID":13966,"Execution":{"#attributes":{"ProcessID":1912,"ThreadID":2356}},"Keywords":"0x8000000000000000","Level":4,"Opcode":0,"Provider":{"#attributes":{"Guid":"5770385F-C22A-43E0-BF4C-06F5698FFBD9","Name":"Microsoft-Windows-Sysmon"}},"Security":{"#attributes":{"UserID":"S-1-5-18"}},"Task":5,"TimeCreated":{"#attributes":{"SystemTime":"2019-09-10T09:36:23.176783Z"}},"Version":3}}}
{"Event":{"#attributes":{"xmlns":"http://schemas.microsoft.com/win/2004/08/events/event"},"EventData":{"CreationUtcTime":"2019-09-10 09:21:19.334","Image":"C:\\Users\\pula\\AppData\\Local\\Microsoft\\OneDrive\\OneDrive.exe","PreviousCreationUtcTime":"2019-09-10 09:36:23.197","ProcessGuid":"21207A7E-6B60-5D77-0000-0010219B0B00","ProcessId":4888,"RuleName":"","TargetFilename":"C:\\Users\\pula\\AppData\\Local\\Microsoft\\OneDrive\\settings\\Personal\\global.temp.ini","UtcTime":"2019-09-10 09:36:23.209"},"System":{"Channel":"Microsoft-Windows-Sysmon/Operational","Computer":"DESKTOP-CF2FLGA","Correlation":null,"EventID":2,"EventRecordID":13967,"Execution":{"#attributes":{"ProcessID":1912,"ThreadID":2356}},"Keywords":"0x8000000000000000","Level":4,"Opcode":0,"Provider":{"#attributes":{"Guid":"5770385F-C22A-43E0-BF4C-06F5698FFBD9","Name":"Microsoft-Windows-Sysmon"}},"Security":{"#attributes":{"UserID":"S-1-5-18"}},"Task":2,"TimeCreated":{"#attributes":{"SystemTime":"2019-09-10T09:36:23.217517Z"}},"Version":4}}}
{"Event":{"#attributes":{"xmlns":"http://schemas.microsoft.com/win/2004/08/events/event"},"EventData":{"Image":"C:\\Program Files\\VMware\\VMware Tools\\vmtoolsd.exe","ProcessGuid":"21207A7E-6B60-5D77-0000-001024710B00","ProcessId":4820,"RuleName":"","UtcTime":"2019-09-10 09:36:23.256"},"System":{"Channel":"Microsoft-Windows-Sysmon/Operational","Computer":"DESKTOP-CF2FLGA","Correlation":null,"EventID":5,"EventRecordID":13968,"Execution":{"#attributes":{"ProcessID":1912,"ThreadID":2356}},"Keywords":"0x8000000000000000","Level":4,"Opcode":0,"Provider":{"#attributes":{"Guid":"5770385F-C22A-43E0-BF4C-06F5698FFBD9","Name":"Microsoft-Windows-Sysmon"}},"Security":{"#attributes":{"UserID":"S-1-5-18"}},"Task":5,"TimeCreated":{"#attributes":{"SystemTime":"2019-09-10T09:36:23.271913Z"}},"Version":3}}}
{"Event":{"#attributes":{"xmlns":"http://schemas.microsoft.com/win/2004/08/events/event"},"EventData":{"Image":"C:\\Windows\\System32\\mmc.exe","ProcessGuid":"21207A7E-6BB7-5D77-0000-001049E30F00","ProcessId":6060,"RuleName":"","UtcTime":"2019-09-10 09:36:23.350"},"System":{"Channel":"Microsoft-Windows-Sysmon/Operational","Computer":"DESKTOP-CF2FLGA","Correlation":null,"EventID":5,"EventRecordID":13969,"Execution":{"#attributes":{"ProcessID":1912,"ThreadID":2356}},"Keywords":"0x8000000000000000","Level":4,"Opcode":0,"Provider":{"#attributes":{"Guid":"5770385F-C22A-43E0-BF4C-06F5698FFBD9","Name":"Microsoft-Windows-Sysmon"}},"Security":{"#attributes":{"UserID":"S-1-5-18"}},"Task":5,"TimeCreated":{"#attributes":{"SystemTime":"2019-09-10T09:36:23.363989Z"}},"Version":3}}}
{"Event":{"#attributes":{"xmlns":"http://schemas.microsoft.com/win/2004/08/events/event"},"EventData":{"Image":"C:\\Users\\pula\\AppData\\Local\\Microsoft\\OneDrive\\OneDrive.exe","ProcessGuid":"21207A7E-6B60-5D77-0000-0010219B0B00","ProcessId":4888,"RuleName":"","UtcTime":"2019-09-10 09:36:23.350"},"System":{"Channel":"Microsoft-Windows-Sysmon/Operational","Computer":"DESKTOP-CF2FLGA","Correlation":null,"EventID":5,"EventRecordID":13970,"Execution":{"#attributes":{"ProcessID":1912,"ThreadID":2356}},"Keywords":"0x8000000000000000","Level":4,"Opcode":0,"Provider":{"#attributes":{"Guid":"5770385F-C22A-43E0-BF4C-06F5698FFBD9","Name":"Microsoft-Windows-Sysmon"}},"Security":{"#attributes":{"UserID":"S-1-5-18"}},"Task":5,"TimeCreated":{"#attributes":{"SystemTime":"2019-09-10T09:36:23.365036Z"}},"Version":3}}}
{"Event":{"#attributes":{"xmlns":"http://schemas.microsoft.com/win/2004/08/events/event"},"EventData":{"NewThreadId":3088,"RuleName":"","SourceImage":"C:\\Windows\\System32\\csrss.exe","SourceProcessGuid":"21207A7E-6B32-5D77-0000-0010948A0000","SourceProcessId":636,"StartAddress":"0x753B36C0","StartFunction":"CtrlRoutine","StartModule":"C:\\Windows\\system32\\KERNELBASE.dll","TargetImage":"C:\\Windows\\System32\\cmd.exe","TargetProcessGuid":"21207A7E-6D89-5D77-0000-0010772D1A00","TargetProcessId":5476,"UtcTime":"2019-09-10 09:36:23.382"},"System":{"Channel":"Microsoft-Windows-Sysmon/Operational","Computer":"DESKTOP-CF2FLGA","Correlation":null,"EventID":8,"EventRecordID":13971,"Execution":{"#attributes":{"ProcessID":1912,"ThreadID":2356}},"Keywords":"0x8000000000000000","Level":4,"Opcode":0,"Provider":{"#attributes":{"Guid":"5770385F-C22A-43E0-BF4C-06F5698FFBD9","Name":"Microsoft-Windows-Sysmon"}},"Security":{"#attributes":{"UserID":"S-1-5-18"}},"Task":8,"TimeCreated":{"#attributes":{"SystemTime":"2019-09-10T09:36:23.390242Z"}},"Version":2}}}
{"Event":{"#attributes":{"xmlns":"http://schemas.microsoft.com/win/2004/08/events/event"},"EventData":{"Image":"C:\\Windows\\System32\\cmd.exe","ProcessGuid":"21207A7E-6D89-5D77-0000-0010772D1A00","ProcessId":5476,"RuleName":"","UtcTime":"2019-09-10 09:36:23.382"},"System":{"Channel":"Microsoft-Windows-Sysmon/Operational","Computer":"DESKTOP-CF2FLGA","Correlation":null,"EventID":5,"EventRecordID":13972,"Execution":{"#attributes":{"ProcessID":1912,"ThreadID":2356}},"Keywords":"0x8000000000000000","Level":4,"Opcode":0,"Provider":{"#attributes":{"Guid":"5770385F-C22A-43E0-BF4C-06F5698FFBD9","Name":"Microsoft-Windows-Sysmon"}},"Security":{"#attributes":{"UserID":"S-1-5-18"}},"Task":5,"TimeCreated":{"#attributes":{"SystemTime":"2019-09-10T09:36:23.405760Z"}},"Version":3}}}
{"Event":{"#attributes":{"xmlns":"http://schemas.microsoft.com/win/2004/08/events/event"},"EventData":{"Image":"C:\\Windows\\System32\\conhost.exe","ProcessGuid":"21207A7E-6D89-5D77-0000-0010DB2E1A00","ProcessId":5716,"RuleName":"","UtcTime":"2019-09-10 09:36:23.397"},"System":{"Channel":"Microsoft-Windows-Sysmon/Operational","Computer":"DESKTOP-CF2FLGA","Correlation":null,"EventID":5,"EventRecordID":13973,"Execution":{"#attributes":{"ProcessID":1912,"ThreadID":2356}},"Keywords":"0x8000000000000000","Level":4,"Opcode":0,"Provider":{"#attributes":{"Guid":"5770385F-C22A-43E0-BF4C-06F5698FFBD9","Name":"Microsoft-Windows-Sysmon"}},"Security":{"#attributes":{"UserID":"S-1-5-18"}},"Task":5,"TimeCreated":{"#attributes":{"SystemTime":"2019-09-10T09:36:23.405806Z"}},"Version":3}}}
{"Event":{"#attributes":{"xmlns":"http://schemas.microsoft.com/win/2004/08/events/event"},"EventData":{"CommandLine":"\"C:\\Windows\\system32\\backgroundTaskHost.exe\" -ServerName:CortanaUI.AppXy7vb4pc2dr3kc93kfc509b1d0arkfb2x.mca","Company":"Microsoft Corporation","CurrentDirectory":"C:\\Windows\\SystemApps\\Microsoft.Windows.Cortana_cw5n1h2txyewy\\","Description":"Background Task Host","FileVersion":"10.0.10240.16384 (th1.150709-1700)","Hashes":"SHA1=0AED09163CC857C7BACAC953461225713DCA09F1,MD5=B7C738367CEA003DC7609993DBE4EFA5,SHA256=4D143A0B6F1FA8AA8235CDD5EE25CCE108E4E5C65B561CF3FC8FE769B9FC6959,IMPHASH=44F48CF86DC5D98588235CD0E909B6C3","Image":"C:\\Windows\\System32\\backgroundTaskHost.exe","IntegrityLevel":"AppContainer","LogonGuid":"21207A7E-6B52-5D77-0000-0020F8D60700","LogonId":"0x7d6f8","OriginalFileName":"backgroundTaskHost.exe","ParentCommandLine":"C:\\Windows\\system32\\svchost.exe -k DcomLaunch","ParentImage":"C:\\Windows\\System32\\svchost.exe","ParentProcessGuid":"21207A7E-6B34-5D77-0000-001008AE0000","ParentProcessId":820,"ProcessGuid":"21207A7E-6E97-5D77-0000-00108F961B00","ProcessId":5192,"Product":"Microsoft® Windows® Operating System","RuleName":"","TerminalSessionId":1,"User":"DESKTOP-CF2FLGA\\pula","UtcTime":"2019-09-10 09:36:23.725"},"System":{"Channel":"Microsoft-Windows-Sysmon/Operational","Computer":"DESKTOP-CF2FLGA","Correlation":null,"EventID":1,"EventRecordID":13974,"Execution":{"#attributes":{"ProcessID":1912,"ThreadID":2356}},"Keywords":"0x8000000000000000","Level":4,"Opcode":0,"Provider":{"#attributes":{"Guid":"5770385F-C22A-43E0-BF4C-06F5698FFBD9","Name":"Microsoft-Windows-Sysmon"}},"Security":{"#attributes":{"UserID":"S-1-5-18"}},"Task":1,"TimeCreated":{"#attributes":{"SystemTime":"2019-09-10T09:36:23.727295Z"}},"Version":5}}}
{"Event":{"#attributes":{"xmlns":"http://schemas.microsoft.com/win/2004/08/events/event"},"EventData":{"Image":"C:\\Windows\\System32\\backgroundTaskHost.exe","ProcessGuid":"21207A7E-6E97-5D77-0000-00108F961B00","ProcessId":5192,"RuleName":"","UtcTime":"2019-09-10 09:36:23.725"},"System":{"Channel":"Microsoft-Windows-Sysmon/Operational","Computer":"DESKTOP-CF2FLGA","Correlation":null,"EventID":5,"EventRecordID":13975,"Execution":{"#attributes":{"ProcessID":1912,"ThreadID":2356}},"Keywords":"0x8000000000000000","Level":4,"Opcode":0,"Provider":{"#attributes":{"Guid":"5770385F-C22A-43E0-BF4C-06F5698FFBD9","Name":"Microsoft-Windows-Sysmon"}},"Security":{"#attributes":{"UserID":"S-1-5-18"}},"Task":5,"TimeCreated":{"#attributes":{"SystemTime":"2019-09-10T09:36:23.733283Z"}},"Version":3}}}
{"Event":{"#attributes":{"xmlns":"http://schemas.microsoft.com/win/2004/08/events/event"},"EventData":{"Image":"C:\\Windows\\SystemApps\\Microsoft.Windows.Cortana_cw5n1h2txyewy\\SearchUI.exe","ProcessGuid":"21207A7E-6B54-5D77-0000-00100A650800","ProcessId":2752,"RuleName":"","UtcTime":"2019-09-10 09:36:24.428"},"System":{"Channel":"Microsoft-Windows-Sysmon/Operational","Computer":"DESKTOP-CF2FLGA","Correlation":null,"EventID":5,"EventRecordID":13976,"Execution":{"#attributes":{"ProcessID":1912,"ThreadID":2356}},"Keywords":"0x8000000000000000","Level":4,"Opcode":0,"Provider":{"#attributes":{"Guid":"5770385F-C22A-43E0-BF4C-06F5698FFBD9","Name":"Microsoft-Windows-Sysmon"}},"Security":{"#attributes":{"UserID":"S-1-5-18"}},"Task":5,"TimeCreated":{"#attributes":{"SystemTime":"2019-09-10T09:36:24.442368Z"}},"Version":3}}}
{"Event":{"#attributes":{"xmlns":"http://schemas.microsoft.com/win/2004/08/events/event"},"EventData":{"CommandLine":"C:\\Windows\\System32\\rundll32.exe shell32.dll,SHCreateLocalServerRunDll {9BA05972-F6A8-11CF-A442-00A0C90A8F39} -Embedding","Company":"Microsoft Corporation","CurrentDirectory":"C:\\Windows\\system32\\","Description":"Windows host process (Rundll32)","FileVersion":"10.0.10240.16384 (th1.150709-1700)","Hashes":"SHA1=D07540F29C13983BC0EEE943F0D19968D9A0FA7A,MD5=543C8A2961F38C20438A61B9455E914C,SHA256=58B5E00312DEEE5474CF42F0C86664254AE7123055219C342A80AB5754E48BF6,IMPHASH=A2E75C292B8BFCA7B2A1A8467BEFEECF","Image":"C:\\Windows\\System32\\rundll32.exe","IntegrityLevel":"Medium","LogonGuid":"21207A7E-6B52-5D77-0000-0020F8D60700","LogonId":"0x7d6f8","OriginalFileName":"RUNDLL32.EXE","ParentCommandLine":"C:\\Windows\\system32\\svchost.exe -k DcomLaunch","ParentImage":"C:\\Windows\\System32\\svchost.exe","ParentProcessGuid":"21207A7E-6B34-5D77-0000-001008AE0000","ParentProcessId":820,"ProcessGuid":"21207A7E-6E9C-5D77-0000-0010A29E1B00","ProcessId":1344,"Product":"Microsoft® Windows® Operating System","RuleName":"","TerminalSessionId":1,"User":"DESKTOP-CF2FLGA\\pula","UtcTime":"2019-09-10 09:36:28.545"},"System":{"Channel":"Microsoft-Windows-Sysmon/Operational","Computer":"DESKTOP-CF2FLGA","Correlation":null,"EventID":1,"EventRecordID":13977,"Execution":{"#attributes":{"ProcessID":1912,"ThreadID":2356}},"Keywords":"0x8000000000000000","Level":4,"Opcode":0,"Provider":{"#attributes":{"Guid":"5770385F-C22A-43E0-BF4C-06F5698FFBD9","Name":"Microsoft-Windows-Sysmon"}},"Security":{"#attributes":{"UserID":"S-1-5-18"}},"Task":1,"TimeCreated":{"#attributes":{"SystemTime":"2019-09-10T09:36:28.551690Z"}},"Version":5}}}
{"Event":{"#attributes":{"xmlns":"http://schemas.microsoft.com/win/2004/08/events/event"},"EventData":{"Image":"C:\\Windows\\System32\\rundll32.exe","ProcessGuid":"21207A7E-6E9C-5D77-0000-0010A29E1B00","ProcessId":1344,"RuleName":"","UtcTime":"2019-09-10 09:36:28.553"},"System":{"Channel":"Microsoft-Windows-Sysmon/Operational","Computer":"DESKTOP-CF2FLGA","Correlation":null,"EventID":5,"EventRecordID":13978,"Execution":{"#attributes":{"ProcessID":1912,"ThreadID":2356}},"Keywords":"0x8000000000000000","Level":4,"Opcode":0,"Provider":{"#attributes":{"Guid":"5770385F-C22A-43E0-BF4C-06F5698FFBD9","Name":"Microsoft-Windows-Sysmon"}},"Security":{"#attributes":{"UserID":"S-1-5-18"}},"Task":5,"TimeCreated":{"#attributes":{"SystemTime":"2019-09-10T09:36:28.568820Z"}},"Version":3}}}
{"Event":{"#attributes":{"xmlns":"http://schemas.microsoft.com/win/2004/08/events/event"},"EventData":{"CommandLine":"C:\\Windows\\System32\\rundll32.exe shell32.dll,SHCreateLocalServerRunDll {9BA05972-F6A8-11CF-A442-00A0C90A8F39} -Embedding","Company":"Microsoft Corporation","CurrentDirectory":"C:\\Windows\\system32\\","Description":"Windows host process (Rundll32)","FileVersion":"10.0.10240.16384 (th1.150709-1700)","Hashes":"SHA1=D07540F29C13983BC0EEE943F0D19968D9A0FA7A,MD5=543C8A2961F38C20438A61B9455E914C,SHA256=58B5E00312DEEE5474CF42F0C86664254AE7123055219C342A80AB5754E48BF6,IMPHASH=A2E75C292B8BFCA7B2A1A8467BEFEECF","Image":"C:\\Windows\\System32\\rundll32.exe","IntegrityLevel":"Medium","LogonGuid":"21207A7E-6B52-5D77-0000-0020F8D60700","LogonId":"0x7d6f8","OriginalFileName":"RUNDLL32.EXE","ParentCommandLine":"C:\\Windows\\system32\\svchost.exe -k DcomLaunch","ParentImage":"C:\\Windows\\System32\\svchost.exe","ParentProcessGuid":"21207A7E-6B34-5D77-0000-001008AE0000","ParentProcessId":820,"ProcessGuid":"21207A7E-6E9C-5D77-0000-001050A01B00","ProcessId":1768,"Product":"Microsoft® Windows® Operating System","RuleName":"","TerminalSessionId":1,"User":"DESKTOP-CF2FLGA\\pula","UtcTime":"2019-09-10 09:36:28.573"},"System":{"Channel":"Microsoft-Windows-Sysmon/Operational","Computer":"DESKTOP-CF2FLGA","Correlation":null,"EventID":1,"EventRecordID":13979,"Execution":{"#attributes":{"ProcessID":1912,"ThreadID":2356}},"Keywords":"0x8000000000000000","Level":4,"Opcode":0,"Provider":{"#attributes":{"Guid":"5770385F-C22A-43E0-BF4C-06F5698FFBD9","Name":"Microsoft-Windows-Sysmon"}},"Security":{"#attributes":{"UserID":"S-1-5-18"}},"Task":1,"TimeCreated":{"#attributes":{"SystemTime":"2019-09-10T09:36:28.574867Z"}},"Version":5}}}
{"Event":{"#attributes":{"xmlns":"http://schemas.microsoft.com/win/2004/08/events/event"},"EventData":{"Image":"C:\\Windows\\System32\\rundll32.exe","ProcessGuid":"21207A7E-6E9C-5D77-0000-001050A01B00","ProcessId":1768,"RuleName":"","UtcTime":"2019-09-10 09:36:28.569"},"System":{"Channel":"Microsoft-Windows-Sysmon/Operational","Computer":"DESKTOP-CF2FLGA","Correlation":null,"EventID":5,"EventRecordID":13980,"Execution":{"#attributes":{"ProcessID":1912,"ThreadID":2356}},"Keywords":"0x8000000000000000","Level":4,"Opcode":0,"Provider":{"#attributes":{"Guid":"5770385F-C22A-43E0-BF4C-06F5698FFBD9","Name":"Microsoft-Windows-Sysmon"}},"Security":{"#attributes":{"UserID":"S-1-5-18"}},"Task":5,"TimeCreated":{"#attributes":{"SystemTime":"2019-09-10T09:36:28.582967Z"}},"Version":3}}}
{"Event":{"#attributes":{"xmlns":"http://schemas.microsoft.com/win/2004/08/events/event"},"EventData":{"Image":"C:\\Windows\\explorer.exe","ProcessGuid":"21207A7E-6B52-5D77-0000-00106EFF0700","ProcessId":3772,"RuleName":"","UtcTime":"2019-09-10 09:36:28.585"},"System":{"Channel":"Microsoft-Windows-Sysmon/Operational","Computer":"DESKTOP-CF2FLGA","Correlation":null,"EventID":5,"EventRecordID":13981,"Execution":{"#attributes":{"ProcessID":1912,"ThreadID":2356}},"Keywords":"0x8000000000000000","Level":4,"Opcode":0,"Provider":{"#attributes":{"Guid":"5770385F-C22A-43E0-BF4C-06F5698FFBD9","Name":"Microsoft-Windows-Sysmon"}},"Security":{"#attributes":{"UserID":"S-1-5-18"}},"Task":5,"TimeCreated":{"#attributes":{"SystemTime":"2019-09-10T09:36:28.595784Z"}},"Version":3}}}
{"Event":{"#attributes":{"xmlns":"http://schemas.microsoft.com/win/2004/08/events/event"},"EventData":{"Image":"C:\\Windows\\System32\\sihost.exe","ProcessGuid":"21207A7E-6B52-5D77-0000-00109DE80700","ProcessId":3592,"RuleName":"","UtcTime":"2019-09-10 09:36:28.616"},"System":{"Channel":"Microsoft-Windows-Sysmon/Operational","Computer":"DESKTOP-CF2FLGA","Correlation":null,"EventID":5,"EventRecordID":13982,"Execution":{"#attributes":{"ProcessID":1912,"ThreadID":2356}},"Keywords":"0x8000000000000000","Level":4,"Opcode":0,"Provider":{"#attributes":{"Guid":"5770385F-C22A-43E0-BF4C-06F5698FFBD9","Name":"Microsoft-Windows-Sysmon"}},"Security":{"#attributes":{"UserID":"S-1-5-18"}},"Task":5,"TimeCreated":{"#attributes":{"SystemTime":"2019-09-10T09:36:28.637960Z"}},"Version":3}}}
{"Event":{"#attributes":{"xmlns":"http://schemas.microsoft.com/win/2004/08/events/event"},"EventData":{"Image":"C:\\Windows\\System32\\RuntimeBroker.exe","ProcessGuid":"21207A7E-6B52-5D77-0000-0010500C0800","ProcessId":3840,"RuleName":"","UtcTime":"2019-09-10 09:36:28.632"},"System":{"Channel":"Microsoft-Windows-Sysmon/Operational","Computer":"DESKTOP-CF2FLGA","Correlation":null,"EventID":5,"EventRecordID":13983,"Execution":{"#attributes":{"ProcessID":1912,"ThreadID":2356}},"Keywords":"0x8000000000000000","Level":4,"Opcode":0,"Provider":{"#attributes":{"Guid":"5770385F-C22A-43E0-BF4C-06F5698FFBD9","Name":"Microsoft-Windows-Sysmon"}},"Security":{"#attributes":{"UserID":"S-1-5-18"}},"Task":5,"TimeCreated":{"#attributes":{"SystemTime":"2019-09-10T09:36:28.645974Z"}},"Version":3}}}
{"Event":{"#attributes":{"xmlns":"http://schemas.microsoft.com/win/2004/08/events/event"},"EventData":{"Image":"C:\\Windows\\System32\\taskhostw.exe","ProcessGuid":"21207A7E-6B52-5D77-0000-0010C3EB0700","ProcessId":3624,"RuleName":"","UtcTime":"2019-09-10 09:36:28.772"},"System":{"Channel":"Microsoft-Windows-Sysmon/Operational","Computer":"DESKTOP-CF2FLGA","Correlation":null,"EventID":5,"EventRecordID":13984,"Execution":{"#attributes":{"ProcessID":1912,"ThreadID":2356}},"Keywords":"0x8000000000000000","Level":4,"Opcode":0,"Provider":{"#attributes":{"Guid":"5770385F-C22A-43E0-BF4C-06F5698FFBD9","Name":"Microsoft-Windows-Sysmon"}},"Security":{"#attributes":{"UserID":"S-1-5-18"}},"Task":5,"TimeCreated":{"#attributes":{"SystemTime":"2019-09-10T09:36:28.777897Z"}},"Version":3}}}
{"Event":{"#attributes":{"xmlns":"http://schemas.microsoft.com/win/2004/08/events/event"},"EventData":{"Image":"C:\\Windows\\SystemApps\\ShellExperienceHost_cw5n1h2txyewy\\ShellExperienceHost.exe","ProcessGuid":"21207A7E-6B54-5D77-0000-0010D1590800","ProcessId":3016,"RuleName":"","UtcTime":"2019-09-10 09:36:28.803"},"System":{"Channel":"Microsoft-Windows-Sysmon/Operational","Computer":"DESKTOP-CF2FLGA","Correlation":null,"EventID":5,"EventRecordID":13985,"Execution":{"#attributes":{"ProcessID":1912,"ThreadID":2356}},"Keywords":"0x8000000000000000","Level":4,"Opcode":0,"Provider":{"#attributes":{"Guid":"5770385F-C22A-43E0-BF4C-06F5698FFBD9","Name":"Microsoft-Windows-Sysmon"}},"Security":{"#attributes":{"UserID":"S-1-5-18"}},"Task":5,"TimeCreated":{"#attributes":{"SystemTime":"2019-09-10T09:36:28.815371Z"}},"Version":3}}}
{"Event":{"#attributes":{"xmlns":"http://schemas.microsoft.com/win/2004/08/events/event"},"EventData":{"CommandLine":"\"C:\\Windows\\system32\\SearchProtocolHost.exe\" Global\\UsGthrFltPipeMssGthrPipe3_ Global\\UsGthrCtrlFltPipeMssGthrPipe3 1 -2147483646 \"Software\\Microsoft\\Windows Search\" \"Mozilla/4.0 (compatible; MSIE 6.0; Windows NT; MS Search 4.0 Robot)\" \"C:\\ProgramData\\Microsoft\\Search\\Data\\Temp\\usgthrsvc\" \"DownLevelDaemon\" ","Company":"Microsoft Corporation","CurrentDirectory":"C:\\Windows\\system32\\","Description":"Microsoft Windows Search Protocol Host","FileVersion":"7.00.10240.16384 (th1.150709-1700)","Hashes":"SHA1=A0E317A76134A49D1F10D82DD5E36BB510F058A6,MD5=84EB6D7AF73E10486135F1525168F9CF,SHA256=9EA9FF5EECACFD5E6E24E8EC67C4FACBE3BA87734D1A4D208D024449BC853E7F,IMPHASH=86120B538168BB8DDA7AA8AC9FDA326E","Image":"C:\\Windows\\System32\\SearchProtocolHost.exe","IntegrityLevel":"System","LogonGuid":"21207A7E-6B33-5D77-0000-0020E7030000","LogonId":"0x3e7","OriginalFileName":"SearchProtocolHost.exe","ParentCommandLine":"C:\\Windows\\system32\\SearchIndexer.exe /Embedding","ParentImage":"C:\\Windows\\System32\\SearchIndexer.exe","ParentProcessGuid":"21207A7E-6B53-5D77-0000-0010CA2E0800","ParentProcessId":3936,"ProcessGuid":"21207A7E-6E9C-5D77-0000-001010AE1B00","ProcessId":6012,"Product":"Windows® Search","RuleName":"","TerminalSessionId":0,"User":"NT AUTHORITY\\SYSTEM","UtcTime":"2019-09-10 09:36:28.930"},"System":{"Channel":"Microsoft-Windows-Sysmon/Operational","Computer":"DESKTOP-CF2FLGA","Correlation":null,"EventID":1,"EventRecordID":13986,"Execution":{"#attributes":{"ProcessID":1912,"ThreadID":2356}},"Keywords":"0x8000000000000000","Level":4,"Opcode":0,"Provider":{"#attributes":{"Guid":"5770385F-C22A-43E0-BF4C-06F5698FFBD9","Name":"Microsoft-Windows-Sysmon"}},"Security":{"#attributes":{"UserID":"S-1-5-18"}},"Task":1,"TimeCreated":{"#attributes":{"SystemTime":"2019-09-10T09:36:28.933606Z"}},"Version":5}}}
{"Event":{"#attributes":{"xmlns":"http://schemas.microsoft.com/win/2004/08/events/event"},"EventData":{"CommandLine":"\"C:\\Windows\\system32\\SearchFilterHost.exe\" 0 612 616 624 8192 620 ","Company":"Microsoft Corporation","CurrentDirectory":"C:\\Windows\\system32\\","Description":"Microsoft Windows Search Filter Host","FileVersion":"7.00.10240.16384 (th1.150709-1700)","Hashes":"SHA1=50D067B8AD83AEDEC6874032744123577B5C3946,MD5=675CBA18E97CF6AE918100665451F4D3,SHA256=A149F35ED144E34B0652007F0382536BDB36258FBC3068459B64AB6C54B86952,IMPHASH=E300F39176345F8F5EA7ABC22320ACDD","Image":"C:\\Windows\\System32\\SearchFilterHost.exe","IntegrityLevel":"Medium","LogonGuid":"21207A7E-6B33-5D77-0000-0020E7030000","LogonId":"0x3e7","OriginalFileName":"SearchFilterHost.exe","ParentCommandLine":"C:\\Windows\\system32\\SearchIndexer.exe /Embedding","ParentImage":"C:\\Windows\\System32\\SearchIndexer.exe","ParentProcessGuid":"21207A7E-6B53-5D77-0000-0010CA2E0800","ParentProcessId":3936,"ProcessGuid":"21207A7E-6E9D-5D77-0000-001060B21B00","ProcessId":2492,"Product":"Windows® Search","RuleName":"","TerminalSessionId":0,"User":"NT AUTHORITY\\SYSTEM","UtcTime":"2019-09-10 09:36:29.000"},"System":{"Channel":"Microsoft-Windows-Sysmon/Operational","Computer":"DESKTOP-CF2FLGA","Correlation":null,"EventID":1,"EventRecordID":13987,"Execution":{"#attributes":{"ProcessID":1912,"ThreadID":2356}},"Keywords":"0x8000000000000000","Level":4,"Opcode":0,"Provider":{"#attributes":{"Guid":"5770385F-C22A-43E0-BF4C-06F5698FFBD9","Name":"Microsoft-Windows-Sysmon"}},"Security":{"#attributes":{"UserID":"S-1-5-18"}},"Task":1,"TimeCreated":{"#attributes":{"SystemTime":"2019-09-10T09:36:29.005031Z"}},"Version":5}}}
{"Event":{"#attributes":{"xmlns":"http://schemas.microsoft.com/win/2004/08/events/event"},"EventData":{"Image":"C:\\Windows\\System32\\svchost.exe","ProcessGuid":"21207A7E-6B36-5D77-0000-00109AD30100","ProcessId":1924,"RuleName":"","UtcTime":"2019-09-10 09:36:30.631"},"System":{"Channel":"Microsoft-Windows-Sysmon/Operational","Computer":"DESKTOP-CF2FLGA","Correlation":null,"EventID":5,"EventRecordID":13988,"Execution":{"#attributes":{"ProcessID":1912,"ThreadID":2356}},"Keywords":"0x8000000000000000","Level":4,"Opcode":0,"Provider":{"#attributes":{"Guid":"5770385F-C22A-43E0-BF4C-06F5698FFBD9","Name":"Microsoft-Windows-Sysmon"}},"Security":{"#attributes":{"UserID":"S-1-5-18"}},"Task":5,"TimeCreated":{"#attributes":{"SystemTime":"2019-09-10T09:36:30.638570Z"}},"Version":3}}}
{"Event":{"#attributes":{"xmlns":"http://schemas.microsoft.com/win/2004/08/events/event"},"EventData":{"Image":"C:\\Program Files\\VMware\\VMware Tools\\vmtoolsd.exe","ProcessGuid":"21207A7E-6B36-5D77-0000-0010F6DA0100","ProcessId":2000,"RuleName":"","UtcTime":"2019-09-10 09:36:31.647"},"System":{"Channel":"Microsoft-Windows-Sysmon/Operational","Computer":"DESKTOP-CF2FLGA","Correlation":null,"EventID":5,"EventRecordID":13989,"Execution":{"#attributes":{"ProcessID":1912,"ThreadID":2356}},"Keywords":"0x8000000000000000","Level":4,"Opcode":0,"Provider":{"#attributes":{"Guid":"5770385F-C22A-43E0-BF4C-06F5698FFBD9","Name":"Microsoft-Windows-Sysmon"}},"Security":{"#attributes":{"UserID":"S-1-5-18"}},"Task":5,"TimeCreated":{"#attributes":{"SystemTime":"2019-09-10T09:36:31.661874Z"}},"Version":3}}}
{"Event":{"#attributes":{"xmlns":"http://schemas.microsoft.com/win/2004/08/events/event"},"EventData":{"NewThreadId":4128,"RuleName":"","SourceImage":"C:\\Windows\\System32\\csrss.exe","SourceProcessGuid":"21207A7E-6B30-5D77-0000-0010F3850000","SourceProcessId":564,"StartAddress":"0x753B36C0","StartFunction":"CtrlRoutine","StartModule":"C:\\Windows\\system32\\KERNELBASE.dll","TargetImage":"C:\\Windows\\System32\\svchost.exe","TargetProcessGuid":"21207A7E-6B35-5D77-0000-0010CE360100","TargetProcessId":1024,"UtcTime":"2019-09-10 09:36:31.756"},"System":{"Channel":"Microsoft-Windows-Sysmon/Operational","Computer":"DESKTOP-CF2FLGA","Correlation":null,"EventID":8,"EventRecordID":13990,"Execution":{"#attributes":{"ProcessID":1912,"ThreadID":2356}},"Keywords":"0x8000000000000000","Level":4,"Opcode":0,"Provider":{"#attributes":{"Guid":"5770385F-C22A-43E0-BF4C-06F5698FFBD9","Name":"Microsoft-Windows-Sysmon"}},"Security":{"#attributes":{"UserID":"S-1-5-18"}},"Task":8,"TimeCreated":{"#attributes":{"SystemTime":"2019-09-10T09:36:31.759265Z"}},"Version":2}}}
{"Event":{"#attributes":{"xmlns":"http://schemas.microsoft.com/win/2004/08/events/event"},"EventData":{"NewThreadId":4412,"RuleName":"","SourceImage":"C:\\Windows\\System32\\csrss.exe","SourceProcessGuid":"21207A7E-6B30-5D77-0000-0010F3850000","SourceProcessId":564,"StartAddress":"0x753B36C0","StartFunction":"CtrlRoutine","StartModule":"C:\\Windows\\system32\\KERNELBASE.dll","TargetImage":"C:\\Windows\\System32\\svchost.exe","TargetProcessGuid":"21207A7E-6B36-5D77-0000-001036D40100","TargetProcessId":1932,"UtcTime":"2019-09-10 09:36:31.756"},"System":{"Channel":"Microsoft-Windows-Sysmon/Operational","Computer":"DESKTOP-CF2FLGA","Correlation":null,"EventID":8,"EventRecordID":13991,"Execution":{"#attributes":{"ProcessID":1912,"ThreadID":2356}},"Keywords":"0x8000000000000000","Level":4,"Opcode":0,"Provider":{"#attributes":{"Guid":"5770385F-C22A-43E0-BF4C-06F5698FFBD9","Name":"Microsoft-Windows-Sysmon"}},"Security":{"#attributes":{"UserID":"S-1-5-18"}},"Task":8,"TimeCreated":{"#attributes":{"SystemTime":"2019-09-10T09:36:31.767461Z"}},"Version":2}}}
{"Event":{"#attributes":{"xmlns":"http://schemas.microsoft.com/win/2004/08/events/event"},"EventData":{"NewThreadId":5148,"RuleName":"","SourceImage":"C:\\Windows\\System32\\csrss.exe","SourceProcessGuid":"21207A7E-6B30-5D77-0000-0010F3850000","SourceProcessId":564,"StartAddress":"0x753B36C0","StartFunction":"CtrlRoutine","StartModule":"C:\\Windows\\system32\\KERNELBASE.dll","TargetImage":"C:\\Windows\\System32\\SearchProtocolHost.exe","TargetProcessGuid":"21207A7E-6E9C-5D77-0000-001010AE1B00","TargetProcessId":6012,"UtcTime":"2019-09-10 09:36:31.756"},"System":{"Channel":"Microsoft-Windows-Sysmon/Operational","Computer":"DESKTOP-CF2FLGA","Correlation":null,"EventID":8,"EventRecordID":13992,"Execution":{"#attributes":{"ProcessID":1912,"ThreadID":2356}},"Keywords":"0x8000000000000000","Level":4,"Opcode":0,"Provider":{"#attributes":{"Guid":"5770385F-C22A-43E0-BF4C-06F5698FFBD9","Name":"Microsoft-Windows-Sysmon"}},"Security":{"#attributes":{"UserID":"S-1-5-18"}},"Task":8,"TimeCreated":{"#attributes":{"SystemTime":"2019-09-10T09:36:31.767514Z"}},"Version":2}}}
{"Event":{"#attributes":{"xmlns":"http://schemas.microsoft.com/win/2004/08/events/event"},"EventData":{"NewThreadId":4708,"RuleName":"","SourceImage":"C:\\Windows\\System32\\csrss.exe","SourceProcessGuid":"21207A7E-6B30-5D77-0000-0010F3850000","SourceProcessId":564,"StartAddress":"0x753B36C0","StartFunction":"CtrlRoutine","StartModule":"C:\\Windows\\system32\\KERNELBASE.dll","TargetImage":"C:\\Windows\\System32\\svchost.exe","TargetProcessGuid":"21207A7E-6B34-5D77-0000-001008AE0000","TargetProcessId":820,"UtcTime":"2019-09-10 09:36:31.756"},"System":{"Channel":"Microsoft-Windows-Sysmon/Operational","Computer":"DESKTOP-CF2FLGA","Correlation":null,"EventID":8,"EventRecordID":13993,"Execution":{"#attributes":{"ProcessID":1912,"ThreadID":2356}},"Keywords":"0x8000000000000000","Level":4,"Opcode":0,"Provider":{"#attributes":{"Guid":"5770385F-C22A-43E0-BF4C-06F5698FFBD9","Name":"Microsoft-Windows-Sysmon"}},"Security":{"#attributes":{"UserID":"S-1-5-18"}},"Task":8,"TimeCreated":{"#attributes":{"SystemTime":"2019-09-10T09:36:31.767562Z"}},"Version":2}}}
{"Event":{"#attributes":{"xmlns":"http://schemas.microsoft.com/win/2004/08/events/event"},"EventData":{"NewThreadId":4572,"RuleName":"","SourceImage":"C:\\Windows\\System32\\csrss.exe","SourceProcessGuid":"21207A7E-6B30-5D77-0000-0010F3850000","SourceProcessId":564,"StartAddress":"0x753B36C0","StartFunction":"CtrlRoutine","StartModule":"C:\\Windows\\system32\\KERNELBASE.dll","TargetImage":"C:\\Windows\\System32\\svchost.exe","TargetProcessGuid":"21207A7E-6B34-5D77-0000-001000E90000","TargetProcessId":852,"UtcTime":"2019-09-10 09:36:31.756"},"System":{"Channel":"Microsoft-Windows-Sysmon/Operational","Computer":"DESKTOP-CF2FLGA","Correlation":null,"EventID":8,"EventRecordID":13994,"Execution":{"#attributes":{"ProcessID":1912,"ThreadID":2356}},"Keywords":"0x8000000000000000","Level":4,"Opcode":0,"Provider":{"#attributes":{"Guid":"5770385F-C22A-43E0-BF4C-06F5698FFBD9","Name":"Microsoft-Windows-Sysmon"}},"Security":{"#attributes":{"UserID":"S-1-5-18"}},"Task":8,"TimeCreated":{"#attributes":{"SystemTime":"2019-09-10T09:36:31.767592Z"}},"Version":2}}}
{"Event":{"#attributes":{"xmlns":"http://schemas.microsoft.com/win/2004/08/events/event"},"EventData":{"NewThreadId":5180,"RuleName":"","SourceImage":"C:\\Windows\\System32\\csrss.exe","SourceProcessGuid":"21207A7E-6B30-5D77-0000-0010F3850000","SourceProcessId":564,"StartAddress":"0x753B36C0","StartFunction":"CtrlRoutine","StartModule":"C:\\Windows\\system32\\KERNELBASE.dll","TargetImage":"C:\\Windows\\System32\\svchost.exe","TargetProcessGuid":"21207A7E-6B35-5D77-0000-0010A23E0100","TargetProcessId":1080,"UtcTime":"2019-09-10 09:36:31.756"},"System":{"Channel":"Microsoft-Windows-Sysmon/Operational","Computer":"DESKTOP-CF2FLGA","Correlation":null,"EventID":8,"EventRecordID":13995,"Execution":{"#attributes":{"ProcessID":1912,"ThreadID":2356}},"Keywords":"0x8000000000000000","Level":4,"Opcode":0,"Provider":{"#attributes":{"Guid":"5770385F-C22A-43E0-BF4C-06F5698FFBD9","Name":"Microsoft-Windows-Sysmon"}},"Security":{"#attributes":{"UserID":"S-1-5-18"}},"Task":8,"TimeCreated":{"#attributes":{"SystemTime":"2019-09-10T09:36:31.767619Z"}},"Version":2}}}
{"Event":{"#attributes":{"xmlns":"http://schemas.microsoft.com/win/2004/08/events/event"},"EventData":{"NewThreadId":4072,"RuleName":"","SourceImage":"C:\\Windows\\System32\\csrss.exe","SourceProcessGuid":"21207A7E-6B30-5D77-0000-0010F3850000","SourceProcessId":564,"StartAddress":"0x753B36C0","StartFunction":"CtrlRoutine","StartModule":"C:\\Windows\\system32\\KERNELBASE.dll","TargetImage":"C:\\Windows\\System32\\svchost.exe","TargetProcessGuid":"21207A7E-6B35-5D77-0000-0010A83F0100","TargetProcessId":1096,"UtcTime":"2019-09-10 09:36:31.756"},"System":{"Channel":"Microsoft-Windows-Sysmon/Operational","Computer":"DESKTOP-CF2FLGA","Correlation":null,"EventID":8,"EventRecordID":13996,"Execution":{"#attributes":{"ProcessID":1912,"ThreadID":2356}},"Keywords":"0x8000000000000000","Level":4,"Opcode":0,"Provider":{"#attributes":{"Guid":"5770385F-C22A-43E0-BF4C-06F5698FFBD9","Name":"Microsoft-Windows-Sysmon"}},"Security":{"#attributes":{"UserID":"S-1-5-18"}},"Task":8,"TimeCreated":{"#attributes":{"SystemTime":"2019-09-10T09:36:31.767645Z"}},"Version":2}}}
{"Event":{"#attributes":{"xmlns":"http://schemas.microsoft.com/win/2004/08/events/event"},"EventData":{"NewThreadId":4132,"RuleName":"","SourceImage":"C:\\Windows\\System32\\csrss.exe","SourceProcessGuid":"21207A7E-6B30-5D77-0000-0010F3850000","SourceProcessId":564,"StartAddress":"0x753B36C0","StartFunction":"CtrlRoutine","StartModule":"C:\\Windows\\system32\\KERNELBASE.dll","TargetImage":"C:\\Program Files\\VMware\\VMware Tools\\vmacthlp.exe","TargetProcessGuid":"21207A7E-6B35-5D77-0000-0010CC420100","TargetProcessId":1152,"UtcTime":"2019-09-10 09:36:31.756"},"System":{"Channel":"Microsoft-Windows-Sysmon/Operational","Computer":"DESKTOP-CF2FLGA","Correlation":null,"EventID":8,"EventRecordID":13997,"Execution":{"#attributes":{"ProcessID":1912,"ThreadID":2356}},"Keywords":"0x8000000000000000","Level":4,"Opcode":0,"Provider":{"#attributes":{"Guid":"5770385F-C22A-43E0-BF4C-06F5698FFBD9","Name":"Microsoft-Windows-Sysmon"}},"Security":{"#attributes":{"UserID":"S-1-5-18"}},"Task":8,"TimeCreated":{"#attributes":{"SystemTime":"2019-09-10T09:36:31.767677Z"}},"Version":2}}}
{"Event":{"#attributes":{"xmlns":"http://schemas.microsoft.com/win/2004/08/events/event"},"EventData":{"NewThreadId":4728,"RuleName":"","SourceImage":"C:\\Windows\\System32\\csrss.exe","SourceProcessGuid":"21207A7E-6B30-5D77-0000-0010F3850000","SourceProcessId":564,"StartAddress":"0x753B36C0","StartFunction":"CtrlRoutine","StartModule":"C:\\Windows\\system32\\KERNELBASE.dll","TargetImage":"C:\\Windows\\System32\\svchost.exe","TargetProcessGuid":"21207A7E-6B36-5D77-0000-0010B8580100","TargetProcessId":1360,"UtcTime":"2019-09-10 09:36:31.756"},"System":{"Channel":"Microsoft-Windows-Sysmon/Operational","Computer":"DESKTOP-CF2FLGA","Correlation":null,"EventID":8,"EventRecordID":13998,"Execution":{"#attributes":{"ProcessID":1912,"ThreadID":2356}},"Keywords":"0x8000000000000000","Level":4,"Opcode":0,"Provider":{"#attributes":{"Guid":"5770385F-C22A-43E0-BF4C-06F5698FFBD9","Name":"Microsoft-Windows-Sysmon"}},"Security":{"#attributes":{"UserID":"S-1-5-18"}},"Task":8,"TimeCreated":{"#attributes":{"SystemTime":"2019-09-10T09:36:31.767706Z"}},"Version":2}}}
{"Event":{"#attributes":{"xmlns":"http://schemas.microsoft.com/win/2004/08/events/event"},"EventData":{"NewThreadId":3828,"RuleName":"","SourceImage":"C:\\Windows\\System32\\csrss.exe","SourceProcessGuid":"21207A7E-6B30-5D77-0000-0010F3850000","SourceProcessId":564,"StartAddress":"0x753B36C0","StartFunction":"CtrlRoutine","StartModule":"C:\\Windows\\system32\\KERNELBASE.dll","TargetImage":"C:\\Windows\\System32\\spoolsv.exe","TargetProcessGuid":"21207A7E-6B36-5D77-0000-0010F76B0100","TargetProcessId":1516,"UtcTime":"2019-09-10 09:36:31.756"},"System":{"Channel":"Microsoft-Windows-Sysmon/Operational","Computer":"DESKTOP-CF2FLGA","Correlation":null,"EventID":8,"EventRecordID":13999,"Execution":{"#attributes":{"ProcessID":1912,"ThreadID":2356}},"Keywords":"0x8000000000000000","Level":4,"Opcode":0,"Provider":{"#attributes":{"Guid":"5770385F-C22A-43E0-BF4C-06F5698FFBD9","Name":"Microsoft-Windows-Sysmon"}},"Security":{"#attributes":{"UserID":"S-1-5-18"}},"Task":8,"TimeCreated":{"#attributes":{"SystemTime":"2019-09-10T09:36:31.767734Z"}},"Version":2}}}
{"Event":{"#attributes":{"xmlns":"http://schemas.microsoft.com/win/2004/08/events/event"},"EventData":{"NewThreadId":5212,"RuleName":"","SourceImage":"C:\\Windows\\System32\\csrss.exe","SourceProcessGuid":"21207A7E-6B30-5D77-0000-0010F3850000","SourceProcessId":564,"StartAddress":"0x753B36C0","StartFunction":"CtrlRoutine","StartModule":"C:\\Windows\\system32\\KERNELBASE.dll","TargetImage":"C:\\Windows\\System32\\svchost.exe","TargetProcessGuid":"21207A7E-6B36-5D77-0000-0010E96E0100","TargetProcessId":1548,"UtcTime":"2019-09-10 09:36:31.756"},"System":{"Channel":"Microsoft-Windows-Sysmon/Operational","Computer":"DESKTOP-CF2FLGA","Correlation":null,"EventID":8,"EventRecordID":14000,"Execution":{"#attributes":{"ProcessID":1912,"ThreadID":2356}},"Keywords":"0x8000000000000000","Level":4,"Opcode":0,"Provider":{"#attributes":{"Guid":"5770385F-C22A-43E0-BF4C-06F5698FFBD9","Name":"Microsoft-Windows-Sysmon"}},"Security":{"#attributes":{"UserID":"S-1-5-18"}},"Task":8,"TimeCreated":{"#attributes":{"SystemTime":"2019-09-10T09:36:31.767762Z"}},"Version":2}}}
{"Event":{"#attributes":{"xmlns":"http://schemas.microsoft.com/win/2004/08/events/event"},"EventData":{"NewThreadId":4452,"RuleName":"","SourceImage":"C:\\Windows\\System32\\csrss.exe","SourceProcessGuid":"21207A7E-6B30-5D77-0000-0010F3850000","SourceProcessId":564,"StartAddress":"0x753B36C0","StartFunction":"CtrlRoutine","StartModule":"C:\\Windows\\system32\\KERNELBASE.dll","TargetImage":"C:\\Windows\\System32\\svchost.exe","TargetProcessGuid":"21207A7E-6B36-5D77-0000-001080CA0100","TargetProcessId":1796,"UtcTime":"2019-09-10 09:36:31.756"},"System":{"Channel":"Microsoft-Windows-Sysmon/Operational","Computer":"DESKTOP-CF2FLGA","Correlation":null,"EventID":8,"EventRecordID":14001,"Execution":{"#attributes":{"ProcessID":1912,"ThreadID":2356}},"Keywords":"0x8000000000000000","Level":4,"Opcode":0,"Provider":{"#attributes":{"Guid":"5770385F-C22A-43E0-BF4C-06F5698FFBD9","Name":"Microsoft-Windows-Sysmon"}},"Security":{"#attributes":{"UserID":"S-1-5-18"}},"Task":8,"TimeCreated":{"#attributes":{"SystemTime":"2019-09-10T09:36:31.767786Z"}},"Version":2}}}
{"Event":{"#attributes":{"xmlns":"http://schemas.microsoft.com/win/2004/08/events/event"},"EventData":{"NewThreadId":4908,"RuleName":"","SourceImage":"C:\\Windows\\System32\\csrss.exe","SourceProcessGuid":"21207A7E-6B30-5D77-0000-0010F3850000","SourceProcessId":564,"StartAddress":"0x753B36C0","StartFunction":"CtrlRoutine","StartModule":"C:\\Windows\\system32\\KERNELBASE.dll","TargetImage":"C:\\Windows\\System32\\SearchFilterHost.exe","TargetProcessGuid":"21207A7E-6E9D-5D77-0000-001060B21B00","TargetProcessId":2492,"UtcTime":"2019-09-10 09:36:31.756"},"System":{"Channel":"Microsoft-Windows-Sysmon/Operational","Computer":"DESKTOP-CF2FLGA","Correlation":null,"EventID":8,"EventRecordID":14002,"Execution":{"#attributes":{"ProcessID":1912,"ThreadID":2356}},"Keywords":"0x8000000000000000","Level":4,"Opcode":0,"Provider":{"#attributes":{"Guid":"5770385F-C22A-43E0-BF4C-06F5698FFBD9","Name":"Microsoft-Windows-Sysmon"}},"Security":{"#attributes":{"UserID":"S-1-5-18"}},"Task":8,"TimeCreated":{"#attributes":{"SystemTime":"2019-09-10T09:36:31.767810Z"}},"Version":2}}}
{"Event":{"#attributes":{"xmlns":"http://schemas.microsoft.com/win/2004/08/events/event"},"EventData":{"NewThreadId":4448,"RuleName":"","SourceImage":"C:\\Windows\\System32\\csrss.exe","SourceProcessGuid":"21207A7E-6B30-5D77-0000-0010F3850000","SourceProcessId":564,"StartAddress":"0x753B36C0","StartFunction":"CtrlRoutine","StartModule":"C:\\Windows\\system32\\KERNELBASE.dll","TargetImage":"C:\\Windows\\Sysmon.exe","TargetProcessGuid":"21207A7E-6B36-5D77-0000-0010ABD20100","TargetProcessId":1912,"UtcTime":"2019-09-10 09:36:31.756"},"System":{"Channel":"Microsoft-Windows-Sysmon/Operational","Computer":"DESKTOP-CF2FLGA","Correlation":null,"EventID":8,"EventRecordID":14003,"Execution":{"#attributes":{"ProcessID":1912,"ThreadID":2356}},"Keywords":"0x8000000000000000","Level":4,"Opcode":0,"Provider":{"#attributes":{"Guid":"5770385F-C22A-43E0-BF4C-06F5698FFBD9","Name":"Microsoft-Windows-Sysmon"}},"Security":{"#attributes":{"UserID":"S-1-5-18"}},"Task":8,"TimeCreated":{"#attributes":{"SystemTime":"2019-09-10T09:36:31.767873Z"}},"Version":2}}}
{"Event":{"#attributes":{"xmlns":"http://schemas.microsoft.com/win/2004/08/events/event"},"EventData":{"NewThreadId":4040,"RuleName":"","SourceImage":"C:\\Windows\\System32\\csrss.exe","SourceProcessGuid":"21207A7E-6B30-5D77-0000-0010F3850000","SourceProcessId":564,"StartAddress":"0x753B36C0","StartFunction":"CtrlRoutine","StartModule":"C:\\Windows\\system32\\KERNELBASE.dll","TargetImage":"C:\\Program Files\\VMware\\VMware Tools\\VMware VGAuth\\VGAuthService.exe","TargetProcessGuid":"21207A7E-6B36-5D77-0000-001082DA0100","TargetProcessId":1992,"UtcTime":"2019-09-10 09:36:31.756"},"System":{"Channel":"Microsoft-Windows-Sysmon/Operational","Computer":"DESKTOP-CF2FLGA","Correlation":null,"EventID":8,"EventRecordID":14004,"Execution":{"#attributes":{"ProcessID":1912,"ThreadID":2356}},"Keywords":"0x8000000000000000","Level":4,"Opcode":0,"Provider":{"#attributes":{"Guid":"5770385F-C22A-43E0-BF4C-06F5698FFBD9","Name":"Microsoft-Windows-Sysmon"}},"Security":{"#attributes":{"UserID":"S-1-5-18"}},"Task":8,"TimeCreated":{"#attributes":{"SystemTime":"2019-09-10T09:36:31.767906Z"}},"Version":2}}}
{"Event":{"#attributes":{"xmlns":"http://schemas.microsoft.com/win/2004/08/events/event"},"EventData":{"NewThreadId":5496,"RuleName":"","SourceImage":"C:\\Windows\\System32\\csrss.exe","SourceProcessGuid":"21207A7E-6B30-5D77-0000-0010F3850000","SourceProcessId":564,"StartAddress":"0x753B36C0","StartFunction":"CtrlRoutine","StartModule":"C:\\Windows\\system32\\KERNELBASE.dll","TargetImage":"C:\\Program Files\\Windows Defender\\MsMpEng.exe","TargetProcessGuid":"21207A7E-6B37-5D77-0000-00108AE40100","TargetProcessId":464,"UtcTime":"2019-09-10 09:36:31.756"},"System":{"Channel":"Microsoft-Windows-Sysmon/Operational","Computer":"DESKTOP-CF2FLGA","Correlation":null,"EventID":8,"EventRecordID":14005,"Execution":{"#attributes":{"ProcessID":1912,"ThreadID":2356}},"Keywords":"0x8000000000000000","Level":4,"Opcode":0,"Provider":{"#attributes":{"Guid":"5770385F-C22A-43E0-BF4C-06F5698FFBD9","Name":"Microsoft-Windows-Sysmon"}},"Security":{"#attributes":{"UserID":"S-1-5-18"}},"Task":8,"TimeCreated":{"#attributes":{"SystemTime":"2019-09-10T09:36:31.767939Z"}},"Version":2}}}
{"Event":{"#attributes":{"xmlns":"http://schemas.microsoft.com/win/2004/08/events/event"},"EventData":{"NewThreadId":5276,"RuleName":"","SourceImage":"C:\\Windows\\System32\\csrss.exe","SourceProcessGuid":"21207A7E-6B30-5D77-0000-0010F3850000","SourceProcessId":564,"StartAddress":"0x753B36C0","StartFunction":"CtrlRoutine","StartModule":"C:\\Windows\\system32\\KERNELBASE.dll","TargetImage":"C:\\Windows\\System32\\wbem\\unsecapp.exe","TargetProcessGuid":"21207A7E-6B38-5D77-0000-00105F330200","TargetProcessId":2108,"UtcTime":"2019-09-10 09:36:31.756"},"System":{"Channel":"Microsoft-Windows-Sysmon/Operational","Computer":"DESKTOP-CF2FLGA","Correlation":null,"EventID":8,"EventRecordID":14006,"Execution":{"#attributes":{"ProcessID":1912,"ThreadID":2356}},"Keywords":"0x8000000000000000","Level":4,"Opcode":0,"Provider":{"#attributes":{"Guid":"5770385F-C22A-43E0-BF4C-06F5698FFBD9","Name":"Microsoft-Windows-Sysmon"}},"Security":{"#attributes":{"UserID":"S-1-5-18"}},"Task":8,"TimeCreated":{"#attributes":{"SystemTime":"2019-09-10T09:36:31.767971Z"}},"Version":2}}}
{"Event":{"#attributes":{"xmlns":"http://schemas.microsoft.com/win/2004/08/events/event"},"EventData":{"NewThreadId":3152,"RuleName":"","SourceImage":"C:\\Windows\\System32\\csrss.exe","SourceProcessGuid":"21207A7E-6B30-5D77-0000-0010F3850000","SourceProcessId":564,"StartAddress":"0x753B36C0","StartFunction":"CtrlRoutine","StartModule":"C:\\Windows\\system32\\KERNELBASE.dll","TargetImage":"C:\\Windows\\System32\\wbem\\WmiPrvSE.exe","TargetProcessGuid":"21207A7E-6B38-5D77-0000-001051510200","TargetProcessId":2228,"UtcTime":"2019-09-10 09:36:31.756"},"System":{"Channel":"Microsoft-Windows-Sysmon/Operational","Computer":"DESKTOP-CF2FLGA","Correlation":null,"EventID":8,"EventRecordID":14007,"Execution":{"#attributes":{"ProcessID":1912,"ThreadID":2356}},"Keywords":"0x8000000000000000","Level":4,"Opcode":0,"Provider":{"#attributes":{"Guid":"5770385F-C22A-43E0-BF4C-06F5698FFBD9","Name":"Microsoft-Windows-Sysmon"}},"Security":{"#attributes":{"UserID":"S-1-5-18"}},"Task":8,"TimeCreated":{"#attributes":{"SystemTime":"2019-09-10T09:36:31.767997Z"}},"Version":2}}}
